
===========================================================================
report_checks -path_delay max (Setup)
============================================================================
Startpoint: DMEM_rd_data_i[26] (input port clocked by clk_i)
Endpoint: _15427_ (rising edge-triggered flip-flop clocked by clk_i)
Path Group: clk_i
Path Type: max

Fanout     Cap    Slew   Delay    Time   Description
-----------------------------------------------------------------------------
                  0.15    0.00    0.00   clock clk_i (rise edge)
                          0.00    0.00   clock network delay (ideal)
                          2.00    2.00 v input external delay
                  0.01    0.00    2.00 v DMEM_rd_data_i[26] (in)
     1    0.00                           DMEM_rd_data_i[26] (net)
                  0.01    0.00    2.00 v input19/A (sky130_fd_sc_hd__clkbuf_2)
                  0.10    0.15    2.16 v input19/X (sky130_fd_sc_hd__clkbuf_2)
     2    0.02                           net19 (net)
                  0.10    0.00    2.16 v _07458_/A1 (sky130_fd_sc_hd__mux2_1)
                  0.07    0.34    2.50 v _07458_/X (sky130_fd_sc_hd__mux2_1)
     2    0.01                           _01824_ (net)
                  0.07    0.00    2.50 v _07459_/B (sky130_fd_sc_hd__and2_1)
                  0.04    0.18    2.68 v _07459_/X (sky130_fd_sc_hd__and2_1)
     1    0.00                           _01825_ (net)
                  0.04    0.00    2.68 v _07462_/A3 (sky130_fd_sc_hd__o41a_4)
                  0.15    0.56    3.24 v _07462_/X (sky130_fd_sc_hd__o41a_4)
    12    0.07                           _01828_ (net)
                  0.15    0.00    3.24 v _12395_/A1 (sky130_fd_sc_hd__a211o_1)
                  0.09    0.35    3.59 v _12395_/X (sky130_fd_sc_hd__a211o_1)
     2    0.01                           _05708_ (net)
                  0.09    0.00    3.59 v _12509_/A2 (sky130_fd_sc_hd__a311oi_4)
                  0.64    0.63    4.22 ^ _12509_/Y (sky130_fd_sc_hd__a311oi_4)
     9    0.05                           _05822_ (net)
                  0.64    0.00    4.23 ^ _12524_/B (sky130_fd_sc_hd__and4_4)
                  0.15    0.45    4.68 ^ _12524_/X (sky130_fd_sc_hd__and4_4)
     8    0.04                           _05837_ (net)
                  0.15    0.00    4.68 ^ _12770_/A2 (sky130_fd_sc_hd__a31o_1)
                  0.09    0.20    4.89 ^ _12770_/X (sky130_fd_sc_hd__a31o_1)
     2    0.01                           _06077_ (net)
                  0.09    0.00    4.89 ^ _12818_/B1 (sky130_fd_sc_hd__o21a_1)
                  0.06    0.14    5.03 ^ _12818_/X (sky130_fd_sc_hd__o21a_1)
     1    0.01                           _06124_ (net)
                  0.06    0.00    5.03 ^ _12819_/B (sky130_fd_sc_hd__xor2_1)
                  0.26    0.26    5.29 ^ _12819_/X (sky130_fd_sc_hd__xor2_1)
     3    0.01                           _06125_ (net)
                  0.26    0.00    5.29 ^ _12820_/B (sky130_fd_sc_hd__xnor2_1)
                  0.08    0.14    5.43 v _12820_/Y (sky130_fd_sc_hd__xnor2_1)
     2    0.01                           _06126_ (net)
                  0.08    0.00    5.43 v _12862_/B (sky130_fd_sc_hd__or2_1)
                  0.07    0.26    5.69 v _12862_/X (sky130_fd_sc_hd__or2_1)
     1    0.01                           _06167_ (net)
                  0.07    0.00    5.69 v _12863_/B1 (sky130_fd_sc_hd__a311oi_4)
                  0.25    0.31    6.00 ^ _12863_/Y (sky130_fd_sc_hd__a311oi_4)
     2    0.01                           _06168_ (net)
                  0.25    0.00    6.00 ^ _12967_/A1 (sky130_fd_sc_hd__o2111ai_2)
                  0.12    0.19    6.19 v _12967_/Y (sky130_fd_sc_hd__o2111ai_2)
     2    0.01                           _06268_ (net)
                  0.12    0.00    6.19 v _13102_/A2 (sky130_fd_sc_hd__a211o_1)
                  0.10    0.40    6.59 v _13102_/X (sky130_fd_sc_hd__a211o_1)
     4    0.02                           _06399_ (net)
                  0.10    0.00    6.59 v _13329_/A2 (sky130_fd_sc_hd__a21o_1)
                  0.05    0.23    6.82 v _13329_/X (sky130_fd_sc_hd__a21o_1)
     2    0.01                           _06618_ (net)
                  0.05    0.00    6.82 v _13397_/A1 (sky130_fd_sc_hd__a211o_1)
                  0.11    0.34    7.16 v _13397_/X (sky130_fd_sc_hd__a211o_1)
     4    0.02                           _06684_ (net)
                  0.11    0.00    7.16 v _13464_/A1 (sky130_fd_sc_hd__a311o_2)
                  0.09    0.40    7.56 v _13464_/X (sky130_fd_sc_hd__a311o_2)
     5    0.02                           _06749_ (net)
                  0.09    0.00    7.56 v _13522_/A2 (sky130_fd_sc_hd__a311oi_2)
                  0.27    0.32    7.88 ^ _13522_/Y (sky130_fd_sc_hd__a311oi_2)
     3    0.01                           _06805_ (net)
                  0.27    0.00    7.88 ^ _13548_/A2 (sky130_fd_sc_hd__o21ai_1)
                  0.05    0.09    7.96 v _13548_/Y (sky130_fd_sc_hd__o21ai_1)
     1    0.00                           _06830_ (net)
                  0.05    0.00    7.96 v _13550_/B (sky130_fd_sc_hd__and3_1)
                  0.04    0.17    8.13 v _13550_/X (sky130_fd_sc_hd__and3_1)
     1    0.00                           _06832_ (net)
                  0.04    0.00    8.13 v _13562_/A1 (sky130_fd_sc_hd__o21a_1)
                  0.03    0.18    8.31 v _13562_/X (sky130_fd_sc_hd__o21a_1)
     1    0.00                           _01090_ (net)
                  0.03    0.00    8.31 v _15427_/D (sky130_fd_sc_hd__dfxtp_4)
                                  8.31   data arrival time

                  0.15   10.00   10.00   clock clk_i (rise edge)
                          0.00   10.00   clock network delay (ideal)
                         -0.25    9.75   clock uncertainty
                          0.00    9.75   clock reconvergence pessimism
                                  9.75 ^ _15427_/CLK (sky130_fd_sc_hd__dfxtp_4)
                         -0.08    9.67   library setup time
                                  9.67   data required time
-----------------------------------------------------------------------------
                                  9.67   data required time
                                 -8.31   data arrival time
-----------------------------------------------------------------------------
                                  1.36   slack (MET)


Startpoint: DMEM_rd_data_i[26] (input port clocked by clk_i)
Endpoint: _15426_ (rising edge-triggered flip-flop clocked by clk_i)
Path Group: clk_i
Path Type: max

Fanout     Cap    Slew   Delay    Time   Description
-----------------------------------------------------------------------------
                  0.15    0.00    0.00   clock clk_i (rise edge)
                          0.00    0.00   clock network delay (ideal)
                          2.00    2.00 v input external delay
                  0.01    0.00    2.00 v DMEM_rd_data_i[26] (in)
     1    0.00                           DMEM_rd_data_i[26] (net)
                  0.01    0.00    2.00 v input19/A (sky130_fd_sc_hd__clkbuf_2)
                  0.10    0.15    2.16 v input19/X (sky130_fd_sc_hd__clkbuf_2)
     2    0.02                           net19 (net)
                  0.10    0.00    2.16 v _07458_/A1 (sky130_fd_sc_hd__mux2_1)
                  0.07    0.34    2.50 v _07458_/X (sky130_fd_sc_hd__mux2_1)
     2    0.01                           _01824_ (net)
                  0.07    0.00    2.50 v _07459_/B (sky130_fd_sc_hd__and2_1)
                  0.04    0.18    2.68 v _07459_/X (sky130_fd_sc_hd__and2_1)
     1    0.00                           _01825_ (net)
                  0.04    0.00    2.68 v _07462_/A3 (sky130_fd_sc_hd__o41a_4)
                  0.15    0.56    3.24 v _07462_/X (sky130_fd_sc_hd__o41a_4)
    12    0.07                           _01828_ (net)
                  0.15    0.00    3.24 v _12395_/A1 (sky130_fd_sc_hd__a211o_1)
                  0.09    0.35    3.59 v _12395_/X (sky130_fd_sc_hd__a211o_1)
     2    0.01                           _05708_ (net)
                  0.09    0.00    3.59 v _12509_/A2 (sky130_fd_sc_hd__a311oi_4)
                  0.64    0.63    4.22 ^ _12509_/Y (sky130_fd_sc_hd__a311oi_4)
     9    0.05                           _05822_ (net)
                  0.64    0.00    4.23 ^ _12524_/B (sky130_fd_sc_hd__and4_4)
                  0.15    0.45    4.68 ^ _12524_/X (sky130_fd_sc_hd__and4_4)
     8    0.04                           _05837_ (net)
                  0.15    0.00    4.68 ^ _12770_/A2 (sky130_fd_sc_hd__a31o_1)
                  0.09    0.20    4.89 ^ _12770_/X (sky130_fd_sc_hd__a31o_1)
     2    0.01                           _06077_ (net)
                  0.09    0.00    4.89 ^ _12818_/B1 (sky130_fd_sc_hd__o21a_1)
                  0.06    0.14    5.03 ^ _12818_/X (sky130_fd_sc_hd__o21a_1)
     1    0.01                           _06124_ (net)
                  0.06    0.00    5.03 ^ _12819_/B (sky130_fd_sc_hd__xor2_1)
                  0.26    0.26    5.29 ^ _12819_/X (sky130_fd_sc_hd__xor2_1)
     3    0.01                           _06125_ (net)
                  0.26    0.00    5.29 ^ _12820_/B (sky130_fd_sc_hd__xnor2_1)
                  0.08    0.14    5.43 v _12820_/Y (sky130_fd_sc_hd__xnor2_1)
     2    0.01                           _06126_ (net)
                  0.08    0.00    5.43 v _12862_/B (sky130_fd_sc_hd__or2_1)
                  0.07    0.26    5.69 v _12862_/X (sky130_fd_sc_hd__or2_1)
     1    0.01                           _06167_ (net)
                  0.07    0.00    5.69 v _12863_/B1 (sky130_fd_sc_hd__a311oi_4)
                  0.25    0.31    6.00 ^ _12863_/Y (sky130_fd_sc_hd__a311oi_4)
     2    0.01                           _06168_ (net)
                  0.25    0.00    6.00 ^ _12967_/A1 (sky130_fd_sc_hd__o2111ai_2)
                  0.12    0.19    6.19 v _12967_/Y (sky130_fd_sc_hd__o2111ai_2)
     2    0.01                           _06268_ (net)
                  0.12    0.00    6.19 v _13102_/A2 (sky130_fd_sc_hd__a211o_1)
                  0.10    0.40    6.59 v _13102_/X (sky130_fd_sc_hd__a211o_1)
     4    0.02                           _06399_ (net)
                  0.10    0.00    6.59 v _13329_/A2 (sky130_fd_sc_hd__a21o_1)
                  0.05    0.23    6.82 v _13329_/X (sky130_fd_sc_hd__a21o_1)
     2    0.01                           _06618_ (net)
                  0.05    0.00    6.82 v _13397_/A1 (sky130_fd_sc_hd__a211o_1)
                  0.11    0.34    7.16 v _13397_/X (sky130_fd_sc_hd__a211o_1)
     4    0.02                           _06684_ (net)
                  0.11    0.00    7.16 v _13464_/A1 (sky130_fd_sc_hd__a311o_2)
                  0.09    0.40    7.56 v _13464_/X (sky130_fd_sc_hd__a311o_2)
     5    0.02                           _06749_ (net)
                  0.09    0.00    7.56 v _13522_/A2 (sky130_fd_sc_hd__a311oi_2)
                  0.27    0.32    7.88 ^ _13522_/Y (sky130_fd_sc_hd__a311oi_2)
     3    0.01                           _06805_ (net)
                  0.27    0.00    7.88 ^ _13525_/A (sky130_fd_sc_hd__nor2_1)
                  0.06    0.09    7.96 v _13525_/Y (sky130_fd_sc_hd__nor2_1)
     1    0.00                           _06808_ (net)
                  0.06    0.00    7.96 v _13538_/A1 (sky130_fd_sc_hd__o31a_1)
                  0.04    0.30    8.27 v _13538_/X (sky130_fd_sc_hd__o31a_1)
     1    0.00                           _01089_ (net)
                  0.04    0.00    8.27 v _15426_/D (sky130_fd_sc_hd__dfxtp_1)
                                  8.27   data arrival time

                  0.15   10.00   10.00   clock clk_i (rise edge)
                          0.00   10.00   clock network delay (ideal)
                         -0.25    9.75   clock uncertainty
                          0.00    9.75   clock reconvergence pessimism
                                  9.75 ^ _15426_/CLK (sky130_fd_sc_hd__dfxtp_1)
                         -0.09    9.66   library setup time
                                  9.66   data required time
-----------------------------------------------------------------------------
                                  9.66   data required time
                                 -8.27   data arrival time
-----------------------------------------------------------------------------
                                  1.40   slack (MET)


Startpoint: DMEM_rd_data_i[26] (input port clocked by clk_i)
Endpoint: _15423_ (rising edge-triggered flip-flop clocked by clk_i)
Path Group: clk_i
Path Type: max

Fanout     Cap    Slew   Delay    Time   Description
-----------------------------------------------------------------------------
                  0.15    0.00    0.00   clock clk_i (rise edge)
                          0.00    0.00   clock network delay (ideal)
                          2.00    2.00 v input external delay
                  0.01    0.00    2.00 v DMEM_rd_data_i[26] (in)
     1    0.00                           DMEM_rd_data_i[26] (net)
                  0.01    0.00    2.00 v input19/A (sky130_fd_sc_hd__clkbuf_2)
                  0.10    0.15    2.16 v input19/X (sky130_fd_sc_hd__clkbuf_2)
     2    0.02                           net19 (net)
                  0.10    0.00    2.16 v _07458_/A1 (sky130_fd_sc_hd__mux2_1)
                  0.07    0.34    2.50 v _07458_/X (sky130_fd_sc_hd__mux2_1)
     2    0.01                           _01824_ (net)
                  0.07    0.00    2.50 v _07459_/B (sky130_fd_sc_hd__and2_1)
                  0.04    0.18    2.68 v _07459_/X (sky130_fd_sc_hd__and2_1)
     1    0.00                           _01825_ (net)
                  0.04    0.00    2.68 v _07462_/A3 (sky130_fd_sc_hd__o41a_4)
                  0.15    0.56    3.24 v _07462_/X (sky130_fd_sc_hd__o41a_4)
    12    0.07                           _01828_ (net)
                  0.15    0.00    3.24 v _12395_/A1 (sky130_fd_sc_hd__a211o_1)
                  0.09    0.35    3.59 v _12395_/X (sky130_fd_sc_hd__a211o_1)
     2    0.01                           _05708_ (net)
                  0.09    0.00    3.59 v _12509_/A2 (sky130_fd_sc_hd__a311oi_4)
                  0.64    0.63    4.22 ^ _12509_/Y (sky130_fd_sc_hd__a311oi_4)
     9    0.05                           _05822_ (net)
                  0.64    0.00    4.23 ^ _12524_/B (sky130_fd_sc_hd__and4_4)
                  0.15    0.45    4.68 ^ _12524_/X (sky130_fd_sc_hd__and4_4)
     8    0.04                           _05837_ (net)
                  0.15    0.00    4.68 ^ _12770_/A2 (sky130_fd_sc_hd__a31o_1)
                  0.09    0.20    4.89 ^ _12770_/X (sky130_fd_sc_hd__a31o_1)
     2    0.01                           _06077_ (net)
                  0.09    0.00    4.89 ^ _12818_/B1 (sky130_fd_sc_hd__o21a_1)
                  0.06    0.14    5.03 ^ _12818_/X (sky130_fd_sc_hd__o21a_1)
     1    0.01                           _06124_ (net)
                  0.06    0.00    5.03 ^ _12819_/B (sky130_fd_sc_hd__xor2_1)
                  0.26    0.26    5.29 ^ _12819_/X (sky130_fd_sc_hd__xor2_1)
     3    0.01                           _06125_ (net)
                  0.26    0.00    5.29 ^ _12820_/B (sky130_fd_sc_hd__xnor2_1)
                  0.08    0.14    5.43 v _12820_/Y (sky130_fd_sc_hd__xnor2_1)
     2    0.01                           _06126_ (net)
                  0.08    0.00    5.43 v _12862_/B (sky130_fd_sc_hd__or2_1)
                  0.07    0.26    5.69 v _12862_/X (sky130_fd_sc_hd__or2_1)
     1    0.01                           _06167_ (net)
                  0.07    0.00    5.69 v _12863_/B1 (sky130_fd_sc_hd__a311oi_4)
                  0.25    0.31    6.00 ^ _12863_/Y (sky130_fd_sc_hd__a311oi_4)
     2    0.01                           _06168_ (net)
                  0.25    0.00    6.00 ^ _12967_/A1 (sky130_fd_sc_hd__o2111ai_2)
                  0.12    0.19    6.19 v _12967_/Y (sky130_fd_sc_hd__o2111ai_2)
     2    0.01                           _06268_ (net)
                  0.12    0.00    6.19 v _13102_/A2 (sky130_fd_sc_hd__a211o_1)
                  0.10    0.40    6.59 v _13102_/X (sky130_fd_sc_hd__a211o_1)
     4    0.02                           _06399_ (net)
                  0.10    0.00    6.59 v _13329_/A2 (sky130_fd_sc_hd__a21o_1)
                  0.05    0.23    6.82 v _13329_/X (sky130_fd_sc_hd__a21o_1)
     2    0.01                           _06618_ (net)
                  0.05    0.00    6.82 v _13397_/A1 (sky130_fd_sc_hd__a211o_1)
                  0.11    0.34    7.16 v _13397_/X (sky130_fd_sc_hd__a211o_1)
     4    0.02                           _06684_ (net)
                  0.11    0.00    7.16 v _13413_/A1 (sky130_fd_sc_hd__a21o_1)
                  0.06    0.21    7.37 v _13413_/X (sky130_fd_sc_hd__a21o_1)
     3    0.01                           _06700_ (net)
                  0.06    0.00    7.37 v _13441_/A2 (sky130_fd_sc_hd__a211o_1)
                  0.05    0.30    7.67 v _13441_/X (sky130_fd_sc_hd__a211o_1)
     1    0.00                           _06727_ (net)
                  0.05    0.00    7.67 v _13449_/A3 (sky130_fd_sc_hd__a31o_1)
                  0.05    0.23    7.91 v _13449_/X (sky130_fd_sc_hd__a31o_1)
     1    0.00                           _06735_ (net)
                  0.05    0.00    7.91 v _13450_/A3 (sky130_fd_sc_hd__o31a_1)
                  0.04    0.24    8.14 v _13450_/X (sky130_fd_sc_hd__o31a_1)
     1    0.00                           _01086_ (net)
                  0.04    0.00    8.14 v _15423_/D (sky130_fd_sc_hd__dfxtp_2)
                                  8.14   data arrival time

                  0.15   10.00   10.00   clock clk_i (rise edge)
                          0.00   10.00   clock network delay (ideal)
                         -0.25    9.75   clock uncertainty
                          0.00    9.75   clock reconvergence pessimism
                                  9.75 ^ _15423_/CLK (sky130_fd_sc_hd__dfxtp_2)
                         -0.09    9.66   library setup time
                                  9.66   data required time
-----------------------------------------------------------------------------
                                  9.66   data required time
                                 -8.14   data arrival time
-----------------------------------------------------------------------------
                                  1.52   slack (MET)


Startpoint: DMEM_rd_data_i[26] (input port clocked by clk_i)
Endpoint: _15425_ (rising edge-triggered flip-flop clocked by clk_i)
Path Group: clk_i
Path Type: max

Fanout     Cap    Slew   Delay    Time   Description
-----------------------------------------------------------------------------
                  0.15    0.00    0.00   clock clk_i (rise edge)
                          0.00    0.00   clock network delay (ideal)
                          2.00    2.00 v input external delay
                  0.01    0.00    2.00 v DMEM_rd_data_i[26] (in)
     1    0.00                           DMEM_rd_data_i[26] (net)
                  0.01    0.00    2.00 v input19/A (sky130_fd_sc_hd__clkbuf_2)
                  0.10    0.15    2.16 v input19/X (sky130_fd_sc_hd__clkbuf_2)
     2    0.02                           net19 (net)
                  0.10    0.00    2.16 v _07458_/A1 (sky130_fd_sc_hd__mux2_1)
                  0.07    0.34    2.50 v _07458_/X (sky130_fd_sc_hd__mux2_1)
     2    0.01                           _01824_ (net)
                  0.07    0.00    2.50 v _07459_/B (sky130_fd_sc_hd__and2_1)
                  0.04    0.18    2.68 v _07459_/X (sky130_fd_sc_hd__and2_1)
     1    0.00                           _01825_ (net)
                  0.04    0.00    2.68 v _07462_/A3 (sky130_fd_sc_hd__o41a_4)
                  0.15    0.56    3.24 v _07462_/X (sky130_fd_sc_hd__o41a_4)
    12    0.07                           _01828_ (net)
                  0.15    0.00    3.24 v _12395_/A1 (sky130_fd_sc_hd__a211o_1)
                  0.09    0.35    3.59 v _12395_/X (sky130_fd_sc_hd__a211o_1)
     2    0.01                           _05708_ (net)
                  0.09    0.00    3.59 v _12509_/A2 (sky130_fd_sc_hd__a311oi_4)
                  0.64    0.63    4.22 ^ _12509_/Y (sky130_fd_sc_hd__a311oi_4)
     9    0.05                           _05822_ (net)
                  0.64    0.00    4.23 ^ _12524_/B (sky130_fd_sc_hd__and4_4)
                  0.15    0.45    4.68 ^ _12524_/X (sky130_fd_sc_hd__and4_4)
     8    0.04                           _05837_ (net)
                  0.15    0.00    4.68 ^ _12770_/A2 (sky130_fd_sc_hd__a31o_1)
                  0.09    0.20    4.89 ^ _12770_/X (sky130_fd_sc_hd__a31o_1)
     2    0.01                           _06077_ (net)
                  0.09    0.00    4.89 ^ _12818_/B1 (sky130_fd_sc_hd__o21a_1)
                  0.06    0.14    5.03 ^ _12818_/X (sky130_fd_sc_hd__o21a_1)
     1    0.01                           _06124_ (net)
                  0.06    0.00    5.03 ^ _12819_/B (sky130_fd_sc_hd__xor2_1)
                  0.26    0.26    5.29 ^ _12819_/X (sky130_fd_sc_hd__xor2_1)
     3    0.01                           _06125_ (net)
                  0.26    0.00    5.29 ^ _12820_/B (sky130_fd_sc_hd__xnor2_1)
                  0.08    0.14    5.43 v _12820_/Y (sky130_fd_sc_hd__xnor2_1)
     2    0.01                           _06126_ (net)
                  0.08    0.00    5.43 v _12862_/B (sky130_fd_sc_hd__or2_1)
                  0.07    0.26    5.69 v _12862_/X (sky130_fd_sc_hd__or2_1)
     1    0.01                           _06167_ (net)
                  0.07    0.00    5.69 v _12863_/B1 (sky130_fd_sc_hd__a311oi_4)
                  0.25    0.31    6.00 ^ _12863_/Y (sky130_fd_sc_hd__a311oi_4)
     2    0.01                           _06168_ (net)
                  0.25    0.00    6.00 ^ _12967_/A1 (sky130_fd_sc_hd__o2111ai_2)
                  0.12    0.19    6.19 v _12967_/Y (sky130_fd_sc_hd__o2111ai_2)
     2    0.01                           _06268_ (net)
                  0.12    0.00    6.19 v _13102_/A2 (sky130_fd_sc_hd__a211o_1)
                  0.10    0.40    6.59 v _13102_/X (sky130_fd_sc_hd__a211o_1)
     4    0.02                           _06399_ (net)
                  0.10    0.00    6.59 v _13329_/A2 (sky130_fd_sc_hd__a21o_1)
                  0.05    0.23    6.82 v _13329_/X (sky130_fd_sc_hd__a21o_1)
     2    0.01                           _06618_ (net)
                  0.05    0.00    6.82 v _13397_/A1 (sky130_fd_sc_hd__a211o_1)
                  0.11    0.34    7.16 v _13397_/X (sky130_fd_sc_hd__a211o_1)
     4    0.02                           _06684_ (net)
                  0.11    0.00    7.16 v _13464_/A1 (sky130_fd_sc_hd__a311o_2)
                  0.09    0.40    7.56 v _13464_/X (sky130_fd_sc_hd__a311o_2)
     5    0.02                           _06749_ (net)
                  0.09    0.00    7.56 v _13493_/A2 (sky130_fd_sc_hd__a21oi_1)
                  0.12    0.17    7.73 ^ _13493_/Y (sky130_fd_sc_hd__a21oi_1)
     1    0.00                           _06777_ (net)
                  0.12    0.00    7.73 ^ _13495_/A (sky130_fd_sc_hd__nor2_1)
                  0.04    0.07    7.79 v _13495_/Y (sky130_fd_sc_hd__nor2_1)
     1    0.00                           _06779_ (net)
                  0.04    0.00    7.79 v _13510_/A1 (sky130_fd_sc_hd__o31a_1)
                  0.05    0.31    8.10 v _13510_/X (sky130_fd_sc_hd__o31a_1)
     1    0.00                           _01088_ (net)
                  0.05    0.00    8.10 v _15425_/D (sky130_fd_sc_hd__dfxtp_1)
                                  8.10   data arrival time

                  0.15   10.00   10.00   clock clk_i (rise edge)
                          0.00   10.00   clock network delay (ideal)
                         -0.25    9.75   clock uncertainty
                          0.00    9.75   clock reconvergence pessimism
                                  9.75 ^ _15425_/CLK (sky130_fd_sc_hd__dfxtp_1)
                         -0.09    9.66   library setup time
                                  9.66   data required time
-----------------------------------------------------------------------------
                                  9.66   data required time
                                 -8.10   data arrival time
-----------------------------------------------------------------------------
                                  1.56   slack (MET)


Startpoint: IMEM_data_i[18] (input port clocked by clk_i)
Endpoint: _15242_ (rising edge-triggered flip-flop clocked by clk_i)
Path Group: clk_i
Path Type: max

Fanout     Cap    Slew   Delay    Time   Description
-----------------------------------------------------------------------------
                  0.15    0.00    0.00   clock clk_i (rise edge)
                          0.00    0.00   clock network delay (ideal)
                          2.00    2.00 ^ input external delay
                  0.02    0.01    2.01 ^ IMEM_data_i[18] (in)
     1    0.00                           IMEM_data_i[18] (net)
                  0.02    0.00    2.01 ^ input42/A (sky130_fd_sc_hd__clkbuf_2)
                  0.12    0.15    2.16 ^ input42/X (sky130_fd_sc_hd__clkbuf_2)
     2    0.02                           net42 (net)
                  0.12    0.00    2.17 ^ _07164_/D_N (sky130_fd_sc_hd__or4b_4)
                  0.12    0.56    2.73 v _07164_/X (sky130_fd_sc_hd__or4b_4)
     5    0.03                           _01573_ (net)
                  0.12    0.00    2.73 v _07172_/B1 (sky130_fd_sc_hd__a32o_1)
                  0.04    0.24    2.96 v _07172_/X (sky130_fd_sc_hd__a32o_1)
     1    0.00                           _01581_ (net)
                  0.04    0.00    2.96 v _07173_/C1 (sky130_fd_sc_hd__a211o_1)
                  0.04    0.22    3.19 v _07173_/X (sky130_fd_sc_hd__a211o_1)
     1    0.00                           _01582_ (net)
                  0.04    0.00    3.19 v _07175_/C (sky130_fd_sc_hd__or4_2)
                  0.14    0.70    3.89 v _07175_/X (sky130_fd_sc_hd__or4_2)
     1    0.01                           _01584_ (net)
                  0.14    0.00    3.89 v _07198_/A1 (sky130_fd_sc_hd__a21boi_4)
                  0.38    0.40    4.29 ^ _07198_/Y (sky130_fd_sc_hd__a21boi_4)
    13    0.05                           _01607_ (net)
                  0.38    0.01    4.29 ^ _07227_/A (sky130_fd_sc_hd__and2_1)
                  0.05    0.19    4.48 ^ _07227_/X (sky130_fd_sc_hd__and2_1)
     1    0.00                           _01633_ (net)
                  0.05    0.00    4.48 ^ _07228_/A (sky130_fd_sc_hd__buf_4)
                  0.14    0.20    4.68 ^ _07228_/X (sky130_fd_sc_hd__buf_4)
    15    0.05                           _01634_ (net)
                  0.14    0.00    4.68 ^ _07229_/A (sky130_fd_sc_hd__buf_6)
                  0.15    0.22    4.90 ^ _07229_/X (sky130_fd_sc_hd__buf_6)
    25    0.08                           _01635_ (net)
                  0.15    0.00    4.91 ^ _07821_/B (sky130_fd_sc_hd__or2_1)
                  0.09    0.16    5.07 ^ _07821_/X (sky130_fd_sc_hd__or2_1)
     3    0.01                           _02174_ (net)
                  0.09    0.00    5.07 ^ _07822_/B (sky130_fd_sc_hd__nand2_1)
                  0.08    0.10    5.17 v _07822_/Y (sky130_fd_sc_hd__nand2_1)
     2    0.01                           _02175_ (net)
                  0.08    0.00    5.17 v _07887_/B (sky130_fd_sc_hd__nor4_2)
                  0.39    0.43    5.59 ^ _07887_/Y (sky130_fd_sc_hd__nor4_2)
     2    0.01                           _02237_ (net)
                  0.39    0.00    5.59 ^ _07892_/A4 (sky130_fd_sc_hd__a41oi_4)
                  0.12    0.18    5.78 v _07892_/Y (sky130_fd_sc_hd__a41oi_4)
     4    0.01                           _02242_ (net)
                  0.12    0.00    5.78 v _07896_/A (sky130_fd_sc_hd__nor2_1)
                  0.14    0.18    5.96 ^ _07896_/Y (sky130_fd_sc_hd__nor2_1)
     3    0.01                           _02246_ (net)
                  0.14    0.00    5.96 ^ _08080_/A (sky130_fd_sc_hd__and4_1)
                  0.10    0.24    6.20 ^ _08080_/X (sky130_fd_sc_hd__and4_1)
     1    0.01                           _02422_ (net)
                  0.10    0.00    6.20 ^ _08083_/A1 (sky130_fd_sc_hd__a211oi_2)
                  0.10    0.10    6.30 v _08083_/Y (sky130_fd_sc_hd__a211oi_2)
     2    0.01                           _02425_ (net)
                  0.10    0.00    6.30 v _08085_/B (sky130_fd_sc_hd__or2_1)
                  0.10    0.30    6.60 v _08085_/X (sky130_fd_sc_hd__or2_1)
     5    0.01                           _02427_ (net)
                  0.10    0.00    6.60 v _08174_/A1 (sky130_fd_sc_hd__o41a_1)
                  0.09    0.49    7.09 v _08174_/X (sky130_fd_sc_hd__o41a_1)
     3    0.01                           _02512_ (net)
                  0.09    0.00    7.09 v _08192_/A2 (sky130_fd_sc_hd__o21ai_1)
                  0.18    0.20    7.29 ^ _08192_/Y (sky130_fd_sc_hd__o21ai_1)
     2    0.01                           _02529_ (net)
                  0.18    0.00    7.29 ^ _08193_/B1 (sky130_fd_sc_hd__o21ai_1)
                  0.06    0.10    7.39 v _08193_/Y (sky130_fd_sc_hd__o21ai_1)
     1    0.00                           _02530_ (net)
                  0.06    0.00    7.39 v _08194_/B1 (sky130_fd_sc_hd__o311a_1)
                  0.05    0.13    7.52 v _08194_/X (sky130_fd_sc_hd__o311a_1)
     1    0.00                           _02531_ (net)
                  0.05    0.00    7.52 v _08195_/B1 (sky130_fd_sc_hd__a211o_1)
                  0.05    0.28    7.80 v _08195_/X (sky130_fd_sc_hd__a211o_1)
     1    0.00                           _02532_ (net)
                  0.05    0.00    7.80 v _08197_/A3 (sky130_fd_sc_hd__a31o_1)
                  0.03    0.22    8.01 v _08197_/X (sky130_fd_sc_hd__a31o_1)
     1    0.00                           _00033_ (net)
                  0.03    0.00    8.01 v _15242_/D (sky130_fd_sc_hd__dfxtp_2)
                                  8.01   data arrival time

                  0.15   10.00   10.00   clock clk_i (rise edge)
                          0.00   10.00   clock network delay (ideal)
                         -0.25    9.75   clock uncertainty
                          0.00    9.75   clock reconvergence pessimism
                                  9.75 ^ _15242_/CLK (sky130_fd_sc_hd__dfxtp_2)
                         -0.08    9.67   library setup time
                                  9.67   data required time
-----------------------------------------------------------------------------
                                  9.67   data required time
                                 -8.01   data arrival time
-----------------------------------------------------------------------------
                                  1.65   slack (MET)


