
===========================================================================
report_checks -path_delay max (Setup)
============================================================================
Startpoint: DMEM_rd_data_i[26] (input port clocked by clk_i)
Endpoint: _15427_ (rising edge-triggered flip-flop clocked by clk_i)
Path Group: clk_i
Path Type: max

Fanout     Cap    Slew   Delay    Time   Description
-----------------------------------------------------------------------------
                          0.00    0.00   clock clk_i (rise edge)
                          0.00    0.00   clock network delay (propagated)
                          2.00    2.00 v input external delay
                  0.01    0.00    2.00 v DMEM_rd_data_i[26] (in)
     1    0.00                           DMEM_rd_data_i[26] (net)
                  0.01    0.00    2.00 v input19/A (sky130_fd_sc_hd__clkbuf_2)
                  0.10    0.15    2.16 v input19/X (sky130_fd_sc_hd__clkbuf_2)
     2    0.02                           net19 (net)
                  0.10    0.00    2.16 v _07458_/A1 (sky130_fd_sc_hd__mux2_1)
                  0.07    0.34    2.50 v _07458_/X (sky130_fd_sc_hd__mux2_1)
     2    0.01                           _01824_ (net)
                  0.07    0.00    2.50 v _07459_/B (sky130_fd_sc_hd__and2_1)
                  0.04    0.18    2.68 v _07459_/X (sky130_fd_sc_hd__and2_1)
     1    0.00                           _01825_ (net)
                  0.04    0.00    2.68 v _07462_/A3 (sky130_fd_sc_hd__o41a_4)
                  0.15    0.56    3.24 v _07462_/X (sky130_fd_sc_hd__o41a_4)
    12    0.07                           _01828_ (net)
                  0.15    0.00    3.24 v _12395_/A1 (sky130_fd_sc_hd__a211o_1)
                  0.09    0.35    3.59 v _12395_/X (sky130_fd_sc_hd__a211o_1)
     2    0.01                           _05708_ (net)
                  0.09    0.00    3.59 v _12509_/A2 (sky130_fd_sc_hd__a311oi_4)
                  0.64    0.63    4.22 ^ _12509_/Y (sky130_fd_sc_hd__a311oi_4)
     9    0.05                           _05822_ (net)
                  0.64    0.00    4.23 ^ _12524_/B (sky130_fd_sc_hd__and4_4)
                  0.15    0.45    4.68 ^ _12524_/X (sky130_fd_sc_hd__and4_4)
     8    0.04                           _05837_ (net)
                  0.15    0.00    4.68 ^ _12770_/A2 (sky130_fd_sc_hd__a31o_1)
                  0.09    0.20    4.89 ^ _12770_/X (sky130_fd_sc_hd__a31o_1)
     2    0.01                           _06077_ (net)
                  0.09    0.00    4.89 ^ _12818_/B1 (sky130_fd_sc_hd__o21a_1)
                  0.06    0.14    5.03 ^ _12818_/X (sky130_fd_sc_hd__o21a_1)
     1    0.01                           _06124_ (net)
                  0.06    0.00    5.03 ^ _12819_/B (sky130_fd_sc_hd__xor2_1)
                  0.26    0.26    5.29 ^ _12819_/X (sky130_fd_sc_hd__xor2_1)
     3    0.01                           _06125_ (net)
                  0.26    0.00    5.29 ^ _12820_/B (sky130_fd_sc_hd__xnor2_1)
                  0.08    0.14    5.42 v _12820_/Y (sky130_fd_sc_hd__xnor2_1)
     2    0.01                           _06126_ (net)
                  0.08    0.00    5.42 v _12862_/B (sky130_fd_sc_hd__or2_1)
                  0.07    0.26    5.69 v _12862_/X (sky130_fd_sc_hd__or2_1)
     1    0.01                           _06167_ (net)
                  0.07    0.00    5.69 v _12863_/B1 (sky130_fd_sc_hd__a311oi_4)
                  0.25    0.31    6.00 ^ _12863_/Y (sky130_fd_sc_hd__a311oi_4)
     2    0.01                           _06168_ (net)
                  0.25    0.00    6.00 ^ _12967_/A1 (sky130_fd_sc_hd__o2111ai_2)
                  0.12    0.19    6.19 v _12967_/Y (sky130_fd_sc_hd__o2111ai_2)
     2    0.01                           _06268_ (net)
                  0.12    0.00    6.19 v _13102_/A2 (sky130_fd_sc_hd__a211o_1)
                  0.10    0.40    6.59 v _13102_/X (sky130_fd_sc_hd__a211o_1)
     4    0.02                           _06399_ (net)
                  0.10    0.00    6.59 v _13329_/A2 (sky130_fd_sc_hd__a21o_1)
                  0.05    0.23    6.82 v _13329_/X (sky130_fd_sc_hd__a21o_1)
     2    0.01                           _06618_ (net)
                  0.05    0.00    6.82 v _13397_/A1 (sky130_fd_sc_hd__a211o_1)
                  0.11    0.34    7.16 v _13397_/X (sky130_fd_sc_hd__a211o_1)
     4    0.02                           _06684_ (net)
                  0.11    0.00    7.16 v _13464_/A1 (sky130_fd_sc_hd__a311o_2)
                  0.09    0.40    7.56 v _13464_/X (sky130_fd_sc_hd__a311o_2)
     5    0.02                           _06749_ (net)
                  0.09    0.00    7.56 v _13522_/A2 (sky130_fd_sc_hd__a311oi_2)
                  0.27    0.32    7.88 ^ _13522_/Y (sky130_fd_sc_hd__a311oi_2)
     3    0.01                           _06805_ (net)
                  0.27    0.00    7.88 ^ _13548_/A2 (sky130_fd_sc_hd__o21ai_1)
                  0.05    0.09    7.96 v _13548_/Y (sky130_fd_sc_hd__o21ai_1)
     1    0.00                           _06830_ (net)
                  0.05    0.00    7.96 v _13550_/B (sky130_fd_sc_hd__and3_1)
                  0.04    0.17    8.13 v _13550_/X (sky130_fd_sc_hd__and3_1)
     1    0.00                           _06832_ (net)
                  0.04    0.00    8.13 v _13562_/A1 (sky130_fd_sc_hd__o21a_1)
                  0.03    0.18    8.31 v _13562_/X (sky130_fd_sc_hd__o21a_1)
     1    0.00                           _01090_ (net)
                  0.03    0.00    8.31 v _15427_/D (sky130_fd_sc_hd__dfxtp_4)
                                  8.31   data arrival time

                         10.00   10.00   clock clk_i (rise edge)
                          0.00   10.00   clock source latency
                  0.17    0.12   10.12 ^ clk_i (in)
     1    0.04                           clk_i (net)
                  0.17    0.00   10.12 ^ clkbuf_0_clk_i/A (sky130_fd_sc_hd__clkbuf_16)
                  0.17    0.25   10.37 ^ clkbuf_0_clk_i/X (sky130_fd_sc_hd__clkbuf_16)
    16    0.16                           clknet_0_clk_i (net)
                  0.18    0.01   10.38 ^ clkbuf_4_11_0_clk_i/A (sky130_fd_sc_hd__clkbuf_8)
                  0.15    0.24   10.62 ^ clkbuf_4_11_0_clk_i/X (sky130_fd_sc_hd__clkbuf_8)
     8    0.08                           clknet_4_11_0_clk_i (net)
                  0.15    0.00   10.62 ^ clkbuf_leaf_115_clk_i/A (sky130_fd_sc_hd__clkbuf_16)
                  0.04    0.15   10.77 ^ clkbuf_leaf_115_clk_i/X (sky130_fd_sc_hd__clkbuf_16)
     6    0.02                           clknet_leaf_115_clk_i (net)
                  0.04    0.00   10.77 ^ _15427_/CLK (sky130_fd_sc_hd__dfxtp_4)
                         -0.25   10.52   clock uncertainty
                          0.00   10.52   clock reconvergence pessimism
                         -0.11   10.42   library setup time
                                 10.42   data required time
-----------------------------------------------------------------------------
                                 10.42   data required time
                                 -8.31   data arrival time
-----------------------------------------------------------------------------
                                  2.10   slack (MET)


Startpoint: DMEM_rd_data_i[26] (input port clocked by clk_i)
Endpoint: _15426_ (rising edge-triggered flip-flop clocked by clk_i)
Path Group: clk_i
Path Type: max

Fanout     Cap    Slew   Delay    Time   Description
-----------------------------------------------------------------------------
                          0.00    0.00   clock clk_i (rise edge)
                          0.00    0.00   clock network delay (propagated)
                          2.00    2.00 v input external delay
                  0.01    0.00    2.00 v DMEM_rd_data_i[26] (in)
     1    0.00                           DMEM_rd_data_i[26] (net)
                  0.01    0.00    2.00 v input19/A (sky130_fd_sc_hd__clkbuf_2)
                  0.10    0.15    2.16 v input19/X (sky130_fd_sc_hd__clkbuf_2)
     2    0.02                           net19 (net)
                  0.10    0.00    2.16 v _07458_/A1 (sky130_fd_sc_hd__mux2_1)
                  0.07    0.34    2.50 v _07458_/X (sky130_fd_sc_hd__mux2_1)
     2    0.01                           _01824_ (net)
                  0.07    0.00    2.50 v _07459_/B (sky130_fd_sc_hd__and2_1)
                  0.04    0.18    2.68 v _07459_/X (sky130_fd_sc_hd__and2_1)
     1    0.00                           _01825_ (net)
                  0.04    0.00    2.68 v _07462_/A3 (sky130_fd_sc_hd__o41a_4)
                  0.15    0.56    3.24 v _07462_/X (sky130_fd_sc_hd__o41a_4)
    12    0.07                           _01828_ (net)
                  0.15    0.00    3.24 v _12395_/A1 (sky130_fd_sc_hd__a211o_1)
                  0.09    0.35    3.59 v _12395_/X (sky130_fd_sc_hd__a211o_1)
     2    0.01                           _05708_ (net)
                  0.09    0.00    3.59 v _12509_/A2 (sky130_fd_sc_hd__a311oi_4)
                  0.64    0.63    4.22 ^ _12509_/Y (sky130_fd_sc_hd__a311oi_4)
     9    0.05                           _05822_ (net)
                  0.64    0.00    4.23 ^ _12524_/B (sky130_fd_sc_hd__and4_4)
                  0.15    0.45    4.68 ^ _12524_/X (sky130_fd_sc_hd__and4_4)
     8    0.04                           _05837_ (net)
                  0.15    0.00    4.68 ^ _12770_/A2 (sky130_fd_sc_hd__a31o_1)
                  0.09    0.20    4.89 ^ _12770_/X (sky130_fd_sc_hd__a31o_1)
     2    0.01                           _06077_ (net)
                  0.09    0.00    4.89 ^ _12818_/B1 (sky130_fd_sc_hd__o21a_1)
                  0.06    0.14    5.03 ^ _12818_/X (sky130_fd_sc_hd__o21a_1)
     1    0.01                           _06124_ (net)
                  0.06    0.00    5.03 ^ _12819_/B (sky130_fd_sc_hd__xor2_1)
                  0.26    0.26    5.29 ^ _12819_/X (sky130_fd_sc_hd__xor2_1)
     3    0.01                           _06125_ (net)
                  0.26    0.00    5.29 ^ _12820_/B (sky130_fd_sc_hd__xnor2_1)
                  0.08    0.14    5.42 v _12820_/Y (sky130_fd_sc_hd__xnor2_1)
     2    0.01                           _06126_ (net)
                  0.08    0.00    5.42 v _12862_/B (sky130_fd_sc_hd__or2_1)
                  0.07    0.26    5.69 v _12862_/X (sky130_fd_sc_hd__or2_1)
     1    0.01                           _06167_ (net)
                  0.07    0.00    5.69 v _12863_/B1 (sky130_fd_sc_hd__a311oi_4)
                  0.25    0.31    6.00 ^ _12863_/Y (sky130_fd_sc_hd__a311oi_4)
     2    0.01                           _06168_ (net)
                  0.25    0.00    6.00 ^ _12967_/A1 (sky130_fd_sc_hd__o2111ai_2)
                  0.12    0.19    6.19 v _12967_/Y (sky130_fd_sc_hd__o2111ai_2)
     2    0.01                           _06268_ (net)
                  0.12    0.00    6.19 v _13102_/A2 (sky130_fd_sc_hd__a211o_1)
                  0.10    0.40    6.59 v _13102_/X (sky130_fd_sc_hd__a211o_1)
     4    0.02                           _06399_ (net)
                  0.10    0.00    6.59 v _13329_/A2 (sky130_fd_sc_hd__a21o_1)
                  0.05    0.23    6.82 v _13329_/X (sky130_fd_sc_hd__a21o_1)
     2    0.01                           _06618_ (net)
                  0.05    0.00    6.82 v _13397_/A1 (sky130_fd_sc_hd__a211o_1)
                  0.11    0.34    7.16 v _13397_/X (sky130_fd_sc_hd__a211o_1)
     4    0.02                           _06684_ (net)
                  0.11    0.00    7.16 v _13464_/A1 (sky130_fd_sc_hd__a311o_2)
                  0.09    0.40    7.56 v _13464_/X (sky130_fd_sc_hd__a311o_2)
     5    0.02                           _06749_ (net)
                  0.09    0.00    7.56 v _13522_/A2 (sky130_fd_sc_hd__a311oi_2)
                  0.27    0.32    7.88 ^ _13522_/Y (sky130_fd_sc_hd__a311oi_2)
     3    0.01                           _06805_ (net)
                  0.27    0.00    7.88 ^ _13525_/A (sky130_fd_sc_hd__nor2_1)
                  0.06    0.09    7.96 v _13525_/Y (sky130_fd_sc_hd__nor2_1)
     1    0.00                           _06808_ (net)
                  0.06    0.00    7.96 v _13538_/A1 (sky130_fd_sc_hd__o31a_1)
                  0.04    0.30    8.27 v _13538_/X (sky130_fd_sc_hd__o31a_1)
     1    0.00                           _01089_ (net)
                  0.04    0.00    8.27 v _15426_/D (sky130_fd_sc_hd__dfxtp_1)
                                  8.27   data arrival time

                         10.00   10.00   clock clk_i (rise edge)
                          0.00   10.00   clock source latency
                  0.17    0.12   10.12 ^ clk_i (in)
     1    0.04                           clk_i (net)
                  0.17    0.00   10.12 ^ clkbuf_0_clk_i/A (sky130_fd_sc_hd__clkbuf_16)
                  0.17    0.25   10.37 ^ clkbuf_0_clk_i/X (sky130_fd_sc_hd__clkbuf_16)
    16    0.16                           clknet_0_clk_i (net)
                  0.18    0.01   10.38 ^ clkbuf_4_11_0_clk_i/A (sky130_fd_sc_hd__clkbuf_8)
                  0.15    0.24   10.62 ^ clkbuf_4_11_0_clk_i/X (sky130_fd_sc_hd__clkbuf_8)
     8    0.08                           clknet_4_11_0_clk_i (net)
                  0.15    0.00   10.62 ^ clkbuf_leaf_115_clk_i/A (sky130_fd_sc_hd__clkbuf_16)
                  0.04    0.15   10.77 ^ clkbuf_leaf_115_clk_i/X (sky130_fd_sc_hd__clkbuf_16)
     6    0.02                           clknet_leaf_115_clk_i (net)
                  0.04    0.00   10.77 ^ _15426_/CLK (sky130_fd_sc_hd__dfxtp_1)
                         -0.25   10.52   clock uncertainty
                          0.00   10.52   clock reconvergence pessimism
                         -0.11   10.41   library setup time
                                 10.41   data required time
-----------------------------------------------------------------------------
                                 10.41   data required time
                                 -8.27   data arrival time
-----------------------------------------------------------------------------
                                  2.14   slack (MET)


Startpoint: DMEM_rd_data_i[26] (input port clocked by clk_i)
Endpoint: _15423_ (rising edge-triggered flip-flop clocked by clk_i)
Path Group: clk_i
Path Type: max

Fanout     Cap    Slew   Delay    Time   Description
-----------------------------------------------------------------------------
                          0.00    0.00   clock clk_i (rise edge)
                          0.00    0.00   clock network delay (propagated)
                          2.00    2.00 v input external delay
                  0.01    0.00    2.00 v DMEM_rd_data_i[26] (in)
     1    0.00                           DMEM_rd_data_i[26] (net)
                  0.01    0.00    2.00 v input19/A (sky130_fd_sc_hd__clkbuf_2)
                  0.10    0.15    2.16 v input19/X (sky130_fd_sc_hd__clkbuf_2)
     2    0.02                           net19 (net)
                  0.10    0.00    2.16 v _07458_/A1 (sky130_fd_sc_hd__mux2_1)
                  0.07    0.34    2.50 v _07458_/X (sky130_fd_sc_hd__mux2_1)
     2    0.01                           _01824_ (net)
                  0.07    0.00    2.50 v _07459_/B (sky130_fd_sc_hd__and2_1)
                  0.04    0.18    2.68 v _07459_/X (sky130_fd_sc_hd__and2_1)
     1    0.00                           _01825_ (net)
                  0.04    0.00    2.68 v _07462_/A3 (sky130_fd_sc_hd__o41a_4)
                  0.15    0.56    3.24 v _07462_/X (sky130_fd_sc_hd__o41a_4)
    12    0.07                           _01828_ (net)
                  0.15    0.00    3.24 v _12395_/A1 (sky130_fd_sc_hd__a211o_1)
                  0.09    0.35    3.59 v _12395_/X (sky130_fd_sc_hd__a211o_1)
     2    0.01                           _05708_ (net)
                  0.09    0.00    3.59 v _12509_/A2 (sky130_fd_sc_hd__a311oi_4)
                  0.64    0.63    4.22 ^ _12509_/Y (sky130_fd_sc_hd__a311oi_4)
     9    0.05                           _05822_ (net)
                  0.64    0.00    4.23 ^ _12524_/B (sky130_fd_sc_hd__and4_4)
                  0.15    0.45    4.68 ^ _12524_/X (sky130_fd_sc_hd__and4_4)
     8    0.04                           _05837_ (net)
                  0.15    0.00    4.68 ^ _12770_/A2 (sky130_fd_sc_hd__a31o_1)
                  0.09    0.20    4.89 ^ _12770_/X (sky130_fd_sc_hd__a31o_1)
     2    0.01                           _06077_ (net)
                  0.09    0.00    4.89 ^ _12818_/B1 (sky130_fd_sc_hd__o21a_1)
                  0.06    0.14    5.03 ^ _12818_/X (sky130_fd_sc_hd__o21a_1)
     1    0.01                           _06124_ (net)
                  0.06    0.00    5.03 ^ _12819_/B (sky130_fd_sc_hd__xor2_1)
                  0.26    0.26    5.29 ^ _12819_/X (sky130_fd_sc_hd__xor2_1)
     3    0.01                           _06125_ (net)
                  0.26    0.00    5.29 ^ _12820_/B (sky130_fd_sc_hd__xnor2_1)
                  0.08    0.14    5.42 v _12820_/Y (sky130_fd_sc_hd__xnor2_1)
     2    0.01                           _06126_ (net)
                  0.08    0.00    5.42 v _12862_/B (sky130_fd_sc_hd__or2_1)
                  0.07    0.26    5.69 v _12862_/X (sky130_fd_sc_hd__or2_1)
     1    0.01                           _06167_ (net)
                  0.07    0.00    5.69 v _12863_/B1 (sky130_fd_sc_hd__a311oi_4)
                  0.25    0.31    6.00 ^ _12863_/Y (sky130_fd_sc_hd__a311oi_4)
     2    0.01                           _06168_ (net)
                  0.25    0.00    6.00 ^ _12967_/A1 (sky130_fd_sc_hd__o2111ai_2)
                  0.12    0.19    6.19 v _12967_/Y (sky130_fd_sc_hd__o2111ai_2)
     2    0.01                           _06268_ (net)
                  0.12    0.00    6.19 v _13102_/A2 (sky130_fd_sc_hd__a211o_1)
                  0.10    0.40    6.59 v _13102_/X (sky130_fd_sc_hd__a211o_1)
     4    0.02                           _06399_ (net)
                  0.10    0.00    6.59 v _13329_/A2 (sky130_fd_sc_hd__a21o_1)
                  0.05    0.23    6.82 v _13329_/X (sky130_fd_sc_hd__a21o_1)
     2    0.01                           _06618_ (net)
                  0.05    0.00    6.82 v _13397_/A1 (sky130_fd_sc_hd__a211o_1)
                  0.11    0.34    7.16 v _13397_/X (sky130_fd_sc_hd__a211o_1)
     4    0.02                           _06684_ (net)
                  0.11    0.00    7.16 v _13413_/A1 (sky130_fd_sc_hd__a21o_1)
                  0.06    0.21    7.37 v _13413_/X (sky130_fd_sc_hd__a21o_1)
     3    0.01                           _06700_ (net)
                  0.06    0.00    7.37 v _13441_/A2 (sky130_fd_sc_hd__a211o_1)
                  0.05    0.30    7.67 v _13441_/X (sky130_fd_sc_hd__a211o_1)
     1    0.00                           _06727_ (net)
                  0.05    0.00    7.67 v _13449_/A3 (sky130_fd_sc_hd__a31o_1)
                  0.05    0.23    7.91 v _13449_/X (sky130_fd_sc_hd__a31o_1)
     1    0.01                           _06735_ (net)
                  0.05    0.00    7.91 v _13450_/A3 (sky130_fd_sc_hd__o31a_1)
                  0.04    0.24    8.14 v _13450_/X (sky130_fd_sc_hd__o31a_1)
     1    0.00                           _01086_ (net)
                  0.04    0.00    8.14 v _15423_/D (sky130_fd_sc_hd__dfxtp_2)
                                  8.14   data arrival time

                         10.00   10.00   clock clk_i (rise edge)
                          0.00   10.00   clock source latency
                  0.17    0.12   10.12 ^ clk_i (in)
     1    0.04                           clk_i (net)
                  0.17    0.00   10.12 ^ clkbuf_0_clk_i/A (sky130_fd_sc_hd__clkbuf_16)
                  0.17    0.25   10.37 ^ clkbuf_0_clk_i/X (sky130_fd_sc_hd__clkbuf_16)
    16    0.16                           clknet_0_clk_i (net)
                  0.18    0.01   10.38 ^ clkbuf_4_11_0_clk_i/A (sky130_fd_sc_hd__clkbuf_8)
                  0.15    0.24   10.62 ^ clkbuf_4_11_0_clk_i/X (sky130_fd_sc_hd__clkbuf_8)
     8    0.08                           clknet_4_11_0_clk_i (net)
                  0.15    0.00   10.62 ^ clkbuf_leaf_114_clk_i/A (sky130_fd_sc_hd__clkbuf_16)
                  0.03    0.14   10.76 ^ clkbuf_leaf_114_clk_i/X (sky130_fd_sc_hd__clkbuf_16)
     2    0.01                           clknet_leaf_114_clk_i (net)
                  0.03    0.00   10.76 ^ _15423_/CLK (sky130_fd_sc_hd__dfxtp_2)
                         -0.25   10.51   clock uncertainty
                          0.00   10.51   clock reconvergence pessimism
                         -0.12   10.40   library setup time
                                 10.40   data required time
-----------------------------------------------------------------------------
                                 10.40   data required time
                                 -8.14   data arrival time
-----------------------------------------------------------------------------
                                  2.25   slack (MET)


Startpoint: DMEM_rd_data_i[26] (input port clocked by clk_i)
Endpoint: _15425_ (rising edge-triggered flip-flop clocked by clk_i)
Path Group: clk_i
Path Type: max

Fanout     Cap    Slew   Delay    Time   Description
-----------------------------------------------------------------------------
                          0.00    0.00   clock clk_i (rise edge)
                          0.00    0.00   clock network delay (propagated)
                          2.00    2.00 v input external delay
                  0.01    0.00    2.00 v DMEM_rd_data_i[26] (in)
     1    0.00                           DMEM_rd_data_i[26] (net)
                  0.01    0.00    2.00 v input19/A (sky130_fd_sc_hd__clkbuf_2)
                  0.10    0.15    2.16 v input19/X (sky130_fd_sc_hd__clkbuf_2)
     2    0.02                           net19 (net)
                  0.10    0.00    2.16 v _07458_/A1 (sky130_fd_sc_hd__mux2_1)
                  0.07    0.34    2.50 v _07458_/X (sky130_fd_sc_hd__mux2_1)
     2    0.01                           _01824_ (net)
                  0.07    0.00    2.50 v _07459_/B (sky130_fd_sc_hd__and2_1)
                  0.04    0.18    2.68 v _07459_/X (sky130_fd_sc_hd__and2_1)
     1    0.00                           _01825_ (net)
                  0.04    0.00    2.68 v _07462_/A3 (sky130_fd_sc_hd__o41a_4)
                  0.15    0.56    3.24 v _07462_/X (sky130_fd_sc_hd__o41a_4)
    12    0.07                           _01828_ (net)
                  0.15    0.00    3.24 v _12395_/A1 (sky130_fd_sc_hd__a211o_1)
                  0.09    0.35    3.59 v _12395_/X (sky130_fd_sc_hd__a211o_1)
     2    0.01                           _05708_ (net)
                  0.09    0.00    3.59 v _12509_/A2 (sky130_fd_sc_hd__a311oi_4)
                  0.64    0.63    4.22 ^ _12509_/Y (sky130_fd_sc_hd__a311oi_4)
     9    0.05                           _05822_ (net)
                  0.64    0.00    4.23 ^ _12524_/B (sky130_fd_sc_hd__and4_4)
                  0.15    0.45    4.68 ^ _12524_/X (sky130_fd_sc_hd__and4_4)
     8    0.04                           _05837_ (net)
                  0.15    0.00    4.68 ^ _12770_/A2 (sky130_fd_sc_hd__a31o_1)
                  0.09    0.20    4.89 ^ _12770_/X (sky130_fd_sc_hd__a31o_1)
     2    0.01                           _06077_ (net)
                  0.09    0.00    4.89 ^ _12818_/B1 (sky130_fd_sc_hd__o21a_1)
                  0.06    0.14    5.03 ^ _12818_/X (sky130_fd_sc_hd__o21a_1)
     1    0.01                           _06124_ (net)
                  0.06    0.00    5.03 ^ _12819_/B (sky130_fd_sc_hd__xor2_1)
                  0.26    0.26    5.29 ^ _12819_/X (sky130_fd_sc_hd__xor2_1)
     3    0.01                           _06125_ (net)
                  0.26    0.00    5.29 ^ _12820_/B (sky130_fd_sc_hd__xnor2_1)
                  0.08    0.14    5.42 v _12820_/Y (sky130_fd_sc_hd__xnor2_1)
     2    0.01                           _06126_ (net)
                  0.08    0.00    5.42 v _12862_/B (sky130_fd_sc_hd__or2_1)
                  0.07    0.26    5.69 v _12862_/X (sky130_fd_sc_hd__or2_1)
     1    0.01                           _06167_ (net)
                  0.07    0.00    5.69 v _12863_/B1 (sky130_fd_sc_hd__a311oi_4)
                  0.25    0.31    6.00 ^ _12863_/Y (sky130_fd_sc_hd__a311oi_4)
     2    0.01                           _06168_ (net)
                  0.25    0.00    6.00 ^ _12967_/A1 (sky130_fd_sc_hd__o2111ai_2)
                  0.12    0.19    6.19 v _12967_/Y (sky130_fd_sc_hd__o2111ai_2)
     2    0.01                           _06268_ (net)
                  0.12    0.00    6.19 v _13102_/A2 (sky130_fd_sc_hd__a211o_1)
                  0.10    0.40    6.59 v _13102_/X (sky130_fd_sc_hd__a211o_1)
     4    0.02                           _06399_ (net)
                  0.10    0.00    6.59 v _13329_/A2 (sky130_fd_sc_hd__a21o_1)
                  0.05    0.23    6.82 v _13329_/X (sky130_fd_sc_hd__a21o_1)
     2    0.01                           _06618_ (net)
                  0.05    0.00    6.82 v _13397_/A1 (sky130_fd_sc_hd__a211o_1)
                  0.11    0.34    7.16 v _13397_/X (sky130_fd_sc_hd__a211o_1)
     4    0.02                           _06684_ (net)
                  0.11    0.00    7.16 v _13464_/A1 (sky130_fd_sc_hd__a311o_2)
                  0.09    0.40    7.56 v _13464_/X (sky130_fd_sc_hd__a311o_2)
     5    0.02                           _06749_ (net)
                  0.09    0.00    7.56 v _13493_/A2 (sky130_fd_sc_hd__a21oi_1)
                  0.13    0.18    7.74 ^ _13493_/Y (sky130_fd_sc_hd__a21oi_1)
     1    0.00                           _06777_ (net)
                  0.13    0.00    7.74 ^ _13495_/A (sky130_fd_sc_hd__nor2_1)
                  0.05    0.07    7.81 v _13495_/Y (sky130_fd_sc_hd__nor2_1)
     1    0.00                           _06779_ (net)
                  0.05    0.00    7.81 v _13510_/A1 (sky130_fd_sc_hd__o31a_1)
                  0.05    0.31    8.12 v _13510_/X (sky130_fd_sc_hd__o31a_1)
     1    0.00                           _01088_ (net)
                  0.05    0.00    8.12 v _15425_/D (sky130_fd_sc_hd__dfxtp_1)
                                  8.12   data arrival time

                         10.00   10.00   clock clk_i (rise edge)
                          0.00   10.00   clock source latency
                  0.17    0.12   10.12 ^ clk_i (in)
     1    0.04                           clk_i (net)
                  0.17    0.00   10.12 ^ clkbuf_0_clk_i/A (sky130_fd_sc_hd__clkbuf_16)
                  0.17    0.25   10.37 ^ clkbuf_0_clk_i/X (sky130_fd_sc_hd__clkbuf_16)
    16    0.16                           clknet_0_clk_i (net)
                  0.18    0.01   10.38 ^ clkbuf_4_11_0_clk_i/A (sky130_fd_sc_hd__clkbuf_8)
                  0.15    0.24   10.62 ^ clkbuf_4_11_0_clk_i/X (sky130_fd_sc_hd__clkbuf_8)
     8    0.08                           clknet_4_11_0_clk_i (net)
                  0.15    0.00   10.62 ^ clkbuf_leaf_115_clk_i/A (sky130_fd_sc_hd__clkbuf_16)
                  0.04    0.15   10.77 ^ clkbuf_leaf_115_clk_i/X (sky130_fd_sc_hd__clkbuf_16)
     6    0.02                           clknet_leaf_115_clk_i (net)
                  0.04    0.00   10.77 ^ _15425_/CLK (sky130_fd_sc_hd__dfxtp_1)
                         -0.25   10.52   clock uncertainty
                          0.00   10.52   clock reconvergence pessimism
                         -0.11   10.41   library setup time
                                 10.41   data required time
-----------------------------------------------------------------------------
                                 10.41   data required time
                                 -8.12   data arrival time
-----------------------------------------------------------------------------
                                  2.29   slack (MET)


Startpoint: DMEM_rd_data_i[26] (input port clocked by clk_i)
Endpoint: _15424_ (rising edge-triggered flip-flop clocked by clk_i)
Path Group: clk_i
Path Type: max

Fanout     Cap    Slew   Delay    Time   Description
-----------------------------------------------------------------------------
                          0.00    0.00   clock clk_i (rise edge)
                          0.00    0.00   clock network delay (propagated)
                          2.00    2.00 v input external delay
                  0.01    0.00    2.00 v DMEM_rd_data_i[26] (in)
     1    0.00                           DMEM_rd_data_i[26] (net)
                  0.01    0.00    2.00 v input19/A (sky130_fd_sc_hd__clkbuf_2)
                  0.10    0.15    2.16 v input19/X (sky130_fd_sc_hd__clkbuf_2)
     2    0.02                           net19 (net)
                  0.10    0.00    2.16 v _07458_/A1 (sky130_fd_sc_hd__mux2_1)
                  0.07    0.34    2.50 v _07458_/X (sky130_fd_sc_hd__mux2_1)
     2    0.01                           _01824_ (net)
                  0.07    0.00    2.50 v _07459_/B (sky130_fd_sc_hd__and2_1)
                  0.04    0.18    2.68 v _07459_/X (sky130_fd_sc_hd__and2_1)
     1    0.00                           _01825_ (net)
                  0.04    0.00    2.68 v _07462_/A3 (sky130_fd_sc_hd__o41a_4)
                  0.15    0.56    3.24 v _07462_/X (sky130_fd_sc_hd__o41a_4)
    12    0.07                           _01828_ (net)
                  0.15    0.00    3.24 v _12395_/A1 (sky130_fd_sc_hd__a211o_1)
                  0.09    0.35    3.59 v _12395_/X (sky130_fd_sc_hd__a211o_1)
     2    0.01                           _05708_ (net)
                  0.09    0.00    3.59 v _12509_/A2 (sky130_fd_sc_hd__a311oi_4)
                  0.64    0.63    4.22 ^ _12509_/Y (sky130_fd_sc_hd__a311oi_4)
     9    0.05                           _05822_ (net)
                  0.64    0.00    4.23 ^ _12524_/B (sky130_fd_sc_hd__and4_4)
                  0.15    0.45    4.68 ^ _12524_/X (sky130_fd_sc_hd__and4_4)
     8    0.04                           _05837_ (net)
                  0.15    0.00    4.68 ^ _12770_/A2 (sky130_fd_sc_hd__a31o_1)
                  0.09    0.20    4.89 ^ _12770_/X (sky130_fd_sc_hd__a31o_1)
     2    0.01                           _06077_ (net)
                  0.09    0.00    4.89 ^ _12818_/B1 (sky130_fd_sc_hd__o21a_1)
                  0.06    0.14    5.03 ^ _12818_/X (sky130_fd_sc_hd__o21a_1)
     1    0.01                           _06124_ (net)
                  0.06    0.00    5.03 ^ _12819_/B (sky130_fd_sc_hd__xor2_1)
                  0.26    0.26    5.29 ^ _12819_/X (sky130_fd_sc_hd__xor2_1)
     3    0.01                           _06125_ (net)
                  0.26    0.00    5.29 ^ _12820_/B (sky130_fd_sc_hd__xnor2_1)
                  0.08    0.14    5.42 v _12820_/Y (sky130_fd_sc_hd__xnor2_1)
     2    0.01                           _06126_ (net)
                  0.08    0.00    5.42 v _12862_/B (sky130_fd_sc_hd__or2_1)
                  0.07    0.26    5.69 v _12862_/X (sky130_fd_sc_hd__or2_1)
     1    0.01                           _06167_ (net)
                  0.07    0.00    5.69 v _12863_/B1 (sky130_fd_sc_hd__a311oi_4)
                  0.25    0.31    6.00 ^ _12863_/Y (sky130_fd_sc_hd__a311oi_4)
     2    0.01                           _06168_ (net)
                  0.25    0.00    6.00 ^ _12967_/A1 (sky130_fd_sc_hd__o2111ai_2)
                  0.12    0.19    6.19 v _12967_/Y (sky130_fd_sc_hd__o2111ai_2)
     2    0.01                           _06268_ (net)
                  0.12    0.00    6.19 v _13102_/A2 (sky130_fd_sc_hd__a211o_1)
                  0.10    0.40    6.59 v _13102_/X (sky130_fd_sc_hd__a211o_1)
     4    0.02                           _06399_ (net)
                  0.10    0.00    6.59 v _13329_/A2 (sky130_fd_sc_hd__a21o_1)
                  0.05    0.23    6.82 v _13329_/X (sky130_fd_sc_hd__a21o_1)
     2    0.01                           _06618_ (net)
                  0.05    0.00    6.82 v _13397_/A1 (sky130_fd_sc_hd__a211o_1)
                  0.11    0.34    7.16 v _13397_/X (sky130_fd_sc_hd__a211o_1)
     4    0.02                           _06684_ (net)
                  0.11    0.00    7.16 v _13464_/A1 (sky130_fd_sc_hd__a311o_2)
                  0.09    0.40    7.56 v _13464_/X (sky130_fd_sc_hd__a311o_2)
     5    0.02                           _06749_ (net)
                  0.09    0.00    7.56 v _13467_/A (sky130_fd_sc_hd__and2_1)
                  0.03    0.16    7.71 v _13467_/X (sky130_fd_sc_hd__and2_1)
     1    0.00                           _06752_ (net)
                  0.03    0.00    7.71 v _13480_/A1 (sky130_fd_sc_hd__o31a_1)
                  0.04    0.29    8.00 v _13480_/X (sky130_fd_sc_hd__o31a_1)
     1    0.00                           _01087_ (net)
                  0.04    0.00    8.00 v _15424_/D (sky130_fd_sc_hd__dfxtp_4)
                                  8.00   data arrival time

                         10.00   10.00   clock clk_i (rise edge)
                          0.00   10.00   clock source latency
                  0.17    0.12   10.12 ^ clk_i (in)
     1    0.04                           clk_i (net)
                  0.17    0.00   10.12 ^ clkbuf_0_clk_i/A (sky130_fd_sc_hd__clkbuf_16)
                  0.17    0.25   10.37 ^ clkbuf_0_clk_i/X (sky130_fd_sc_hd__clkbuf_16)
    16    0.16                           clknet_0_clk_i (net)
                  0.18    0.01   10.38 ^ clkbuf_4_11_0_clk_i/A (sky130_fd_sc_hd__clkbuf_8)
                  0.15    0.24   10.62 ^ clkbuf_4_11_0_clk_i/X (sky130_fd_sc_hd__clkbuf_8)
     8    0.08                           clknet_4_11_0_clk_i (net)
                  0.15    0.00   10.62 ^ clkbuf_leaf_115_clk_i/A (sky130_fd_sc_hd__clkbuf_16)
                  0.04    0.15   10.77 ^ clkbuf_leaf_115_clk_i/X (sky130_fd_sc_hd__clkbuf_16)
     6    0.02                           clknet_leaf_115_clk_i (net)
                  0.04    0.00   10.77 ^ _15424_/CLK (sky130_fd_sc_hd__dfxtp_4)
                         -0.25   10.52   clock uncertainty
                          0.00   10.52   clock reconvergence pessimism
                         -0.11   10.41   library setup time
                                 10.41   data required time
-----------------------------------------------------------------------------
                                 10.41   data required time
                                 -8.00   data arrival time
-----------------------------------------------------------------------------
                                  2.41   slack (MET)


