
===========================================================================
report_checks -path_delay min (Hold)
============================================================================
Startpoint: _15410_ (rising edge-triggered flip-flop clocked by clk_i)
Endpoint: _15623_ (rising edge-triggered flip-flop clocked by clk_i)
Path Group: clk_i
Path Type: min

Fanout     Cap    Slew   Delay    Time   Description
-----------------------------------------------------------------------------
                          0.00    0.00   clock clk_i (rise edge)
                          0.00    0.00   clock source latency
                  0.17    0.12    0.12 ^ clk_i (in)
     1    0.04                           clk_i (net)
                  0.17    0.00    0.12 ^ clkbuf_0_clk_i/A (sky130_fd_sc_hd__clkbuf_16)
                  0.17    0.25    0.37 ^ clkbuf_0_clk_i/X (sky130_fd_sc_hd__clkbuf_16)
    16    0.16                           clknet_0_clk_i (net)
                  0.17    0.01    0.38 ^ clkbuf_4_14_0_clk_i/A (sky130_fd_sc_hd__clkbuf_8)
                  0.12    0.22    0.60 ^ clkbuf_4_14_0_clk_i/X (sky130_fd_sc_hd__clkbuf_8)
     8    0.06                           clknet_4_14_0_clk_i (net)
                  0.12    0.00    0.60 ^ clkbuf_leaf_99_clk_i/A (sky130_fd_sc_hd__clkbuf_16)
                  0.03    0.14    0.73 ^ clkbuf_leaf_99_clk_i/X (sky130_fd_sc_hd__clkbuf_16)
     3    0.01                           clknet_leaf_99_clk_i (net)
                  0.03    0.00    0.73 ^ _15410_/CLK (sky130_fd_sc_hd__dfxtp_4)
                  0.07    0.35    1.09 v _15410_/Q (sky130_fd_sc_hd__dfxtp_4)
     4    0.04                           net102 (net)
                  0.07    0.00    1.09 v _13026_/A (sky130_fd_sc_hd__inv_2)
                  0.04    0.06    1.15 ^ _13026_/Y (sky130_fd_sc_hd__inv_2)
     2    0.01                           _06325_ (net)
                  0.04    0.00    1.15 ^ _14018_/B (sky130_fd_sc_hd__nor2_1)
                  0.03    0.04    1.19 v _14018_/Y (sky130_fd_sc_hd__nor2_1)
     1    0.00                           _01286_ (net)
                  0.03    0.00    1.19 v _15623_/D (sky130_fd_sc_hd__dfxtp_1)
                                  1.19   data arrival time

                          0.00    0.00   clock clk_i (rise edge)
                          0.00    0.00   clock source latency
                  0.17    0.13    0.13 ^ clk_i (in)
     1    0.04                           clk_i (net)
                  0.17    0.00    0.13 ^ clkbuf_0_clk_i/A (sky130_fd_sc_hd__clkbuf_16)
                  0.17    0.28    0.41 ^ clkbuf_0_clk_i/X (sky130_fd_sc_hd__clkbuf_16)
    16    0.16                           clknet_0_clk_i (net)
                  0.17    0.01    0.41 ^ clkbuf_4_12_0_clk_i/A (sky130_fd_sc_hd__clkbuf_8)
                  0.18    0.29    0.70 ^ clkbuf_4_12_0_clk_i/X (sky130_fd_sc_hd__clkbuf_8)
    10    0.10                           clknet_4_12_0_clk_i (net)
                  0.18    0.00    0.71 ^ clkbuf_leaf_102_clk_i/A (sky130_fd_sc_hd__clkbuf_16)
                  0.05    0.18    0.89 ^ clkbuf_leaf_102_clk_i/X (sky130_fd_sc_hd__clkbuf_16)
     9    0.02                           clknet_leaf_102_clk_i (net)
                  0.05    0.00    0.89 ^ _15623_/CLK (sky130_fd_sc_hd__dfxtp_1)
                          0.25    1.14   clock uncertainty
                         -0.04    1.10   clock reconvergence pessimism
                         -0.05    1.06   library hold time
                                  1.06   data required time
-----------------------------------------------------------------------------
                                  1.06   data required time
                                 -1.19   data arrival time
-----------------------------------------------------------------------------
                                  0.13   slack (MET)


Startpoint: _15402_ (rising edge-triggered flip-flop clocked by clk_i)
Endpoint: _15615_ (rising edge-triggered flip-flop clocked by clk_i)
Path Group: clk_i
Path Type: min

Fanout     Cap    Slew   Delay    Time   Description
-----------------------------------------------------------------------------
                          0.00    0.00   clock clk_i (rise edge)
                          0.00    0.00   clock source latency
                  0.17    0.12    0.12 ^ clk_i (in)
     1    0.04                           clk_i (net)
                  0.17    0.00    0.12 ^ clkbuf_0_clk_i/A (sky130_fd_sc_hd__clkbuf_16)
                  0.17    0.25    0.37 ^ clkbuf_0_clk_i/X (sky130_fd_sc_hd__clkbuf_16)
    16    0.16                           clknet_0_clk_i (net)
                  0.17    0.01    0.38 ^ clkbuf_4_14_0_clk_i/A (sky130_fd_sc_hd__clkbuf_8)
                  0.12    0.22    0.60 ^ clkbuf_4_14_0_clk_i/X (sky130_fd_sc_hd__clkbuf_8)
     8    0.06                           clknet_4_14_0_clk_i (net)
                  0.12    0.00    0.60 ^ clkbuf_leaf_96_clk_i/A (sky130_fd_sc_hd__clkbuf_16)
                  0.04    0.14    0.74 ^ clkbuf_leaf_96_clk_i/X (sky130_fd_sc_hd__clkbuf_16)
     5    0.01                           clknet_leaf_96_clk_i (net)
                  0.04    0.00    0.74 ^ _15402_/CLK (sky130_fd_sc_hd__dfxtp_2)
                  0.07    0.33    1.07 v _15402_/Q (sky130_fd_sc_hd__dfxtp_2)
     3    0.02                           net124 (net)
                  0.07    0.00    1.07 v _07571_/A (sky130_fd_sc_hd__inv_2)
                  0.07    0.08    1.15 ^ _07571_/Y (sky130_fd_sc_hd__inv_2)
     3    0.01                           _01933_ (net)
                  0.07    0.00    1.15 ^ _14005_/B (sky130_fd_sc_hd__nor2_1)
                  0.03    0.04    1.19 v _14005_/Y (sky130_fd_sc_hd__nor2_1)
     1    0.00                           _01278_ (net)
                  0.03    0.00    1.19 v _15615_/D (sky130_fd_sc_hd__dfxtp_1)
                                  1.19   data arrival time

                          0.00    0.00   clock clk_i (rise edge)
                          0.00    0.00   clock source latency
                  0.17    0.13    0.13 ^ clk_i (in)
     1    0.04                           clk_i (net)
                  0.17    0.00    0.13 ^ clkbuf_0_clk_i/A (sky130_fd_sc_hd__clkbuf_16)
                  0.17    0.28    0.41 ^ clkbuf_0_clk_i/X (sky130_fd_sc_hd__clkbuf_16)
    16    0.16                           clknet_0_clk_i (net)
                  0.17    0.01    0.41 ^ clkbuf_4_12_0_clk_i/A (sky130_fd_sc_hd__clkbuf_8)
                  0.18    0.29    0.70 ^ clkbuf_4_12_0_clk_i/X (sky130_fd_sc_hd__clkbuf_8)
    10    0.10                           clknet_4_12_0_clk_i (net)
                  0.18    0.00    0.71 ^ clkbuf_leaf_102_clk_i/A (sky130_fd_sc_hd__clkbuf_16)
                  0.05    0.18    0.89 ^ clkbuf_leaf_102_clk_i/X (sky130_fd_sc_hd__clkbuf_16)
     9    0.02                           clknet_leaf_102_clk_i (net)
                  0.05    0.00    0.89 ^ _15615_/CLK (sky130_fd_sc_hd__dfxtp_1)
                          0.25    1.14   clock uncertainty
                         -0.04    1.10   clock reconvergence pessimism
                         -0.04    1.06   library hold time
                                  1.06   data required time
-----------------------------------------------------------------------------
                                  1.06   data required time
                                 -1.19   data arrival time
-----------------------------------------------------------------------------
                                  0.13   slack (MET)


Startpoint: _15397_ (rising edge-triggered flip-flop clocked by clk_i)
Endpoint: _15610_ (rising edge-triggered flip-flop clocked by clk_i)
Path Group: clk_i
Path Type: min

Fanout     Cap    Slew   Delay    Time   Description
-----------------------------------------------------------------------------
                          0.00    0.00   clock clk_i (rise edge)
                          0.00    0.00   clock source latency
                  0.17    0.12    0.12 ^ clk_i (in)
     1    0.04                           clk_i (net)
                  0.17    0.00    0.12 ^ clkbuf_0_clk_i/A (sky130_fd_sc_hd__clkbuf_16)
                  0.17    0.25    0.37 ^ clkbuf_0_clk_i/X (sky130_fd_sc_hd__clkbuf_16)
    16    0.16                           clknet_0_clk_i (net)
                  0.17    0.01    0.38 ^ clkbuf_4_14_0_clk_i/A (sky130_fd_sc_hd__clkbuf_8)
                  0.12    0.22    0.60 ^ clkbuf_4_14_0_clk_i/X (sky130_fd_sc_hd__clkbuf_8)
     8    0.06                           clknet_4_14_0_clk_i (net)
                  0.12    0.00    0.60 ^ clkbuf_leaf_100_clk_i/A (sky130_fd_sc_hd__clkbuf_16)
                  0.03    0.13    0.73 ^ clkbuf_leaf_100_clk_i/X (sky130_fd_sc_hd__clkbuf_16)
     2    0.01                           clknet_leaf_100_clk_i (net)
                  0.03    0.00    0.73 ^ _15397_/CLK (sky130_fd_sc_hd__dfxtp_1)
                  0.09    0.33    1.06 v _15397_/Q (sky130_fd_sc_hd__dfxtp_1)
     6    0.02                           branchgen_i.EX_alu_result_i[1] (net)
                  0.09    0.00    1.06 v _07317_/A (sky130_fd_sc_hd__inv_2)
                  0.07    0.09    1.15 ^ _07317_/Y (sky130_fd_sc_hd__inv_2)
     4    0.01                           _01707_ (net)
                  0.07    0.00    1.15 ^ _13997_/B (sky130_fd_sc_hd__nor2_1)
                  0.02    0.04    1.18 v _13997_/Y (sky130_fd_sc_hd__nor2_1)
     1    0.00                           _01273_ (net)
                  0.02    0.00    1.18 v _15610_/D (sky130_fd_sc_hd__dfxtp_1)
                                  1.18   data arrival time

                          0.00    0.00   clock clk_i (rise edge)
                          0.00    0.00   clock source latency
                  0.17    0.13    0.13 ^ clk_i (in)
     1    0.04                           clk_i (net)
                  0.17    0.00    0.13 ^ clkbuf_0_clk_i/A (sky130_fd_sc_hd__clkbuf_16)
                  0.17    0.28    0.41 ^ clkbuf_0_clk_i/X (sky130_fd_sc_hd__clkbuf_16)
    16    0.16                           clknet_0_clk_i (net)
                  0.17    0.01    0.41 ^ clkbuf_4_12_0_clk_i/A (sky130_fd_sc_hd__clkbuf_8)
                  0.18    0.29    0.70 ^ clkbuf_4_12_0_clk_i/X (sky130_fd_sc_hd__clkbuf_8)
    10    0.10                           clknet_4_12_0_clk_i (net)
                  0.18    0.00    0.71 ^ clkbuf_leaf_103_clk_i/A (sky130_fd_sc_hd__clkbuf_16)
                  0.04    0.18    0.88 ^ clkbuf_leaf_103_clk_i/X (sky130_fd_sc_hd__clkbuf_16)
     6    0.02                           clknet_leaf_103_clk_i (net)
                  0.04    0.00    0.88 ^ _15610_/CLK (sky130_fd_sc_hd__dfxtp_1)
                          0.25    1.13   clock uncertainty
                         -0.04    1.09   clock reconvergence pessimism
                         -0.05    1.05   library hold time
                                  1.05   data required time
-----------------------------------------------------------------------------
                                  1.05   data required time
                                 -1.18   data arrival time
-----------------------------------------------------------------------------
                                  0.13   slack (MET)


Startpoint: _14520_ (rising edge-triggered flip-flop clocked by clk_i)
Endpoint: _15376_ (rising edge-triggered flip-flop clocked by clk_i)
Path Group: clk_i
Path Type: min

Fanout     Cap    Slew   Delay    Time   Description
-----------------------------------------------------------------------------
                          0.00    0.00   clock clk_i (rise edge)
                          0.00    0.00   clock source latency
                  0.17    0.12    0.12 ^ clk_i (in)
     1    0.04                           clk_i (net)
                  0.17    0.00    0.12 ^ clkbuf_0_clk_i/A (sky130_fd_sc_hd__clkbuf_16)
                  0.17    0.25    0.37 ^ clkbuf_0_clk_i/X (sky130_fd_sc_hd__clkbuf_16)
    16    0.16                           clknet_0_clk_i (net)
                  0.18    0.01    0.38 ^ clkbuf_4_8_0_clk_i/A (sky130_fd_sc_hd__clkbuf_8)
                  0.18    0.26    0.64 ^ clkbuf_4_8_0_clk_i/X (sky130_fd_sc_hd__clkbuf_8)
    10    0.10                           clknet_4_8_0_clk_i (net)
                  0.18    0.00    0.64 ^ clkbuf_leaf_131_clk_i/A (sky130_fd_sc_hd__clkbuf_16)
                  0.04    0.16    0.80 ^ clkbuf_leaf_131_clk_i/X (sky130_fd_sc_hd__clkbuf_16)
     8    0.02                           clknet_leaf_131_clk_i (net)
                  0.04    0.00    0.80 ^ _14520_/CLK (sky130_fd_sc_hd__dfxtp_1)
                  0.11    0.33    1.14 ^ _14520_/Q (sky130_fd_sc_hd__dfxtp_1)
     3    0.01                           id_stage_i.IF_pc_i[12] (net)
                  0.11    0.00    1.14 ^ _12287_/B2 (sky130_fd_sc_hd__a22o_1)
                  0.04    0.12    1.26 ^ _12287_/X (sky130_fd_sc_hd__a22o_1)
     1    0.00                           _01039_ (net)
                  0.04    0.00    1.26 ^ _15376_/D (sky130_fd_sc_hd__dfxtp_1)
                                  1.26   data arrival time

                          0.00    0.00   clock clk_i (rise edge)
                          0.00    0.00   clock source latency
                  0.17    0.13    0.13 ^ clk_i (in)
     1    0.04                           clk_i (net)
                  0.17    0.00    0.13 ^ clkbuf_0_clk_i/A (sky130_fd_sc_hd__clkbuf_16)
                  0.17    0.28    0.41 ^ clkbuf_0_clk_i/X (sky130_fd_sc_hd__clkbuf_16)
    16    0.16                           clknet_0_clk_i (net)
                  0.18    0.01    0.42 ^ clkbuf_4_10_0_clk_i/A (sky130_fd_sc_hd__clkbuf_8)
                  0.23    0.33    0.75 ^ clkbuf_4_10_0_clk_i/X (sky130_fd_sc_hd__clkbuf_8)
    13    0.13                           clknet_4_10_0_clk_i (net)
                  0.23    0.00    0.75 ^ clkbuf_leaf_130_clk_i/A (sky130_fd_sc_hd__clkbuf_16)
                  0.04    0.19    0.94 ^ clkbuf_leaf_130_clk_i/X (sky130_fd_sc_hd__clkbuf_16)
     5    0.01                           clknet_leaf_130_clk_i (net)
                  0.04    0.00    0.94 ^ _15376_/CLK (sky130_fd_sc_hd__dfxtp_1)
                          0.25    1.19   clock uncertainty
                         -0.04    1.15   clock reconvergence pessimism
                         -0.03    1.12   library hold time
                                  1.12   data required time
-----------------------------------------------------------------------------
                                  1.12   data required time
                                 -1.26   data arrival time
-----------------------------------------------------------------------------
                                  0.14   slack (MET)


Startpoint: _15425_ (rising edge-triggered flip-flop clocked by clk_i)
Endpoint: _15638_ (rising edge-triggered flip-flop clocked by clk_i)
Path Group: clk_i
Path Type: min

Fanout     Cap    Slew   Delay    Time   Description
-----------------------------------------------------------------------------
                          0.00    0.00   clock clk_i (rise edge)
                          0.00    0.00   clock source latency
                  0.17    0.12    0.12 ^ clk_i (in)
     1    0.04                           clk_i (net)
                  0.17    0.00    0.12 ^ clkbuf_0_clk_i/A (sky130_fd_sc_hd__clkbuf_16)
                  0.17    0.25    0.37 ^ clkbuf_0_clk_i/X (sky130_fd_sc_hd__clkbuf_16)
    16    0.16                           clknet_0_clk_i (net)
                  0.18    0.01    0.38 ^ clkbuf_4_11_0_clk_i/A (sky130_fd_sc_hd__clkbuf_8)
                  0.15    0.24    0.62 ^ clkbuf_4_11_0_clk_i/X (sky130_fd_sc_hd__clkbuf_8)
     8    0.08                           clknet_4_11_0_clk_i (net)
                  0.15    0.00    0.62 ^ clkbuf_leaf_115_clk_i/A (sky130_fd_sc_hd__clkbuf_16)
                  0.04    0.15    0.77 ^ clkbuf_leaf_115_clk_i/X (sky130_fd_sc_hd__clkbuf_16)
     6    0.02                           clknet_leaf_115_clk_i (net)
                  0.04    0.00    0.77 ^ _15425_/CLK (sky130_fd_sc_hd__dfxtp_1)
                  0.08    0.32    1.09 v _15425_/Q (sky130_fd_sc_hd__dfxtp_1)
     4    0.01                           net117 (net)
                  0.08    0.00    1.09 v _13481_/A (sky130_fd_sc_hd__inv_2)
                  0.08    0.09    1.18 ^ _13481_/Y (sky130_fd_sc_hd__inv_2)
     2    0.02                           _06765_ (net)
                  0.08    0.00    1.18 ^ _14040_/B (sky130_fd_sc_hd__nor2_1)
                  0.03    0.04    1.23 v _14040_/Y (sky130_fd_sc_hd__nor2_1)
     1    0.00                           _01301_ (net)
                  0.03    0.00    1.23 v _15638_/D (sky130_fd_sc_hd__dfxtp_1)
                                  1.23   data arrival time

                          0.00    0.00   clock clk_i (rise edge)
                          0.00    0.00   clock source latency
                  0.17    0.13    0.13 ^ clk_i (in)
     1    0.04                           clk_i (net)
                  0.17    0.00    0.13 ^ clkbuf_0_clk_i/A (sky130_fd_sc_hd__clkbuf_16)
                  0.17    0.28    0.41 ^ clkbuf_0_clk_i/X (sky130_fd_sc_hd__clkbuf_16)
    16    0.16                           clknet_0_clk_i (net)
                  0.17    0.01    0.42 ^ clkbuf_4_9_0_clk_i/A (sky130_fd_sc_hd__clkbuf_8)
                  0.19    0.29    0.71 ^ clkbuf_4_9_0_clk_i/X (sky130_fd_sc_hd__clkbuf_8)
    10    0.11                           clknet_4_9_0_clk_i (net)
                  0.19    0.00    0.71 ^ clkbuf_leaf_142_clk_i/A (sky130_fd_sc_hd__clkbuf_16)
                  0.07    0.20    0.91 ^ clkbuf_leaf_142_clk_i/X (sky130_fd_sc_hd__clkbuf_16)
    18    0.05                           clknet_leaf_142_clk_i (net)
                  0.07    0.00    0.91 ^ _15638_/CLK (sky130_fd_sc_hd__dfxtp_1)
                          0.25    1.16   clock uncertainty
                         -0.04    1.12   clock reconvergence pessimism
                         -0.04    1.08   library hold time
                                  1.08   data required time
-----------------------------------------------------------------------------
                                  1.08   data required time
                                 -1.23   data arrival time
-----------------------------------------------------------------------------
                                  0.14   slack (MET)


