
===========================================================================
report_checks -path_delay max (Setup)
============================================================================
Startpoint: DMEM_rd_data_i[26] (input port clocked by clk_i)
Endpoint: _15427_ (rising edge-triggered flip-flop clocked by clk_i)
Path Group: clk_i
Path Type: max

Fanout     Cap    Slew   Delay    Time   Description
-----------------------------------------------------------------------------
                          0.00    0.00   clock clk_i (rise edge)
                          0.00    0.00   clock network delay (propagated)
                          2.00    2.00 v input external delay
                  0.01    0.01    2.01 v DMEM_rd_data_i[26] (in)
     1    0.00                           DMEM_rd_data_i[26] (net)
                  0.01    0.00    2.01 v input19/A (sky130_fd_sc_hd__clkbuf_2)
                  0.19    0.22    2.23 v input19/X (sky130_fd_sc_hd__clkbuf_2)
     2    0.05                           net19 (net)
                  0.19    0.01    2.24 v _07458_/A1 (sky130_fd_sc_hd__mux2_1)
                  0.08    0.40    2.63 v _07458_/X (sky130_fd_sc_hd__mux2_1)
     2    0.01                           _01824_ (net)
                  0.08    0.00    2.63 v _07459_/B (sky130_fd_sc_hd__and2_1)
                  0.04    0.18    2.82 v _07459_/X (sky130_fd_sc_hd__and2_1)
     1    0.00                           _01825_ (net)
                  0.04    0.00    2.82 v _07462_/A3 (sky130_fd_sc_hd__o41a_4)
                  0.22    0.64    3.46 v _07462_/X (sky130_fd_sc_hd__o41a_4)
    12    0.13                           _01828_ (net)
                  0.22    0.01    3.46 v _12395_/A1 (sky130_fd_sc_hd__a211o_1)
                  0.09    0.39    3.86 v _12395_/X (sky130_fd_sc_hd__a211o_1)
     2    0.01                           _05708_ (net)
                  0.09    0.00    3.86 v _12509_/A2 (sky130_fd_sc_hd__a311oi_4)
                  0.83    0.78    4.64 ^ _12509_/Y (sky130_fd_sc_hd__a311oi_4)
     9    0.07                           _05822_ (net)
                  0.83    0.00    4.64 ^ _12524_/B (sky130_fd_sc_hd__and4_4)
                  0.19    0.52    5.16 ^ _12524_/X (sky130_fd_sc_hd__and4_4)
     8    0.06                           _05837_ (net)
                  0.19    0.00    5.16 ^ _12770_/A2 (sky130_fd_sc_hd__a31o_1)
                  0.10    0.22    5.38 ^ _12770_/X (sky130_fd_sc_hd__a31o_1)
     2    0.01                           _06077_ (net)
                  0.10    0.00    5.38 ^ _12818_/B1 (sky130_fd_sc_hd__o21a_1)
                  0.06    0.15    5.53 ^ _12818_/X (sky130_fd_sc_hd__o21a_1)
     1    0.01                           _06124_ (net)
                  0.06    0.00    5.53 ^ _12819_/B (sky130_fd_sc_hd__xor2_1)
                  0.26    0.27    5.80 ^ _12819_/X (sky130_fd_sc_hd__xor2_1)
     3    0.01                           _06125_ (net)
                  0.26    0.00    5.80 ^ _12820_/B (sky130_fd_sc_hd__xnor2_1)
                  0.10    0.15    5.95 v _12820_/Y (sky130_fd_sc_hd__xnor2_1)
     2    0.01                           _06126_ (net)
                  0.10    0.00    5.95 v _12862_/B (sky130_fd_sc_hd__or2_1)
                  0.07    0.27    6.22 v _12862_/X (sky130_fd_sc_hd__or2_1)
     1    0.01                           _06167_ (net)
                  0.07    0.00    6.22 v _12863_/B1 (sky130_fd_sc_hd__a311oi_4)
                  0.28    0.34    6.55 ^ _12863_/Y (sky130_fd_sc_hd__a311oi_4)
     2    0.01                           _06168_ (net)
                  0.28    0.00    6.55 ^ _12967_/A1 (sky130_fd_sc_hd__o2111ai_2)
                  0.14    0.21    6.77 v _12967_/Y (sky130_fd_sc_hd__o2111ai_2)
     2    0.01                           _06268_ (net)
                  0.14    0.00    6.77 v _13102_/A2 (sky130_fd_sc_hd__a211o_1)
                  0.14    0.45    7.21 v _13102_/X (sky130_fd_sc_hd__a211o_1)
     4    0.02                           _06399_ (net)
                  0.14    0.00    7.22 v _13329_/A2 (sky130_fd_sc_hd__a21o_1)
                  0.07    0.26    7.48 v _13329_/X (sky130_fd_sc_hd__a21o_1)
     2    0.01                           _06618_ (net)
                  0.07    0.00    7.48 v _13397_/A1 (sky130_fd_sc_hd__a211o_1)
                  0.14    0.38    7.86 v _13397_/X (sky130_fd_sc_hd__a211o_1)
     4    0.02                           _06684_ (net)
                  0.14    0.00    7.86 v _13464_/A1 (sky130_fd_sc_hd__a311o_2)
                  0.09    0.42    8.28 v _13464_/X (sky130_fd_sc_hd__a311o_2)
     5    0.02                           _06749_ (net)
                  0.09    0.00    8.28 v _13522_/A2 (sky130_fd_sc_hd__a311oi_2)
                  0.30    0.36    8.64 ^ _13522_/Y (sky130_fd_sc_hd__a311oi_2)
     3    0.01                           _06805_ (net)
                  0.30    0.00    8.64 ^ _13548_/A2 (sky130_fd_sc_hd__o21ai_1)
                  0.06    0.10    8.74 v _13548_/Y (sky130_fd_sc_hd__o21ai_1)
     1    0.00                           _06830_ (net)
                  0.06    0.00    8.74 v _13550_/B (sky130_fd_sc_hd__and3_1)
                  0.04    0.18    8.92 v _13550_/X (sky130_fd_sc_hd__and3_1)
     1    0.00                           _06832_ (net)
                  0.04    0.00    8.92 v _13562_/A1 (sky130_fd_sc_hd__o21a_1)
                  0.03    0.18    9.09 v _13562_/X (sky130_fd_sc_hd__o21a_1)
     1    0.00                           _01090_ (net)
                  0.03    0.00    9.09 v _15427_/D (sky130_fd_sc_hd__dfxtp_4)
                                  9.09   data arrival time

                         10.00   10.00   clock clk_i (rise edge)
                          0.00   10.00   clock source latency
                  0.32    0.21   10.21 ^ clk_i (in)
     1    0.07                           clk_i (net)
                  0.32    0.00   10.21 ^ clkbuf_0_clk_i/A (sky130_fd_sc_hd__clkbuf_16)
                  0.30    0.37   10.58 ^ clkbuf_0_clk_i/X (sky130_fd_sc_hd__clkbuf_16)
    16    0.29                           clknet_0_clk_i (net)
                  0.30    0.02   10.60 ^ clkbuf_4_11_0_clk_i/A (sky130_fd_sc_hd__clkbuf_8)
                  0.19    0.30   10.90 ^ clkbuf_4_11_0_clk_i/X (sky130_fd_sc_hd__clkbuf_8)
     8    0.11                           clknet_4_11_0_clk_i (net)
                  0.19    0.00   10.91 ^ clkbuf_leaf_115_clk_i/A (sky130_fd_sc_hd__clkbuf_16)
                  0.05    0.17   11.07 ^ clkbuf_leaf_115_clk_i/X (sky130_fd_sc_hd__clkbuf_16)
     6    0.02                           clknet_leaf_115_clk_i (net)
                  0.05    0.00   11.08 ^ _15427_/CLK (sky130_fd_sc_hd__dfxtp_4)
                         -0.25   10.83   clock uncertainty
                          0.00   10.83   clock reconvergence pessimism
                         -0.11   10.72   library setup time
                                 10.72   data required time
-----------------------------------------------------------------------------
                                 10.72   data required time
                                 -9.09   data arrival time
-----------------------------------------------------------------------------
                                  1.63   slack (MET)


Startpoint: DMEM_rd_data_i[26] (input port clocked by clk_i)
Endpoint: _15426_ (rising edge-triggered flip-flop clocked by clk_i)
Path Group: clk_i
Path Type: max

Fanout     Cap    Slew   Delay    Time   Description
-----------------------------------------------------------------------------
                          0.00    0.00   clock clk_i (rise edge)
                          0.00    0.00   clock network delay (propagated)
                          2.00    2.00 v input external delay
                  0.01    0.01    2.01 v DMEM_rd_data_i[26] (in)
     1    0.00                           DMEM_rd_data_i[26] (net)
                  0.01    0.00    2.01 v input19/A (sky130_fd_sc_hd__clkbuf_2)
                  0.19    0.22    2.23 v input19/X (sky130_fd_sc_hd__clkbuf_2)
     2    0.05                           net19 (net)
                  0.19    0.01    2.24 v _07458_/A1 (sky130_fd_sc_hd__mux2_1)
                  0.08    0.40    2.63 v _07458_/X (sky130_fd_sc_hd__mux2_1)
     2    0.01                           _01824_ (net)
                  0.08    0.00    2.63 v _07459_/B (sky130_fd_sc_hd__and2_1)
                  0.04    0.18    2.82 v _07459_/X (sky130_fd_sc_hd__and2_1)
     1    0.00                           _01825_ (net)
                  0.04    0.00    2.82 v _07462_/A3 (sky130_fd_sc_hd__o41a_4)
                  0.22    0.64    3.46 v _07462_/X (sky130_fd_sc_hd__o41a_4)
    12    0.13                           _01828_ (net)
                  0.22    0.01    3.46 v _12395_/A1 (sky130_fd_sc_hd__a211o_1)
                  0.09    0.39    3.86 v _12395_/X (sky130_fd_sc_hd__a211o_1)
     2    0.01                           _05708_ (net)
                  0.09    0.00    3.86 v _12509_/A2 (sky130_fd_sc_hd__a311oi_4)
                  0.83    0.78    4.64 ^ _12509_/Y (sky130_fd_sc_hd__a311oi_4)
     9    0.07                           _05822_ (net)
                  0.83    0.00    4.64 ^ _12524_/B (sky130_fd_sc_hd__and4_4)
                  0.19    0.52    5.16 ^ _12524_/X (sky130_fd_sc_hd__and4_4)
     8    0.06                           _05837_ (net)
                  0.19    0.00    5.16 ^ _12770_/A2 (sky130_fd_sc_hd__a31o_1)
                  0.10    0.22    5.38 ^ _12770_/X (sky130_fd_sc_hd__a31o_1)
     2    0.01                           _06077_ (net)
                  0.10    0.00    5.38 ^ _12818_/B1 (sky130_fd_sc_hd__o21a_1)
                  0.06    0.15    5.53 ^ _12818_/X (sky130_fd_sc_hd__o21a_1)
     1    0.01                           _06124_ (net)
                  0.06    0.00    5.53 ^ _12819_/B (sky130_fd_sc_hd__xor2_1)
                  0.26    0.27    5.80 ^ _12819_/X (sky130_fd_sc_hd__xor2_1)
     3    0.01                           _06125_ (net)
                  0.26    0.00    5.80 ^ _12820_/B (sky130_fd_sc_hd__xnor2_1)
                  0.10    0.15    5.95 v _12820_/Y (sky130_fd_sc_hd__xnor2_1)
     2    0.01                           _06126_ (net)
                  0.10    0.00    5.95 v _12862_/B (sky130_fd_sc_hd__or2_1)
                  0.07    0.27    6.22 v _12862_/X (sky130_fd_sc_hd__or2_1)
     1    0.01                           _06167_ (net)
                  0.07    0.00    6.22 v _12863_/B1 (sky130_fd_sc_hd__a311oi_4)
                  0.28    0.34    6.55 ^ _12863_/Y (sky130_fd_sc_hd__a311oi_4)
     2    0.01                           _06168_ (net)
                  0.28    0.00    6.55 ^ _12967_/A1 (sky130_fd_sc_hd__o2111ai_2)
                  0.14    0.21    6.77 v _12967_/Y (sky130_fd_sc_hd__o2111ai_2)
     2    0.01                           _06268_ (net)
                  0.14    0.00    6.77 v _13102_/A2 (sky130_fd_sc_hd__a211o_1)
                  0.14    0.45    7.21 v _13102_/X (sky130_fd_sc_hd__a211o_1)
     4    0.02                           _06399_ (net)
                  0.14    0.00    7.22 v _13329_/A2 (sky130_fd_sc_hd__a21o_1)
                  0.07    0.26    7.48 v _13329_/X (sky130_fd_sc_hd__a21o_1)
     2    0.01                           _06618_ (net)
                  0.07    0.00    7.48 v _13397_/A1 (sky130_fd_sc_hd__a211o_1)
                  0.14    0.38    7.86 v _13397_/X (sky130_fd_sc_hd__a211o_1)
     4    0.02                           _06684_ (net)
                  0.14    0.00    7.86 v _13464_/A1 (sky130_fd_sc_hd__a311o_2)
                  0.09    0.42    8.28 v _13464_/X (sky130_fd_sc_hd__a311o_2)
     5    0.02                           _06749_ (net)
                  0.09    0.00    8.28 v _13522_/A2 (sky130_fd_sc_hd__a311oi_2)
                  0.30    0.36    8.64 ^ _13522_/Y (sky130_fd_sc_hd__a311oi_2)
     3    0.01                           _06805_ (net)
                  0.30    0.00    8.64 ^ _13525_/A (sky130_fd_sc_hd__nor2_1)
                  0.07    0.10    8.74 v _13525_/Y (sky130_fd_sc_hd__nor2_1)
     1    0.00                           _06808_ (net)
                  0.07    0.00    8.74 v _13538_/A1 (sky130_fd_sc_hd__o31a_1)
                  0.05    0.31    9.05 v _13538_/X (sky130_fd_sc_hd__o31a_1)
     1    0.00                           _01089_ (net)
                  0.05    0.00    9.05 v _15426_/D (sky130_fd_sc_hd__dfxtp_1)
                                  9.05   data arrival time

                         10.00   10.00   clock clk_i (rise edge)
                          0.00   10.00   clock source latency
                  0.32    0.21   10.21 ^ clk_i (in)
     1    0.07                           clk_i (net)
                  0.32    0.00   10.21 ^ clkbuf_0_clk_i/A (sky130_fd_sc_hd__clkbuf_16)
                  0.30    0.37   10.58 ^ clkbuf_0_clk_i/X (sky130_fd_sc_hd__clkbuf_16)
    16    0.29                           clknet_0_clk_i (net)
                  0.30    0.02   10.60 ^ clkbuf_4_11_0_clk_i/A (sky130_fd_sc_hd__clkbuf_8)
                  0.19    0.30   10.90 ^ clkbuf_4_11_0_clk_i/X (sky130_fd_sc_hd__clkbuf_8)
     8    0.11                           clknet_4_11_0_clk_i (net)
                  0.19    0.00   10.91 ^ clkbuf_leaf_115_clk_i/A (sky130_fd_sc_hd__clkbuf_16)
                  0.05    0.17   11.07 ^ clkbuf_leaf_115_clk_i/X (sky130_fd_sc_hd__clkbuf_16)
     6    0.02                           clknet_leaf_115_clk_i (net)
                  0.05    0.00   11.08 ^ _15426_/CLK (sky130_fd_sc_hd__dfxtp_1)
                         -0.25   10.83   clock uncertainty
                          0.00   10.83   clock reconvergence pessimism
                         -0.11   10.71   library setup time
                                 10.71   data required time
-----------------------------------------------------------------------------
                                 10.71   data required time
                                 -9.05   data arrival time
-----------------------------------------------------------------------------
                                  1.67   slack (MET)


Startpoint: DMEM_rd_data_i[26] (input port clocked by clk_i)
Endpoint: _15423_ (rising edge-triggered flip-flop clocked by clk_i)
Path Group: clk_i
Path Type: max

Fanout     Cap    Slew   Delay    Time   Description
-----------------------------------------------------------------------------
                          0.00    0.00   clock clk_i (rise edge)
                          0.00    0.00   clock network delay (propagated)
                          2.00    2.00 v input external delay
                  0.01    0.01    2.01 v DMEM_rd_data_i[26] (in)
     1    0.00                           DMEM_rd_data_i[26] (net)
                  0.01    0.00    2.01 v input19/A (sky130_fd_sc_hd__clkbuf_2)
                  0.19    0.22    2.23 v input19/X (sky130_fd_sc_hd__clkbuf_2)
     2    0.05                           net19 (net)
                  0.19    0.01    2.24 v _07458_/A1 (sky130_fd_sc_hd__mux2_1)
                  0.08    0.40    2.63 v _07458_/X (sky130_fd_sc_hd__mux2_1)
     2    0.01                           _01824_ (net)
                  0.08    0.00    2.63 v _07459_/B (sky130_fd_sc_hd__and2_1)
                  0.04    0.18    2.82 v _07459_/X (sky130_fd_sc_hd__and2_1)
     1    0.00                           _01825_ (net)
                  0.04    0.00    2.82 v _07462_/A3 (sky130_fd_sc_hd__o41a_4)
                  0.22    0.64    3.46 v _07462_/X (sky130_fd_sc_hd__o41a_4)
    12    0.13                           _01828_ (net)
                  0.22    0.01    3.46 v _12395_/A1 (sky130_fd_sc_hd__a211o_1)
                  0.09    0.39    3.86 v _12395_/X (sky130_fd_sc_hd__a211o_1)
     2    0.01                           _05708_ (net)
                  0.09    0.00    3.86 v _12509_/A2 (sky130_fd_sc_hd__a311oi_4)
                  0.83    0.78    4.64 ^ _12509_/Y (sky130_fd_sc_hd__a311oi_4)
     9    0.07                           _05822_ (net)
                  0.83    0.00    4.64 ^ _12524_/B (sky130_fd_sc_hd__and4_4)
                  0.19    0.52    5.16 ^ _12524_/X (sky130_fd_sc_hd__and4_4)
     8    0.06                           _05837_ (net)
                  0.19    0.00    5.16 ^ _12770_/A2 (sky130_fd_sc_hd__a31o_1)
                  0.10    0.22    5.38 ^ _12770_/X (sky130_fd_sc_hd__a31o_1)
     2    0.01                           _06077_ (net)
                  0.10    0.00    5.38 ^ _12818_/B1 (sky130_fd_sc_hd__o21a_1)
                  0.06    0.15    5.53 ^ _12818_/X (sky130_fd_sc_hd__o21a_1)
     1    0.01                           _06124_ (net)
                  0.06    0.00    5.53 ^ _12819_/B (sky130_fd_sc_hd__xor2_1)
                  0.26    0.27    5.80 ^ _12819_/X (sky130_fd_sc_hd__xor2_1)
     3    0.01                           _06125_ (net)
                  0.26    0.00    5.80 ^ _12820_/B (sky130_fd_sc_hd__xnor2_1)
                  0.10    0.15    5.95 v _12820_/Y (sky130_fd_sc_hd__xnor2_1)
     2    0.01                           _06126_ (net)
                  0.10    0.00    5.95 v _12862_/B (sky130_fd_sc_hd__or2_1)
                  0.07    0.27    6.22 v _12862_/X (sky130_fd_sc_hd__or2_1)
     1    0.01                           _06167_ (net)
                  0.07    0.00    6.22 v _12863_/B1 (sky130_fd_sc_hd__a311oi_4)
                  0.28    0.34    6.55 ^ _12863_/Y (sky130_fd_sc_hd__a311oi_4)
     2    0.01                           _06168_ (net)
                  0.28    0.00    6.55 ^ _12967_/A1 (sky130_fd_sc_hd__o2111ai_2)
                  0.14    0.21    6.77 v _12967_/Y (sky130_fd_sc_hd__o2111ai_2)
     2    0.01                           _06268_ (net)
                  0.14    0.00    6.77 v _13102_/A2 (sky130_fd_sc_hd__a211o_1)
                  0.14    0.45    7.21 v _13102_/X (sky130_fd_sc_hd__a211o_1)
     4    0.02                           _06399_ (net)
                  0.14    0.00    7.22 v _13329_/A2 (sky130_fd_sc_hd__a21o_1)
                  0.07    0.26    7.48 v _13329_/X (sky130_fd_sc_hd__a21o_1)
     2    0.01                           _06618_ (net)
                  0.07    0.00    7.48 v _13397_/A1 (sky130_fd_sc_hd__a211o_1)
                  0.14    0.38    7.86 v _13397_/X (sky130_fd_sc_hd__a211o_1)
     4    0.02                           _06684_ (net)
                  0.14    0.00    7.86 v _13413_/A1 (sky130_fd_sc_hd__a21o_1)
                  0.06    0.23    8.09 v _13413_/X (sky130_fd_sc_hd__a21o_1)
     3    0.01                           _06700_ (net)
                  0.06    0.00    8.09 v _13441_/A2 (sky130_fd_sc_hd__a211o_1)
                  0.05    0.31    8.40 v _13441_/X (sky130_fd_sc_hd__a211o_1)
     1    0.00                           _06727_ (net)
                  0.05    0.00    8.40 v _13449_/A3 (sky130_fd_sc_hd__a31o_1)
                  0.06    0.25    8.66 v _13449_/X (sky130_fd_sc_hd__a31o_1)
     1    0.01                           _06735_ (net)
                  0.06    0.00    8.66 v _13450_/A3 (sky130_fd_sc_hd__o31a_1)
                  0.05    0.25    8.90 v _13450_/X (sky130_fd_sc_hd__o31a_1)
     1    0.00                           _01086_ (net)
                  0.05    0.00    8.90 v _15423_/D (sky130_fd_sc_hd__dfxtp_2)
                                  8.90   data arrival time

                         10.00   10.00   clock clk_i (rise edge)
                          0.00   10.00   clock source latency
                  0.32    0.21   10.21 ^ clk_i (in)
     1    0.07                           clk_i (net)
                  0.32    0.00   10.21 ^ clkbuf_0_clk_i/A (sky130_fd_sc_hd__clkbuf_16)
                  0.30    0.37   10.58 ^ clkbuf_0_clk_i/X (sky130_fd_sc_hd__clkbuf_16)
    16    0.29                           clknet_0_clk_i (net)
                  0.30    0.02   10.60 ^ clkbuf_4_11_0_clk_i/A (sky130_fd_sc_hd__clkbuf_8)
                  0.19    0.30   10.90 ^ clkbuf_4_11_0_clk_i/X (sky130_fd_sc_hd__clkbuf_8)
     8    0.11                           clknet_4_11_0_clk_i (net)
                  0.19    0.00   10.91 ^ clkbuf_leaf_114_clk_i/A (sky130_fd_sc_hd__clkbuf_16)
                  0.04    0.16   11.07 ^ clkbuf_leaf_114_clk_i/X (sky130_fd_sc_hd__clkbuf_16)
     2    0.01                           clknet_leaf_114_clk_i (net)
                  0.04    0.00   11.07 ^ _15423_/CLK (sky130_fd_sc_hd__dfxtp_2)
                         -0.25   10.82   clock uncertainty
                          0.00   10.82   clock reconvergence pessimism
                         -0.11   10.70   library setup time
                                 10.70   data required time
-----------------------------------------------------------------------------
                                 10.70   data required time
                                 -8.90   data arrival time
-----------------------------------------------------------------------------
                                  1.80   slack (MET)


Startpoint: DMEM_rd_data_i[26] (input port clocked by clk_i)
Endpoint: _15425_ (rising edge-triggered flip-flop clocked by clk_i)
Path Group: clk_i
Path Type: max

Fanout     Cap    Slew   Delay    Time   Description
-----------------------------------------------------------------------------
                          0.00    0.00   clock clk_i (rise edge)
                          0.00    0.00   clock network delay (propagated)
                          2.00    2.00 v input external delay
                  0.01    0.01    2.01 v DMEM_rd_data_i[26] (in)
     1    0.00                           DMEM_rd_data_i[26] (net)
                  0.01    0.00    2.01 v input19/A (sky130_fd_sc_hd__clkbuf_2)
                  0.19    0.22    2.23 v input19/X (sky130_fd_sc_hd__clkbuf_2)
     2    0.05                           net19 (net)
                  0.19    0.01    2.24 v _07458_/A1 (sky130_fd_sc_hd__mux2_1)
                  0.08    0.40    2.63 v _07458_/X (sky130_fd_sc_hd__mux2_1)
     2    0.01                           _01824_ (net)
                  0.08    0.00    2.63 v _07459_/B (sky130_fd_sc_hd__and2_1)
                  0.04    0.18    2.82 v _07459_/X (sky130_fd_sc_hd__and2_1)
     1    0.00                           _01825_ (net)
                  0.04    0.00    2.82 v _07462_/A3 (sky130_fd_sc_hd__o41a_4)
                  0.22    0.64    3.46 v _07462_/X (sky130_fd_sc_hd__o41a_4)
    12    0.13                           _01828_ (net)
                  0.22    0.01    3.46 v _12395_/A1 (sky130_fd_sc_hd__a211o_1)
                  0.09    0.39    3.86 v _12395_/X (sky130_fd_sc_hd__a211o_1)
     2    0.01                           _05708_ (net)
                  0.09    0.00    3.86 v _12509_/A2 (sky130_fd_sc_hd__a311oi_4)
                  0.83    0.78    4.64 ^ _12509_/Y (sky130_fd_sc_hd__a311oi_4)
     9    0.07                           _05822_ (net)
                  0.83    0.00    4.64 ^ _12524_/B (sky130_fd_sc_hd__and4_4)
                  0.19    0.52    5.16 ^ _12524_/X (sky130_fd_sc_hd__and4_4)
     8    0.06                           _05837_ (net)
                  0.19    0.00    5.16 ^ _12770_/A2 (sky130_fd_sc_hd__a31o_1)
                  0.10    0.22    5.38 ^ _12770_/X (sky130_fd_sc_hd__a31o_1)
     2    0.01                           _06077_ (net)
                  0.10    0.00    5.38 ^ _12818_/B1 (sky130_fd_sc_hd__o21a_1)
                  0.06    0.15    5.53 ^ _12818_/X (sky130_fd_sc_hd__o21a_1)
     1    0.01                           _06124_ (net)
                  0.06    0.00    5.53 ^ _12819_/B (sky130_fd_sc_hd__xor2_1)
                  0.26    0.27    5.80 ^ _12819_/X (sky130_fd_sc_hd__xor2_1)
     3    0.01                           _06125_ (net)
                  0.26    0.00    5.80 ^ _12820_/B (sky130_fd_sc_hd__xnor2_1)
                  0.10    0.15    5.95 v _12820_/Y (sky130_fd_sc_hd__xnor2_1)
     2    0.01                           _06126_ (net)
                  0.10    0.00    5.95 v _12862_/B (sky130_fd_sc_hd__or2_1)
                  0.07    0.27    6.22 v _12862_/X (sky130_fd_sc_hd__or2_1)
     1    0.01                           _06167_ (net)
                  0.07    0.00    6.22 v _12863_/B1 (sky130_fd_sc_hd__a311oi_4)
                  0.28    0.34    6.55 ^ _12863_/Y (sky130_fd_sc_hd__a311oi_4)
     2    0.01                           _06168_ (net)
                  0.28    0.00    6.55 ^ _12967_/A1 (sky130_fd_sc_hd__o2111ai_2)
                  0.14    0.21    6.77 v _12967_/Y (sky130_fd_sc_hd__o2111ai_2)
     2    0.01                           _06268_ (net)
                  0.14    0.00    6.77 v _13102_/A2 (sky130_fd_sc_hd__a211o_1)
                  0.14    0.45    7.21 v _13102_/X (sky130_fd_sc_hd__a211o_1)
     4    0.02                           _06399_ (net)
                  0.14    0.00    7.22 v _13329_/A2 (sky130_fd_sc_hd__a21o_1)
                  0.07    0.26    7.48 v _13329_/X (sky130_fd_sc_hd__a21o_1)
     2    0.01                           _06618_ (net)
                  0.07    0.00    7.48 v _13397_/A1 (sky130_fd_sc_hd__a211o_1)
                  0.14    0.38    7.86 v _13397_/X (sky130_fd_sc_hd__a211o_1)
     4    0.02                           _06684_ (net)
                  0.14    0.00    7.86 v _13464_/A1 (sky130_fd_sc_hd__a311o_2)
                  0.09    0.42    8.28 v _13464_/X (sky130_fd_sc_hd__a311o_2)
     5    0.02                           _06749_ (net)
                  0.09    0.00    8.28 v _13493_/A2 (sky130_fd_sc_hd__a21oi_1)
                  0.15    0.20    8.49 ^ _13493_/Y (sky130_fd_sc_hd__a21oi_1)
     1    0.01                           _06777_ (net)
                  0.15    0.00    8.49 ^ _13495_/A (sky130_fd_sc_hd__nor2_1)
                  0.06    0.09    8.58 v _13495_/Y (sky130_fd_sc_hd__nor2_1)
     1    0.01                           _06779_ (net)
                  0.06    0.00    8.58 v _13510_/A1 (sky130_fd_sc_hd__o31a_1)
                  0.06    0.33    8.91 v _13510_/X (sky130_fd_sc_hd__o31a_1)
     1    0.01                           _01088_ (net)
                  0.06    0.00    8.91 v _15425_/D (sky130_fd_sc_hd__dfxtp_1)
                                  8.91   data arrival time

                         10.00   10.00   clock clk_i (rise edge)
                          0.00   10.00   clock source latency
                  0.32    0.21   10.21 ^ clk_i (in)
     1    0.07                           clk_i (net)
                  0.32    0.00   10.21 ^ clkbuf_0_clk_i/A (sky130_fd_sc_hd__clkbuf_16)
                  0.30    0.37   10.58 ^ clkbuf_0_clk_i/X (sky130_fd_sc_hd__clkbuf_16)
    16    0.29                           clknet_0_clk_i (net)
                  0.30    0.02   10.60 ^ clkbuf_4_11_0_clk_i/A (sky130_fd_sc_hd__clkbuf_8)
                  0.19    0.30   10.90 ^ clkbuf_4_11_0_clk_i/X (sky130_fd_sc_hd__clkbuf_8)
     8    0.11                           clknet_4_11_0_clk_i (net)
                  0.19    0.00   10.91 ^ clkbuf_leaf_115_clk_i/A (sky130_fd_sc_hd__clkbuf_16)
                  0.05    0.17   11.07 ^ clkbuf_leaf_115_clk_i/X (sky130_fd_sc_hd__clkbuf_16)
     6    0.02                           clknet_leaf_115_clk_i (net)
                  0.05    0.00   11.08 ^ _15425_/CLK (sky130_fd_sc_hd__dfxtp_1)
                         -0.25   10.83   clock uncertainty
                          0.00   10.83   clock reconvergence pessimism
                         -0.12   10.71   library setup time
                                 10.71   data required time
-----------------------------------------------------------------------------
                                 10.71   data required time
                                 -8.91   data arrival time
-----------------------------------------------------------------------------
                                  1.80   slack (MET)


Startpoint: IMEM_data_i[1] (input port clocked by clk_i)
Endpoint: _15242_ (rising edge-triggered flip-flop clocked by clk_i)
Path Group: clk_i
Path Type: max

Fanout     Cap    Slew   Delay    Time   Description
-----------------------------------------------------------------------------
                          0.00    0.00   clock clk_i (rise edge)
                          0.00    0.00   clock network delay (propagated)
                          2.00    2.00 ^ input external delay
                  0.02    0.01    2.01 ^ IMEM_data_i[1] (in)
     1    0.00                           IMEM_data_i[1] (net)
                  0.02    0.00    2.01 ^ input44/A (sky130_fd_sc_hd__clkbuf_4)
                  0.27    0.30    2.32 ^ input44/X (sky130_fd_sc_hd__clkbuf_4)
     4    0.09                           net44 (net)
                  0.27    0.01    2.32 ^ _07176_/B (sky130_fd_sc_hd__nand2_1)
                  0.30    0.33    2.65 v _07176_/Y (sky130_fd_sc_hd__nand2_1)
     2    0.04                           _01585_ (net)
                  0.30    0.00    2.66 v _07177_/B (sky130_fd_sc_hd__or4b_2)
                  0.16    0.85    3.50 v _07177_/X (sky130_fd_sc_hd__or4b_2)
     6    0.02                           _01586_ (net)
                  0.16    0.00    3.50 v _07179_/A_N (sky130_fd_sc_hd__and2b_1)
                  0.04    0.24    3.75 ^ _07179_/X (sky130_fd_sc_hd__and2b_1)
     1    0.00                           _01588_ (net)
                  0.04    0.00    3.75 ^ _07180_/A (sky130_fd_sc_hd__clkbuf_4)
                  0.15    0.22    3.97 ^ _07180_/X (sky130_fd_sc_hd__clkbuf_4)
    12    0.05                           _01589_ (net)
                  0.15    0.00    3.97 ^ _07197_/A1 (sky130_fd_sc_hd__o2111ai_4)
                  0.14    0.16    4.13 v _07197_/Y (sky130_fd_sc_hd__o2111ai_4)
     1    0.01                           _01606_ (net)
                  0.14    0.00    4.13 v _07198_/A2 (sky130_fd_sc_hd__a21boi_4)
                  0.61    0.57    4.70 ^ _07198_/Y (sky130_fd_sc_hd__a21boi_4)
    13    0.08                           _01607_ (net)
                  0.61    0.01    4.71 ^ _07227_/A (sky130_fd_sc_hd__and2_1)
                  0.06    0.23    4.94 ^ _07227_/X (sky130_fd_sc_hd__and2_1)
     1    0.00                           _01633_ (net)
                  0.06    0.00    4.94 ^ _07228_/A (sky130_fd_sc_hd__buf_4)
                  0.19    0.23    5.18 ^ _07228_/X (sky130_fd_sc_hd__buf_4)
    15    0.07                           _01634_ (net)
                  0.19    0.00    5.18 ^ _07554_/B (sky130_fd_sc_hd__or2_1)
                  0.14    0.21    5.38 ^ _07554_/X (sky130_fd_sc_hd__or2_1)
     4    0.01                           _01917_ (net)
                  0.14    0.00    5.38 ^ _07588_/A3 (sky130_fd_sc_hd__a311o_1)
                  0.11    0.24    5.62 ^ _07588_/X (sky130_fd_sc_hd__a311o_1)
     3    0.01                           _01950_ (net)
                  0.11    0.00    5.62 ^ _07695_/D (sky130_fd_sc_hd__and4bb_1)
                  0.13    0.28    5.91 ^ _07695_/X (sky130_fd_sc_hd__and4bb_1)
     2    0.01                           _02053_ (net)
                  0.13    0.00    5.91 ^ _07751_/A1 (sky130_fd_sc_hd__o2111a_2)
                  0.15    0.33    6.24 ^ _07751_/X (sky130_fd_sc_hd__o2111a_2)
     5    0.03                           _02107_ (net)
                  0.15    0.00    6.24 ^ _07892_/A2 (sky130_fd_sc_hd__a41oi_4)
                  0.14    0.17    6.41 v _07892_/Y (sky130_fd_sc_hd__a41oi_4)
     4    0.02                           _02242_ (net)
                  0.14    0.00    6.41 v _07896_/A (sky130_fd_sc_hd__nor2_1)
                  0.16    0.21    6.62 ^ _07896_/Y (sky130_fd_sc_hd__nor2_1)
     3    0.01                           _02246_ (net)
                  0.16    0.00    6.62 ^ _08080_/A (sky130_fd_sc_hd__and4_1)
                  0.14    0.28    6.90 ^ _08080_/X (sky130_fd_sc_hd__and4_1)
     1    0.01                           _02422_ (net)
                  0.14    0.00    6.90 ^ _08083_/A1 (sky130_fd_sc_hd__a211oi_2)
                  0.14    0.15    7.05 v _08083_/Y (sky130_fd_sc_hd__a211oi_2)
     2    0.02                           _02425_ (net)
                  0.14    0.00    7.05 v _08085_/B (sky130_fd_sc_hd__or2_1)
                  0.12    0.33    7.38 v _08085_/X (sky130_fd_sc_hd__or2_1)
     5    0.02                           _02427_ (net)
                  0.12    0.00    7.38 v _08174_/A1 (sky130_fd_sc_hd__o41a_1)
                  0.09    0.50    7.88 v _08174_/X (sky130_fd_sc_hd__o41a_1)
     3    0.01                           _02512_ (net)
                  0.09    0.00    7.88 v _08192_/A2 (sky130_fd_sc_hd__o21ai_1)
                  0.22    0.23    8.12 ^ _08192_/Y (sky130_fd_sc_hd__o21ai_1)
     2    0.01                           _02529_ (net)
                  0.22    0.00    8.12 ^ _08193_/B1 (sky130_fd_sc_hd__o21ai_1)
                  0.08    0.11    8.23 v _08193_/Y (sky130_fd_sc_hd__o21ai_1)
     1    0.00                           _02530_ (net)
                  0.08    0.00    8.23 v _08194_/B1 (sky130_fd_sc_hd__o311a_1)
                  0.06    0.14    8.38 v _08194_/X (sky130_fd_sc_hd__o311a_1)
     1    0.00                           _02531_ (net)
                  0.06    0.00    8.38 v _08195_/B1 (sky130_fd_sc_hd__a211o_1)
                  0.06    0.30    8.67 v _08195_/X (sky130_fd_sc_hd__a211o_1)
     1    0.01                           _02532_ (net)
                  0.06    0.00    8.67 v _08197_/A3 (sky130_fd_sc_hd__a31o_1)
                  0.04    0.23    8.90 v _08197_/X (sky130_fd_sc_hd__a31o_1)
     1    0.00                           _00033_ (net)
                  0.04    0.00    8.90 v _15242_/D (sky130_fd_sc_hd__dfxtp_2)
                                  8.90   data arrival time

                         10.00   10.00   clock clk_i (rise edge)
                          0.00   10.00   clock source latency
                  0.32    0.21   10.21 ^ clk_i (in)
     1    0.07                           clk_i (net)
                  0.32    0.00   10.21 ^ clkbuf_0_clk_i/A (sky130_fd_sc_hd__clkbuf_16)
                  0.30    0.37   10.58 ^ clkbuf_0_clk_i/X (sky130_fd_sc_hd__clkbuf_16)
    16    0.29                           clknet_0_clk_i (net)
                  0.30    0.02   10.60 ^ clkbuf_4_10_0_clk_i/A (sky130_fd_sc_hd__clkbuf_8)
                  0.29    0.37   10.97 ^ clkbuf_4_10_0_clk_i/X (sky130_fd_sc_hd__clkbuf_8)
    13    0.17                           clknet_4_10_0_clk_i (net)
                  0.29    0.01   10.98 ^ clkbuf_leaf_123_clk_i/A (sky130_fd_sc_hd__clkbuf_16)
                  0.05    0.20   11.18 ^ clkbuf_leaf_123_clk_i/X (sky130_fd_sc_hd__clkbuf_16)
     7    0.03                           clknet_leaf_123_clk_i (net)
                  0.05    0.00   11.18 ^ _15242_/CLK (sky130_fd_sc_hd__dfxtp_2)
                         -0.25   10.93   clock uncertainty
                          0.00   10.93   clock reconvergence pessimism
                         -0.11   10.82   library setup time
                                 10.82   data required time
-----------------------------------------------------------------------------
                                 10.82   data required time
                                 -8.90   data arrival time
-----------------------------------------------------------------------------
                                  1.91   slack (MET)


