
===========================================================================
report_checks -path_delay min (Hold)
============================================================================
Startpoint: _14520_ (rising edge-triggered flip-flop clocked by clk_i)
Endpoint: _15376_ (rising edge-triggered flip-flop clocked by clk_i)
Path Group: clk_i
Path Type: min

Fanout     Cap    Slew   Delay    Time   Description
-----------------------------------------------------------------------------
                          0.00    0.00   clock clk_i (rise edge)
                          0.00    0.00   clock source latency
                  0.32    0.21    0.21 ^ clk_i (in)
     1    0.07                           clk_i (net)
                  0.32    0.00    0.21 ^ clkbuf_0_clk_i/A (sky130_fd_sc_hd__clkbuf_16)
                  0.30    0.37    0.58 ^ clkbuf_0_clk_i/X (sky130_fd_sc_hd__clkbuf_16)
    16    0.29                           clknet_0_clk_i (net)
                  0.30    0.02    0.61 ^ clkbuf_4_8_0_clk_i/A (sky130_fd_sc_hd__clkbuf_8)
                  0.22    0.32    0.93 ^ clkbuf_4_8_0_clk_i/X (sky130_fd_sc_hd__clkbuf_8)
    10    0.13                           clknet_4_8_0_clk_i (net)
                  0.22    0.00    0.93 ^ clkbuf_leaf_131_clk_i/A (sky130_fd_sc_hd__clkbuf_16)
                  0.05    0.18    1.11 ^ clkbuf_leaf_131_clk_i/X (sky130_fd_sc_hd__clkbuf_16)
     8    0.03                           clknet_leaf_131_clk_i (net)
                  0.05    0.00    1.11 ^ _14520_/CLK (sky130_fd_sc_hd__dfxtp_1)
                  0.14    0.36    1.47 ^ _14520_/Q (sky130_fd_sc_hd__dfxtp_1)
     3    0.01                           id_stage_i.IF_pc_i[12] (net)
                  0.14    0.00    1.47 ^ _12287_/B2 (sky130_fd_sc_hd__a22o_1)
                  0.05    0.14    1.61 ^ _12287_/X (sky130_fd_sc_hd__a22o_1)
     1    0.00                           _01039_ (net)
                  0.05    0.00    1.61 ^ _15376_/D (sky130_fd_sc_hd__dfxtp_1)
                                  1.61   data arrival time

                          0.00    0.00   clock clk_i (rise edge)
                          0.00    0.00   clock source latency
                  0.32    0.24    0.24 ^ clk_i (in)
     1    0.07                           clk_i (net)
                  0.32    0.00    0.24 ^ clkbuf_0_clk_i/A (sky130_fd_sc_hd__clkbuf_16)
                  0.30    0.41    0.64 ^ clkbuf_0_clk_i/X (sky130_fd_sc_hd__clkbuf_16)
    16    0.29                           clknet_0_clk_i (net)
                  0.30    0.03    0.67 ^ clkbuf_4_10_0_clk_i/A (sky130_fd_sc_hd__clkbuf_8)
                  0.29    0.41    1.08 ^ clkbuf_4_10_0_clk_i/X (sky130_fd_sc_hd__clkbuf_8)
    13    0.17                           clknet_4_10_0_clk_i (net)
                  0.29    0.00    1.08 ^ clkbuf_leaf_130_clk_i/A (sky130_fd_sc_hd__clkbuf_16)
                  0.05    0.21    1.30 ^ clkbuf_leaf_130_clk_i/X (sky130_fd_sc_hd__clkbuf_16)
     5    0.02                           clknet_leaf_130_clk_i (net)
                  0.05    0.00    1.30 ^ _15376_/CLK (sky130_fd_sc_hd__dfxtp_1)
                          0.25    1.55   clock uncertainty
                         -0.06    1.48   clock reconvergence pessimism
                         -0.03    1.45   library hold time
                                  1.45   data required time
-----------------------------------------------------------------------------
                                  1.45   data required time
                                 -1.61   data arrival time
-----------------------------------------------------------------------------
                                  0.16   slack (MET)


Startpoint: _15397_ (rising edge-triggered flip-flop clocked by clk_i)
Endpoint: _15610_ (rising edge-triggered flip-flop clocked by clk_i)
Path Group: clk_i
Path Type: min

Fanout     Cap    Slew   Delay    Time   Description
-----------------------------------------------------------------------------
                          0.00    0.00   clock clk_i (rise edge)
                          0.00    0.00   clock source latency
                  0.32    0.21    0.21 ^ clk_i (in)
     1    0.07                           clk_i (net)
                  0.32    0.00    0.21 ^ clkbuf_0_clk_i/A (sky130_fd_sc_hd__clkbuf_16)
                  0.30    0.37    0.58 ^ clkbuf_0_clk_i/X (sky130_fd_sc_hd__clkbuf_16)
    16    0.29                           clknet_0_clk_i (net)
                  0.30    0.02    0.60 ^ clkbuf_4_14_0_clk_i/A (sky130_fd_sc_hd__clkbuf_8)
                  0.17    0.29    0.89 ^ clkbuf_4_14_0_clk_i/X (sky130_fd_sc_hd__clkbuf_8)
     8    0.10                           clknet_4_14_0_clk_i (net)
                  0.17    0.00    0.89 ^ clkbuf_leaf_100_clk_i/A (sky130_fd_sc_hd__clkbuf_16)
                  0.04    0.15    1.04 ^ clkbuf_leaf_100_clk_i/X (sky130_fd_sc_hd__clkbuf_16)
     2    0.01                           clknet_leaf_100_clk_i (net)
                  0.04    0.00    1.04 ^ _15397_/CLK (sky130_fd_sc_hd__dfxtp_1)
                  0.11    0.34    1.39 v _15397_/Q (sky130_fd_sc_hd__dfxtp_1)
     6    0.02                           branchgen_i.EX_alu_result_i[1] (net)
                  0.11    0.00    1.39 v _07317_/A (sky130_fd_sc_hd__inv_2)
                  0.11    0.12    1.51 ^ _07317_/Y (sky130_fd_sc_hd__inv_2)
     4    0.02                           _01707_ (net)
                  0.11    0.00    1.51 ^ _13997_/B (sky130_fd_sc_hd__nor2_1)
                  0.03    0.05    1.56 v _13997_/Y (sky130_fd_sc_hd__nor2_1)
     1    0.00                           _01273_ (net)
                  0.03    0.00    1.56 v _15610_/D (sky130_fd_sc_hd__dfxtp_1)
                                  1.56   data arrival time

                          0.00    0.00   clock clk_i (rise edge)
                          0.00    0.00   clock source latency
                  0.32    0.24    0.24 ^ clk_i (in)
     1    0.07                           clk_i (net)
                  0.32    0.00    0.24 ^ clkbuf_0_clk_i/A (sky130_fd_sc_hd__clkbuf_16)
                  0.30    0.41    0.64 ^ clkbuf_0_clk_i/X (sky130_fd_sc_hd__clkbuf_16)
    16    0.29                           clknet_0_clk_i (net)
                  0.30    0.02    0.66 ^ clkbuf_4_12_0_clk_i/A (sky130_fd_sc_hd__clkbuf_8)
                  0.23    0.36    1.02 ^ clkbuf_4_12_0_clk_i/X (sky130_fd_sc_hd__clkbuf_8)
    10    0.13                           clknet_4_12_0_clk_i (net)
                  0.23    0.01    1.03 ^ clkbuf_leaf_103_clk_i/A (sky130_fd_sc_hd__clkbuf_16)
                  0.05    0.20    1.23 ^ clkbuf_leaf_103_clk_i/X (sky130_fd_sc_hd__clkbuf_16)
     6    0.03                           clknet_leaf_103_clk_i (net)
                  0.05    0.00    1.23 ^ _15610_/CLK (sky130_fd_sc_hd__dfxtp_1)
                          0.25    1.48   clock uncertainty
                         -0.06    1.42   clock reconvergence pessimism
                         -0.05    1.37   library hold time
                                  1.37   data required time
-----------------------------------------------------------------------------
                                  1.37   data required time
                                 -1.56   data arrival time
-----------------------------------------------------------------------------
                                  0.19   slack (MET)


Startpoint: _15419_ (rising edge-triggered flip-flop clocked by clk_i)
Endpoint: _15632_ (rising edge-triggered flip-flop clocked by clk_i)
Path Group: clk_i
Path Type: min

Fanout     Cap    Slew   Delay    Time   Description
-----------------------------------------------------------------------------
                          0.00    0.00   clock clk_i (rise edge)
                          0.00    0.00   clock source latency
                  0.32    0.21    0.21 ^ clk_i (in)
     1    0.07                           clk_i (net)
                  0.32    0.00    0.21 ^ clkbuf_0_clk_i/A (sky130_fd_sc_hd__clkbuf_16)
                  0.30    0.37    0.58 ^ clkbuf_0_clk_i/X (sky130_fd_sc_hd__clkbuf_16)
    16    0.29                           clknet_0_clk_i (net)
                  0.30    0.02    0.60 ^ clkbuf_4_11_0_clk_i/A (sky130_fd_sc_hd__clkbuf_8)
                  0.19    0.30    0.90 ^ clkbuf_4_11_0_clk_i/X (sky130_fd_sc_hd__clkbuf_8)
     8    0.11                           clknet_4_11_0_clk_i (net)
                  0.19    0.00    0.91 ^ clkbuf_leaf_111_clk_i/A (sky130_fd_sc_hd__clkbuf_16)
                  0.06    0.18    1.08 ^ clkbuf_leaf_111_clk_i/X (sky130_fd_sc_hd__clkbuf_16)
    10    0.03                           clknet_leaf_111_clk_i (net)
                  0.06    0.00    1.09 ^ _15419_/CLK (sky130_fd_sc_hd__dfxtp_4)
                  0.11    0.39    1.48 v _15419_/Q (sky130_fd_sc_hd__dfxtp_4)
     6    0.08                           net111 (net)
                  0.11    0.01    1.48 v _13306_/A (sky130_fd_sc_hd__inv_2)
                  0.05    0.08    1.57 ^ _13306_/Y (sky130_fd_sc_hd__inv_2)
     2    0.01                           _06596_ (net)
                  0.05    0.00    1.57 ^ _14030_/B (sky130_fd_sc_hd__nor2_1)
                  0.02    0.04    1.61 v _14030_/Y (sky130_fd_sc_hd__nor2_1)
     1    0.00                           _01295_ (net)
                  0.02    0.00    1.61 v _15632_/D (sky130_fd_sc_hd__dfxtp_1)
                                  1.61   data arrival time

                          0.00    0.00   clock clk_i (rise edge)
                          0.00    0.00   clock source latency
                  0.32    0.24    0.24 ^ clk_i (in)
     1    0.07                           clk_i (net)
                  0.32    0.00    0.24 ^ clkbuf_0_clk_i/A (sky130_fd_sc_hd__clkbuf_16)
                  0.30    0.41    0.64 ^ clkbuf_0_clk_i/X (sky130_fd_sc_hd__clkbuf_16)
    16    0.29                           clknet_0_clk_i (net)
                  0.30    0.02    0.66 ^ clkbuf_4_9_0_clk_i/A (sky130_fd_sc_hd__clkbuf_8)
                  0.23    0.36    1.03 ^ clkbuf_4_9_0_clk_i/X (sky130_fd_sc_hd__clkbuf_8)
    10    0.13                           clknet_4_9_0_clk_i (net)
                  0.23    0.01    1.03 ^ clkbuf_leaf_109_clk_i/A (sky130_fd_sc_hd__clkbuf_16)
                  0.08    0.23    1.26 ^ clkbuf_leaf_109_clk_i/X (sky130_fd_sc_hd__clkbuf_16)
    19    0.06                           clknet_leaf_109_clk_i (net)
                  0.08    0.00    1.27 ^ _15632_/CLK (sky130_fd_sc_hd__dfxtp_1)
                          0.25    1.52   clock uncertainty
                         -0.06    1.45   clock reconvergence pessimism
                         -0.04    1.42   library hold time
                                  1.42   data required time
-----------------------------------------------------------------------------
                                  1.42   data required time
                                 -1.61   data arrival time
-----------------------------------------------------------------------------
                                  0.19   slack (MET)


Startpoint: _15359_ (rising edge-triggered flip-flop clocked by clk_i)
Endpoint: _15359_ (rising edge-triggered flip-flop clocked by clk_i)
Path Group: clk_i
Path Type: min

Fanout     Cap    Slew   Delay    Time   Description
-----------------------------------------------------------------------------
                          0.00    0.00   clock clk_i (rise edge)
                          0.00    0.00   clock source latency
                  0.32    0.21    0.21 ^ clk_i (in)
     1    0.07                           clk_i (net)
                  0.32    0.00    0.21 ^ clkbuf_0_clk_i/A (sky130_fd_sc_hd__clkbuf_16)
                  0.30    0.37    0.58 ^ clkbuf_0_clk_i/X (sky130_fd_sc_hd__clkbuf_16)
    16    0.29                           clknet_0_clk_i (net)
                  0.30    0.02    0.60 ^ clkbuf_4_9_0_clk_i/A (sky130_fd_sc_hd__clkbuf_8)
                  0.23    0.33    0.93 ^ clkbuf_4_9_0_clk_i/X (sky130_fd_sc_hd__clkbuf_8)
    10    0.13                           clknet_4_9_0_clk_i (net)
                  0.23    0.00    0.93 ^ clkbuf_leaf_142_clk_i/A (sky130_fd_sc_hd__clkbuf_16)
                  0.08    0.21    1.14 ^ clkbuf_leaf_142_clk_i/X (sky130_fd_sc_hd__clkbuf_16)
    18    0.06                           clknet_leaf_142_clk_i (net)
                  0.08    0.00    1.14 ^ _15359_/CLK (sky130_fd_sc_hd__dfxtp_1)
                  0.07    0.32    1.46 ^ _15359_/Q (sky130_fd_sc_hd__dfxtp_1)
     2    0.01                           ex_stage_i.ID_memtoreg_i (net)
                  0.07    0.00    1.46 ^ _12265_/A1 (sky130_fd_sc_hd__a21o_1)
                  0.03    0.10    1.56 ^ _12265_/X (sky130_fd_sc_hd__a21o_1)
     1    0.00                           _01022_ (net)
                  0.03    0.00    1.56 ^ _15359_/D (sky130_fd_sc_hd__dfxtp_1)
                                  1.56   data arrival time

                          0.00    0.00   clock clk_i (rise edge)
                          0.00    0.00   clock source latency
                  0.32    0.24    0.24 ^ clk_i (in)
     1    0.07                           clk_i (net)
                  0.32    0.00    0.24 ^ clkbuf_0_clk_i/A (sky130_fd_sc_hd__clkbuf_16)
                  0.30    0.41    0.64 ^ clkbuf_0_clk_i/X (sky130_fd_sc_hd__clkbuf_16)
    16    0.29                           clknet_0_clk_i (net)
                  0.30    0.02    0.66 ^ clkbuf_4_9_0_clk_i/A (sky130_fd_sc_hd__clkbuf_8)
                  0.23    0.36    1.03 ^ clkbuf_4_9_0_clk_i/X (sky130_fd_sc_hd__clkbuf_8)
    10    0.13                           clknet_4_9_0_clk_i (net)
                  0.23    0.00    1.03 ^ clkbuf_leaf_142_clk_i/A (sky130_fd_sc_hd__clkbuf_16)
                  0.08    0.23    1.26 ^ clkbuf_leaf_142_clk_i/X (sky130_fd_sc_hd__clkbuf_16)
    18    0.06                           clknet_leaf_142_clk_i (net)
                  0.08    0.00    1.26 ^ _15359_/CLK (sky130_fd_sc_hd__dfxtp_1)
                          0.25    1.51   clock uncertainty
                         -0.12    1.39   clock reconvergence pessimism
                         -0.02    1.37   library hold time
                                  1.37   data required time
-----------------------------------------------------------------------------
                                  1.37   data required time
                                 -1.56   data arrival time
-----------------------------------------------------------------------------
                                  0.19   slack (MET)


Startpoint: _15410_ (rising edge-triggered flip-flop clocked by clk_i)
Endpoint: _15623_ (rising edge-triggered flip-flop clocked by clk_i)
Path Group: clk_i
Path Type: min

Fanout     Cap    Slew   Delay    Time   Description
-----------------------------------------------------------------------------
                          0.00    0.00   clock clk_i (rise edge)
                          0.00    0.00   clock source latency
                  0.32    0.21    0.21 ^ clk_i (in)
     1    0.07                           clk_i (net)
                  0.32    0.00    0.21 ^ clkbuf_0_clk_i/A (sky130_fd_sc_hd__clkbuf_16)
                  0.30    0.37    0.58 ^ clkbuf_0_clk_i/X (sky130_fd_sc_hd__clkbuf_16)
    16    0.29                           clknet_0_clk_i (net)
                  0.30    0.02    0.60 ^ clkbuf_4_14_0_clk_i/A (sky130_fd_sc_hd__clkbuf_8)
                  0.17    0.29    0.89 ^ clkbuf_4_14_0_clk_i/X (sky130_fd_sc_hd__clkbuf_8)
     8    0.10                           clknet_4_14_0_clk_i (net)
                  0.17    0.00    0.89 ^ clkbuf_leaf_99_clk_i/A (sky130_fd_sc_hd__clkbuf_16)
                  0.04    0.15    1.04 ^ clkbuf_leaf_99_clk_i/X (sky130_fd_sc_hd__clkbuf_16)
     3    0.01                           clknet_leaf_99_clk_i (net)
                  0.04    0.00    1.05 ^ _15410_/CLK (sky130_fd_sc_hd__dfxtp_4)
                  0.11    0.39    1.44 v _15410_/Q (sky130_fd_sc_hd__dfxtp_4)
     5    0.08                           net102 (net)
                  0.11    0.00    1.44 v _13026_/A (sky130_fd_sc_hd__inv_2)
                  0.05    0.08    1.52 ^ _13026_/Y (sky130_fd_sc_hd__inv_2)
     2    0.01                           _06325_ (net)
                  0.05    0.00    1.52 ^ _14018_/B (sky130_fd_sc_hd__nor2_1)
                  0.04    0.05    1.57 v _14018_/Y (sky130_fd_sc_hd__nor2_1)
     1    0.01                           _01286_ (net)
                  0.04    0.00    1.57 v _15623_/D (sky130_fd_sc_hd__dfxtp_1)
                                  1.57   data arrival time

                          0.00    0.00   clock clk_i (rise edge)
                          0.00    0.00   clock source latency
                  0.32    0.24    0.24 ^ clk_i (in)
     1    0.07                           clk_i (net)
                  0.32    0.00    0.24 ^ clkbuf_0_clk_i/A (sky130_fd_sc_hd__clkbuf_16)
                  0.30    0.41    0.64 ^ clkbuf_0_clk_i/X (sky130_fd_sc_hd__clkbuf_16)
    16    0.29                           clknet_0_clk_i (net)
                  0.30    0.02    0.66 ^ clkbuf_4_12_0_clk_i/A (sky130_fd_sc_hd__clkbuf_8)
                  0.23    0.36    1.02 ^ clkbuf_4_12_0_clk_i/X (sky130_fd_sc_hd__clkbuf_8)
    10    0.13                           clknet_4_12_0_clk_i (net)
                  0.23    0.01    1.03 ^ clkbuf_leaf_102_clk_i/A (sky130_fd_sc_hd__clkbuf_16)
                  0.06    0.21    1.23 ^ clkbuf_leaf_102_clk_i/X (sky130_fd_sc_hd__clkbuf_16)
     9    0.03                           clknet_leaf_102_clk_i (net)
                  0.06    0.00    1.23 ^ _15623_/CLK (sky130_fd_sc_hd__dfxtp_1)
                          0.25    1.48   clock uncertainty
                         -0.06    1.42   clock reconvergence pessimism
                         -0.05    1.37   library hold time
                                  1.37   data required time
-----------------------------------------------------------------------------
                                  1.37   data required time
                                 -1.57   data arrival time
-----------------------------------------------------------------------------
                                  0.19   slack (MET)


