
34. Printing statistics.

=== toast_top ===

   Number of wires:               8547
   Number of wire bits:           8736
   Number of public wires:        1397
   Number of public wire bits:    1586
   Number of memories:               0
   Number of memory bits:            0
   Number of processes:              0
   Number of cells:               8638
     sky130_fd_sc_hd__a2111o_2       3
     sky130_fd_sc_hd__a2111oi_2      1
     sky130_fd_sc_hd__a211o_2      472
     sky130_fd_sc_hd__a211oi_2       7
     sky130_fd_sc_hd__a21bo_2       48
     sky130_fd_sc_hd__a21boi_2       7
     sky130_fd_sc_hd__a21o_2       126
     sky130_fd_sc_hd__a21oi_2       78
     sky130_fd_sc_hd__a221o_2       33
     sky130_fd_sc_hd__a221oi_2       1
     sky130_fd_sc_hd__a22o_2       105
     sky130_fd_sc_hd__a2bb2o_2      10
     sky130_fd_sc_hd__a2bb2oi_2      1
     sky130_fd_sc_hd__a311o_2       41
     sky130_fd_sc_hd__a311oi_2       7
     sky130_fd_sc_hd__a31o_2       166
     sky130_fd_sc_hd__a31oi_2       15
     sky130_fd_sc_hd__a32o_2        35
     sky130_fd_sc_hd__a32oi_2        1
     sky130_fd_sc_hd__a41o_2        13
     sky130_fd_sc_hd__a41oi_2        1
     sky130_fd_sc_hd__and2_2       162
     sky130_fd_sc_hd__and2b_2       17
     sky130_fd_sc_hd__and3_2       115
     sky130_fd_sc_hd__and3b_2        5
     sky130_fd_sc_hd__and4_2         6
     sky130_fd_sc_hd__and4b_2        4
     sky130_fd_sc_hd__and4bb_2       3
     sky130_fd_sc_hd__buf_1       1514
     sky130_fd_sc_hd__buf_2          2
     sky130_fd_sc_hd__conb_1         2
     sky130_fd_sc_hd__dfxtp_2     1449
     sky130_fd_sc_hd__inv_2        110
     sky130_fd_sc_hd__mux2_1         1
     sky130_fd_sc_hd__mux2_2      1793
     sky130_fd_sc_hd__mux4_2         1
     sky130_fd_sc_hd__nand2_2      235
     sky130_fd_sc_hd__nand3_2       16
     sky130_fd_sc_hd__nand4_2        1
     sky130_fd_sc_hd__nor2_2       250
     sky130_fd_sc_hd__nor3_2        14
     sky130_fd_sc_hd__nor4_2         5
     sky130_fd_sc_hd__nor4b_2        2
     sky130_fd_sc_hd__o2111a_2       6
     sky130_fd_sc_hd__o2111ai_2      2
     sky130_fd_sc_hd__o211a_2      268
     sky130_fd_sc_hd__o211ai_2       5
     sky130_fd_sc_hd__o21a_2       134
     sky130_fd_sc_hd__o21ai_2       87
     sky130_fd_sc_hd__o21ba_2       13
     sky130_fd_sc_hd__o21bai_2       8
     sky130_fd_sc_hd__o221a_2      522
     sky130_fd_sc_hd__o221ai_2       2
     sky130_fd_sc_hd__o22a_2        10
     sky130_fd_sc_hd__o22ai_2        1
     sky130_fd_sc_hd__o2bb2a_2      10
     sky130_fd_sc_hd__o311a_2      102
     sky130_fd_sc_hd__o31a_2        42
     sky130_fd_sc_hd__o31ai_2        3
     sky130_fd_sc_hd__o32a_2        40
     sky130_fd_sc_hd__o32ai_2        2
     sky130_fd_sc_hd__o41a_2         8
     sky130_fd_sc_hd__or2_2        307
     sky130_fd_sc_hd__or2b_2        22
     sky130_fd_sc_hd__or3_2         27
     sky130_fd_sc_hd__or3b_2        15
     sky130_fd_sc_hd__or4_2         11
     sky130_fd_sc_hd__or4b_2        11
     sky130_fd_sc_hd__xnor2_2       76
     sky130_fd_sc_hd__xor2_2        26

   Chip area for module '\toast_top': 92218.444800

