
===========================================================================
report_checks -path_delay min (Hold)
============================================================================
Startpoint: _15469_ (rising edge-triggered flip-flop clocked by clk_i)
Endpoint: _15785_ (rising edge-triggered flip-flop clocked by clk_i)
Path Group: clk_i
Path Type: min

Fanout     Cap    Slew   Delay    Time   Description
-----------------------------------------------------------------------------
                  0.15    0.00    0.00   clock clk_i (rise edge)
                          0.00    0.00   clock network delay (ideal)
                  0.15    0.00    0.00 ^ _15469_/CLK (sky130_fd_sc_hd__dfxtp_2)
                  0.04    0.34    0.34 v _15469_/Q (sky130_fd_sc_hd__dfxtp_2)
     5    0.01                           branchgen_i.EX_rd_addr_i[4] (net)
                  0.04    0.00    0.34 v _07393_/A (sky130_fd_sc_hd__inv_2)
                  0.04    0.05    0.39 ^ _07393_/Y (sky130_fd_sc_hd__inv_2)
     2    0.01                           _01759_ (net)
                  0.04    0.00    0.39 ^ _14336_/B (sky130_fd_sc_hd__nor2_2)
                  0.01    0.02    0.42 v _14336_/Y (sky130_fd_sc_hd__nor2_2)
     1    0.00                           _01448_ (net)
                  0.01    0.00    0.42 v _15785_/D (sky130_fd_sc_hd__dfxtp_2)
                                  0.42   data arrival time

                  0.15    0.00    0.00   clock clk_i (rise edge)
                          0.00    0.00   clock network delay (ideal)
                          0.25    0.25   clock uncertainty
                          0.00    0.25   clock reconvergence pessimism
                                  0.25 ^ _15785_/CLK (sky130_fd_sc_hd__dfxtp_2)
                         -0.01    0.24   library hold time
                                  0.24   data required time
-----------------------------------------------------------------------------
                                  0.24   data required time
                                 -0.42   data arrival time
-----------------------------------------------------------------------------
                                  0.18   slack (MET)


Startpoint: _15468_ (rising edge-triggered flip-flop clocked by clk_i)
Endpoint: _15784_ (rising edge-triggered flip-flop clocked by clk_i)
Path Group: clk_i
Path Type: min

Fanout     Cap    Slew   Delay    Time   Description
-----------------------------------------------------------------------------
                  0.15    0.00    0.00   clock clk_i (rise edge)
                          0.00    0.00   clock network delay (ideal)
                  0.15    0.00    0.00 ^ _15468_/CLK (sky130_fd_sc_hd__dfxtp_2)
                  0.04    0.34    0.34 v _15468_/Q (sky130_fd_sc_hd__dfxtp_2)
     5    0.01                           branchgen_i.EX_rd_addr_i[3] (net)
                  0.04    0.00    0.34 v _07401_/A (sky130_fd_sc_hd__inv_2)
                  0.04    0.05    0.40 ^ _07401_/Y (sky130_fd_sc_hd__inv_2)
     2    0.01                           _01767_ (net)
                  0.04    0.00    0.40 ^ _14335_/B (sky130_fd_sc_hd__nor2_2)
                  0.01    0.02    0.42 v _14335_/Y (sky130_fd_sc_hd__nor2_2)
     1    0.00                           _01447_ (net)
                  0.01    0.00    0.42 v _15784_/D (sky130_fd_sc_hd__dfxtp_2)
                                  0.42   data arrival time

                  0.15    0.00    0.00   clock clk_i (rise edge)
                          0.00    0.00   clock network delay (ideal)
                          0.25    0.25   clock uncertainty
                          0.00    0.25   clock reconvergence pessimism
                                  0.25 ^ _15784_/CLK (sky130_fd_sc_hd__dfxtp_2)
                         -0.01    0.24   library hold time
                                  0.24   data required time
-----------------------------------------------------------------------------
                                  0.24   data required time
                                 -0.42   data arrival time
-----------------------------------------------------------------------------
                                  0.18   slack (MET)


Startpoint: _14547_ (rising edge-triggered flip-flop clocked by clk_i)
Endpoint: _14547_ (rising edge-triggered flip-flop clocked by clk_i)
Path Group: clk_i
Path Type: min

Fanout     Cap    Slew   Delay    Time   Description
-----------------------------------------------------------------------------
                  0.15    0.00    0.00   clock clk_i (rise edge)
                          0.00    0.00   clock network delay (ideal)
                  0.15    0.00    0.00 ^ _14547_/CLK (sky130_fd_sc_hd__dfxtp_2)
                  0.04    0.33    0.33 ^ _14547_/Q (sky130_fd_sc_hd__dfxtp_2)
     1    0.00                           ex_stage_i.EX_pc_dest_o[7] (net)
                  0.04    0.00    0.33 ^ _07622_/B (sky130_fd_sc_hd__nand2_2)
                  0.04    0.05    0.38 v _07622_/Y (sky130_fd_sc_hd__nand2_2)
     2    0.01                           _01983_ (net)
                  0.04    0.00    0.38 v _08632_/B1 (sky130_fd_sc_hd__o21ai_2)
                  0.03    0.04    0.42 ^ _08632_/Y (sky130_fd_sc_hd__o21ai_2)
     1    0.00                           _00240_ (net)
                  0.03    0.00    0.42 ^ _14547_/D (sky130_fd_sc_hd__dfxtp_2)
                                  0.42   data arrival time

                  0.15    0.00    0.00   clock clk_i (rise edge)
                          0.00    0.00   clock network delay (ideal)
                          0.25    0.25   clock uncertainty
                          0.00    0.25   clock reconvergence pessimism
                                  0.25 ^ _14547_/CLK (sky130_fd_sc_hd__dfxtp_2)
                         -0.01    0.24   library hold time
                                  0.24   data required time
-----------------------------------------------------------------------------
                                  0.24   data required time
                                 -0.42   data arrival time
-----------------------------------------------------------------------------
                                  0.18   slack (MET)


Startpoint: _14550_ (rising edge-triggered flip-flop clocked by clk_i)
Endpoint: _14550_ (rising edge-triggered flip-flop clocked by clk_i)
Path Group: clk_i
Path Type: min

Fanout     Cap    Slew   Delay    Time   Description
-----------------------------------------------------------------------------
                  0.15    0.00    0.00   clock clk_i (rise edge)
                          0.00    0.00   clock network delay (ideal)
                  0.15    0.00    0.00 ^ _14550_/CLK (sky130_fd_sc_hd__dfxtp_2)
                  0.04    0.33    0.33 ^ _14550_/Q (sky130_fd_sc_hd__dfxtp_2)
     1    0.00                           ex_stage_i.EX_pc_dest_o[10] (net)
                  0.04    0.00    0.33 ^ _07703_/B (sky130_fd_sc_hd__nand2_2)
                  0.04    0.05    0.38 v _07703_/Y (sky130_fd_sc_hd__nand2_2)
     2    0.01                           _02061_ (net)
                  0.04    0.00    0.38 v _08635_/B1 (sky130_fd_sc_hd__o21ai_2)
                  0.03    0.04    0.42 ^ _08635_/Y (sky130_fd_sc_hd__o21ai_2)
     1    0.00                           _00243_ (net)
                  0.03    0.00    0.42 ^ _14550_/D (sky130_fd_sc_hd__dfxtp_2)
                                  0.42   data arrival time

                  0.15    0.00    0.00   clock clk_i (rise edge)
                          0.00    0.00   clock network delay (ideal)
                          0.25    0.25   clock uncertainty
                          0.00    0.25   clock reconvergence pessimism
                                  0.25 ^ _14550_/CLK (sky130_fd_sc_hd__dfxtp_2)
                         -0.01    0.24   library hold time
                                  0.24   data required time
-----------------------------------------------------------------------------
                                  0.24   data required time
                                 -0.42   data arrival time
-----------------------------------------------------------------------------
                                  0.18   slack (MET)


Startpoint: _14554_ (rising edge-triggered flip-flop clocked by clk_i)
Endpoint: _14554_ (rising edge-triggered flip-flop clocked by clk_i)
Path Group: clk_i
Path Type: min

Fanout     Cap    Slew   Delay    Time   Description
-----------------------------------------------------------------------------
                  0.15    0.00    0.00   clock clk_i (rise edge)
                          0.00    0.00   clock network delay (ideal)
                  0.15    0.00    0.00 ^ _14554_/CLK (sky130_fd_sc_hd__dfxtp_2)
                  0.04    0.33    0.33 ^ _14554_/Q (sky130_fd_sc_hd__dfxtp_2)
     1    0.00                           ex_stage_i.EX_pc_dest_o[14] (net)
                  0.04    0.00    0.33 ^ _07802_/B (sky130_fd_sc_hd__nand2_2)
                  0.04    0.05    0.38 v _07802_/Y (sky130_fd_sc_hd__nand2_2)
     2    0.01                           _02156_ (net)
                  0.04    0.00    0.38 v _08639_/B1 (sky130_fd_sc_hd__o21ai_2)
                  0.03    0.04    0.42 ^ _08639_/Y (sky130_fd_sc_hd__o21ai_2)
     1    0.00                           _00247_ (net)
                  0.03    0.00    0.42 ^ _14554_/D (sky130_fd_sc_hd__dfxtp_2)
                                  0.42   data arrival time

                  0.15    0.00    0.00   clock clk_i (rise edge)
                          0.00    0.00   clock network delay (ideal)
                          0.25    0.25   clock uncertainty
                          0.00    0.25   clock reconvergence pessimism
                                  0.25 ^ _14554_/CLK (sky130_fd_sc_hd__dfxtp_2)
                         -0.01    0.24   library hold time
                                  0.24   data required time
-----------------------------------------------------------------------------
                                  0.24   data required time
                                 -0.42   data arrival time
-----------------------------------------------------------------------------
                                  0.18   slack (MET)


