#
# An unexpected error has occurred (11)
#
Stack:
/opt/Xilinx/Vivado/2020.2/tps/lnx64/jre11.0.2/lib//server/libjvm.so(+0xc04c3b) [0x7f6c42e8dc3b]
/opt/Xilinx/Vivado/2020.2/tps/lnx64/jre11.0.2/lib//server/libjvm.so(JVM_handle_linux_signal+0x14e) [0x7f6c42e928de]
/opt/Xilinx/Vivado/2020.2/tps/lnx64/jre11.0.2/lib//server/libjvm.so(+0xbfd538) [0x7f6c42e86538]
/lib/x86_64-linux-gnu/libc.so.6(+0x3f040) [0x7f6c99ed8040]
/opt/Xilinx/Vivado/2020.2/lib/lnx64.o/Ubuntu/18/libstdc++.so.6(__dynamic_cast+0x52) [0x7f6c9a531652]
/opt/Xilinx/Vivado/2020.2/lib/lnx64.o/librdi_wavedata.so(SimBridge::FrontEndControl::vcdSelectBlock(SimBridge::IBlock const*, int) const+0x35) [0x7f6c5511bc05]
/opt/Xilinx/Vivado/2020.2/lib/lnx64.o/librdi_simdata.so(RSDData::RSDVCDObject::restart(SimBridge::ISimulationControl*)+0x1d8) [0x7f6c5ad008f8]
/opt/Xilinx/Vivado/2020.2/lib/lnx64.o/librdi_simdata.so(RSDData::RSDLiveSimulationObject::issueRunRestart()+0x153) [0x7f6c5acd6063]
/opt/Xilinx/Vivado/2020.2/lib/lnx64.o/librdi_simtcltasks.so(+0x1f5eb0) [0x7f6c07d7aeb0]
/opt/Xilinx/Vivado/2020.2/lib/lnx64.o/librdi_common.so(+0x9cfb1d) [0x7f6c9b40fb1d]
/opt/Xilinx/Vivado/2020.2/lib/lnx64.o/libtcl8.5.so(+0x3356f) [0x7f6c9517d56f]
/opt/Xilinx/Vivado/2020.2/lib/lnx64.o/libtcl8.5.so(+0x34bf8) [0x7f6c9517ebf8]
/opt/Xilinx/Vivado/2020.2/lib/lnx64.o/libtcl8.5.so(Tcl_EvalEx+0x13) [0x7f6c9517f163]
/opt/Xilinx/Vivado/2020.2/lib/lnx64.o/libtcl8.5.so(Tcl_FSEvalFileEx+0x1da) [0x7f6c951e3d2a]
/opt/Xilinx/Vivado/2020.2/lib/lnx64.o/librdi_commontasks.so(+0x1f8c0d) [0x7f6c8dc43c0d]
/opt/Xilinx/Vivado/2020.2/lib/lnx64.o/librdi_common.so(+0x9cfb1d) [0x7f6c9b40fb1d]
/opt/Xilinx/Vivado/2020.2/lib/lnx64.o/libtcl8.5.so(+0x3356f) [0x7f6c9517d56f]
/opt/Xilinx/Vivado/2020.2/lib/lnx64.o/libtcl8.5.so(+0x76945) [0x7f6c951c0945]
/opt/Xilinx/Vivado/2020.2/lib/lnx64.o/libtcl8.5.so(+0x7e0f9) [0x7f6c951c80f9]
/opt/Xilinx/Vivado/2020.2/lib/lnx64.o/libtcl8.5.so(TclEvalObjEx+0x76) [0x7f6c9517f216]
/opt/Xilinx/Vivado/2020.2/lib/lnx64.o/librdi_common.so(+0x9ce041) [0x7f6c9b40e041]
/opt/Xilinx/Vivado/2020.2/lib/lnx64.o/libtcl8.5.so(Tcl_ServiceEvent+0x7f) [0x7f6c951f1bef]
/opt/Xilinx/Vivado/2020.2/lib/lnx64.o/libtcl8.5.so(Tcl_DoOneEvent+0x154) [0x7f6c951f1f24]
/opt/Xilinx/Vivado/2020.2/lib/lnx64.o/librdi_commontasks.so(+0x23caa5) [0x7f6c8dc87aa5]
/opt/Xilinx/Vivado/2020.2/lib/lnx64.o/librdi_commontasks.so(+0x23fbb5) [0x7f6c8dc8abb5]
/opt/Xilinx/Vivado/2020.2/lib/lnx64.o/librdi_commontasks.so(+0x240bde) [0x7f6c8dc8bbde]
/opt/Xilinx/Vivado/2020.2/lib/lnx64.o/librdi_common.so(+0x9cfb1d) [0x7f6c9b40fb1d]
/opt/Xilinx/Vivado/2020.2/lib/lnx64.o/libtcl8.5.so(+0x3356f) [0x7f6c9517d56f]
/opt/Xilinx/Vivado/2020.2/lib/lnx64.o/libtcl8.5.so(+0x76945) [0x7f6c951c0945]
/opt/Xilinx/Vivado/2020.2/lib/lnx64.o/libtcl8.5.so(+0x7e0f9) [0x7f6c951c80f9]
/opt/Xilinx/Vivado/2020.2/lib/lnx64.o/libtcl8.5.so(TclEvalObjEx+0x76) [0x7f6c9517f216]
/opt/Xilinx/Vivado/2020.2/lib/lnx64.o/librdi_commonmain.so(+0xad53) [0x7f6c9a838d53]
/opt/Xilinx/Vivado/2020.2/lib/lnx64.o/libtcl8.5.so(Tcl_Main+0x1d0) [0x7f6c951ea2f0]
/opt/Xilinx/Vivado/2020.2/lib/lnx64.o/librdi_common.so(+0xa1442b) [0x7f6c9b45442b]
/lib/x86_64-linux-gnu/libpthread.so.0(+0x76db) [0x7f6c99c816db]
/lib/x86_64-linux-gnu/libc.so.6(clone+0x3f) [0x7f6c99fba71f]
