#
# An unexpected error has occurred (6)
#
Stack:
/lib/x86_64-linux-gnu/libc.so.6(+0x3f040) [0x7f13c8d78040]
/lib/x86_64-linux-gnu/libc.so.6(gsignal+0xc7) [0x7f13c8d77fb7]
/lib/x86_64-linux-gnu/libc.so.6(abort+0x141) [0x7f13c8d79921]
/opt/Xilinx/Vivado/2020.2/lib/lnx64.o/Ubuntu/18/libstdc++.so.6(+0x8c8fb) [0x7f13c93cc8fb]
/opt/Xilinx/Vivado/2020.2/lib/lnx64.o/Ubuntu/18/libstdc++.so.6(+0x92d3a) [0x7f13c93d2d3a]
/opt/Xilinx/Vivado/2020.2/lib/lnx64.o/Ubuntu/18/libstdc++.so.6(+0x92d95) [0x7f13c93d2d95]
/opt/Xilinx/Vivado/2020.2/lib/lnx64.o/Ubuntu/18/libstdc++.so.6(+0x93bd3) [0x7f13c93d3bd3]
/opt/Xilinx/Vivado/2020.2/lib/lnx64.o/librdi_wavedata.so(SimBridge::FrontEndControl::vcdSelectDataObject(SimBridge::IDataObj const*) const+0x1a) [0x7f1383fbbd5a]
/opt/Xilinx/Vivado/2020.2/lib/lnx64.o/librdi_simdata.so(RSDData::RSDVCDObject::restart(SimBridge::ISimulationControl*)+0x25c) [0x7f1389ba097c]
/opt/Xilinx/Vivado/2020.2/lib/lnx64.o/librdi_simdata.so(RSDData::RSDLiveSimulationObject::issueRunRestart()+0x153) [0x7f1389b76063]
/opt/Xilinx/Vivado/2020.2/lib/lnx64.o/librdi_simtcltasks.so(+0x1f5eb0) [0x7f133590ceb0]
/opt/Xilinx/Vivado/2020.2/lib/lnx64.o/librdi_common.so(+0x9cfb1d) [0x7f13ca2afb1d]
/opt/Xilinx/Vivado/2020.2/lib/lnx64.o/libtcl8.5.so(+0x3356f) [0x7f13c401d56f]
/opt/Xilinx/Vivado/2020.2/lib/lnx64.o/libtcl8.5.so(+0x34bf8) [0x7f13c401ebf8]
/opt/Xilinx/Vivado/2020.2/lib/lnx64.o/libtcl8.5.so(Tcl_EvalEx+0x13) [0x7f13c401f163]
/opt/Xilinx/Vivado/2020.2/lib/lnx64.o/libtcl8.5.so(Tcl_FSEvalFileEx+0x1da) [0x7f13c4083d2a]
/opt/Xilinx/Vivado/2020.2/lib/lnx64.o/librdi_commontasks.so(+0x1f8c0d) [0x7f13bcae3c0d]
/opt/Xilinx/Vivado/2020.2/lib/lnx64.o/librdi_common.so(+0x9cfb1d) [0x7f13ca2afb1d]
/opt/Xilinx/Vivado/2020.2/lib/lnx64.o/libtcl8.5.so(+0x3356f) [0x7f13c401d56f]
/opt/Xilinx/Vivado/2020.2/lib/lnx64.o/libtcl8.5.so(+0x76945) [0x7f13c4060945]
/opt/Xilinx/Vivado/2020.2/lib/lnx64.o/libtcl8.5.so(+0x7e0f9) [0x7f13c40680f9]
/opt/Xilinx/Vivado/2020.2/lib/lnx64.o/libtcl8.5.so(TclEvalObjEx+0x76) [0x7f13c401f216]
/opt/Xilinx/Vivado/2020.2/lib/lnx64.o/librdi_common.so(+0x9ce041) [0x7f13ca2ae041]
/opt/Xilinx/Vivado/2020.2/lib/lnx64.o/libtcl8.5.so(Tcl_ServiceEvent+0x7f) [0x7f13c4091bef]
/opt/Xilinx/Vivado/2020.2/lib/lnx64.o/libtcl8.5.so(Tcl_DoOneEvent+0x154) [0x7f13c4091f24]
/opt/Xilinx/Vivado/2020.2/lib/lnx64.o/librdi_commontasks.so(+0x23caa5) [0x7f13bcb27aa5]
/opt/Xilinx/Vivado/2020.2/lib/lnx64.o/librdi_commontasks.so(+0x23fbb5) [0x7f13bcb2abb5]
/opt/Xilinx/Vivado/2020.2/lib/lnx64.o/librdi_commontasks.so(+0x240bde) [0x7f13bcb2bbde]
/opt/Xilinx/Vivado/2020.2/lib/lnx64.o/librdi_common.so(+0x9cfb1d) [0x7f13ca2afb1d]
/opt/Xilinx/Vivado/2020.2/lib/lnx64.o/libtcl8.5.so(+0x3356f) [0x7f13c401d56f]
/opt/Xilinx/Vivado/2020.2/lib/lnx64.o/libtcl8.5.so(+0x76945) [0x7f13c4060945]
/opt/Xilinx/Vivado/2020.2/lib/lnx64.o/libtcl8.5.so(+0x7e0f9) [0x7f13c40680f9]
/opt/Xilinx/Vivado/2020.2/lib/lnx64.o/libtcl8.5.so(TclEvalObjEx+0x76) [0x7f13c401f216]
/opt/Xilinx/Vivado/2020.2/lib/lnx64.o/librdi_commonmain.so(+0xad53) [0x7f13c96d8d53]
/opt/Xilinx/Vivado/2020.2/lib/lnx64.o/libtcl8.5.so(Tcl_Main+0x1d0) [0x7f13c408a2f0]
/opt/Xilinx/Vivado/2020.2/lib/lnx64.o/librdi_common.so(+0xa1442b) [0x7f13ca2f442b]
/lib/x86_64-linux-gnu/libpthread.so.0(+0x76db) [0x7f13c8b216db]
/lib/x86_64-linux-gnu/libc.so.6(clone+0x3f) [0x7f13c8e5a71f]
