#-----------------------------------------------------------
# Vivado v2020.2 (64-bit)
# SW Build 3064766 on Wed Nov 18 09:12:47 MST 2020
# IP Build 3064653 on Wed Nov 18 14:17:31 MST 2020
# Start of session at: Mon Jul 19 13:13:20 2021
# Process ID: 7497
# Current directory: /home/george/Documents/work/RISCV/Toast-RV32i/Scripts/vivado
# Command line: vivado
# Log file: /home/george/Documents/work/RISCV/Toast-RV32i/Scripts/vivado/vivado.log
# Journal file: /home/george/Documents/work/RISCV/Toast-RV32i/Scripts/vivado/vivado.jou
#-----------------------------------------------------------
start_gui
open_project /home/george/Documents/work/RISCV/RISCV_Project/RISCV_Project.xpr
WARNING: [filemgmt 56-3] Default IP Output Path : Could not find the directory '/home/george/Documents/work/RISCV/RISCV_Project/RISCV_Project.gen/sources_1'.
Scanning sources...
Finished scanning sources
INFO: [IP_Flow 19-234] Refreshing IP repositories
INFO: [IP_Flow 19-1704] No user IP repositories specified
INFO: [IP_Flow 19-2313] Loaded Vivado IP repository '/opt/Xilinx/Vivado/2020.2/data/ip'.
INFO: [IP_Flow 19-3899] Cannot get the environment domain name variable for the component vendor name. Setting the vendor name to 'user.org'.
open_project: Time (s): cpu = 00:00:18 ; elapsed = 00:00:07 . Memory (MB): peak = 7381.133 ; gain = 47.043 ; free physical = 10452 ; free virtual = 15390
update_compile_order -fileset sources_1
update_compile_order -fileset sim_1
launch_simulation
Command: launch_simulation 
INFO: [Vivado 12-5682] Launching behavioral simulation in '/home/george/Documents/work/RISCV/RISCV_Project/RISCV_Project.sim/sim_1/behav/xsim'
INFO: [SIM-utils-51] Simulation object is 'sim_1'
INFO: [SIM-utils-54] Inspecting design source files for 'riscvTests_tb' in fileset 'sim_1'...
INFO: [SIM-utils-43] Exported '/home/george/Documents/work/RISCV/RISCV_Project/RISCV_Project.sim/sim_1/behav/xsim/srli.S.mem'
INFO: [SIM-utils-43] Exported '/home/george/Documents/work/RISCV/RISCV_Project/RISCV_Project.sim/sim_1/behav/xsim/slti.S.mem'
INFO: [SIM-utils-43] Exported '/home/george/Documents/work/RISCV/RISCV_Project/RISCV_Project.sim/sim_1/behav/xsim/srl.S.mem'
INFO: [SIM-utils-43] Exported '/home/george/Documents/work/RISCV/RISCV_Project/RISCV_Project.sim/sim_1/behav/xsim/addi.S.mem'
INFO: [SIM-utils-43] Exported '/home/george/Documents/work/RISCV/RISCV_Project/RISCV_Project.sim/sim_1/behav/xsim/and.S.mem'
INFO: [SIM-utils-43] Exported '/home/george/Documents/work/RISCV/RISCV_Project/RISCV_Project.sim/sim_1/behav/xsim/lui.S.mem'
INFO: [SIM-utils-43] Exported '/home/george/Documents/work/RISCV/RISCV_Project/RISCV_Project.sim/sim_1/behav/xsim/sltu.S.mem'
INFO: [SIM-utils-43] Exported '/home/george/Documents/work/RISCV/RISCV_Project/RISCV_Project.sim/sim_1/behav/xsim/lb.S.mem'
INFO: [SIM-utils-43] Exported '/home/george/Documents/work/RISCV/RISCV_Project/RISCV_Project.sim/sim_1/behav/xsim/andi.S.mem'
INFO: [SIM-utils-43] Exported '/home/george/Documents/work/RISCV/RISCV_Project/RISCV_Project.sim/sim_1/behav/xsim/srai.S.mem'
INFO: [SIM-utils-43] Exported '/home/george/Documents/work/RISCV/RISCV_Project/RISCV_Project.sim/sim_1/behav/xsim/sll.S.mem'
INFO: [SIM-utils-43] Exported '/home/george/Documents/work/RISCV/RISCV_Project/RISCV_Project.sim/sim_1/behav/xsim/lhu.S.mem'
INFO: [SIM-utils-43] Exported '/home/george/Documents/work/RISCV/RISCV_Project/RISCV_Project.sim/sim_1/behav/xsim/slt.S.mem'
INFO: [SIM-utils-43] Exported '/home/george/Documents/work/RISCV/RISCV_Project/RISCV_Project.sim/sim_1/behav/xsim/bltu.S.mem'
INFO: [SIM-utils-43] Exported '/home/george/Documents/work/RISCV/RISCV_Project/RISCV_Project.sim/sim_1/behav/xsim/lbu.S.mem'
INFO: [SIM-utils-43] Exported '/home/george/Documents/work/RISCV/RISCV_Project/RISCV_Project.sim/sim_1/behav/xsim/ori.S.mem'
INFO: [SIM-utils-43] Exported '/home/george/Documents/work/RISCV/RISCV_Project/RISCV_Project.sim/sim_1/behav/xsim/sub.S.mem'
INFO: [SIM-utils-43] Exported '/home/george/Documents/work/RISCV/RISCV_Project/RISCV_Project.sim/sim_1/behav/xsim/sra.S.mem'
INFO: [SIM-utils-43] Exported '/home/george/Documents/work/RISCV/RISCV_Project/RISCV_Project.sim/sim_1/behav/xsim/bge.S.mem'
INFO: [SIM-utils-43] Exported '/home/george/Documents/work/RISCV/RISCV_Project/RISCV_Project.sim/sim_1/behav/xsim/or.S.mem'
INFO: [SIM-utils-43] Exported '/home/george/Documents/work/RISCV/RISCV_Project/RISCV_Project.sim/sim_1/behav/xsim/blt.S.mem'
INFO: [SIM-utils-43] Exported '/home/george/Documents/work/RISCV/RISCV_Project/RISCV_Project.sim/sim_1/behav/xsim/sltiu.S.mem'
INFO: [SIM-utils-43] Exported '/home/george/Documents/work/RISCV/RISCV_Project/RISCV_Project.sim/sim_1/behav/xsim/sb.S.mem'
INFO: [SIM-utils-43] Exported '/home/george/Documents/work/RISCV/RISCV_Project/RISCV_Project.sim/sim_1/behav/xsim/sw.S.mem'
INFO: [SIM-utils-43] Exported '/home/george/Documents/work/RISCV/RISCV_Project/RISCV_Project.sim/sim_1/behav/xsim/lw.S.mem'
INFO: [SIM-utils-43] Exported '/home/george/Documents/work/RISCV/RISCV_Project/RISCV_Project.sim/sim_1/behav/xsim/xor.S.mem'
INFO: [SIM-utils-43] Exported '/home/george/Documents/work/RISCV/RISCV_Project/RISCV_Project.sim/sim_1/behav/xsim/auipc.S.mem'
INFO: [SIM-utils-43] Exported '/home/george/Documents/work/RISCV/RISCV_Project/RISCV_Project.sim/sim_1/behav/xsim/beq.S.mem'
INFO: [SIM-utils-43] Exported '/home/george/Documents/work/RISCV/RISCV_Project/RISCV_Project.sim/sim_1/behav/xsim/jalr.S.mem'
INFO: [SIM-utils-43] Exported '/home/george/Documents/work/RISCV/RISCV_Project/RISCV_Project.sim/sim_1/behav/xsim/xori.S.mem'
INFO: [SIM-utils-43] Exported '/home/george/Documents/work/RISCV/RISCV_Project/RISCV_Project.sim/sim_1/behav/xsim/add.S.mem'
INFO: [SIM-utils-43] Exported '/home/george/Documents/work/RISCV/RISCV_Project/RISCV_Project.sim/sim_1/behav/xsim/bne.S.mem'
INFO: [SIM-utils-43] Exported '/home/george/Documents/work/RISCV/RISCV_Project/RISCV_Project.sim/sim_1/behav/xsim/slli.S.mem'
INFO: [SIM-utils-43] Exported '/home/george/Documents/work/RISCV/RISCV_Project/RISCV_Project.sim/sim_1/behav/xsim/jal.S.mem'
INFO: [SIM-utils-43] Exported '/home/george/Documents/work/RISCV/RISCV_Project/RISCV_Project.sim/sim_1/behav/xsim/sh.S.mem'
INFO: [SIM-utils-43] Exported '/home/george/Documents/work/RISCV/RISCV_Project/RISCV_Project.sim/sim_1/behav/xsim/bgeu.S.mem'
INFO: [SIM-utils-43] Exported '/home/george/Documents/work/RISCV/RISCV_Project/RISCV_Project.sim/sim_1/behav/xsim/lh.S.mem'
INFO: [USF-XSim-97] Finding global include files...
INFO: [USF-XSim-98] Fetching design files from 'sim_1'...
INFO: [USF-XSim-2] XSim::Compile design
INFO: [USF-XSim-61] Executing 'COMPILE and ANALYZE' step in '/home/george/Documents/work/RISCV/RISCV_Project/RISCV_Project.sim/sim_1/behav/xsim'
xvlog --incr --relax -L uvm -prj riscvTests_tb_vlog.prj
INFO: [VRFC 10-2263] Analyzing SystemVerilog file "/home/george/Documents/work/RISCV/Toast-RV32i/Sources/RV32I_definitions.sv" into library xil_defaultlib
INFO: [VRFC 10-2263] Analyzing SystemVerilog file "/home/george/Documents/work/RISCV/RISCV_Project/RISCV_Project.srcs/sim_1/imports/Sources/RV32I_definitions.sv" into library xil_defaultlib
WARNING: [VRFC 10-3264] design element 'RV32I_definitions' is previously defined, ignoring this definition [/home/george/Documents/work/RISCV/RISCV_Project/RISCV_Project.srcs/sim_1/imports/Sources/RV32I_definitions.sv:25]
INFO: [VRFC 10-2263] Analyzing SystemVerilog file "/home/george/Documents/work/RISCV/Toast-RV32i/Sources/EX_ALU.sv" into library xil_defaultlib
INFO: [VRFC 10-311] analyzing module EX_ALU
INFO: [VRFC 10-2263] Analyzing SystemVerilog file "/home/george/Documents/work/RISCV/Toast-RV32i/Sources/EX_top.sv" into library xil_defaultlib
INFO: [VRFC 10-311] analyzing module EX_top
INFO: [VRFC 10-2263] Analyzing SystemVerilog file "/home/george/Documents/work/RISCV/Toast-RV32i/Sources/ID_Branch_gen.sv" into library xil_defaultlib
INFO: [VRFC 10-311] analyzing module Branch_gen
INFO: [VRFC 10-2263] Analyzing SystemVerilog file "/home/george/Documents/work/RISCV/Toast-RV32i/Sources/ID_control.sv" into library xil_defaultlib
INFO: [VRFC 10-311] analyzing module ID_control
INFO: [VRFC 10-2263] Analyzing SystemVerilog file "/home/george/Documents/work/RISCV/Toast-RV32i/Sources/ID_regfile.sv" into library xil_defaultlib
INFO: [VRFC 10-311] analyzing module ID_regfile
INFO: [VRFC 10-2263] Analyzing SystemVerilog file "/home/george/Documents/work/RISCV/Toast-RV32i/Sources/ID_top.sv" into library xil_defaultlib
INFO: [VRFC 10-311] analyzing module ID_top
INFO: [VRFC 10-2458] undeclared symbol Mem_rd_en_i, assumed default net type wire [/home/george/Documents/work/RISCV/Toast-RV32i/Sources/ID_top.sv:132]
INFO: [VRFC 10-2263] Analyzing SystemVerilog file "/home/george/Documents/work/RISCV/Toast-RV32i/Sources/IF_PC.sv" into library xil_defaultlib
INFO: [VRFC 10-311] analyzing module PC
INFO: [VRFC 10-2263] Analyzing SystemVerilog file "/home/george/Documents/work/RISCV/Toast-RV32i/Sources/IF_top.sv" into library xil_defaultlib
INFO: [VRFC 10-311] analyzing module IF_top
INFO: [VRFC 10-2263] Analyzing SystemVerilog file "/home/george/Documents/work/RISCV/Toast-RV32i/Sources/MEM_top.sv" into library xil_defaultlib
INFO: [VRFC 10-311] analyzing module MEM_top
ERROR: [VRFC 10-2989] 'misaligned_load' is not declared [/home/george/Documents/work/RISCV/Toast-RV32i/Sources/MEM_top.sv:99]
ERROR: [VRFC 10-2865] module 'MEM_top' ignored due to previous errors [/home/george/Documents/work/RISCV/Toast-RV32i/Sources/MEM_top.sv:30]
INFO: [USF-XSim-69] 'compile' step finished in '1' seconds
INFO: [USF-XSim-99] Step results log file:'/home/george/Documents/work/RISCV/RISCV_Project/RISCV_Project.sim/sim_1/behav/xsim/xvlog.log'
ERROR: [USF-XSim-62] 'compile' step failed with error(s). Please check the Tcl console output or '/home/george/Documents/work/RISCV/RISCV_Project/RISCV_Project.sim/sim_1/behav/xsim/xvlog.log' file for more information.
ERROR: [Vivado 12-4473] Detected error while running simulation. Please correct the issue and retry this operation.
ERROR: [Common 17-39] 'launch_simulation' failed due to earlier errors.
launch_simulation
Command: launch_simulation 
INFO: [Vivado 12-5682] Launching behavioral simulation in '/home/george/Documents/work/RISCV/RISCV_Project/RISCV_Project.sim/sim_1/behav/xsim'
INFO: [SIM-utils-51] Simulation object is 'sim_1'
INFO: [SIM-utils-54] Inspecting design source files for 'riscvTests_tb' in fileset 'sim_1'...
INFO: [SIM-utils-43] Exported '/home/george/Documents/work/RISCV/RISCV_Project/RISCV_Project.sim/sim_1/behav/xsim/srli.S.mem'
INFO: [SIM-utils-43] Exported '/home/george/Documents/work/RISCV/RISCV_Project/RISCV_Project.sim/sim_1/behav/xsim/slti.S.mem'
INFO: [SIM-utils-43] Exported '/home/george/Documents/work/RISCV/RISCV_Project/RISCV_Project.sim/sim_1/behav/xsim/srl.S.mem'
INFO: [SIM-utils-43] Exported '/home/george/Documents/work/RISCV/RISCV_Project/RISCV_Project.sim/sim_1/behav/xsim/addi.S.mem'
INFO: [SIM-utils-43] Exported '/home/george/Documents/work/RISCV/RISCV_Project/RISCV_Project.sim/sim_1/behav/xsim/and.S.mem'
INFO: [SIM-utils-43] Exported '/home/george/Documents/work/RISCV/RISCV_Project/RISCV_Project.sim/sim_1/behav/xsim/lui.S.mem'
INFO: [SIM-utils-43] Exported '/home/george/Documents/work/RISCV/RISCV_Project/RISCV_Project.sim/sim_1/behav/xsim/sltu.S.mem'
INFO: [SIM-utils-43] Exported '/home/george/Documents/work/RISCV/RISCV_Project/RISCV_Project.sim/sim_1/behav/xsim/lb.S.mem'
INFO: [SIM-utils-43] Exported '/home/george/Documents/work/RISCV/RISCV_Project/RISCV_Project.sim/sim_1/behav/xsim/andi.S.mem'
INFO: [SIM-utils-43] Exported '/home/george/Documents/work/RISCV/RISCV_Project/RISCV_Project.sim/sim_1/behav/xsim/srai.S.mem'
INFO: [SIM-utils-43] Exported '/home/george/Documents/work/RISCV/RISCV_Project/RISCV_Project.sim/sim_1/behav/xsim/sll.S.mem'
INFO: [SIM-utils-43] Exported '/home/george/Documents/work/RISCV/RISCV_Project/RISCV_Project.sim/sim_1/behav/xsim/lhu.S.mem'
INFO: [SIM-utils-43] Exported '/home/george/Documents/work/RISCV/RISCV_Project/RISCV_Project.sim/sim_1/behav/xsim/slt.S.mem'
INFO: [SIM-utils-43] Exported '/home/george/Documents/work/RISCV/RISCV_Project/RISCV_Project.sim/sim_1/behav/xsim/bltu.S.mem'
INFO: [SIM-utils-43] Exported '/home/george/Documents/work/RISCV/RISCV_Project/RISCV_Project.sim/sim_1/behav/xsim/lbu.S.mem'
INFO: [SIM-utils-43] Exported '/home/george/Documents/work/RISCV/RISCV_Project/RISCV_Project.sim/sim_1/behav/xsim/ori.S.mem'
INFO: [SIM-utils-43] Exported '/home/george/Documents/work/RISCV/RISCV_Project/RISCV_Project.sim/sim_1/behav/xsim/sub.S.mem'
INFO: [SIM-utils-43] Exported '/home/george/Documents/work/RISCV/RISCV_Project/RISCV_Project.sim/sim_1/behav/xsim/sra.S.mem'
INFO: [SIM-utils-43] Exported '/home/george/Documents/work/RISCV/RISCV_Project/RISCV_Project.sim/sim_1/behav/xsim/bge.S.mem'
INFO: [SIM-utils-43] Exported '/home/george/Documents/work/RISCV/RISCV_Project/RISCV_Project.sim/sim_1/behav/xsim/or.S.mem'
INFO: [SIM-utils-43] Exported '/home/george/Documents/work/RISCV/RISCV_Project/RISCV_Project.sim/sim_1/behav/xsim/blt.S.mem'
INFO: [SIM-utils-43] Exported '/home/george/Documents/work/RISCV/RISCV_Project/RISCV_Project.sim/sim_1/behav/xsim/sltiu.S.mem'
INFO: [SIM-utils-43] Exported '/home/george/Documents/work/RISCV/RISCV_Project/RISCV_Project.sim/sim_1/behav/xsim/sb.S.mem'
INFO: [SIM-utils-43] Exported '/home/george/Documents/work/RISCV/RISCV_Project/RISCV_Project.sim/sim_1/behav/xsim/sw.S.mem'
INFO: [SIM-utils-43] Exported '/home/george/Documents/work/RISCV/RISCV_Project/RISCV_Project.sim/sim_1/behav/xsim/lw.S.mem'
INFO: [SIM-utils-43] Exported '/home/george/Documents/work/RISCV/RISCV_Project/RISCV_Project.sim/sim_1/behav/xsim/xor.S.mem'
INFO: [SIM-utils-43] Exported '/home/george/Documents/work/RISCV/RISCV_Project/RISCV_Project.sim/sim_1/behav/xsim/auipc.S.mem'
INFO: [SIM-utils-43] Exported '/home/george/Documents/work/RISCV/RISCV_Project/RISCV_Project.sim/sim_1/behav/xsim/beq.S.mem'
INFO: [SIM-utils-43] Exported '/home/george/Documents/work/RISCV/RISCV_Project/RISCV_Project.sim/sim_1/behav/xsim/jalr.S.mem'
INFO: [SIM-utils-43] Exported '/home/george/Documents/work/RISCV/RISCV_Project/RISCV_Project.sim/sim_1/behav/xsim/xori.S.mem'
INFO: [SIM-utils-43] Exported '/home/george/Documents/work/RISCV/RISCV_Project/RISCV_Project.sim/sim_1/behav/xsim/add.S.mem'
INFO: [SIM-utils-43] Exported '/home/george/Documents/work/RISCV/RISCV_Project/RISCV_Project.sim/sim_1/behav/xsim/bne.S.mem'
INFO: [SIM-utils-43] Exported '/home/george/Documents/work/RISCV/RISCV_Project/RISCV_Project.sim/sim_1/behav/xsim/slli.S.mem'
INFO: [SIM-utils-43] Exported '/home/george/Documents/work/RISCV/RISCV_Project/RISCV_Project.sim/sim_1/behav/xsim/jal.S.mem'
INFO: [SIM-utils-43] Exported '/home/george/Documents/work/RISCV/RISCV_Project/RISCV_Project.sim/sim_1/behav/xsim/sh.S.mem'
INFO: [SIM-utils-43] Exported '/home/george/Documents/work/RISCV/RISCV_Project/RISCV_Project.sim/sim_1/behav/xsim/bgeu.S.mem'
INFO: [SIM-utils-43] Exported '/home/george/Documents/work/RISCV/RISCV_Project/RISCV_Project.sim/sim_1/behav/xsim/lh.S.mem'
INFO: [USF-XSim-97] Finding global include files...
INFO: [USF-XSim-98] Fetching design files from 'sim_1'...
INFO: [USF-XSim-2] XSim::Compile design
INFO: [USF-XSim-61] Executing 'COMPILE and ANALYZE' step in '/home/george/Documents/work/RISCV/RISCV_Project/RISCV_Project.sim/sim_1/behav/xsim'
xvlog --incr --relax -L uvm -prj riscvTests_tb_vlog.prj
INFO: [VRFC 10-2263] Analyzing SystemVerilog file "/home/george/Documents/work/RISCV/Toast-RV32i/Sources/RV32I_definitions.sv" into library xil_defaultlib
INFO: [VRFC 10-2263] Analyzing SystemVerilog file "/home/george/Documents/work/RISCV/RISCV_Project/RISCV_Project.srcs/sim_1/imports/Sources/RV32I_definitions.sv" into library xil_defaultlib
WARNING: [VRFC 10-3264] design element 'RV32I_definitions' is previously defined, ignoring this definition [/home/george/Documents/work/RISCV/RISCV_Project/RISCV_Project.srcs/sim_1/imports/Sources/RV32I_definitions.sv:25]
INFO: [VRFC 10-2263] Analyzing SystemVerilog file "/home/george/Documents/work/RISCV/Toast-RV32i/Sources/EX_ALU.sv" into library xil_defaultlib
INFO: [VRFC 10-311] analyzing module EX_ALU
INFO: [VRFC 10-2263] Analyzing SystemVerilog file "/home/george/Documents/work/RISCV/Toast-RV32i/Sources/EX_top.sv" into library xil_defaultlib
INFO: [VRFC 10-311] analyzing module EX_top
INFO: [VRFC 10-2263] Analyzing SystemVerilog file "/home/george/Documents/work/RISCV/Toast-RV32i/Sources/ID_Branch_gen.sv" into library xil_defaultlib
INFO: [VRFC 10-311] analyzing module Branch_gen
INFO: [VRFC 10-2263] Analyzing SystemVerilog file "/home/george/Documents/work/RISCV/Toast-RV32i/Sources/ID_control.sv" into library xil_defaultlib
INFO: [VRFC 10-311] analyzing module ID_control
INFO: [VRFC 10-2263] Analyzing SystemVerilog file "/home/george/Documents/work/RISCV/Toast-RV32i/Sources/ID_regfile.sv" into library xil_defaultlib
INFO: [VRFC 10-311] analyzing module ID_regfile
INFO: [VRFC 10-2263] Analyzing SystemVerilog file "/home/george/Documents/work/RISCV/Toast-RV32i/Sources/ID_top.sv" into library xil_defaultlib
INFO: [VRFC 10-311] analyzing module ID_top
INFO: [VRFC 10-2458] undeclared symbol Mem_rd_en_i, assumed default net type wire [/home/george/Documents/work/RISCV/Toast-RV32i/Sources/ID_top.sv:132]
INFO: [VRFC 10-2263] Analyzing SystemVerilog file "/home/george/Documents/work/RISCV/Toast-RV32i/Sources/IF_PC.sv" into library xil_defaultlib
INFO: [VRFC 10-311] analyzing module PC
INFO: [VRFC 10-2263] Analyzing SystemVerilog file "/home/george/Documents/work/RISCV/Toast-RV32i/Sources/IF_top.sv" into library xil_defaultlib
INFO: [VRFC 10-311] analyzing module IF_top
INFO: [VRFC 10-2263] Analyzing SystemVerilog file "/home/george/Documents/work/RISCV/Toast-RV32i/Sources/MEM_top.sv" into library xil_defaultlib
INFO: [VRFC 10-311] analyzing module MEM_top
INFO: [VRFC 10-2263] Analyzing SystemVerilog file "/home/george/Documents/work/RISCV/Toast-RV32i/Sources/Pipe_Forwarding.sv" into library xil_defaultlib
INFO: [VRFC 10-311] analyzing module Forwarding
INFO: [VRFC 10-2263] Analyzing SystemVerilog file "/home/george/Documents/work/RISCV/Toast-RV32i/Sources/Pipe_Hazard.sv" into library xil_defaultlib
INFO: [VRFC 10-311] analyzing module Hazard_detection
INFO: [VRFC 10-2263] Analyzing SystemVerilog file "/home/george/Documents/work/RISCV/Toast-RV32i/Sources/ToastCore.sv" into library xil_defaultlib
INFO: [VRFC 10-311] analyzing module ToastCore
INFO: [VRFC 10-2458] undeclared symbol WB_RegFile_wr_en, assumed default net type wire [/home/george/Documents/work/RISCV/Toast-RV32i/Sources/ToastCore.sv:162]
INFO: [VRFC 10-2263] Analyzing SystemVerilog file "/home/george/Documents/work/RISCV/Toast-RV32i/Sources/WB_top.sv" into library xil_defaultlib
INFO: [VRFC 10-311] analyzing module WB_top
INFO: [VRFC 10-2263] Analyzing SystemVerilog file "/home/george/Documents/work/RISCV/Toast-RV32i/Test/riscv-tests_tb.sv" into library xil_defaultlib
INFO: [VRFC 10-311] analyzing module riscvTests_tb
Waiting for jobs to finish...
No pending jobs, compilation finished.
INFO: [USF-XSim-69] 'compile' step finished in '1' seconds
INFO: [USF-XSim-3] XSim::Elaborate design
INFO: [USF-XSim-61] Executing 'ELABORATE' step in '/home/george/Documents/work/RISCV/RISCV_Project/RISCV_Project.sim/sim_1/behav/xsim'
xelab -wto 4ab5102faaa04b3ba47706ec12b94608 --incr --debug typical --relax --mt 8 -L xil_defaultlib -L uvm -L unisims_ver -L unimacro_ver -L secureip --snapshot riscvTests_tb_behav xil_defaultlib.riscvTests_tb xil_defaultlib.glbl -log elaborate.log
Vivado Simulator 2020.2
Copyright 1986-1999, 2001-2020 Xilinx, Inc. All Rights Reserved.
Running: /opt/Xilinx/Vivado/2020.2/bin/unwrapped/lnx64.o/xelab -wto 4ab5102faaa04b3ba47706ec12b94608 --incr --debug typical --relax --mt 8 -L xil_defaultlib -L uvm -L unisims_ver -L unimacro_ver -L secureip --snapshot riscvTests_tb_behav xil_defaultlib.riscvTests_tb xil_defaultlib.glbl -log elaborate.log 
Using 8 slave threads.
Starting static elaboration
Pass Through NonSizing Optimizer
Completed static elaboration
Starting simulation data flow analysis
Completed simulation data flow analysis
Time Resolution for simulation is 1ps
Compiling module xil_defaultlib.Forwarding
Compiling module xil_defaultlib.Hazard_detection
Compiling module xil_defaultlib.PC
Compiling module xil_defaultlib.IF_top
Compiling module xil_defaultlib.ID_control
Compiling module xil_defaultlib.ID_regfile
Compiling module xil_defaultlib.Branch_gen
Compiling module xil_defaultlib.ID_top
Compiling module xil_defaultlib.EX_ALU
Compiling module xil_defaultlib.EX_top
Compiling module xil_defaultlib.MEM_top
Compiling module xil_defaultlib.WB_top
Compiling module xil_defaultlib.ToastCore
Compiling module xil_defaultlib.riscvTests_tb
Compiling module xil_defaultlib.glbl
Built simulation snapshot riscvTests_tb_behav

****** Webtalk v2020.2 (64-bit)
  **** SW Build 3064766 on Wed Nov 18 09:12:47 MST 2020
  **** IP Build 3064653 on Wed Nov 18 14:17:31 MST 2020
    ** Copyright 1986-2020 Xilinx, Inc. All Rights Reserved.

source /home/george/Documents/work/RISCV/RISCV_Project/RISCV_Project.sim/sim_1/behav/xsim/xsim.dir/riscvTests_tb_behav/webtalk/xsim_webtalk.tcl -notrace
INFO: [Common 17-186] '/home/george/Documents/work/RISCV/RISCV_Project/RISCV_Project.sim/sim_1/behav/xsim/xsim.dir/riscvTests_tb_behav/webtalk/usage_statistics_ext_xsim.xml' has been successfully sent to Xilinx on Mon Jul 19 13:15:43 2021. For additional details about this file, please refer to the WebTalk help file at /opt/Xilinx/Vivado/2020.2/doc/webtalk_introduction.html.
INFO: [Common 17-206] Exiting Webtalk at Mon Jul 19 13:15:43 2021...
run_program: Time (s): cpu = 00:00:07 ; elapsed = 00:00:06 . Memory (MB): peak = 7712.254 ; gain = 0.000 ; free physical = 10758 ; free virtual = 15740
INFO: [USF-XSim-69] 'elaborate' step finished in '7' seconds
INFO: [USF-XSim-4] XSim::Simulate design
INFO: [USF-XSim-61] Executing 'SIMULATE' step in '/home/george/Documents/work/RISCV/RISCV_Project/RISCV_Project.sim/sim_1/behav/xsim'
INFO: [USF-XSim-98] *** Running xsim
   with args "riscvTests_tb_behav -key {Behavioral:sim_1:Functional:riscvTests_tb} -tclbatch {riscvTests_tb.tcl} -view {/home/george/Documents/work/RISCV/RISCV_Project/riscvTests_tb_behav.wcfg} -log {simulate.log}"
INFO: [USF-XSim-8] Loading simulator feature
Vivado Simulator 2020.2
Time resolution is 1 ps
open_wave_config /home/george/Documents/work/RISCV/RISCV_Project/riscvTests_tb_behav.wcfg
