#-----------------------------------------------------------
# Vivado v2020.2 (64-bit)
# SW Build 3064766 on Wed Nov 18 09:12:47 MST 2020
# IP Build 3064653 on Wed Nov 18 14:17:31 MST 2020
# Start of session at: Wed Jul 14 10:03:23 2021
# Process ID: 17681
# Current directory: /home/george/Documents/work/RISCV/Toast-RV32i/Scripts/vivado
# Command line: vivado
# Log file: /home/george/Documents/work/RISCV/Toast-RV32i/Scripts/vivado/vivado.log
# Journal file: /home/george/Documents/work/RISCV/Toast-RV32i/Scripts/vivado/vivado.jou
#-----------------------------------------------------------
start_gui
open_project /home/george/Documents/work/RISCV/RISCV_Project/RISCV_Project.xpr
WARNING: [filemgmt 56-3] Default IP Output Path : Could not find the directory '/home/george/Documents/work/RISCV/RISCV_Project/RISCV_Project.gen/sources_1'.
Scanning sources...
Finished scanning sources
INFO: [IP_Flow 19-234] Refreshing IP repositories
INFO: [IP_Flow 19-1704] No user IP repositories specified
INFO: [IP_Flow 19-2313] Loaded Vivado IP repository '/opt/Xilinx/Vivado/2020.2/data/ip'.
INFO: [IP_Flow 19-3899] Cannot get the environment domain name variable for the component vendor name. Setting the vendor name to 'user.org'.
open_project: Time (s): cpu = 00:00:19 ; elapsed = 00:00:06 . Memory (MB): peak = 7414.816 ; gain = 46.082 ; free physical = 10417 ; free virtual = 15272
update_compile_order -fileset sources_1
launch_simulation
Command: launch_simulation 
INFO: [Vivado 12-5682] Launching behavioral simulation in '/home/george/Documents/work/RISCV/RISCV_Project/RISCV_Project.sim/sim_1/behav/xsim'
INFO: [SIM-utils-51] Simulation object is 'sim_1'
INFO: [SIM-utils-54] Inspecting design source files for 'riscvTests_tb' in fileset 'sim_1'...
INFO: [SIM-utils-43] Exported '/home/george/Documents/work/RISCV/RISCV_Project/RISCV_Project.sim/sim_1/behav/xsim/add.mem'
INFO: [SIM-utils-43] Exported '/home/george/Documents/work/RISCV/RISCV_Project/RISCV_Project.sim/sim_1/behav/xsim/addi.mem'
INFO: [SIM-utils-43] Exported '/home/george/Documents/work/RISCV/RISCV_Project/RISCV_Project.sim/sim_1/behav/xsim/and.mem'
INFO: [SIM-utils-43] Exported '/home/george/Documents/work/RISCV/RISCV_Project/RISCV_Project.sim/sim_1/behav/xsim/auipc.mem'
INFO: [USF-XSim-97] Finding global include files...
INFO: [USF-XSim-98] Fetching design files from 'sim_1'...
INFO: [USF-XSim-2] XSim::Compile design
INFO: [USF-XSim-61] Executing 'COMPILE and ANALYZE' step in '/home/george/Documents/work/RISCV/RISCV_Project/RISCV_Project.sim/sim_1/behav/xsim'
xvlog --incr --relax -L uvm -prj riscvTests_tb_vlog.prj
Waiting for jobs to finish...
No pending jobs, compilation finished.
INFO: [USF-XSim-69] 'compile' step finished in '1' seconds
INFO: [USF-XSim-3] XSim::Elaborate design
INFO: [USF-XSim-61] Executing 'ELABORATE' step in '/home/george/Documents/work/RISCV/RISCV_Project/RISCV_Project.sim/sim_1/behav/xsim'
xelab -wto 4ab5102faaa04b3ba47706ec12b94608 --incr --debug typical --relax --mt 8 -L xil_defaultlib -L uvm -L unisims_ver -L unimacro_ver -L secureip --snapshot riscvTests_tb_behav xil_defaultlib.riscvTests_tb xil_defaultlib.glbl -log elaborate.log
Vivado Simulator 2020.2
Copyright 1986-1999, 2001-2020 Xilinx, Inc. All Rights Reserved.
Running: /opt/Xilinx/Vivado/2020.2/bin/unwrapped/lnx64.o/xelab -wto 4ab5102faaa04b3ba47706ec12b94608 --incr --debug typical --relax --mt 8 -L xil_defaultlib -L uvm -L unisims_ver -L unimacro_ver -L secureip --snapshot riscvTests_tb_behav xil_defaultlib.riscvTests_tb xil_defaultlib.glbl -log elaborate.log 
Using 8 slave threads.
Starting static elaboration
Pass Through NonSizing Optimizer
Completed static elaboration
INFO: [XSIM 43-4323] No Change in HDL. Linking previously generated obj files to create kernel
INFO: [USF-XSim-69] 'elaborate' step finished in '2' seconds
INFO: [USF-XSim-4] XSim::Simulate design
INFO: [USF-XSim-61] Executing 'SIMULATE' step in '/home/george/Documents/work/RISCV/RISCV_Project/RISCV_Project.sim/sim_1/behav/xsim'
INFO: [USF-XSim-98] *** Running xsim
   with args "riscvTests_tb_behav -key {Behavioral:sim_1:Functional:riscvTests_tb} -tclbatch {riscvTests_tb.tcl} -view {/home/george/Documents/work/RISCV/RISCV_Project/riscvTests_tb_behav.wcfg} -log {simulate.log}"
INFO: [USF-XSim-8] Loading simulator feature
Vivado Simulator 2020.2
Time resolution is 1 ps
open_wave_config /home/george/Documents/work/RISCV/RISCV_Project/riscvTests_tb_behav.wcfg
source riscvTests_tb.tcl
# set curr_wave [current_wave_config]
# if { [string length $curr_wave] == 0 } {
#   if { [llength [get_objects]] > 0} {
#     add_wave /
#     set_property needs_save false [current_wave_config]
#   } else {
#      send_msg_id Add_Wave-1 WARNING "No top level signals found. Simulator will start without a wave window. If you want to open a wave window go to 'File->New Waveform Configuration' or type 'create_wave_config' in the TCL console."
#   }
# }
# run 1000ns
INFO: [USF-XSim-96] XSim completed. Design snapshot 'riscvTests_tb_behav' loaded.
INFO: [USF-XSim-97] XSim simulation ran for 1000ns
launch_simulation: Time (s): cpu = 00:00:13 ; elapsed = 00:00:06 . Memory (MB): peak = 7611.660 ; gain = 143.816 ; free physical = 10360 ; free virtual = 15217
source rvTest.tcl
# open_vcd
# log_vcd /riscvTests_tb/*
close_vcd
rvTest.tcl
invalid command name "rvTest.tcl"
source rvTest.tcl
# open_vcd
# log_vcd /riscvTests_tb/*
restart
INFO: [Simtcl 6-17] Simulation restarted
source rvTest.tcl
# open_vcd
ERROR: [Simtcl 6-22] VCD Object already exists: vcd1
close_vcd
source rvTest.tcl
# open_vcd
# log_vcd /riscvTests_tb/*
source rvTest.tcl
# restart
INFO: [Simtcl 6-17] Simulation restarted
# open_vcd
ERROR: [Simtcl 6-22] VCD Object already exists: vcd1
close_vcd
source rvTest.tcl
# restart
INFO: [Simtcl 6-17] Simulation restarted
# open_vcd
# log_vcd /riscvTests_tb/*
run 1000 ns
export_ip_user_files -of_objects  [get_files /home/george/Documents/work/RISCV/RISCV_Project/RISCV_Project.srcs/sources_1/imports/Mem/auipc.mem] -no_script -reset -force -quiet
remove_files  /home/george/Documents/work/RISCV/RISCV_Project/RISCV_Project.srcs/sources_1/imports/Mem/auipc.mem
add_files -norecurse -scan_for_includes /home/george/Documents/work/RISCV/Toast-RV32i/Mem/auipc.mem
import_files -force -norecurse /home/george/Documents/work/RISCV/Toast-RV32i/Mem/auipc.mem
close_vcd
source rvTest.tcl
# restart
INFO: [Simtcl 6-17] Simulation restarted
# open_vcd
# log_vcd /riscvTests_tb/*
relaunch_sim
Command: launch_simulation -simset sim_1 -mode behavioral
INFO: [Vivado 12-5682] Launching behavioral simulation in '/home/george/Documents/work/RISCV/RISCV_Project/RISCV_Project.sim/sim_1/behav/xsim'
INFO: [SIM-utils-51] Simulation object is 'sim_1'
INFO: [SIM-utils-54] Inspecting design source files for 'riscvTests_tb' in fileset 'sim_1'...
INFO: [SIM-utils-43] Exported '/home/george/Documents/work/RISCV/RISCV_Project/RISCV_Project.sim/sim_1/behav/xsim/add.mem'
INFO: [SIM-utils-43] Exported '/home/george/Documents/work/RISCV/RISCV_Project/RISCV_Project.sim/sim_1/behav/xsim/addi.mem'
INFO: [SIM-utils-43] Exported '/home/george/Documents/work/RISCV/RISCV_Project/RISCV_Project.sim/sim_1/behav/xsim/and.mem'
INFO: [SIM-utils-43] Exported '/home/george/Documents/work/RISCV/RISCV_Project/RISCV_Project.sim/sim_1/behav/xsim/auipc.mem'
INFO: [USF-XSim-97] Finding global include files...
INFO: [USF-XSim-98] Fetching design files from 'sim_1'...
INFO: [USF-XSim-2] XSim::Compile design
INFO: [USF-XSim-61] Executing 'COMPILE and ANALYZE' step in '/home/george/Documents/work/RISCV/RISCV_Project/RISCV_Project.sim/sim_1/behav/xsim'
xvlog --incr --relax -L uvm -prj riscvTests_tb_vlog.prj
Waiting for jobs to finish...
No pending jobs, compilation finished.
INFO: [USF-XSim-69] 'compile' step finished in '2' seconds
Command: launch_simulation -simset sim_1 -mode behavioral
INFO: [Vivado 12-5682] Launching behavioral simulation in '/home/george/Documents/work/RISCV/RISCV_Project/RISCV_Project.sim/sim_1/behav/xsim'
INFO: [USF-XSim-3] XSim::Elaborate design
INFO: [USF-XSim-61] Executing 'ELABORATE' step in '/home/george/Documents/work/RISCV/RISCV_Project/RISCV_Project.sim/sim_1/behav/xsim'
xelab -wto 4ab5102faaa04b3ba47706ec12b94608 --incr --debug typical --relax --mt 8 -L xil_defaultlib -L uvm -L unisims_ver -L unimacro_ver -L secureip --snapshot riscvTests_tb_behav xil_defaultlib.riscvTests_tb xil_defaultlib.glbl -log elaborate.log
Vivado Simulator 2020.2
Copyright 1986-1999, 2001-2020 Xilinx, Inc. All Rights Reserved.
Running: /opt/Xilinx/Vivado/2020.2/bin/unwrapped/lnx64.o/xelab -wto 4ab5102faaa04b3ba47706ec12b94608 --incr --debug typical --relax --mt 8 -L xil_defaultlib -L uvm -L unisims_ver -L unimacro_ver -L secureip --snapshot riscvTests_tb_behav xil_defaultlib.riscvTests_tb xil_defaultlib.glbl -log elaborate.log 
Using 8 slave threads.
Starting static elaboration
Pass Through NonSizing Optimizer
Completed static elaboration
INFO: [XSIM 43-4323] No Change in HDL. Linking previously generated obj files to create kernel
INFO: [USF-XSim-69] 'elaborate' step finished in '1' seconds
Vivado Simulator 2020.2
Time resolution is 1 ps
relaunch_sim: Time (s): cpu = 00:00:06 ; elapsed = 00:00:06 . Memory (MB): peak = 7647.809 ; gain = 0.000 ; free physical = 10308 ; free virtual = 15196
source rvTest.tcl
# restart
