
===========================================================================
report_checks -path_delay min (Hold)
============================================================================
Startpoint: _15723_ (rising edge-triggered flip-flop clocked by clk_i)
Endpoint: _16039_ (rising edge-triggered flip-flop clocked by clk_i)
Path Group: clk_i
Path Type: min

Fanout     Cap    Slew   Delay    Time   Description
-----------------------------------------------------------------------------
                  0.15    0.00    0.00   clock clk_i (rise edge)
                          0.00    0.00   clock network delay (ideal)
                  0.15    0.00    0.00 ^ _15723_/CLK (sky130_fd_sc_hd__dfxtp_2)
                  0.04    0.34    0.34 v _15723_/Q (sky130_fd_sc_hd__dfxtp_2)
     5    0.01                           branchgen_i.EX_rd_addr_i[4] (net)
                  0.04    0.00    0.34 v _07528_/A (sky130_fd_sc_hd__inv_2)
                  0.04    0.05    0.39 ^ _07528_/Y (sky130_fd_sc_hd__inv_2)
     2    0.01                           _01824_ (net)
                  0.04    0.00    0.39 ^ _14590_/B (sky130_fd_sc_hd__nor2_2)
                  0.01    0.02    0.42 v _14590_/Y (sky130_fd_sc_hd__nor2_2)
     1    0.00                           _01448_ (net)
                  0.01    0.00    0.42 v _16039_/D (sky130_fd_sc_hd__dfxtp_2)
                                  0.42   data arrival time

                  0.15    0.00    0.00   clock clk_i (rise edge)
                          0.00    0.00   clock network delay (ideal)
                          0.25    0.25   clock uncertainty
                          0.00    0.25   clock reconvergence pessimism
                                  0.25 ^ _16039_/CLK (sky130_fd_sc_hd__dfxtp_2)
                         -0.01    0.24   library hold time
                                  0.24   data required time
-----------------------------------------------------------------------------
                                  0.24   data required time
                                 -0.42   data arrival time
-----------------------------------------------------------------------------
                                  0.18   slack (MET)


Startpoint: _15722_ (rising edge-triggered flip-flop clocked by clk_i)
Endpoint: _16038_ (rising edge-triggered flip-flop clocked by clk_i)
Path Group: clk_i
Path Type: min

Fanout     Cap    Slew   Delay    Time   Description
-----------------------------------------------------------------------------
                  0.15    0.00    0.00   clock clk_i (rise edge)
                          0.00    0.00   clock network delay (ideal)
                  0.15    0.00    0.00 ^ _15722_/CLK (sky130_fd_sc_hd__dfxtp_2)
                  0.04    0.34    0.34 v _15722_/Q (sky130_fd_sc_hd__dfxtp_2)
     5    0.01                           branchgen_i.EX_rd_addr_i[3] (net)
                  0.04    0.00    0.34 v _07536_/A (sky130_fd_sc_hd__inv_2)
                  0.04    0.05    0.40 ^ _07536_/Y (sky130_fd_sc_hd__inv_2)
     2    0.01                           _01832_ (net)
                  0.04    0.00    0.40 ^ _14589_/B (sky130_fd_sc_hd__nor2_2)
                  0.01    0.02    0.42 v _14589_/Y (sky130_fd_sc_hd__nor2_2)
     1    0.00                           _01447_ (net)
                  0.01    0.00    0.42 v _16038_/D (sky130_fd_sc_hd__dfxtp_2)
                                  0.42   data arrival time

                  0.15    0.00    0.00   clock clk_i (rise edge)
                          0.00    0.00   clock network delay (ideal)
                          0.25    0.25   clock uncertainty
                          0.00    0.25   clock reconvergence pessimism
                                  0.25 ^ _16038_/CLK (sky130_fd_sc_hd__dfxtp_2)
                         -0.01    0.24   library hold time
                                  0.24   data required time
-----------------------------------------------------------------------------
                                  0.24   data required time
                                 -0.42   data arrival time
-----------------------------------------------------------------------------
                                  0.18   slack (MET)


Startpoint: _14801_ (rising edge-triggered flip-flop clocked by clk_i)
Endpoint: _14801_ (rising edge-triggered flip-flop clocked by clk_i)
Path Group: clk_i
Path Type: min

Fanout     Cap    Slew   Delay    Time   Description
-----------------------------------------------------------------------------
                  0.15    0.00    0.00   clock clk_i (rise edge)
                          0.00    0.00   clock network delay (ideal)
                  0.15    0.00    0.00 ^ _14801_/CLK (sky130_fd_sc_hd__dfxtp_2)
                  0.04    0.33    0.33 ^ _14801_/Q (sky130_fd_sc_hd__dfxtp_2)
     1    0.00                           ex_stage_i.EX_pc_dest_o[7] (net)
                  0.04    0.00    0.33 ^ _07756_/B (sky130_fd_sc_hd__nand2_2)
                  0.04    0.05    0.38 v _07756_/Y (sky130_fd_sc_hd__nand2_2)
     2    0.01                           _02047_ (net)
                  0.04    0.00    0.38 v _08798_/B1 (sky130_fd_sc_hd__o21ai_2)
                  0.03    0.04    0.42 ^ _08798_/Y (sky130_fd_sc_hd__o21ai_2)
     1    0.00                           _00240_ (net)
                  0.03    0.00    0.42 ^ _14801_/D (sky130_fd_sc_hd__dfxtp_2)
                                  0.42   data arrival time

                  0.15    0.00    0.00   clock clk_i (rise edge)
                          0.00    0.00   clock network delay (ideal)
                          0.25    0.25   clock uncertainty
                          0.00    0.25   clock reconvergence pessimism
                                  0.25 ^ _14801_/CLK (sky130_fd_sc_hd__dfxtp_2)
                         -0.01    0.24   library hold time
                                  0.24   data required time
-----------------------------------------------------------------------------
                                  0.24   data required time
                                 -0.42   data arrival time
-----------------------------------------------------------------------------
                                  0.18   slack (MET)


Startpoint: _14804_ (rising edge-triggered flip-flop clocked by clk_i)
Endpoint: _14804_ (rising edge-triggered flip-flop clocked by clk_i)
Path Group: clk_i
Path Type: min

Fanout     Cap    Slew   Delay    Time   Description
-----------------------------------------------------------------------------
                  0.15    0.00    0.00   clock clk_i (rise edge)
                          0.00    0.00   clock network delay (ideal)
                  0.15    0.00    0.00 ^ _14804_/CLK (sky130_fd_sc_hd__dfxtp_2)
                  0.04    0.33    0.33 ^ _14804_/Q (sky130_fd_sc_hd__dfxtp_2)
     1    0.00                           ex_stage_i.EX_pc_dest_o[10] (net)
                  0.04    0.00    0.33 ^ _07838_/B (sky130_fd_sc_hd__nand2_2)
                  0.04    0.05    0.38 v _07838_/Y (sky130_fd_sc_hd__nand2_2)
     2    0.01                           _02126_ (net)
                  0.04    0.00    0.38 v _08801_/B1 (sky130_fd_sc_hd__o21ai_2)
                  0.03    0.04    0.42 ^ _08801_/Y (sky130_fd_sc_hd__o21ai_2)
     1    0.00                           _00243_ (net)
                  0.03    0.00    0.42 ^ _14804_/D (sky130_fd_sc_hd__dfxtp_2)
                                  0.42   data arrival time

                  0.15    0.00    0.00   clock clk_i (rise edge)
                          0.00    0.00   clock network delay (ideal)
                          0.25    0.25   clock uncertainty
                          0.00    0.25   clock reconvergence pessimism
                                  0.25 ^ _14804_/CLK (sky130_fd_sc_hd__dfxtp_2)
                         -0.01    0.24   library hold time
                                  0.24   data required time
-----------------------------------------------------------------------------
                                  0.24   data required time
                                 -0.42   data arrival time
-----------------------------------------------------------------------------
                                  0.18   slack (MET)


Startpoint: _14808_ (rising edge-triggered flip-flop clocked by clk_i)
Endpoint: _14808_ (rising edge-triggered flip-flop clocked by clk_i)
Path Group: clk_i
Path Type: min

Fanout     Cap    Slew   Delay    Time   Description
-----------------------------------------------------------------------------
                  0.15    0.00    0.00   clock clk_i (rise edge)
                          0.00    0.00   clock network delay (ideal)
                  0.15    0.00    0.00 ^ _14808_/CLK (sky130_fd_sc_hd__dfxtp_2)
                  0.04    0.33    0.33 ^ _14808_/Q (sky130_fd_sc_hd__dfxtp_2)
     1    0.00                           ex_stage_i.EX_pc_dest_o[14] (net)
                  0.04    0.00    0.33 ^ _07939_/B (sky130_fd_sc_hd__nand2_2)
                  0.04    0.05    0.38 v _07939_/Y (sky130_fd_sc_hd__nand2_2)
     2    0.01                           _02223_ (net)
                  0.04    0.00    0.38 v _08805_/B1 (sky130_fd_sc_hd__o21ai_2)
                  0.03    0.04    0.42 ^ _08805_/Y (sky130_fd_sc_hd__o21ai_2)
     1    0.00                           _00247_ (net)
                  0.03    0.00    0.42 ^ _14808_/D (sky130_fd_sc_hd__dfxtp_2)
                                  0.42   data arrival time

                  0.15    0.00    0.00   clock clk_i (rise edge)
                          0.00    0.00   clock network delay (ideal)
                          0.25    0.25   clock uncertainty
                          0.00    0.25   clock reconvergence pessimism
                                  0.25 ^ _14808_/CLK (sky130_fd_sc_hd__dfxtp_2)
                         -0.01    0.24   library hold time
                                  0.24   data required time
-----------------------------------------------------------------------------
                                  0.24   data required time
                                 -0.42   data arrival time
-----------------------------------------------------------------------------
                                  0.18   slack (MET)


