
===========================================================================
report_checks -path_delay min (Hold)
============================================================================
Startpoint: _15613_ (rising edge-triggered flip-flop clocked by clk_i)
Endpoint: _15613_ (rising edge-triggered flip-flop clocked by clk_i)
Path Group: clk_i
Path Type: min

Fanout     Cap    Slew   Delay    Time   Description
-----------------------------------------------------------------------------
                  0.15    0.00    0.00   clock clk_i (rise edge)
                          0.00    0.00   clock network delay (ideal)
                  0.15    0.00    0.00 ^ _15613_/CLK (sky130_fd_sc_hd__dfxtp_1)
                  0.06    0.33    0.33 ^ _15613_/Q (sky130_fd_sc_hd__dfxtp_1)
     2    0.00                           ex_stage_i.ID_memtoreg_i (net)
                  0.06    0.00    0.33 ^ _12509_/A1 (sky130_fd_sc_hd__a21o_1)
                  0.03    0.09    0.43 ^ _12509_/X (sky130_fd_sc_hd__a21o_1)
     1    0.00                           _01022_ (net)
                  0.03    0.00    0.43 ^ _15613_/D (sky130_fd_sc_hd__dfxtp_1)
                                  0.43   data arrival time

                  0.15    0.00    0.00   clock clk_i (rise edge)
                          0.00    0.00   clock network delay (ideal)
                          0.25    0.25   clock uncertainty
                          0.00    0.25   clock reconvergence pessimism
                                  0.25 ^ _15613_/CLK (sky130_fd_sc_hd__dfxtp_1)
                         -0.01    0.24   library hold time
                                  0.24   data required time
-----------------------------------------------------------------------------
                                  0.24   data required time
                                 -0.43   data arrival time
-----------------------------------------------------------------------------
                                  0.19   slack (MET)


Startpoint: _14804_ (rising edge-triggered flip-flop clocked by clk_i)
Endpoint: _14804_ (rising edge-triggered flip-flop clocked by clk_i)
Path Group: clk_i
Path Type: min

Fanout     Cap    Slew   Delay    Time   Description
-----------------------------------------------------------------------------
                  0.15    0.00    0.00   clock clk_i (rise edge)
                          0.00    0.00   clock network delay (ideal)
                  0.15    0.00    0.00 ^ _14804_/CLK (sky130_fd_sc_hd__dfxtp_1)
                  0.03    0.31    0.31 v _14804_/Q (sky130_fd_sc_hd__dfxtp_1)
     1    0.00                           ex_stage_i.EX_pc_dest_o[10] (net)
                  0.03    0.00    0.31 v _07838_/B (sky130_fd_sc_hd__nand2_1)
                  0.06    0.07    0.38 ^ _07838_/Y (sky130_fd_sc_hd__nand2_1)
     2    0.01                           _02126_ (net)
                  0.06    0.00    0.38 ^ _08801_/B1 (sky130_fd_sc_hd__o21ai_1)
                  0.03    0.05    0.43 v _08801_/Y (sky130_fd_sc_hd__o21ai_1)
     1    0.00                           _00243_ (net)
                  0.03    0.00    0.43 v _14804_/D (sky130_fd_sc_hd__dfxtp_1)
                                  0.43   data arrival time

                  0.15    0.00    0.00   clock clk_i (rise edge)
                          0.00    0.00   clock network delay (ideal)
                          0.25    0.25   clock uncertainty
                          0.00    0.25   clock reconvergence pessimism
                                  0.25 ^ _14804_/CLK (sky130_fd_sc_hd__dfxtp_1)
                         -0.02    0.23   library hold time
                                  0.23   data required time
-----------------------------------------------------------------------------
                                  0.23   data required time
                                 -0.43   data arrival time
-----------------------------------------------------------------------------
                                  0.20   slack (MET)


Startpoint: _14809_ (rising edge-triggered flip-flop clocked by clk_i)
Endpoint: _14809_ (rising edge-triggered flip-flop clocked by clk_i)
Path Group: clk_i
Path Type: min

Fanout     Cap    Slew   Delay    Time   Description
-----------------------------------------------------------------------------
                  0.15    0.00    0.00   clock clk_i (rise edge)
                          0.00    0.00   clock network delay (ideal)
                  0.15    0.00    0.00 ^ _14809_/CLK (sky130_fd_sc_hd__dfxtp_1)
                  0.03    0.31    0.31 v _14809_/Q (sky130_fd_sc_hd__dfxtp_1)
     1    0.00                           ex_stage_i.EX_pc_dest_o[15] (net)
                  0.03    0.00    0.31 v _07962_/B (sky130_fd_sc_hd__nand2_1)
                  0.06    0.06    0.37 ^ _07962_/Y (sky130_fd_sc_hd__nand2_1)
     2    0.01                           _02245_ (net)
                  0.06    0.00    0.37 ^ _08806_/B1 (sky130_fd_sc_hd__o21ai_1)
                  0.04    0.06    0.43 v _08806_/Y (sky130_fd_sc_hd__o21ai_1)
     1    0.00                           _00248_ (net)
                  0.04    0.00    0.43 v _14809_/D (sky130_fd_sc_hd__dfxtp_1)
                                  0.43   data arrival time

                  0.15    0.00    0.00   clock clk_i (rise edge)
                          0.00    0.00   clock network delay (ideal)
                          0.25    0.25   clock uncertainty
                          0.00    0.25   clock reconvergence pessimism
                                  0.25 ^ _14809_/CLK (sky130_fd_sc_hd__dfxtp_1)
                         -0.03    0.22   library hold time
                                  0.22   data required time
-----------------------------------------------------------------------------
                                  0.22   data required time
                                 -0.43   data arrival time
-----------------------------------------------------------------------------
                                  0.21   slack (MET)


Startpoint: _14818_ (rising edge-triggered flip-flop clocked by clk_i)
Endpoint: _14818_ (rising edge-triggered flip-flop clocked by clk_i)
Path Group: clk_i
Path Type: min

Fanout     Cap    Slew   Delay    Time   Description
-----------------------------------------------------------------------------
                  0.15    0.00    0.00   clock clk_i (rise edge)
                          0.00    0.00   clock network delay (ideal)
                  0.15    0.00    0.00 ^ _14818_/CLK (sky130_fd_sc_hd__dfxtp_1)
                  0.06    0.33    0.33 ^ _14818_/Q (sky130_fd_sc_hd__dfxtp_1)
     2    0.00                           ex_stage_i.EX_pc_dest_o[24] (net)
                  0.06    0.00    0.33 ^ _08815_/B2 (sky130_fd_sc_hd__a32o_1)
                  0.05    0.11    0.44 ^ _08815_/X (sky130_fd_sc_hd__a32o_1)
     1    0.00                           _00257_ (net)
                  0.05    0.00    0.44 ^ _14818_/D (sky130_fd_sc_hd__dfxtp_1)
                                  0.44   data arrival time

                  0.15    0.00    0.00   clock clk_i (rise edge)
                          0.00    0.00   clock network delay (ideal)
                          0.25    0.25   clock uncertainty
                          0.00    0.25   clock reconvergence pessimism
                                  0.25 ^ _14818_/CLK (sky130_fd_sc_hd__dfxtp_1)
                         -0.02    0.23   library hold time
                                  0.23   data required time
-----------------------------------------------------------------------------
                                  0.23   data required time
                                 -0.44   data arrival time
-----------------------------------------------------------------------------
                                  0.21   slack (MET)


Startpoint: _14796_ (rising edge-triggered flip-flop clocked by clk_i)
Endpoint: _14796_ (rising edge-triggered flip-flop clocked by clk_i)
Path Group: clk_i
Path Type: min

Fanout     Cap    Slew   Delay    Time   Description
-----------------------------------------------------------------------------
                  0.15    0.00    0.00   clock clk_i (rise edge)
                          0.00    0.00   clock network delay (ideal)
                  0.15    0.00    0.00 ^ _14796_/CLK (sky130_fd_sc_hd__dfxtp_1)
                  0.03    0.31    0.31 v _14796_/Q (sky130_fd_sc_hd__dfxtp_1)
     1    0.00                           ex_stage_i.EX_pc_dest_o[2] (net)
                  0.03    0.00    0.31 v _07607_/B (sky130_fd_sc_hd__nand2_1)
                  0.06    0.06    0.37 ^ _07607_/Y (sky130_fd_sc_hd__nand2_1)
     2    0.00                           _01903_ (net)
                  0.06    0.00    0.37 ^ _08793_/B1 (sky130_fd_sc_hd__o21ai_1)
                  0.04    0.06    0.43 v _08793_/Y (sky130_fd_sc_hd__o21ai_1)
     1    0.00                           _00235_ (net)
                  0.04    0.00    0.43 v _14796_/D (sky130_fd_sc_hd__dfxtp_1)
                                  0.43   data arrival time

                  0.15    0.00    0.00   clock clk_i (rise edge)
                          0.00    0.00   clock network delay (ideal)
                          0.25    0.25   clock uncertainty
                          0.00    0.25   clock reconvergence pessimism
                                  0.25 ^ _14796_/CLK (sky130_fd_sc_hd__dfxtp_1)
                         -0.03    0.22   library hold time
                                  0.22   data required time
-----------------------------------------------------------------------------
                                  0.22   data required time
                                 -0.43   data arrival time
-----------------------------------------------------------------------------
                                  0.21   slack (MET)


