
===========================================================================
report_checks -unconstrained
============================================================================
Startpoint: IMEM_data_i[18] (input port clocked by clk_i)
Endpoint: _15240_ (rising edge-triggered flip-flop clocked by clk_i)
Path Group: clk_i
Path Type: max

Fanout     Cap    Slew   Delay    Time   Description
-----------------------------------------------------------------------------
                  0.15    0.00    0.00   clock clk_i (rise edge)
                          0.00    0.00   clock network delay (ideal)
                          2.00    2.00 ^ input external delay
                  0.03    0.02    2.02 ^ IMEM_data_i[18] (in)
     2    0.00                           IMEM_data_i[18] (net)
                  0.03    0.00    2.02 ^ _07164_/D_N (sky130_fd_sc_hd__or4b_2)
                  0.15    0.68    2.69 v _07164_/X (sky130_fd_sc_hd__or4b_2)
     5    0.01                           _01573_ (net)
                  0.15    0.00    2.69 v _07172_/B1 (sky130_fd_sc_hd__a32o_2)
                  0.04    0.26    2.95 v _07172_/X (sky130_fd_sc_hd__a32o_2)
     1    0.00                           _01581_ (net)
                  0.04    0.00    2.95 v _07173_/C1 (sky130_fd_sc_hd__a211o_2)
                  0.04    0.26    3.21 v _07173_/X (sky130_fd_sc_hd__a211o_2)
     1    0.00                           _01582_ (net)
                  0.04    0.00    3.21 v _07175_/C (sky130_fd_sc_hd__or4_2)
                  0.11    0.64    3.85 v _07175_/X (sky130_fd_sc_hd__or4_2)
     1    0.00                           _01584_ (net)
                  0.11    0.00    3.85 v _07198_/A1 (sky130_fd_sc_hd__a21boi_2)
                  0.35    0.36    4.21 ^ _07198_/Y (sky130_fd_sc_hd__a21boi_2)
    13    0.03                           _01607_ (net)
                  0.35    0.00    4.21 ^ _07227_/A (sky130_fd_sc_hd__and2_2)
                  0.04    0.22    4.43 ^ _07227_/X (sky130_fd_sc_hd__and2_2)
     1    0.00                           _01633_ (net)
                  0.04    0.00    4.43 ^ _07228_/A (sky130_fd_sc_hd__buf_1)
                  0.62    0.50    4.93 ^ _07228_/X (sky130_fd_sc_hd__buf_1)
    15    0.05                           _01634_ (net)
                  0.62    0.00    4.93 ^ _07229_/A (sky130_fd_sc_hd__buf_1)
                  0.84    0.73    5.66 ^ _07229_/X (sky130_fd_sc_hd__buf_1)
    25    0.07                           _01635_ (net)
                  0.84    0.00    5.66 ^ _07821_/B (sky130_fd_sc_hd__or2_2)
                  0.09    0.28    5.94 ^ _07821_/X (sky130_fd_sc_hd__or2_2)
     3    0.01                           _02174_ (net)
                  0.09    0.00    5.94 ^ _07822_/B (sky130_fd_sc_hd__nand2_2)
                  0.07    0.09    6.03 v _07822_/Y (sky130_fd_sc_hd__nand2_2)
     2    0.01                           _02175_ (net)
                  0.07    0.00    6.03 v _07887_/B (sky130_fd_sc_hd__nor4_2)
                  0.28    0.32    6.35 ^ _07887_/Y (sky130_fd_sc_hd__nor4_2)
     2    0.01                           _02237_ (net)
                  0.28    0.00    6.35 ^ _07892_/A4 (sky130_fd_sc_hd__a41oi_2)
                  0.14    0.20    6.55 v _07892_/Y (sky130_fd_sc_hd__a41oi_2)
     4    0.01                           _02242_ (net)
                  0.14    0.00    6.55 v _07896_/A (sky130_fd_sc_hd__nor2_2)
                  0.09    0.16    6.71 ^ _07896_/Y (sky130_fd_sc_hd__nor2_2)
     3    0.01                           _02246_ (net)
                  0.09    0.00    6.71 ^ _08080_/A (sky130_fd_sc_hd__and4_2)
                  0.06    0.22    6.93 ^ _08080_/X (sky130_fd_sc_hd__and4_2)
     1    0.00                           _02422_ (net)
                  0.06    0.00    6.93 ^ _08083_/A1 (sky130_fd_sc_hd__a211oi_2)
                  0.07    0.07    7.00 v _08083_/Y (sky130_fd_sc_hd__a211oi_2)
     2    0.01                           _02425_ (net)
                  0.07    0.00    7.00 v _08085_/B (sky130_fd_sc_hd__or2_2)
                  0.09    0.34    7.34 v _08085_/X (sky130_fd_sc_hd__or2_2)
     5    0.01                           _02427_ (net)
                  0.09    0.00    7.34 v _08129_/A1 (sky130_fd_sc_hd__o21a_2)
                  0.04    0.24    7.58 v _08129_/X (sky130_fd_sc_hd__o21a_2)
     2    0.01                           _02469_ (net)
                  0.04    0.00    7.58 v _08131_/B (sky130_fd_sc_hd__or2_2)
                  0.07    0.31    7.89 v _08131_/X (sky130_fd_sc_hd__or2_2)
     3    0.01                           _02471_ (net)
                  0.07    0.00    7.89 v _08150_/A2 (sky130_fd_sc_hd__a31o_2)
                  0.04    0.24    8.13 v _08150_/X (sky130_fd_sc_hd__a31o_2)
     1    0.00                           _02489_ (net)
                  0.04    0.00    8.13 v _08152_/A (sky130_fd_sc_hd__or2_2)
                  0.05    0.29    8.43 v _08152_/X (sky130_fd_sc_hd__or2_2)
     1    0.00                           _02491_ (net)
                  0.05    0.00    8.43 v _08154_/B1 (sky130_fd_sc_hd__a221o_2)
                  0.05    0.33    8.76 v _08154_/X (sky130_fd_sc_hd__a221o_2)
     1    0.00                           _02493_ (net)
                  0.05    0.00    8.76 v _08155_/B1_N (sky130_fd_sc_hd__a21bo_2)
                  0.04    0.18    8.94 ^ _08155_/X (sky130_fd_sc_hd__a21bo_2)
     1    0.00                           _00030_ (net)
                  0.04    0.00    8.94 ^ _15240_/D (sky130_fd_sc_hd__dfxtp_2)
                                  8.94   data arrival time

                  0.15   10.00   10.00   clock clk_i (rise edge)
                          0.00   10.00   clock network delay (ideal)
                         -0.25    9.75   clock uncertainty
                          0.00    9.75   clock reconvergence pessimism
                                  9.75 ^ _15240_/CLK (sky130_fd_sc_hd__dfxtp_2)
                         -0.04    9.71   library setup time
                                  9.71   data required time
-----------------------------------------------------------------------------
                                  9.71   data required time
                                 -8.94   data arrival time
-----------------------------------------------------------------------------
                                  0.77   slack (MET)



===========================================================================
report_checks --slack_max -0.01
============================================================================
No paths found.
