
34. Printing statistics.

=== toast_top ===

   Number of wires:               8212
   Number of wire bits:           8401
   Number of public wires:        1397
   Number of public wire bits:    1586
   Number of memories:               0
   Number of memory bits:            0
   Number of processes:              0
   Number of cells:               8303
     sky130_fd_sc_hd__a2111o_2       6
     sky130_fd_sc_hd__a211o_2       65
     sky130_fd_sc_hd__a211oi_2       6
     sky130_fd_sc_hd__a21bo_2       14
     sky130_fd_sc_hd__a21boi_2      15
     sky130_fd_sc_hd__a21o_2        98
     sky130_fd_sc_hd__a21oi_2       93
     sky130_fd_sc_hd__a221o_2       69
     sky130_fd_sc_hd__a221oi_2       3
     sky130_fd_sc_hd__a221oi_4       1
     sky130_fd_sc_hd__a22o_2       114
     sky130_fd_sc_hd__a22oi_2       13
     sky130_fd_sc_hd__a22oi_4        1
     sky130_fd_sc_hd__a2bb2o_2      18
     sky130_fd_sc_hd__a311o_2       15
     sky130_fd_sc_hd__a311oi_2       1
     sky130_fd_sc_hd__a31o_2        79
     sky130_fd_sc_hd__a31o_4         1
     sky130_fd_sc_hd__a31oi_2        7
     sky130_fd_sc_hd__a32o_2        22
     sky130_fd_sc_hd__a32oi_2        2
     sky130_fd_sc_hd__a41o_2         6
     sky130_fd_sc_hd__a41oi_2        3
     sky130_fd_sc_hd__and2_2       314
     sky130_fd_sc_hd__and2_4         2
     sky130_fd_sc_hd__and2b_2       10
     sky130_fd_sc_hd__and3_2        97
     sky130_fd_sc_hd__and3_4         1
     sky130_fd_sc_hd__and3b_2        6
     sky130_fd_sc_hd__and4_2        25
     sky130_fd_sc_hd__and4_4         1
     sky130_fd_sc_hd__and4b_2        8
     sky130_fd_sc_hd__and4bb_2       4
     sky130_fd_sc_hd__buf_1       1650
     sky130_fd_sc_hd__buf_2         11
     sky130_fd_sc_hd__buf_4          5
     sky130_fd_sc_hd__buf_6          6
     sky130_fd_sc_hd__conb_1         2
     sky130_fd_sc_hd__dfxtp_2     1449
     sky130_fd_sc_hd__inv_2         71
     sky130_fd_sc_hd__mux2_1         1
     sky130_fd_sc_hd__mux2_2      2175
     sky130_fd_sc_hd__mux2_4         1
     sky130_fd_sc_hd__mux4_2       424
     sky130_fd_sc_hd__nand2_2      200
     sky130_fd_sc_hd__nand2_4        1
     sky130_fd_sc_hd__nand2b_2       4
     sky130_fd_sc_hd__nand3_2       13
     sky130_fd_sc_hd__nand3b_2       2
     sky130_fd_sc_hd__nand4_2        3
     sky130_fd_sc_hd__nand4_4        1
     sky130_fd_sc_hd__nor2_2       186
     sky130_fd_sc_hd__nor2b_2        1
     sky130_fd_sc_hd__nor3_2         9
     sky130_fd_sc_hd__nor3b_2        6
     sky130_fd_sc_hd__nor4_2         6
     sky130_fd_sc_hd__nor4b_2        1
     sky130_fd_sc_hd__o2111a_2       3
     sky130_fd_sc_hd__o2111ai_2      2
     sky130_fd_sc_hd__o211a_2      109
     sky130_fd_sc_hd__o211a_4        1
     sky130_fd_sc_hd__o211ai_2       9
     sky130_fd_sc_hd__o21a_2       113
     sky130_fd_sc_hd__o21ai_2       57
     sky130_fd_sc_hd__o21ba_2       14
     sky130_fd_sc_hd__o21bai_2       1
     sky130_fd_sc_hd__o221a_2       28
     sky130_fd_sc_hd__o221ai_2       8
     sky130_fd_sc_hd__o22a_2        19
     sky130_fd_sc_hd__o22ai_2        2
     sky130_fd_sc_hd__o2bb2a_2       8
     sky130_fd_sc_hd__o311a_2        5
     sky130_fd_sc_hd__o311a_4        1
     sky130_fd_sc_hd__o311ai_2       2
     sky130_fd_sc_hd__o31a_2        44
     sky130_fd_sc_hd__o31ai_2       13
     sky130_fd_sc_hd__o32a_2        11
     sky130_fd_sc_hd__o41a_2         1
     sky130_fd_sc_hd__or2_2        233
     sky130_fd_sc_hd__or2_4          2
     sky130_fd_sc_hd__or2b_2        15
     sky130_fd_sc_hd__or3_2         31
     sky130_fd_sc_hd__or3_4          3
     sky130_fd_sc_hd__or3b_2         9
     sky130_fd_sc_hd__or3b_4         2
     sky130_fd_sc_hd__or4_2         20
     sky130_fd_sc_hd__or4_4          6
     sky130_fd_sc_hd__or4b_2         9
     sky130_fd_sc_hd__or4b_4         1
     sky130_fd_sc_hd__or4bb_2        1
     sky130_fd_sc_hd__xnor2_2      103
     sky130_fd_sc_hd__xor2_2        69

   Chip area for module '\toast_top': 94302.944000

