
===========================================================================
report_checks -unconstrained
============================================================================
Startpoint: DMEM_rd_data_i[26] (input port clocked by clk_i)
Endpoint: _15681_ (rising edge-triggered flip-flop clocked by clk_i)
Path Group: clk_i
Path Type: max

Fanout     Cap    Slew   Delay    Time   Description
-----------------------------------------------------------------------------
                  0.15    0.00    0.00   clock clk_i (rise edge)
                          0.00    0.00   clock network delay (ideal)
                          2.00    2.00 v input external delay
                  0.01    0.00    2.00 v DMEM_rd_data_i[26] (in)
     1    0.00                           DMEM_rd_data_i[26] (net)
                  0.01    0.00    2.00 v input19/A (sky130_fd_sc_hd__buf_2)
                  0.07    0.16    2.16 v input19/X (sky130_fd_sc_hd__buf_2)
     2    0.03                           net19 (net)
                  0.07    0.00    2.17 v _07592_/A1 (sky130_fd_sc_hd__mux2_1)
                  0.07    0.33    2.49 v _07592_/X (sky130_fd_sc_hd__mux2_1)
     2    0.00                           _01888_ (net)
                  0.07    0.00    2.49 v _07593_/B (sky130_fd_sc_hd__and2_1)
                  0.04    0.17    2.66 v _07593_/X (sky130_fd_sc_hd__and2_1)
     1    0.00                           _01889_ (net)
                  0.04    0.00    2.66 v _07596_/A3 (sky130_fd_sc_hd__o41a_1)
                  0.10    0.43    3.09 v _07596_/X (sky130_fd_sc_hd__o41a_1)
     4    0.01                           _01892_ (net)
                  0.10    0.00    3.09 v _12642_/A1 (sky130_fd_sc_hd__a211o_2)
                  0.08    0.38    3.47 v _12642_/X (sky130_fd_sc_hd__a211o_2)
     2    0.02                           _05885_ (net)
                  0.08    0.00    3.47 v _12757_/A2 (sky130_fd_sc_hd__a311oi_4)
                  0.63    0.62    4.09 ^ _12757_/Y (sky130_fd_sc_hd__a311oi_4)
     9    0.05                           _06000_ (net)
                  0.63    0.00    4.09 ^ _12772_/B (sky130_fd_sc_hd__and4_4)
                  0.16    0.46    4.55 ^ _12772_/X (sky130_fd_sc_hd__and4_4)
     8    0.04                           _06015_ (net)
                  0.16    0.00    4.56 ^ _13022_/A2 (sky130_fd_sc_hd__a31o_1)
                  0.09    0.21    4.76 ^ _13022_/X (sky130_fd_sc_hd__a31o_1)
     2    0.01                           _06259_ (net)
                  0.09    0.00    4.76 ^ _13070_/B1 (sky130_fd_sc_hd__o21a_1)
                  0.06    0.14    4.90 ^ _13070_/X (sky130_fd_sc_hd__o21a_1)
     1    0.00                           _06306_ (net)
                  0.06    0.00    4.90 ^ _13071_/B (sky130_fd_sc_hd__xor2_1)
                  0.26    0.26    5.17 ^ _13071_/X (sky130_fd_sc_hd__xor2_1)
     3    0.01                           _06307_ (net)
                  0.26    0.00    5.17 ^ _13072_/B (sky130_fd_sc_hd__xnor2_1)
                  0.08    0.13    5.30 v _13072_/Y (sky130_fd_sc_hd__xnor2_1)
     2    0.01                           _06308_ (net)
                  0.08    0.00    5.30 v _13114_/B (sky130_fd_sc_hd__or2_1)
                  0.07    0.26    5.56 v _13114_/X (sky130_fd_sc_hd__or2_1)
     1    0.01                           _06349_ (net)
                  0.07    0.00    5.56 v _13115_/B1 (sky130_fd_sc_hd__a311oi_4)
                  0.29    0.35    5.91 ^ _13115_/Y (sky130_fd_sc_hd__a311oi_4)
     2    0.01                           _06350_ (net)
                  0.29    0.00    5.91 ^ _13219_/A1 (sky130_fd_sc_hd__o2111ai_4)
                  0.12    0.18    6.08 v _13219_/Y (sky130_fd_sc_hd__o2111ai_4)
     2    0.01                           _06450_ (net)
                  0.12    0.00    6.08 v _13353_/A2 (sky130_fd_sc_hd__a211o_1)
                  0.11    0.40    6.49 v _13353_/X (sky130_fd_sc_hd__a211o_1)
     4    0.02                           _06580_ (net)
                  0.11    0.00    6.49 v _13582_/A2 (sky130_fd_sc_hd__a21o_1)
                  0.05    0.23    6.71 v _13582_/X (sky130_fd_sc_hd__a21o_1)
     2    0.01                           _06801_ (net)
                  0.05    0.00    6.71 v _13650_/A1 (sky130_fd_sc_hd__a211o_1)
                  0.09    0.32    7.03 v _13650_/X (sky130_fd_sc_hd__a211o_1)
     4    0.01                           _06867_ (net)
                  0.09    0.00    7.03 v _13717_/A1 (sky130_fd_sc_hd__a311o_1)
                  0.11    0.35    7.38 v _13717_/X (sky130_fd_sc_hd__a311o_1)
     5    0.01                           _06932_ (net)
                  0.11    0.00    7.38 v _13775_/A2 (sky130_fd_sc_hd__a311oi_2)
                  0.27    0.33    7.71 ^ _13775_/Y (sky130_fd_sc_hd__a311oi_2)
     3    0.01                           _06988_ (net)
                  0.27    0.00    7.71 ^ _13801_/A2 (sky130_fd_sc_hd__o21ai_1)
                  0.05    0.09    7.80 v _13801_/Y (sky130_fd_sc_hd__o21ai_1)
     1    0.00                           _07013_ (net)
                  0.05    0.00    7.80 v _13803_/B (sky130_fd_sc_hd__and3_1)
                  0.04    0.18    7.98 v _13803_/X (sky130_fd_sc_hd__and3_1)
     1    0.00                           _07015_ (net)
                  0.04    0.00    7.98 v _13815_/A1 (sky130_fd_sc_hd__o21a_1)
                  0.03    0.18    8.16 v _13815_/X (sky130_fd_sc_hd__o21a_1)
     1    0.00                           _01090_ (net)
                  0.03    0.00    8.16 v _15681_/D (sky130_fd_sc_hd__dfxtp_4)
                                  8.16   data arrival time

                  0.15   10.00   10.00   clock clk_i (rise edge)
                          0.00   10.00   clock network delay (ideal)
                         -0.25    9.75   clock uncertainty
                          0.00    9.75   clock reconvergence pessimism
                                  9.75 ^ _15681_/CLK (sky130_fd_sc_hd__dfxtp_4)
                         -0.08    9.67   library setup time
                                  9.67   data required time
-----------------------------------------------------------------------------
                                  9.67   data required time
                                 -8.16   data arrival time
-----------------------------------------------------------------------------
                                  1.51   slack (MET)



===========================================================================
report_checks --slack_max -0.01
============================================================================
No paths found.
