
===========================================================================
 report_check_types -max_slew -max_cap -max_fanout -violators
============================================================================
max slew

Pin                                    Limit    Slew   Slack
------------------------------------------------------------
_08470_/Y                               1.50    1.50   -0.01 (VIOLATED)
_08526_/S                               1.50    1.50   -0.00 (VIOLATED)
_08524_/S                               1.50    1.50   -0.00 (VIOLATED)
_08518_/S                               1.50    1.50   -0.00 (VIOLATED)
_08522_/S                               1.50    1.50   -0.00 (VIOLATED)
_08520_/S                               1.50    1.50   -0.00 (VIOLATED)
_08516_/S                               1.50    1.50   -0.00 (VIOLATED)
_08514_/S                               1.50    1.50   -0.00 (VIOLATED)
_08512_/S                               1.50    1.50   -0.00 (VIOLATED)
_08508_/S                               1.50    1.50   -0.00 (VIOLATED)
_08510_/S                               1.50    1.50   -0.00 (VIOLATED)
_08528_/S                               1.50    1.50   -0.00 (VIOLATED)
_08530_/S                               1.50    1.50   -0.00 (VIOLATED)
_08506_/S                               1.50    1.50   -0.00 (VIOLATED)
_08532_/S                               1.50    1.50   -0.00 (VIOLATED)
_08534_/S                               1.50    1.50   -0.00 (VIOLATED)

max fanout

Pin                                   Limit Fanout  Slack
---------------------------------------------------------
_08610_/X                                17     20     -3 (VIOLATED)
_09589_/X                                17     19     -2 (VIOLATED)
input76/X                                17     19     -2 (VIOLATED)
_06816_/X                                17     18        (VIOLATED)
_07859_/X                                17     18        (VIOLATED)
_07860_/X                                17     18        (VIOLATED)
_07871_/X                                17     18        (VIOLATED)
_07895_/X                                17     18        (VIOLATED)
_07936_/X                                17     18        (VIOLATED)
_07972_/X                                17     18        (VIOLATED)
_08596_/X                                17     18        (VIOLATED)
_08598_/X                                17     18        (VIOLATED)
_09183_/X                                17     18        (VIOLATED)
_09592_/X                                17     18        (VIOLATED)
_09600_/X                                17     18        (VIOLATED)
_09719_/X                                17     18        (VIOLATED)
_10567_/X                                17     18        (VIOLATED)
_10700_/X                                17     18        (VIOLATED)

max capacitance

Pin                                    Limit     Cap   Slack
------------------------------------------------------------
_08470_/Y                               0.15    0.16   -0.00 (VIOLATED)


===========================================================================
max slew violation count 16
max fanout violation count 18
max cap violation count 1
============================================================================
