OpenROAD c295b08a99aacb6147b9c51104627e78ac3859e3 
This program is licensed under the BSD-3 license. See the LICENSE file for details.
Components of this program may be licensed under more restrictive licenses which must be honored.
[INFO]: Reading ODB at '/openlane/designs/toast_top/runs/without/results/routing/toast_top.odb'...
min_report

===========================================================================
report_checks -path_delay min (Hold)
============================================================================
Startpoint: _15533_ (rising edge-triggered flip-flop clocked by clk_i)
Endpoint: _15718_ (rising edge-triggered flip-flop clocked by clk_i)
Path Group: clk_i
Path Type: min

Fanout     Cap    Slew   Delay    Time   Description
-----------------------------------------------------------------------------
                          0.00    0.00   clock clk_i (rise edge)
                          0.00    0.00   clock source latency
                  0.30    0.20    0.20 ^ clk_i (in)
     1    0.07                           clk_i (net)
                  0.30    0.00    0.20 ^ clkbuf_0_clk_i/A (sky130_fd_sc_hd__clkbuf_16)
                  0.29    0.37    0.57 ^ clkbuf_0_clk_i/X (sky130_fd_sc_hd__clkbuf_16)
    16    0.28                           clknet_0_clk_i (net)
                  0.29    0.01    0.58 ^ clkbuf_4_12_0_clk_i/A (sky130_fd_sc_hd__clkbuf_8)
                  0.19    0.30    0.88 ^ clkbuf_4_12_0_clk_i/X (sky130_fd_sc_hd__clkbuf_8)
     8    0.11                           clknet_4_12_0_clk_i (net)
                  0.19    0.01    0.89 ^ clkbuf_leaf_100_clk_i/A (sky130_fd_sc_hd__clkbuf_16)
                  0.06    0.18    1.07 ^ clkbuf_leaf_100_clk_i/X (sky130_fd_sc_hd__clkbuf_16)
    13    0.04                           clknet_leaf_100_clk_i (net)
                  0.06    0.00    1.07 ^ _15533_/CLK (sky130_fd_sc_hd__dfxtp_1)
                  0.09    0.33    1.40 v _15533_/Q (sky130_fd_sc_hd__dfxtp_1)
     4    0.02                           control_i.ID_rs2_addr_i[4] (net)
                  0.09    0.00    1.40 v _12553_/A (sky130_fd_sc_hd__inv_2)
                  0.05    0.07    1.47 ^ _12553_/Y (sky130_fd_sc_hd__inv_2)
     2    0.01                           _05796_ (net)
                  0.05    0.00    1.47 ^ _13857_/A (sky130_fd_sc_hd__nor2_1)
                  0.03    0.04    1.51 v _13857_/Y (sky130_fd_sc_hd__nor2_1)
     1    0.00                           _01127_ (net)
                  0.03    0.00    1.51 v _15718_/D (sky130_fd_sc_hd__dfxtp_1)
                                  1.51   data arrival time

                          0.00    0.00   clock clk_i (rise edge)
                          0.00    0.00   clock source latency
                  0.30    0.22    0.22 ^ clk_i (in)
     1    0.07                           clk_i (net)
                  0.30    0.00    0.22 ^ clkbuf_0_clk_i/A (sky130_fd_sc_hd__clkbuf_16)
                  0.29    0.40    0.63 ^ clkbuf_0_clk_i/X (sky130_fd_sc_hd__clkbuf_16)
    16    0.28                           clknet_0_clk_i (net)
                  0.29    0.01    0.64 ^ clkbuf_4_9_0_clk_i/A (sky130_fd_sc_hd__clkbuf_8)
                  0.24    0.37    1.01 ^ clkbuf_4_9_0_clk_i/X (sky130_fd_sc_hd__clkbuf_8)
    10    0.14                           clknet_4_9_0_clk_i (net)
                  0.24    0.01    1.01 ^ clkbuf_leaf_102_clk_i/A (sky130_fd_sc_hd__clkbuf_16)
                  0.06    0.22    1.23 ^ clkbuf_leaf_102_clk_i/X (sky130_fd_sc_hd__clkbuf_16)
    13    0.04                           clknet_leaf_102_clk_i (net)
                  0.06    0.00    1.23 ^ _15718_/CLK (sky130_fd_sc_hd__dfxtp_1)
                          0.25    1.48   clock uncertainty
                         -0.06    1.42   clock reconvergence pessimism
                         -0.04    1.38   library hold time
                                  1.38   data required time
-----------------------------------------------------------------------------
                                  1.38   data required time
                                 -1.51   data arrival time
-----------------------------------------------------------------------------
                                  0.13   slack (MET)


Startpoint: _15532_ (rising edge-triggered flip-flop clocked by clk_i)
Endpoint: _15717_ (rising edge-triggered flip-flop clocked by clk_i)
Path Group: clk_i
Path Type: min

Fanout     Cap    Slew   Delay    Time   Description
-----------------------------------------------------------------------------
                          0.00    0.00   clock clk_i (rise edge)
                          0.00    0.00   clock source latency
                  0.30    0.20    0.20 ^ clk_i (in)
     1    0.07                           clk_i (net)
                  0.30    0.00    0.20 ^ clkbuf_0_clk_i/A (sky130_fd_sc_hd__clkbuf_16)
                  0.29    0.37    0.57 ^ clkbuf_0_clk_i/X (sky130_fd_sc_hd__clkbuf_16)
    16    0.28                           clknet_0_clk_i (net)
                  0.29    0.01    0.58 ^ clkbuf_4_12_0_clk_i/A (sky130_fd_sc_hd__clkbuf_8)
                  0.19    0.30    0.88 ^ clkbuf_4_12_0_clk_i/X (sky130_fd_sc_hd__clkbuf_8)
     8    0.11                           clknet_4_12_0_clk_i (net)
                  0.19    0.01    0.89 ^ clkbuf_leaf_101_clk_i/A (sky130_fd_sc_hd__clkbuf_16)
                  0.06    0.18    1.06 ^ clkbuf_leaf_101_clk_i/X (sky130_fd_sc_hd__clkbuf_16)
    10    0.03                           clknet_leaf_101_clk_i (net)
                  0.06    0.00    1.06 ^ _15532_/CLK (sky130_fd_sc_hd__dfxtp_1)
                  0.09    0.33    1.40 v _15532_/Q (sky130_fd_sc_hd__dfxtp_1)
     3    0.02                           control_i.ID_rs2_addr_i[3] (net)
                  0.09    0.00    1.40 v _12558_/A (sky130_fd_sc_hd__inv_2)
                  0.05    0.07    1.47 ^ _12558_/Y (sky130_fd_sc_hd__inv_2)
     2    0.01                           _05801_ (net)
                  0.05    0.00    1.47 ^ _13856_/A (sky130_fd_sc_hd__nor2_1)
                  0.03    0.04    1.52 v _13856_/Y (sky130_fd_sc_hd__nor2_1)
     1    0.00                           _01126_ (net)
                  0.03    0.00    1.52 v _15717_/D (sky130_fd_sc_hd__dfxtp_1)
                                  1.52   data arrival time

                          0.00    0.00   clock clk_i (rise edge)
                          0.00    0.00   clock source latency
                  0.30    0.22    0.22 ^ clk_i (in)
     1    0.07                           clk_i (net)
                  0.30    0.00    0.22 ^ clkbuf_0_clk_i/A (sky130_fd_sc_hd__clkbuf_16)
                  0.29    0.40    0.63 ^ clkbuf_0_clk_i/X (sky130_fd_sc_hd__clkbuf_16)
    16    0.28                           clknet_0_clk_i (net)
                  0.29    0.01    0.64 ^ clkbuf_4_9_0_clk_i/A (sky130_fd_sc_hd__clkbuf_8)
                  0.24    0.37    1.01 ^ clkbuf_4_9_0_clk_i/X (sky130_fd_sc_hd__clkbuf_8)
    10    0.14                           clknet_4_9_0_clk_i (net)
                  0.24    0.01    1.01 ^ clkbuf_leaf_102_clk_i/A (sky130_fd_sc_hd__clkbuf_16)
                  0.06    0.22    1.23 ^ clkbuf_leaf_102_clk_i/X (sky130_fd_sc_hd__clkbuf_16)
    13    0.04                           clknet_leaf_102_clk_i (net)
                  0.06    0.00    1.23 ^ _15717_/CLK (sky130_fd_sc_hd__dfxtp_1)
                          0.25    1.48   clock uncertainty
                         -0.06    1.42   clock reconvergence pessimism
                         -0.04    1.38   library hold time
                                  1.38   data required time
-----------------------------------------------------------------------------
                                  1.38   data required time
                                 -1.52   data arrival time
-----------------------------------------------------------------------------
                                  0.14   slack (MET)


Startpoint: _15529_ (rising edge-triggered flip-flop clocked by clk_i)
Endpoint: _15714_ (rising edge-triggered flip-flop clocked by clk_i)
Path Group: clk_i
Path Type: min

Fanout     Cap    Slew   Delay    Time   Description
-----------------------------------------------------------------------------
                          0.00    0.00   clock clk_i (rise edge)
                          0.00    0.00   clock source latency
                  0.30    0.20    0.20 ^ clk_i (in)
     1    0.07                           clk_i (net)
                  0.30    0.00    0.20 ^ clkbuf_0_clk_i/A (sky130_fd_sc_hd__clkbuf_16)
                  0.29    0.37    0.57 ^ clkbuf_0_clk_i/X (sky130_fd_sc_hd__clkbuf_16)
    16    0.28                           clknet_0_clk_i (net)
                  0.29    0.01    0.58 ^ clkbuf_4_12_0_clk_i/A (sky130_fd_sc_hd__clkbuf_8)
                  0.19    0.30    0.88 ^ clkbuf_4_12_0_clk_i/X (sky130_fd_sc_hd__clkbuf_8)
     8    0.11                           clknet_4_12_0_clk_i (net)
                  0.19    0.01    0.89 ^ clkbuf_leaf_101_clk_i/A (sky130_fd_sc_hd__clkbuf_16)
                  0.06    0.18    1.06 ^ clkbuf_leaf_101_clk_i/X (sky130_fd_sc_hd__clkbuf_16)
    10    0.03                           clknet_leaf_101_clk_i (net)
                  0.06    0.00    1.06 ^ _15529_/CLK (sky130_fd_sc_hd__dfxtp_1)
                  0.10    0.34    1.41 v _15529_/Q (sky130_fd_sc_hd__dfxtp_1)
     3    0.02                           control_i.ID_rs2_addr_i[0] (net)
                  0.10    0.00    1.41 v _12557_/A (sky130_fd_sc_hd__inv_2)
                  0.05    0.08    1.48 ^ _12557_/Y (sky130_fd_sc_hd__inv_2)
     2    0.01                           _05800_ (net)
                  0.05    0.00    1.49 ^ _13851_/A (sky130_fd_sc_hd__nor2_1)
                  0.02    0.04    1.52 v _13851_/Y (sky130_fd_sc_hd__nor2_1)
     1    0.00                           _01123_ (net)
                  0.02    0.00    1.52 v _15714_/D (sky130_fd_sc_hd__dfxtp_1)
                                  1.52   data arrival time

                          0.00    0.00   clock clk_i (rise edge)
                          0.00    0.00   clock source latency
                  0.30    0.22    0.22 ^ clk_i (in)
     1    0.07                           clk_i (net)
                  0.30    0.00    0.22 ^ clkbuf_0_clk_i/A (sky130_fd_sc_hd__clkbuf_16)
                  0.29    0.40    0.63 ^ clkbuf_0_clk_i/X (sky130_fd_sc_hd__clkbuf_16)
    16    0.28                           clknet_0_clk_i (net)
                  0.29    0.01    0.64 ^ clkbuf_4_14_0_clk_i/A (sky130_fd_sc_hd__clkbuf_8)
                  0.22    0.35    0.99 ^ clkbuf_4_14_0_clk_i/X (sky130_fd_sc_hd__clkbuf_8)
     9    0.13                           clknet_4_14_0_clk_i (net)
                  0.22    0.01    0.99 ^ clkbuf_leaf_99_clk_i/A (sky130_fd_sc_hd__clkbuf_16)
                  0.06    0.20    1.20 ^ clkbuf_leaf_99_clk_i/X (sky130_fd_sc_hd__clkbuf_16)
     9    0.03                           clknet_leaf_99_clk_i (net)
                  0.06    0.00    1.20 ^ _15714_/CLK (sky130_fd_sc_hd__dfxtp_1)
                          0.25    1.45   clock uncertainty
                         -0.06    1.39   clock reconvergence pessimism
                         -0.04    1.35   library hold time
                                  1.35   data required time
-----------------------------------------------------------------------------
                                  1.35   data required time
                                 -1.52   data arrival time
-----------------------------------------------------------------------------
                                  0.17   slack (MET)


Startpoint: _15613_ (rising edge-triggered flip-flop clocked by clk_i)
Endpoint: _15613_ (rising edge-triggered flip-flop clocked by clk_i)
Path Group: clk_i
Path Type: min

Fanout     Cap    Slew   Delay    Time   Description
-----------------------------------------------------------------------------
                          0.00    0.00   clock clk_i (rise edge)
                          0.00    0.00   clock source latency
                  0.30    0.20    0.20 ^ clk_i (in)
     1    0.07                           clk_i (net)
                  0.30    0.00    0.20 ^ clkbuf_0_clk_i/A (sky130_fd_sc_hd__clkbuf_16)
                  0.29    0.37    0.57 ^ clkbuf_0_clk_i/X (sky130_fd_sc_hd__clkbuf_16)
    16    0.28                           clknet_0_clk_i (net)
                  0.29    0.01    0.58 ^ clkbuf_4_14_0_clk_i/A (sky130_fd_sc_hd__clkbuf_8)
                  0.22    0.32    0.90 ^ clkbuf_4_14_0_clk_i/X (sky130_fd_sc_hd__clkbuf_8)
     9    0.13                           clknet_4_14_0_clk_i (net)
                  0.22    0.01    0.90 ^ clkbuf_leaf_109_clk_i/A (sky130_fd_sc_hd__clkbuf_16)
                  0.05    0.18    1.08 ^ clkbuf_leaf_109_clk_i/X (sky130_fd_sc_hd__clkbuf_16)
     7    0.02                           clknet_leaf_109_clk_i (net)
                  0.05    0.00    1.08 ^ _15613_/CLK (sky130_fd_sc_hd__dfxtp_1)
                  0.07    0.30    1.38 ^ _15613_/Q (sky130_fd_sc_hd__dfxtp_1)
     2    0.01                           ex_stage_i.ID_memtoreg_i (net)
                  0.07    0.00    1.38 ^ _12509_/A1 (sky130_fd_sc_hd__a21o_1)
                  0.03    0.10    1.48 ^ _12509_/X (sky130_fd_sc_hd__a21o_1)
     1    0.00                           _01022_ (net)
                  0.03    0.00    1.48 ^ _15613_/D (sky130_fd_sc_hd__dfxtp_1)
                                  1.48   data arrival time

                          0.00    0.00   clock clk_i (rise edge)
                          0.00    0.00   clock source latency
                  0.30    0.22    0.22 ^ clk_i (in)
     1    0.07                           clk_i (net)
                  0.30    0.00    0.22 ^ clkbuf_0_clk_i/A (sky130_fd_sc_hd__clkbuf_16)
                  0.29    0.40    0.63 ^ clkbuf_0_clk_i/X (sky130_fd_sc_hd__clkbuf_16)
    16    0.28                           clknet_0_clk_i (net)
                  0.29    0.01    0.64 ^ clkbuf_4_14_0_clk_i/A (sky130_fd_sc_hd__clkbuf_8)
                  0.22    0.35    0.99 ^ clkbuf_4_14_0_clk_i/X (sky130_fd_sc_hd__clkbuf_8)
     9    0.13                           clknet_4_14_0_clk_i (net)
                  0.22    0.01    1.00 ^ clkbuf_leaf_109_clk_i/A (sky130_fd_sc_hd__clkbuf_16)
                  0.05    0.20    1.19 ^ clkbuf_leaf_109_clk_i/X (sky130_fd_sc_hd__clkbuf_16)
     7    0.02                           clknet_leaf_109_clk_i (net)
                  0.05    0.00    1.19 ^ _15613_/CLK (sky130_fd_sc_hd__dfxtp_1)
                          0.25    1.44   clock uncertainty
                         -0.11    1.33   clock reconvergence pessimism
                         -0.03    1.30   library hold time
                                  1.30   data required time
-----------------------------------------------------------------------------
                                  1.30   data required time
                                 -1.48   data arrival time
-----------------------------------------------------------------------------
                                  0.18   slack (MET)


Startpoint: _15669_ (rising edge-triggered flip-flop clocked by clk_i)
Endpoint: _15882_ (rising edge-triggered flip-flop clocked by clk_i)
Path Group: clk_i
Path Type: min

Fanout     Cap    Slew   Delay    Time   Description
-----------------------------------------------------------------------------
                          0.00    0.00   clock clk_i (rise edge)
                          0.00    0.00   clock source latency
                  0.30    0.20    0.20 ^ clk_i (in)
     1    0.07                           clk_i (net)
                  0.30    0.00    0.20 ^ clkbuf_0_clk_i/A (sky130_fd_sc_hd__clkbuf_16)
                  0.29    0.37    0.57 ^ clkbuf_0_clk_i/X (sky130_fd_sc_hd__clkbuf_16)
    16    0.28                           clknet_0_clk_i (net)
                  0.29    0.01    0.58 ^ clkbuf_4_15_0_clk_i/A (sky130_fd_sc_hd__clkbuf_8)
                  0.17    0.28    0.86 ^ clkbuf_4_15_0_clk_i/X (sky130_fd_sc_hd__clkbuf_8)
     7    0.09                           clknet_4_15_0_clk_i (net)
                  0.17    0.01    0.86 ^ clkbuf_leaf_89_clk_i/A (sky130_fd_sc_hd__clkbuf_16)
                  0.04    0.15    1.02 ^ clkbuf_leaf_89_clk_i/X (sky130_fd_sc_hd__clkbuf_16)
     3    0.01                           clknet_leaf_89_clk_i (net)
                  0.04    0.00    1.02 ^ _15669_/CLK (sky130_fd_sc_hd__dfxtp_2)
                  0.13    0.38    1.40 v _15669_/Q (sky130_fd_sc_hd__dfxtp_2)
     4    0.06                           net107 (net)
                  0.13    0.00    1.40 v _13426_/A (sky130_fd_sc_hd__inv_2)
                  0.06    0.09    1.49 ^ _13426_/Y (sky130_fd_sc_hd__inv_2)
     2    0.01                           _06650_ (net)
                  0.06    0.00    1.49 ^ _14279_/B (sky130_fd_sc_hd__nor2_1)
                  0.02    0.04    1.53 v _14279_/Y (sky130_fd_sc_hd__nor2_1)
     1    0.00                           _01291_ (net)
                  0.02    0.00    1.53 v _15882_/D (sky130_fd_sc_hd__dfxtp_1)
                                  1.53   data arrival time

                          0.00    0.00   clock clk_i (rise edge)
                          0.00    0.00   clock source latency
                  0.30    0.22    0.22 ^ clk_i (in)
     1    0.07                           clk_i (net)
                  0.30    0.00    0.22 ^ clkbuf_0_clk_i/A (sky130_fd_sc_hd__clkbuf_16)
                  0.29    0.40    0.63 ^ clkbuf_0_clk_i/X (sky130_fd_sc_hd__clkbuf_16)
    16    0.28                           clknet_0_clk_i (net)
                  0.29    0.01    0.64 ^ clkbuf_4_14_0_clk_i/A (sky130_fd_sc_hd__clkbuf_8)
                  0.22    0.35    0.99 ^ clkbuf_4_14_0_clk_i/X (sky130_fd_sc_hd__clkbuf_8)
     9    0.13                           clknet_4_14_0_clk_i (net)
                  0.22    0.00    0.99 ^ clkbuf_leaf_95_clk_i/A (sky130_fd_sc_hd__clkbuf_16)
                  0.06    0.20    1.20 ^ clkbuf_leaf_95_clk_i/X (sky130_fd_sc_hd__clkbuf_16)
     8    0.03                           clknet_leaf_95_clk_i (net)
                  0.06    0.00    1.20 ^ _15882_/CLK (sky130_fd_sc_hd__dfxtp_1)
                          0.25    1.45   clock uncertainty
                         -0.06    1.39   clock reconvergence pessimism
                         -0.04    1.35   library hold time
                                  1.35   data required time
-----------------------------------------------------------------------------
                                  1.35   data required time
                                 -1.53   data arrival time
-----------------------------------------------------------------------------
                                  0.18   slack (MET)


min_report_end
max_report

===========================================================================
report_checks -path_delay max (Setup)
============================================================================
Startpoint: _16039_ (rising edge-triggered flip-flop clocked by clk_i)
Endpoint: _15680_ (rising edge-triggered flip-flop clocked by clk_i)
Path Group: clk_i
Path Type: max

Fanout     Cap    Slew   Delay    Time   Description
-----------------------------------------------------------------------------
                          0.00    0.00   clock clk_i (rise edge)
                          0.00    0.00   clock source latency
                  0.30    0.22    0.22 ^ clk_i (in)
     1    0.07                           clk_i (net)
                  0.30    0.00    0.22 ^ clkbuf_0_clk_i/A (sky130_fd_sc_hd__clkbuf_16)
                  0.29    0.40    0.63 ^ clkbuf_0_clk_i/X (sky130_fd_sc_hd__clkbuf_16)
    16    0.28                           clknet_0_clk_i (net)
                  0.29    0.01    0.64 ^ clkbuf_4_9_0_clk_i/A (sky130_fd_sc_hd__clkbuf_8)
                  0.24    0.37    1.01 ^ clkbuf_4_9_0_clk_i/X (sky130_fd_sc_hd__clkbuf_8)
    10    0.14                           clknet_4_9_0_clk_i (net)
                  0.24    0.00    1.01 ^ clkbuf_leaf_103_clk_i/A (sky130_fd_sc_hd__clkbuf_16)
                  0.07    0.22    1.23 ^ clkbuf_leaf_103_clk_i/X (sky130_fd_sc_hd__clkbuf_16)
    13    0.04                           clknet_leaf_103_clk_i (net)
                  0.07    0.00    1.23 ^ _16039_/CLK (sky130_fd_sc_hd__dfxtp_1)
                  0.03    0.32    1.55 v _16039_/Q (sky130_fd_sc_hd__dfxtp_1)
     1    0.00                           control_i.MEM_rd_addr_i[4] (net)
                  0.03    0.00    1.55 v _07409_/A (sky130_fd_sc_hd__buf_4)
                  0.13    0.23    1.78 v _07409_/X (sky130_fd_sc_hd__buf_4)
    17    0.10                           _01737_ (net)
                  0.13    0.00    1.78 v _07410_/C (sky130_fd_sc_hd__or3_1)
                  0.09    0.38    2.16 v _07410_/X (sky130_fd_sc_hd__or3_1)
     1    0.01                           _01738_ (net)
                  0.09    0.00    2.16 v _07411_/A (sky130_fd_sc_hd__buf_6)
                  0.10    0.21    2.37 v _07411_/X (sky130_fd_sc_hd__buf_6)
     5    0.11                           _01739_ (net)
                  0.10    0.00    2.38 v _07542_/A3 (sky130_fd_sc_hd__o31a_4)
                  0.12    0.40    2.77 v _07542_/X (sky130_fd_sc_hd__o31a_4)
    11    0.06                           _01838_ (net)
                  0.12    0.01    2.78 v _12577_/A (sky130_fd_sc_hd__and3_1)
                  0.11    0.25    3.03 v _12577_/X (sky130_fd_sc_hd__and3_1)
     3    0.02                           _05820_ (net)
                  0.11    0.00    3.03 v _12578_/A (sky130_fd_sc_hd__buf_4)
                  0.11    0.25    3.28 v _12578_/X (sky130_fd_sc_hd__buf_4)
    17    0.08                           _05821_ (net)
                  0.11    0.00    3.28 v _12642_/A2 (sky130_fd_sc_hd__a211o_2)
                  0.11    0.45    3.73 v _12642_/X (sky130_fd_sc_hd__a211o_2)
     2    0.03                           _05885_ (net)
                  0.11    0.00    3.73 v _12757_/A2 (sky130_fd_sc_hd__a311oi_4)
                  0.82    0.78    4.51 ^ _12757_/Y (sky130_fd_sc_hd__a311oi_4)
     9    0.07                           _06000_ (net)
                  0.82    0.01    4.51 ^ _12772_/B (sky130_fd_sc_hd__and4_4)
                  0.22    0.55    5.06 ^ _12772_/X (sky130_fd_sc_hd__and4_4)
     8    0.07                           _06015_ (net)
                  0.22    0.00    5.06 ^ _13022_/A2 (sky130_fd_sc_hd__a31o_1)
                  0.10    0.23    5.29 ^ _13022_/X (sky130_fd_sc_hd__a31o_1)
     2    0.01                           _06259_ (net)
                  0.10    0.00    5.29 ^ _13070_/B1 (sky130_fd_sc_hd__o21a_1)
                  0.06    0.14    5.43 ^ _13070_/X (sky130_fd_sc_hd__o21a_1)
     1    0.00                           _06306_ (net)
                  0.06    0.00    5.43 ^ _13071_/B (sky130_fd_sc_hd__xor2_1)
                  0.29    0.29    5.72 ^ _13071_/X (sky130_fd_sc_hd__xor2_1)
     3    0.01                           _06307_ (net)
                  0.29    0.00    5.72 ^ _13072_/B (sky130_fd_sc_hd__xnor2_1)
                  0.08    0.14    5.86 v _13072_/Y (sky130_fd_sc_hd__xnor2_1)
     2    0.01                           _06308_ (net)
                  0.08    0.00    5.86 v _13114_/B (sky130_fd_sc_hd__or2_1)
                  0.08    0.27    6.13 v _13114_/X (sky130_fd_sc_hd__or2_1)
     1    0.01                           _06349_ (net)
                  0.08    0.00    6.13 v _13115_/B1 (sky130_fd_sc_hd__a311oi_4)
                  0.34    0.39    6.52 ^ _13115_/Y (sky130_fd_sc_hd__a311oi_4)
     2    0.02                           _06350_ (net)
                  0.34    0.00    6.52 ^ _13219_/A1 (sky130_fd_sc_hd__o2111ai_4)
                  0.14    0.20    6.72 v _13219_/Y (sky130_fd_sc_hd__o2111ai_4)
     2    0.01                           _06450_ (net)
                  0.14    0.00    6.72 v _13353_/A2 (sky130_fd_sc_hd__a211o_1)
                  0.15    0.45    7.17 v _13353_/X (sky130_fd_sc_hd__a211o_1)
     4    0.03                           _06580_ (net)
                  0.15    0.00    7.17 v _13582_/A2 (sky130_fd_sc_hd__a21o_1)
                  0.06    0.25    7.43 v _13582_/X (sky130_fd_sc_hd__a21o_1)
     2    0.01                           _06801_ (net)
                  0.06    0.00    7.43 v _13650_/A1 (sky130_fd_sc_hd__a211o_1)
                  0.11    0.34    7.77 v _13650_/X (sky130_fd_sc_hd__a211o_1)
     4    0.02                           _06867_ (net)
                  0.11    0.00    7.77 v _13717_/A1 (sky130_fd_sc_hd__a311o_1)
                  0.12    0.38    8.15 v _13717_/X (sky130_fd_sc_hd__a311o_1)
     5    0.02                           _06932_ (net)
                  0.12    0.00    8.15 v _13775_/A2 (sky130_fd_sc_hd__a311oi_2)
                  0.29    0.36    8.51 ^ _13775_/Y (sky130_fd_sc_hd__a311oi_2)
     3    0.01                           _06988_ (net)
                  0.29    0.00    8.51 ^ _13778_/A (sky130_fd_sc_hd__nor2_1)
                  0.06    0.09    8.60 v _13778_/Y (sky130_fd_sc_hd__nor2_1)
     1    0.00                           _06991_ (net)
                  0.06    0.00    8.60 v _13791_/A1 (sky130_fd_sc_hd__o31a_1)
                  0.04    0.31    8.90 v _13791_/X (sky130_fd_sc_hd__o31a_1)
     1    0.00                           _01089_ (net)
                  0.04    0.00    8.90 v _15680_/D (sky130_fd_sc_hd__dfxtp_2)
                                  8.90   data arrival time

                         10.00   10.00   clock clk_i (rise edge)
                          0.00   10.00   clock source latency
                  0.30    0.20   10.20 ^ clk_i (in)
     1    0.07                           clk_i (net)
                  0.30    0.00   10.20 ^ clkbuf_0_clk_i/A (sky130_fd_sc_hd__clkbuf_16)
                  0.29    0.37   10.57 ^ clkbuf_0_clk_i/X (sky130_fd_sc_hd__clkbuf_16)
    16    0.28                           clknet_0_clk_i (net)
                  0.29    0.01   10.58 ^ clkbuf_4_15_0_clk_i/A (sky130_fd_sc_hd__clkbuf_8)
                  0.17    0.28   10.86 ^ clkbuf_4_15_0_clk_i/X (sky130_fd_sc_hd__clkbuf_8)
     7    0.09                           clknet_4_15_0_clk_i (net)
                  0.17    0.01   10.86 ^ _15680_/CLK (sky130_fd_sc_hd__dfxtp_2)
                         -0.25   10.61   clock uncertainty
                          0.06   10.67   clock reconvergence pessimism
                         -0.08   10.59   library setup time
                                 10.59   data required time
-----------------------------------------------------------------------------
                                 10.59   data required time
                                 -8.90   data arrival time
-----------------------------------------------------------------------------
                                  1.69   slack (MET)


Startpoint: _16039_ (rising edge-triggered flip-flop clocked by clk_i)
Endpoint: _15681_ (rising edge-triggered flip-flop clocked by clk_i)
Path Group: clk_i
Path Type: max

Fanout     Cap    Slew   Delay    Time   Description
-----------------------------------------------------------------------------
                          0.00    0.00   clock clk_i (rise edge)
                          0.00    0.00   clock source latency
                  0.30    0.22    0.22 ^ clk_i (in)
     1    0.07                           clk_i (net)
                  0.30    0.00    0.22 ^ clkbuf_0_clk_i/A (sky130_fd_sc_hd__clkbuf_16)
                  0.29    0.40    0.63 ^ clkbuf_0_clk_i/X (sky130_fd_sc_hd__clkbuf_16)
    16    0.28                           clknet_0_clk_i (net)
                  0.29    0.01    0.64 ^ clkbuf_4_9_0_clk_i/A (sky130_fd_sc_hd__clkbuf_8)
                  0.24    0.37    1.01 ^ clkbuf_4_9_0_clk_i/X (sky130_fd_sc_hd__clkbuf_8)
    10    0.14                           clknet_4_9_0_clk_i (net)
                  0.24    0.00    1.01 ^ clkbuf_leaf_103_clk_i/A (sky130_fd_sc_hd__clkbuf_16)
                  0.07    0.22    1.23 ^ clkbuf_leaf_103_clk_i/X (sky130_fd_sc_hd__clkbuf_16)
    13    0.04                           clknet_leaf_103_clk_i (net)
                  0.07    0.00    1.23 ^ _16039_/CLK (sky130_fd_sc_hd__dfxtp_1)
                  0.03    0.32    1.55 v _16039_/Q (sky130_fd_sc_hd__dfxtp_1)
     1    0.00                           control_i.MEM_rd_addr_i[4] (net)
                  0.03    0.00    1.55 v _07409_/A (sky130_fd_sc_hd__buf_4)
                  0.13    0.23    1.78 v _07409_/X (sky130_fd_sc_hd__buf_4)
    17    0.10                           _01737_ (net)
                  0.13    0.00    1.78 v _07410_/C (sky130_fd_sc_hd__or3_1)
                  0.09    0.38    2.16 v _07410_/X (sky130_fd_sc_hd__or3_1)
     1    0.01                           _01738_ (net)
                  0.09    0.00    2.16 v _07411_/A (sky130_fd_sc_hd__buf_6)
                  0.10    0.21    2.37 v _07411_/X (sky130_fd_sc_hd__buf_6)
     5    0.11                           _01739_ (net)
                  0.10    0.00    2.38 v _07542_/A3 (sky130_fd_sc_hd__o31a_4)
                  0.12    0.40    2.77 v _07542_/X (sky130_fd_sc_hd__o31a_4)
    11    0.06                           _01838_ (net)
                  0.12    0.01    2.78 v _12577_/A (sky130_fd_sc_hd__and3_1)
                  0.11    0.25    3.03 v _12577_/X (sky130_fd_sc_hd__and3_1)
     3    0.02                           _05820_ (net)
                  0.11    0.00    3.03 v _12578_/A (sky130_fd_sc_hd__buf_4)
                  0.11    0.25    3.28 v _12578_/X (sky130_fd_sc_hd__buf_4)
    17    0.08                           _05821_ (net)
                  0.11    0.00    3.28 v _12642_/A2 (sky130_fd_sc_hd__a211o_2)
                  0.11    0.45    3.73 v _12642_/X (sky130_fd_sc_hd__a211o_2)
     2    0.03                           _05885_ (net)
                  0.11    0.00    3.73 v _12757_/A2 (sky130_fd_sc_hd__a311oi_4)
                  0.82    0.78    4.51 ^ _12757_/Y (sky130_fd_sc_hd__a311oi_4)
     9    0.07                           _06000_ (net)
                  0.82    0.01    4.51 ^ _12772_/B (sky130_fd_sc_hd__and4_4)
                  0.22    0.55    5.06 ^ _12772_/X (sky130_fd_sc_hd__and4_4)
     8    0.07                           _06015_ (net)
                  0.22    0.00    5.06 ^ _13022_/A2 (sky130_fd_sc_hd__a31o_1)
                  0.10    0.23    5.29 ^ _13022_/X (sky130_fd_sc_hd__a31o_1)
     2    0.01                           _06259_ (net)
                  0.10    0.00    5.29 ^ _13070_/B1 (sky130_fd_sc_hd__o21a_1)
                  0.06    0.14    5.43 ^ _13070_/X (sky130_fd_sc_hd__o21a_1)
     1    0.00                           _06306_ (net)
                  0.06    0.00    5.43 ^ _13071_/B (sky130_fd_sc_hd__xor2_1)
                  0.29    0.29    5.72 ^ _13071_/X (sky130_fd_sc_hd__xor2_1)
     3    0.01                           _06307_ (net)
                  0.29    0.00    5.72 ^ _13072_/B (sky130_fd_sc_hd__xnor2_1)
                  0.08    0.14    5.86 v _13072_/Y (sky130_fd_sc_hd__xnor2_1)
     2    0.01                           _06308_ (net)
                  0.08    0.00    5.86 v _13114_/B (sky130_fd_sc_hd__or2_1)
                  0.08    0.27    6.13 v _13114_/X (sky130_fd_sc_hd__or2_1)
     1    0.01                           _06349_ (net)
                  0.08    0.00    6.13 v _13115_/B1 (sky130_fd_sc_hd__a311oi_4)
                  0.34    0.39    6.52 ^ _13115_/Y (sky130_fd_sc_hd__a311oi_4)
     2    0.02                           _06350_ (net)
                  0.34    0.00    6.52 ^ _13219_/A1 (sky130_fd_sc_hd__o2111ai_4)
                  0.14    0.20    6.72 v _13219_/Y (sky130_fd_sc_hd__o2111ai_4)
     2    0.01                           _06450_ (net)
                  0.14    0.00    6.72 v _13353_/A2 (sky130_fd_sc_hd__a211o_1)
                  0.15    0.45    7.17 v _13353_/X (sky130_fd_sc_hd__a211o_1)
     4    0.03                           _06580_ (net)
                  0.15    0.00    7.17 v _13582_/A2 (sky130_fd_sc_hd__a21o_1)
                  0.06    0.25    7.43 v _13582_/X (sky130_fd_sc_hd__a21o_1)
     2    0.01                           _06801_ (net)
                  0.06    0.00    7.43 v _13650_/A1 (sky130_fd_sc_hd__a211o_1)
                  0.11    0.34    7.77 v _13650_/X (sky130_fd_sc_hd__a211o_1)
     4    0.02                           _06867_ (net)
                  0.11    0.00    7.77 v _13717_/A1 (sky130_fd_sc_hd__a311o_1)
                  0.12    0.38    8.15 v _13717_/X (sky130_fd_sc_hd__a311o_1)
     5    0.02                           _06932_ (net)
                  0.12    0.00    8.15 v _13775_/A2 (sky130_fd_sc_hd__a311oi_2)
                  0.29    0.36    8.51 ^ _13775_/Y (sky130_fd_sc_hd__a311oi_2)
     3    0.01                           _06988_ (net)
                  0.29    0.00    8.51 ^ _13801_/A2 (sky130_fd_sc_hd__o21ai_1)
                  0.06    0.10    8.60 v _13801_/Y (sky130_fd_sc_hd__o21ai_1)
     1    0.00                           _07013_ (net)
                  0.06    0.00    8.60 v _13803_/B (sky130_fd_sc_hd__and3_1)
                  0.05    0.19    8.79 v _13803_/X (sky130_fd_sc_hd__and3_1)
     1    0.01                           _07015_ (net)
                  0.05    0.00    8.79 v _13815_/A1 (sky130_fd_sc_hd__o21a_1)
                  0.03    0.18    8.98 v _13815_/X (sky130_fd_sc_hd__o21a_1)
     1    0.00                           _01090_ (net)
                  0.03    0.00    8.98 v _15681_/D (sky130_fd_sc_hd__dfxtp_4)
                                  8.98   data arrival time

                         10.00   10.00   clock clk_i (rise edge)
                          0.00   10.00   clock source latency
                  0.30    0.20   10.20 ^ clk_i (in)
     1    0.07                           clk_i (net)
                  0.30    0.00   10.20 ^ clkbuf_0_clk_i/A (sky130_fd_sc_hd__clkbuf_16)
                  0.29    0.37   10.57 ^ clkbuf_0_clk_i/X (sky130_fd_sc_hd__clkbuf_16)
    16    0.28                           clknet_0_clk_i (net)
                  0.29    0.01   10.58 ^ clkbuf_4_15_0_clk_i/A (sky130_fd_sc_hd__clkbuf_8)
                  0.17    0.28   10.86 ^ clkbuf_4_15_0_clk_i/X (sky130_fd_sc_hd__clkbuf_8)
     7    0.09                           clknet_4_15_0_clk_i (net)
                  0.17    0.01   10.86 ^ clkbuf_leaf_86_clk_i/A (sky130_fd_sc_hd__clkbuf_16)
                  0.04    0.16   11.02 ^ clkbuf_leaf_86_clk_i/X (sky130_fd_sc_hd__clkbuf_16)
     5    0.02                           clknet_leaf_86_clk_i (net)
                  0.04    0.00   11.02 ^ _15681_/CLK (sky130_fd_sc_hd__dfxtp_4)
                         -0.25   10.77   clock uncertainty
                          0.06   10.83   clock reconvergence pessimism
                         -0.11   10.72   library setup time
                                 10.72   data required time
-----------------------------------------------------------------------------
                                 10.72   data required time
                                 -8.98   data arrival time
-----------------------------------------------------------------------------
                                  1.75   slack (MET)


Startpoint: IMEM_data_i[18] (input port clocked by clk_i)
Endpoint: _15496_ (rising edge-triggered flip-flop clocked by clk_i)
Path Group: clk_i
Path Type: max

Fanout     Cap    Slew   Delay    Time   Description
-----------------------------------------------------------------------------
                          0.00    0.00   clock clk_i (rise edge)
                          0.00    0.00   clock network delay (propagated)
                          2.00    2.00 ^ input external delay
                  0.03    0.02    2.02 ^ IMEM_data_i[18] (in)
     1    0.00                           IMEM_data_i[18] (net)
                  0.03    0.00    2.02 ^ input42/A (sky130_fd_sc_hd__dlymetal6s2s_1)
                  0.30    0.27    2.29 ^ input42/X (sky130_fd_sc_hd__dlymetal6s2s_1)
     2    0.03                           net42 (net)
                  0.30    0.00    2.29 ^ _07291_/D_N (sky130_fd_sc_hd__or4b_4)
                  0.14    0.63    2.92 v _07291_/X (sky130_fd_sc_hd__or4b_4)
     5    0.04                           _01630_ (net)
                  0.14    0.00    2.92 v _07299_/B1 (sky130_fd_sc_hd__a32o_1)
                  0.05    0.26    3.18 v _07299_/X (sky130_fd_sc_hd__a32o_1)
     1    0.00                           _01638_ (net)
                  0.05    0.00    3.18 v _07300_/C1 (sky130_fd_sc_hd__a211o_1)
                  0.06    0.24    3.42 v _07300_/X (sky130_fd_sc_hd__a211o_1)
     1    0.00                           _01639_ (net)
                  0.06    0.00    3.42 v _07302_/C (sky130_fd_sc_hd__or4_2)
                  0.14    0.71    4.13 v _07302_/X (sky130_fd_sc_hd__or4_2)
     1    0.01                           _01641_ (net)
                  0.14    0.00    4.13 v _07325_/A1 (sky130_fd_sc_hd__a21boi_4)
                  0.74    0.67    4.80 ^ _07325_/Y (sky130_fd_sc_hd__a21boi_4)
    13    0.10                           _01664_ (net)
                  0.74    0.01    4.82 ^ _07356_/A (sky130_fd_sc_hd__and2_1)
                  0.06    0.23    5.05 ^ _07356_/X (sky130_fd_sc_hd__and2_1)
     1    0.00                           _01692_ (net)
                  0.06    0.00    5.05 ^ _07357_/A (sky130_fd_sc_hd__clkbuf_4)
                  0.18    0.25    5.30 ^ _07357_/X (sky130_fd_sc_hd__clkbuf_4)
    15    0.06                           _01693_ (net)
                  0.18    0.00    5.30 ^ _07358_/A (sky130_fd_sc_hd__buf_4)
                  0.20    0.28    5.58 ^ _07358_/X (sky130_fd_sc_hd__buf_4)
    17    0.07                           _01694_ (net)
                  0.20    0.00    5.59 ^ _07958_/B (sky130_fd_sc_hd__or2_1)
                  0.10    0.18    5.77 ^ _07958_/X (sky130_fd_sc_hd__or2_1)
     3    0.01                           _02241_ (net)
                  0.10    0.00    5.77 ^ _07959_/B (sky130_fd_sc_hd__nand2_1)
                  0.09    0.11    5.88 v _07959_/Y (sky130_fd_sc_hd__nand2_1)
     2    0.01                           _02242_ (net)
                  0.09    0.00    5.88 v _08025_/B (sky130_fd_sc_hd__nor4_2)
                  0.43    0.47    6.34 ^ _08025_/Y (sky130_fd_sc_hd__nor4_2)
     2    0.02                           _02305_ (net)
                  0.43    0.00    6.34 ^ _08030_/A4 (sky130_fd_sc_hd__a41oi_4)
                  0.14    0.21    6.55 v _08030_/Y (sky130_fd_sc_hd__a41oi_4)
     4    0.02                           _02310_ (net)
                  0.14    0.00    6.55 v _08034_/A (sky130_fd_sc_hd__nor2_1)
                  0.18    0.22    6.77 ^ _08034_/Y (sky130_fd_sc_hd__nor2_1)
     3    0.01                           _02314_ (net)
                  0.18    0.00    6.77 ^ _08220_/A (sky130_fd_sc_hd__and4_1)
                  0.11    0.27    7.03 ^ _08220_/X (sky130_fd_sc_hd__and4_1)
     1    0.01                           _02492_ (net)
                  0.11    0.00    7.03 ^ _08223_/A1 (sky130_fd_sc_hd__a211oi_1)
                  0.11    0.12    7.16 v _08223_/Y (sky130_fd_sc_hd__a211oi_1)
     2    0.01                           _02495_ (net)
                  0.11    0.00    7.16 v _08225_/B (sky130_fd_sc_hd__or2_1)
                  0.13    0.33    7.48 v _08225_/X (sky130_fd_sc_hd__or2_1)
     5    0.02                           _02497_ (net)
                  0.13    0.00    7.48 v _08314_/A1 (sky130_fd_sc_hd__o41a_1)
                  0.10    0.51    8.00 v _08314_/X (sky130_fd_sc_hd__o41a_1)
     3    0.01                           _02582_ (net)
                  0.10    0.00    8.00 v _08332_/A2 (sky130_fd_sc_hd__o21ai_1)
                  0.17    0.19    8.19 ^ _08332_/Y (sky130_fd_sc_hd__o21ai_1)
     2    0.01                           _02599_ (net)
                  0.17    0.00    8.19 ^ _08333_/B1 (sky130_fd_sc_hd__o21ai_1)
                  0.06    0.10    8.29 v _08333_/Y (sky130_fd_sc_hd__o21ai_1)
     1    0.00                           _02600_ (net)
                  0.06    0.00    8.29 v _08334_/B1 (sky130_fd_sc_hd__o311a_1)
                  0.06    0.14    8.43 v _08334_/X (sky130_fd_sc_hd__o311a_1)
     1    0.01                           _02601_ (net)
                  0.06    0.00    8.43 v _08335_/B1 (sky130_fd_sc_hd__a211o_1)
                  0.06    0.29    8.73 v _08335_/X (sky130_fd_sc_hd__a211o_1)
     1    0.00                           _02602_ (net)
                  0.06    0.00    8.73 v _08337_/A3 (sky130_fd_sc_hd__a31o_1)
                  0.04    0.22    8.95 v _08337_/X (sky130_fd_sc_hd__a31o_1)
     1    0.00                           _00033_ (net)
                  0.04    0.00    8.95 v _15496_/D (sky130_fd_sc_hd__dfxtp_2)
                                  8.95   data arrival time

                         10.00   10.00   clock clk_i (rise edge)
                          0.00   10.00   clock source latency
                  0.30    0.20   10.20 ^ clk_i (in)
     1    0.07                           clk_i (net)
                  0.30    0.00   10.20 ^ clkbuf_0_clk_i/A (sky130_fd_sc_hd__clkbuf_16)
                  0.29    0.37   10.57 ^ clkbuf_0_clk_i/X (sky130_fd_sc_hd__clkbuf_16)
    16    0.28                           clknet_0_clk_i (net)
                  0.29    0.01   10.58 ^ clkbuf_4_10_0_clk_i/A (sky130_fd_sc_hd__clkbuf_8)
                  0.26    0.34   10.92 ^ clkbuf_4_10_0_clk_i/X (sky130_fd_sc_hd__clkbuf_8)
    11    0.15                           clknet_4_10_0_clk_i (net)
                  0.26    0.01   10.93 ^ clkbuf_leaf_119_clk_i/A (sky130_fd_sc_hd__clkbuf_16)
                  0.05    0.19   11.12 ^ clkbuf_leaf_119_clk_i/X (sky130_fd_sc_hd__clkbuf_16)
     8    0.03                           clknet_leaf_119_clk_i (net)
                  0.05    0.00   11.12 ^ _15496_/CLK (sky130_fd_sc_hd__dfxtp_2)
                         -0.25   10.87   clock uncertainty
                          0.00   10.87   clock reconvergence pessimism
                         -0.11   10.77   library setup time
                                 10.77   data required time
-----------------------------------------------------------------------------
                                 10.77   data required time
                                 -8.95   data arrival time
-----------------------------------------------------------------------------
                                  1.81   slack (MET)


Startpoint: IMEM_data_i[18] (input port clocked by clk_i)
Endpoint: _15494_ (rising edge-triggered flip-flop clocked by clk_i)
Path Group: clk_i
Path Type: max

Fanout     Cap    Slew   Delay    Time   Description
-----------------------------------------------------------------------------
                          0.00    0.00   clock clk_i (rise edge)
                          0.00    0.00   clock network delay (propagated)
                          2.00    2.00 ^ input external delay
                  0.03    0.02    2.02 ^ IMEM_data_i[18] (in)
     1    0.00                           IMEM_data_i[18] (net)
                  0.03    0.00    2.02 ^ input42/A (sky130_fd_sc_hd__dlymetal6s2s_1)
                  0.30    0.27    2.29 ^ input42/X (sky130_fd_sc_hd__dlymetal6s2s_1)
     2    0.03                           net42 (net)
                  0.30    0.00    2.29 ^ _07291_/D_N (sky130_fd_sc_hd__or4b_4)
                  0.14    0.63    2.92 v _07291_/X (sky130_fd_sc_hd__or4b_4)
     5    0.04                           _01630_ (net)
                  0.14    0.00    2.92 v _07299_/B1 (sky130_fd_sc_hd__a32o_1)
                  0.05    0.26    3.18 v _07299_/X (sky130_fd_sc_hd__a32o_1)
     1    0.00                           _01638_ (net)
                  0.05    0.00    3.18 v _07300_/C1 (sky130_fd_sc_hd__a211o_1)
                  0.06    0.24    3.42 v _07300_/X (sky130_fd_sc_hd__a211o_1)
     1    0.00                           _01639_ (net)
                  0.06    0.00    3.42 v _07302_/C (sky130_fd_sc_hd__or4_2)
                  0.14    0.71    4.13 v _07302_/X (sky130_fd_sc_hd__or4_2)
     1    0.01                           _01641_ (net)
                  0.14    0.00    4.13 v _07325_/A1 (sky130_fd_sc_hd__a21boi_4)
                  0.74    0.67    4.80 ^ _07325_/Y (sky130_fd_sc_hd__a21boi_4)
    13    0.10                           _01664_ (net)
                  0.74    0.01    4.82 ^ _07356_/A (sky130_fd_sc_hd__and2_1)
                  0.06    0.23    5.05 ^ _07356_/X (sky130_fd_sc_hd__and2_1)
     1    0.00                           _01692_ (net)
                  0.06    0.00    5.05 ^ _07357_/A (sky130_fd_sc_hd__clkbuf_4)
                  0.18    0.25    5.30 ^ _07357_/X (sky130_fd_sc_hd__clkbuf_4)
    15    0.06                           _01693_ (net)
                  0.18    0.00    5.30 ^ _07358_/A (sky130_fd_sc_hd__buf_4)
                  0.20    0.28    5.58 ^ _07358_/X (sky130_fd_sc_hd__buf_4)
    17    0.07                           _01694_ (net)
                  0.20    0.00    5.59 ^ _07958_/B (sky130_fd_sc_hd__or2_1)
                  0.10    0.18    5.77 ^ _07958_/X (sky130_fd_sc_hd__or2_1)
     3    0.01                           _02241_ (net)
                  0.10    0.00    5.77 ^ _07959_/B (sky130_fd_sc_hd__nand2_1)
                  0.09    0.11    5.88 v _07959_/Y (sky130_fd_sc_hd__nand2_1)
     2    0.01                           _02242_ (net)
                  0.09    0.00    5.88 v _08025_/B (sky130_fd_sc_hd__nor4_2)
                  0.43    0.47    6.34 ^ _08025_/Y (sky130_fd_sc_hd__nor4_2)
     2    0.02                           _02305_ (net)
                  0.43    0.00    6.34 ^ _08030_/A4 (sky130_fd_sc_hd__a41oi_4)
                  0.14    0.21    6.55 v _08030_/Y (sky130_fd_sc_hd__a41oi_4)
     4    0.02                           _02310_ (net)
                  0.14    0.00    6.55 v _08034_/A (sky130_fd_sc_hd__nor2_1)
                  0.18    0.22    6.77 ^ _08034_/Y (sky130_fd_sc_hd__nor2_1)
     3    0.01                           _02314_ (net)
                  0.18    0.00    6.77 ^ _08220_/A (sky130_fd_sc_hd__and4_1)
                  0.11    0.27    7.03 ^ _08220_/X (sky130_fd_sc_hd__and4_1)
     1    0.01                           _02492_ (net)
                  0.11    0.00    7.03 ^ _08223_/A1 (sky130_fd_sc_hd__a211oi_1)
                  0.11    0.12    7.16 v _08223_/Y (sky130_fd_sc_hd__a211oi_1)
     2    0.01                           _02495_ (net)
                  0.11    0.00    7.16 v _08225_/B (sky130_fd_sc_hd__or2_1)
                  0.13    0.33    7.48 v _08225_/X (sky130_fd_sc_hd__or2_1)
     5    0.02                           _02497_ (net)
                  0.13    0.00    7.48 v _08269_/A1 (sky130_fd_sc_hd__o21a_1)
                  0.04    0.23    7.71 v _08269_/X (sky130_fd_sc_hd__o21a_1)
     2    0.00                           _02539_ (net)
                  0.04    0.00    7.71 v _08271_/B (sky130_fd_sc_hd__or2_1)
                  0.08    0.25    7.97 v _08271_/X (sky130_fd_sc_hd__or2_1)
     3    0.01                           _02541_ (net)
                  0.08    0.00    7.97 v _08290_/A2 (sky130_fd_sc_hd__a31o_1)
                  0.04    0.22    8.19 v _08290_/X (sky130_fd_sc_hd__a31o_1)
     1    0.00                           _02559_ (net)
                  0.04    0.00    8.19 v _08292_/A (sky130_fd_sc_hd__or2_1)
                  0.05    0.24    8.42 v _08292_/X (sky130_fd_sc_hd__or2_1)
     1    0.00                           _02561_ (net)
                  0.05    0.00    8.42 v _08294_/B1 (sky130_fd_sc_hd__a221o_1)
                  0.06    0.31    8.73 v _08294_/X (sky130_fd_sc_hd__a221o_1)
     1    0.00                           _02563_ (net)
                  0.06    0.00    8.73 v _08295_/B1_N (sky130_fd_sc_hd__a21bo_1)
                  0.05    0.19    8.92 ^ _08295_/X (sky130_fd_sc_hd__a21bo_1)
     1    0.00                           _00030_ (net)
                  0.05    0.00    8.92 ^ _15494_/D (sky130_fd_sc_hd__dfxtp_4)
                                  8.92   data arrival time

                         10.00   10.00   clock clk_i (rise edge)
                          0.00   10.00   clock source latency
                  0.30    0.20   10.20 ^ clk_i (in)
     1    0.07                           clk_i (net)
                  0.30    0.00   10.20 ^ clkbuf_0_clk_i/A (sky130_fd_sc_hd__clkbuf_16)
                  0.29    0.37   10.57 ^ clkbuf_0_clk_i/X (sky130_fd_sc_hd__clkbuf_16)
    16    0.28                           clknet_0_clk_i (net)
                  0.29    0.01   10.58 ^ clkbuf_4_10_0_clk_i/A (sky130_fd_sc_hd__clkbuf_8)
                  0.26    0.34   10.92 ^ clkbuf_4_10_0_clk_i/X (sky130_fd_sc_hd__clkbuf_8)
    11    0.15                           clknet_4_10_0_clk_i (net)
                  0.26    0.01   10.93 ^ clkbuf_leaf_119_clk_i/A (sky130_fd_sc_hd__clkbuf_16)
                  0.05    0.19   11.12 ^ clkbuf_leaf_119_clk_i/X (sky130_fd_sc_hd__clkbuf_16)
     8    0.03                           clknet_leaf_119_clk_i (net)
                  0.05    0.00   11.12 ^ _15494_/CLK (sky130_fd_sc_hd__dfxtp_4)
                         -0.25   10.87   clock uncertainty
                          0.00   10.87   clock reconvergence pessimism
                         -0.06   10.81   library setup time
                                 10.81   data required time
-----------------------------------------------------------------------------
                                 10.81   data required time
                                 -8.92   data arrival time
-----------------------------------------------------------------------------
                                  1.89   slack (MET)


Startpoint: _16039_ (rising edge-triggered flip-flop clocked by clk_i)
Endpoint: _15677_ (rising edge-triggered flip-flop clocked by clk_i)
Path Group: clk_i
Path Type: max

Fanout     Cap    Slew   Delay    Time   Description
-----------------------------------------------------------------------------
                          0.00    0.00   clock clk_i (rise edge)
                          0.00    0.00   clock source latency
                  0.30    0.22    0.22 ^ clk_i (in)
     1    0.07                           clk_i (net)
                  0.30    0.00    0.22 ^ clkbuf_0_clk_i/A (sky130_fd_sc_hd__clkbuf_16)
                  0.29    0.40    0.63 ^ clkbuf_0_clk_i/X (sky130_fd_sc_hd__clkbuf_16)
    16    0.28                           clknet_0_clk_i (net)
                  0.29    0.01    0.64 ^ clkbuf_4_9_0_clk_i/A (sky130_fd_sc_hd__clkbuf_8)
                  0.24    0.37    1.01 ^ clkbuf_4_9_0_clk_i/X (sky130_fd_sc_hd__clkbuf_8)
    10    0.14                           clknet_4_9_0_clk_i (net)
                  0.24    0.00    1.01 ^ clkbuf_leaf_103_clk_i/A (sky130_fd_sc_hd__clkbuf_16)
                  0.07    0.22    1.23 ^ clkbuf_leaf_103_clk_i/X (sky130_fd_sc_hd__clkbuf_16)
    13    0.04                           clknet_leaf_103_clk_i (net)
                  0.07    0.00    1.23 ^ _16039_/CLK (sky130_fd_sc_hd__dfxtp_1)
                  0.03    0.32    1.55 v _16039_/Q (sky130_fd_sc_hd__dfxtp_1)
     1    0.00                           control_i.MEM_rd_addr_i[4] (net)
                  0.03    0.00    1.55 v _07409_/A (sky130_fd_sc_hd__buf_4)
                  0.13    0.23    1.78 v _07409_/X (sky130_fd_sc_hd__buf_4)
    17    0.10                           _01737_ (net)
                  0.13    0.00    1.78 v _07410_/C (sky130_fd_sc_hd__or3_1)
                  0.09    0.38    2.16 v _07410_/X (sky130_fd_sc_hd__or3_1)
     1    0.01                           _01738_ (net)
                  0.09    0.00    2.16 v _07411_/A (sky130_fd_sc_hd__buf_6)
                  0.10    0.21    2.37 v _07411_/X (sky130_fd_sc_hd__buf_6)
     5    0.11                           _01739_ (net)
                  0.10    0.00    2.38 v _07542_/A3 (sky130_fd_sc_hd__o31a_4)
                  0.12    0.40    2.77 v _07542_/X (sky130_fd_sc_hd__o31a_4)
    11    0.06                           _01838_ (net)
                  0.12    0.01    2.78 v _12577_/A (sky130_fd_sc_hd__and3_1)
                  0.11    0.25    3.03 v _12577_/X (sky130_fd_sc_hd__and3_1)
     3    0.02                           _05820_ (net)
                  0.11    0.00    3.03 v _12578_/A (sky130_fd_sc_hd__buf_4)
                  0.11    0.25    3.28 v _12578_/X (sky130_fd_sc_hd__buf_4)
    17    0.08                           _05821_ (net)
                  0.11    0.00    3.28 v _12642_/A2 (sky130_fd_sc_hd__a211o_2)
                  0.11    0.45    3.73 v _12642_/X (sky130_fd_sc_hd__a211o_2)
     2    0.03                           _05885_ (net)
                  0.11    0.00    3.73 v _12757_/A2 (sky130_fd_sc_hd__a311oi_4)
                  0.82    0.78    4.51 ^ _12757_/Y (sky130_fd_sc_hd__a311oi_4)
     9    0.07                           _06000_ (net)
                  0.82    0.01    4.51 ^ _12772_/B (sky130_fd_sc_hd__and4_4)
                  0.22    0.55    5.06 ^ _12772_/X (sky130_fd_sc_hd__and4_4)
     8    0.07                           _06015_ (net)
                  0.22    0.00    5.06 ^ _13022_/A2 (sky130_fd_sc_hd__a31o_1)
                  0.10    0.23    5.29 ^ _13022_/X (sky130_fd_sc_hd__a31o_1)
     2    0.01                           _06259_ (net)
                  0.10    0.00    5.29 ^ _13070_/B1 (sky130_fd_sc_hd__o21a_1)
                  0.06    0.14    5.43 ^ _13070_/X (sky130_fd_sc_hd__o21a_1)
     1    0.00                           _06306_ (net)
                  0.06    0.00    5.43 ^ _13071_/B (sky130_fd_sc_hd__xor2_1)
                  0.29    0.29    5.72 ^ _13071_/X (sky130_fd_sc_hd__xor2_1)
     3    0.01                           _06307_ (net)
                  0.29    0.00    5.72 ^ _13072_/B (sky130_fd_sc_hd__xnor2_1)
                  0.08    0.14    5.86 v _13072_/Y (sky130_fd_sc_hd__xnor2_1)
     2    0.01                           _06308_ (net)
                  0.08    0.00    5.86 v _13114_/B (sky130_fd_sc_hd__or2_1)
                  0.08    0.27    6.13 v _13114_/X (sky130_fd_sc_hd__or2_1)
     1    0.01                           _06349_ (net)
                  0.08    0.00    6.13 v _13115_/B1 (sky130_fd_sc_hd__a311oi_4)
                  0.34    0.39    6.52 ^ _13115_/Y (sky130_fd_sc_hd__a311oi_4)
     2    0.02                           _06350_ (net)
                  0.34    0.00    6.52 ^ _13219_/A1 (sky130_fd_sc_hd__o2111ai_4)
                  0.14    0.20    6.72 v _13219_/Y (sky130_fd_sc_hd__o2111ai_4)
     2    0.01                           _06450_ (net)
                  0.14    0.00    6.72 v _13353_/A2 (sky130_fd_sc_hd__a211o_1)
                  0.15    0.45    7.17 v _13353_/X (sky130_fd_sc_hd__a211o_1)
     4    0.03                           _06580_ (net)
                  0.15    0.00    7.17 v _13582_/A2 (sky130_fd_sc_hd__a21o_1)
                  0.06    0.25    7.43 v _13582_/X (sky130_fd_sc_hd__a21o_1)
     2    0.01                           _06801_ (net)
                  0.06    0.00    7.43 v _13650_/A1 (sky130_fd_sc_hd__a211o_1)
                  0.11    0.34    7.77 v _13650_/X (sky130_fd_sc_hd__a211o_1)
     4    0.02                           _06867_ (net)
                  0.11    0.00    7.77 v _13666_/A1 (sky130_fd_sc_hd__a21o_1)
                  0.07    0.23    8.00 v _13666_/X (sky130_fd_sc_hd__a21o_1)
     3    0.01                           _06883_ (net)
                  0.07    0.00    8.00 v _13694_/A2 (sky130_fd_sc_hd__a211o_1)
                  0.05    0.31    8.31 v _13694_/X (sky130_fd_sc_hd__a211o_1)
     1    0.00                           _06910_ (net)
                  0.05    0.00    8.31 v _13702_/A3 (sky130_fd_sc_hd__a31o_1)
                  0.04    0.23    8.53 v _13702_/X (sky130_fd_sc_hd__a31o_1)
     1    0.00                           _06918_ (net)
                  0.04    0.00    8.53 v _13703_/A3 (sky130_fd_sc_hd__o31a_1)
                  0.04    0.24    8.77 v _13703_/X (sky130_fd_sc_hd__o31a_1)
     1    0.00                           _01086_ (net)
                  0.04    0.00    8.77 v _15677_/D (sky130_fd_sc_hd__dfxtp_2)
                                  8.77   data arrival time

                         10.00   10.00   clock clk_i (rise edge)
                          0.00   10.00   clock source latency
                  0.30    0.20   10.20 ^ clk_i (in)
     1    0.07                           clk_i (net)
                  0.30    0.00   10.20 ^ clkbuf_0_clk_i/A (sky130_fd_sc_hd__clkbuf_16)
                  0.29    0.37   10.57 ^ clkbuf_0_clk_i/X (sky130_fd_sc_hd__clkbuf_16)
    16    0.28                           clknet_0_clk_i (net)
                  0.29    0.01   10.58 ^ clkbuf_4_15_0_clk_i/A (sky130_fd_sc_hd__clkbuf_8)
                  0.17    0.28   10.86 ^ clkbuf_4_15_0_clk_i/X (sky130_fd_sc_hd__clkbuf_8)
     7    0.09                           clknet_4_15_0_clk_i (net)
                  0.17    0.01   10.86 ^ clkbuf_leaf_89_clk_i/A (sky130_fd_sc_hd__clkbuf_16)
                  0.04    0.15   11.02 ^ clkbuf_leaf_89_clk_i/X (sky130_fd_sc_hd__clkbuf_16)
     3    0.01                           clknet_leaf_89_clk_i (net)
                  0.04    0.00   11.02 ^ _15677_/CLK (sky130_fd_sc_hd__dfxtp_2)
                         -0.25   10.77   clock uncertainty
                          0.06   10.82   clock reconvergence pessimism
                         -0.11   10.71   library setup time
                                 10.71   data required time
-----------------------------------------------------------------------------
                                 10.71   data required time
                                 -8.77   data arrival time
-----------------------------------------------------------------------------
                                  1.94   slack (MET)


max_report_end
check_report

===========================================================================
report_checks -unconstrained
============================================================================
Startpoint: _16039_ (rising edge-triggered flip-flop clocked by clk_i)
Endpoint: _15680_ (rising edge-triggered flip-flop clocked by clk_i)
Path Group: clk_i
Path Type: max

Fanout     Cap    Slew   Delay    Time   Description
-----------------------------------------------------------------------------
                          0.00    0.00   clock clk_i (rise edge)
                          0.00    0.00   clock source latency
                  0.30    0.22    0.22 ^ clk_i (in)
     1    0.07                           clk_i (net)
                  0.30    0.00    0.22 ^ clkbuf_0_clk_i/A (sky130_fd_sc_hd__clkbuf_16)
                  0.29    0.40    0.63 ^ clkbuf_0_clk_i/X (sky130_fd_sc_hd__clkbuf_16)
    16    0.28                           clknet_0_clk_i (net)
                  0.29    0.01    0.64 ^ clkbuf_4_9_0_clk_i/A (sky130_fd_sc_hd__clkbuf_8)
                  0.24    0.37    1.01 ^ clkbuf_4_9_0_clk_i/X (sky130_fd_sc_hd__clkbuf_8)
    10    0.14                           clknet_4_9_0_clk_i (net)
                  0.24    0.00    1.01 ^ clkbuf_leaf_103_clk_i/A (sky130_fd_sc_hd__clkbuf_16)
                  0.07    0.22    1.23 ^ clkbuf_leaf_103_clk_i/X (sky130_fd_sc_hd__clkbuf_16)
    13    0.04                           clknet_leaf_103_clk_i (net)
                  0.07    0.00    1.23 ^ _16039_/CLK (sky130_fd_sc_hd__dfxtp_1)
                  0.03    0.32    1.55 v _16039_/Q (sky130_fd_sc_hd__dfxtp_1)
     1    0.00                           control_i.MEM_rd_addr_i[4] (net)
                  0.03    0.00    1.55 v _07409_/A (sky130_fd_sc_hd__buf_4)
                  0.13    0.23    1.78 v _07409_/X (sky130_fd_sc_hd__buf_4)
    17    0.10                           _01737_ (net)
                  0.13    0.00    1.78 v _07410_/C (sky130_fd_sc_hd__or3_1)
                  0.09    0.38    2.16 v _07410_/X (sky130_fd_sc_hd__or3_1)
     1    0.01                           _01738_ (net)
                  0.09    0.00    2.16 v _07411_/A (sky130_fd_sc_hd__buf_6)
                  0.10    0.21    2.37 v _07411_/X (sky130_fd_sc_hd__buf_6)
     5    0.11                           _01739_ (net)
                  0.10    0.00    2.38 v _07542_/A3 (sky130_fd_sc_hd__o31a_4)
                  0.12    0.40    2.77 v _07542_/X (sky130_fd_sc_hd__o31a_4)
    11    0.06                           _01838_ (net)
                  0.12    0.01    2.78 v _12577_/A (sky130_fd_sc_hd__and3_1)
                  0.11    0.25    3.03 v _12577_/X (sky130_fd_sc_hd__and3_1)
     3    0.02                           _05820_ (net)
                  0.11    0.00    3.03 v _12578_/A (sky130_fd_sc_hd__buf_4)
                  0.11    0.25    3.28 v _12578_/X (sky130_fd_sc_hd__buf_4)
    17    0.08                           _05821_ (net)
                  0.11    0.00    3.28 v _12642_/A2 (sky130_fd_sc_hd__a211o_2)
                  0.11    0.45    3.73 v _12642_/X (sky130_fd_sc_hd__a211o_2)
     2    0.03                           _05885_ (net)
                  0.11    0.00    3.73 v _12757_/A2 (sky130_fd_sc_hd__a311oi_4)
                  0.82    0.78    4.51 ^ _12757_/Y (sky130_fd_sc_hd__a311oi_4)
     9    0.07                           _06000_ (net)
                  0.82    0.01    4.51 ^ _12772_/B (sky130_fd_sc_hd__and4_4)
                  0.22    0.55    5.06 ^ _12772_/X (sky130_fd_sc_hd__and4_4)
     8    0.07                           _06015_ (net)
                  0.22    0.00    5.06 ^ _13022_/A2 (sky130_fd_sc_hd__a31o_1)
                  0.10    0.23    5.29 ^ _13022_/X (sky130_fd_sc_hd__a31o_1)
     2    0.01                           _06259_ (net)
                  0.10    0.00    5.29 ^ _13070_/B1 (sky130_fd_sc_hd__o21a_1)
                  0.06    0.14    5.43 ^ _13070_/X (sky130_fd_sc_hd__o21a_1)
     1    0.00                           _06306_ (net)
                  0.06    0.00    5.43 ^ _13071_/B (sky130_fd_sc_hd__xor2_1)
                  0.29    0.29    5.72 ^ _13071_/X (sky130_fd_sc_hd__xor2_1)
     3    0.01                           _06307_ (net)
                  0.29    0.00    5.72 ^ _13072_/B (sky130_fd_sc_hd__xnor2_1)
                  0.08    0.14    5.86 v _13072_/Y (sky130_fd_sc_hd__xnor2_1)
     2    0.01                           _06308_ (net)
                  0.08    0.00    5.86 v _13114_/B (sky130_fd_sc_hd__or2_1)
                  0.08    0.27    6.13 v _13114_/X (sky130_fd_sc_hd__or2_1)
     1    0.01                           _06349_ (net)
                  0.08    0.00    6.13 v _13115_/B1 (sky130_fd_sc_hd__a311oi_4)
                  0.34    0.39    6.52 ^ _13115_/Y (sky130_fd_sc_hd__a311oi_4)
     2    0.02                           _06350_ (net)
                  0.34    0.00    6.52 ^ _13219_/A1 (sky130_fd_sc_hd__o2111ai_4)
                  0.14    0.20    6.72 v _13219_/Y (sky130_fd_sc_hd__o2111ai_4)
     2    0.01                           _06450_ (net)
                  0.14    0.00    6.72 v _13353_/A2 (sky130_fd_sc_hd__a211o_1)
                  0.15    0.45    7.17 v _13353_/X (sky130_fd_sc_hd__a211o_1)
     4    0.03                           _06580_ (net)
                  0.15    0.00    7.17 v _13582_/A2 (sky130_fd_sc_hd__a21o_1)
                  0.06    0.25    7.43 v _13582_/X (sky130_fd_sc_hd__a21o_1)
     2    0.01                           _06801_ (net)
                  0.06    0.00    7.43 v _13650_/A1 (sky130_fd_sc_hd__a211o_1)
                  0.11    0.34    7.77 v _13650_/X (sky130_fd_sc_hd__a211o_1)
     4    0.02                           _06867_ (net)
                  0.11    0.00    7.77 v _13717_/A1 (sky130_fd_sc_hd__a311o_1)
                  0.12    0.38    8.15 v _13717_/X (sky130_fd_sc_hd__a311o_1)
     5    0.02                           _06932_ (net)
                  0.12    0.00    8.15 v _13775_/A2 (sky130_fd_sc_hd__a311oi_2)
                  0.29    0.36    8.51 ^ _13775_/Y (sky130_fd_sc_hd__a311oi_2)
     3    0.01                           _06988_ (net)
                  0.29    0.00    8.51 ^ _13778_/A (sky130_fd_sc_hd__nor2_1)
                  0.06    0.09    8.60 v _13778_/Y (sky130_fd_sc_hd__nor2_1)
     1    0.00                           _06991_ (net)
                  0.06    0.00    8.60 v _13791_/A1 (sky130_fd_sc_hd__o31a_1)
                  0.04    0.31    8.90 v _13791_/X (sky130_fd_sc_hd__o31a_1)
     1    0.00                           _01089_ (net)
                  0.04    0.00    8.90 v _15680_/D (sky130_fd_sc_hd__dfxtp_2)
                                  8.90   data arrival time

                         10.00   10.00   clock clk_i (rise edge)
                          0.00   10.00   clock source latency
                  0.30    0.20   10.20 ^ clk_i (in)
     1    0.07                           clk_i (net)
                  0.30    0.00   10.20 ^ clkbuf_0_clk_i/A (sky130_fd_sc_hd__clkbuf_16)
                  0.29    0.37   10.57 ^ clkbuf_0_clk_i/X (sky130_fd_sc_hd__clkbuf_16)
    16    0.28                           clknet_0_clk_i (net)
                  0.29    0.01   10.58 ^ clkbuf_4_15_0_clk_i/A (sky130_fd_sc_hd__clkbuf_8)
                  0.17    0.28   10.86 ^ clkbuf_4_15_0_clk_i/X (sky130_fd_sc_hd__clkbuf_8)
     7    0.09                           clknet_4_15_0_clk_i (net)
                  0.17    0.01   10.86 ^ _15680_/CLK (sky130_fd_sc_hd__dfxtp_2)
                         -0.25   10.61   clock uncertainty
                          0.06   10.67   clock reconvergence pessimism
                         -0.08   10.59   library setup time
                                 10.59   data required time
-----------------------------------------------------------------------------
                                 10.59   data required time
                                 -8.90   data arrival time
-----------------------------------------------------------------------------
                                  1.69   slack (MET)



===========================================================================
report_checks --slack_max -0.01
============================================================================
No paths found.
check_report_end
parastic_annotation_check

===========================================================================
report_parasitic_annotation -report_unannotated
============================================================================
Found 2 unannotated drivers.
 toast_top_198/HI
 toast_top_199/HI
Found 0 partially unannotated drivers.
parastic_annotation_check
check_slew

===========================================================================
 report_check_types -max_slew -max_cap -max_fanout -violators
============================================================================
max fanout

Pin                                   Limit Fanout  Slack
---------------------------------------------------------
input92/X                                17     25     -8 (VIOLATED)
input66/X                                17     23     -6 (VIOLATED)
input89/X                                17     23     -6 (VIOLATED)
input94/X                                17     21     -4 (VIOLATED)
_08443_/X                                17     19     -2 (VIOLATED)
clkbuf_leaf_70_clk_i/X                   17     19     -2 (VIOLATED)
_08373_/X                                17     18        (VIOLATED)
_08380_/X                                17     18        (VIOLATED)
_08381_/X                                17     18        (VIOLATED)
_08390_/X                                17     18        (VIOLATED)
_08402_/X                                17     18        (VIOLATED)
_08415_/X                                17     18        (VIOLATED)
_08419_/X                                17     18        (VIOLATED)
_08436_/X                                17     18        (VIOLATED)
_08783_/X                                17     18        (VIOLATED)
_08848_/X                                17     18        (VIOLATED)
_08856_/X                                17     18        (VIOLATED)
_08994_/X                                17     18        (VIOLATED)
_10338_/X                                17     18        (VIOLATED)
_10365_/X                                17     18        (VIOLATED)


===========================================================================
max slew violation count 0
max fanout violation count 20
max cap violation count 0
============================================================================
check_slew_end
tns_report

===========================================================================
 report_tns
============================================================================
tns 0.00
tns_report_end
wns_report

===========================================================================
 report_wns
============================================================================
wns 0.00
wns_report_end
worst_slack

===========================================================================
 report_worst_slack -max (Setup)
============================================================================
worst slack 1.69

===========================================================================
 report_worst_slack -min (Hold)
============================================================================
worst slack 0.13
worst_slack_end
clock_skew

===========================================================================
 report_clock_skew
============================================================================
Clock clk_i
Latency      CRPR       Skew
_15048_/CLK ^
   1.27
_15680_/CLK ^
   0.86     -0.06       0.35

clock_skew_end
power_report

===========================================================================
 report_power
============================================================================
Group                  Internal  Switching    Leakage      Total
                          Power      Power      Power      Power (Watts)
----------------------------------------------------------------
Sequential             6.35e-03   6.23e-04   1.22e-08   6.97e-03  37.5%
Combinational          5.42e-03   6.20e-03   5.79e-08   1.16e-02  62.5%
Macro                  0.00e+00   0.00e+00   0.00e+00   0.00e+00   0.0%
Pad                    0.00e+00   0.00e+00   0.00e+00   0.00e+00   0.0%
----------------------------------------------------------------
Total                  1.18e-02   6.83e-03   7.01e-08   1.86e-02 100.0%
                          63.3%      36.7%       0.0%
power_report_end
area_report

===========================================================================
 report_design_area
============================================================================
Design area 101235 u^2 55% utilization.
area_report_end
Setting global connections for newly added cells...
[WARNING] Did not save OpenROAD database!
Writing SDF to /openlane/designs/toast_top/runs/without/results/routing/mca/process_corner_nom/toast_top.sdf...
Writing timing model to /openlane/designs/toast_top/runs/without/results/routing/mca/process_corner_nom/toast_top.lib...
