Reading /openlane/designs/toast_top/runs/without/results/signoff/toast_top.gds ..
Reading /openlane/designs/toast_top/runs/without/results/signoff/toast_top.klayout.gds ..
--- Running XOR for layer 10/0 ---
"input" in: xor.drc:87
    Polygons (raw): 0 (flat)  0 (hierarchical)
    Elapsed: 0.000s  Memory: 426.00M
"input" in: xor.drc:87
    Polygons (raw): 3171 (flat)  5 (hierarchical)
    Elapsed: 0.000s  Memory: 426.00M
"^" in: xor.drc:87
    Polygons (raw): 3171 (flat)  5 (hierarchical)
    Elapsed: 0.000s  Memory: 426.00M
XOR differences: 3171
"output" in: xor.drc:65
    Polygons (raw): 3171 (flat)  5 (hierarchical)
    Elapsed: 0.010s  Memory: 426.00M
--- Running XOR for layer 11/0 ---
"input" in: xor.drc:87
    Polygons (raw): 0 (flat)  0 (hierarchical)
    Elapsed: 0.000s  Memory: 426.00M
"input" in: xor.drc:87
    Polygons (raw): 2490 (flat)  732 (hierarchical)
    Elapsed: 0.000s  Memory: 426.00M
"^" in: xor.drc:87
    Polygons (raw): 2490 (flat)  732 (hierarchical)
    Elapsed: 0.000s  Memory: 426.00M
XOR differences: 2490
"output" in: xor.drc:65
    Polygons (raw): 2490 (flat)  732 (hierarchical)
    Elapsed: 0.020s  Memory: 426.00M
--- Running XOR for layer 11/1 ---
"input" in: xor.drc:87
    Polygons (raw): 0 (flat)  0 (hierarchical)
    Elapsed: 0.000s  Memory: 426.00M
"input" in: xor.drc:87
    Polygons (raw): 0 (flat)  0 (hierarchical)
    Elapsed: 0.000s  Memory: 426.00M
"^" in: xor.drc:87
    Polygons (raw): 0 (flat)  0 (hierarchical)
    Elapsed: 0.000s  Memory: 426.00M
XOR differences: 0
"output" in: xor.drc:65
    Polygons (raw): 0 (flat)  0 (hierarchical)
    Elapsed: 0.020s  Memory: 426.00M
--- Running XOR for layer 11/2 ---
"input" in: xor.drc:87
    Polygons (raw): 0 (flat)  0 (hierarchical)
    Elapsed: 0.000s  Memory: 426.00M
"input" in: xor.drc:87
    Polygons (raw): 6 (flat)  6 (hierarchical)
    Elapsed: 0.000s  Memory: 426.00M
"^" in: xor.drc:87
    Polygons (raw): 6 (flat)  6 (hierarchical)
    Elapsed: 0.000s  Memory: 426.00M
XOR differences: 6
"output" in: xor.drc:65
    Polygons (raw): 6 (flat)  6 (hierarchical)
    Elapsed: 0.010s  Memory: 426.00M
--- Running XOR for layer 12/0 ---
"input" in: xor.drc:87
    Polygons (raw): 0 (flat)  0 (hierarchical)
    Elapsed: 0.000s  Memory: 426.00M
"input" in: xor.drc:87
    Polygons (raw): 22 (flat)  2 (hierarchical)
    Elapsed: 0.000s  Memory: 426.00M
"^" in: xor.drc:87
    Polygons (raw): 22 (flat)  2 (hierarchical)
    Elapsed: 0.000s  Memory: 426.00M
XOR differences: 22
"output" in: xor.drc:65
    Polygons (raw): 22 (flat)  2 (hierarchical)
    Elapsed: 0.010s  Memory: 426.00M
--- Running XOR for layer 122/16 ---
"input" in: xor.drc:87
    Polygons (raw): 27165 (flat)  167 (hierarchical)
    Elapsed: 0.000s  Memory: 426.00M
"input" in: xor.drc:87
    Polygons (raw): 27165 (flat)  167 (hierarchical)
    Elapsed: 0.000s  Memory: 426.00M
"^" in: xor.drc:87
    Polygons (raw): 0 (flat)  0 (hierarchical)
    Elapsed: 0.250s  Memory: 427.00M
XOR differences: 0
"output" in: xor.drc:65
    Polygons (raw): 0 (flat)  0 (hierarchical)
    Elapsed: 0.000s  Memory: 427.00M
--- Running XOR for layer 13/0 ---
"input" in: xor.drc:87
    Polygons (raw): 0 (flat)  0 (hierarchical)
    Elapsed: 0.000s  Memory: 427.00M
"input" in: xor.drc:87
    Polygons (raw): 30 (flat)  10 (hierarchical)
    Elapsed: 0.000s  Memory: 427.00M
"^" in: xor.drc:87
    Polygons (raw): 30 (flat)  10 (hierarchical)
    Elapsed: 0.000s  Memory: 427.00M
XOR differences: 30
"output" in: xor.drc:65
    Polygons (raw): 30 (flat)  10 (hierarchical)
    Elapsed: 0.010s  Memory: 427.00M
--- Running XOR for layer 13/1 ---
"input" in: xor.drc:87
    Polygons (raw): 0 (flat)  0 (hierarchical)
    Elapsed: 0.000s  Memory: 427.00M
"input" in: xor.drc:87
    Polygons (raw): 0 (flat)  0 (hierarchical)
    Elapsed: 0.000s  Memory: 427.00M
"^" in: xor.drc:87
    Polygons (raw): 0 (flat)  0 (hierarchical)
    Elapsed: 0.000s  Memory: 427.00M
XOR differences: 0
"output" in: xor.drc:65
    Polygons (raw): 0 (flat)  0 (hierarchical)
    Elapsed: 0.010s  Memory: 427.00M
--- Running XOR for layer 13/2 ---
"input" in: xor.drc:87
    Polygons (raw): 0 (flat)  0 (hierarchical)
    Elapsed: 0.000s  Memory: 427.00M
"input" in: xor.drc:87
    Polygons (raw): 6 (flat)  6 (hierarchical)
    Elapsed: 0.000s  Memory: 427.00M
"^" in: xor.drc:87
    Polygons (raw): 6 (flat)  6 (hierarchical)
    Elapsed: 0.000s  Memory: 427.00M
XOR differences: 6
"output" in: xor.drc:65
    Polygons (raw): 6 (flat)  6 (hierarchical)
    Elapsed: 0.010s  Memory: 427.00M
--- Running XOR for layer 14/0 ---
"input" in: xor.drc:87
    Polygons (raw): 0 (flat)  0 (hierarchical)
    Elapsed: 0.000s  Memory: 427.00M
"input" in: xor.drc:87
    Polygons (raw): 1 (flat)  1 (hierarchical)
    Elapsed: 0.000s  Memory: 427.00M
"^" in: xor.drc:87
    Polygons (raw): 1 (flat)  1 (hierarchical)
    Elapsed: 0.000s  Memory: 427.00M
XOR differences: 1
"output" in: xor.drc:65
    Polygons (raw): 1 (flat)  1 (hierarchical)
    Elapsed: 0.020s  Memory: 427.00M
--- Running XOR for layer 235/4 ---
"input" in: xor.drc:87
    Polygons (raw): 1 (flat)  1 (hierarchical)
    Elapsed: 0.000s  Memory: 427.00M
"input" in: xor.drc:87
    Polygons (raw): 0 (flat)  0 (hierarchical)
    Elapsed: 0.000s  Memory: 427.00M
"^" in: xor.drc:87
    Polygons (raw): 1 (flat)  1 (hierarchical)
    Elapsed: 0.000s  Memory: 427.00M
XOR differences: 1
"output" in: xor.drc:65
    Polygons (raw): 1 (flat)  1 (hierarchical)
    Elapsed: 0.010s  Memory: 427.00M
--- Running XOR for layer 236/0 ---
"input" in: xor.drc:87
    Polygons (raw): 19598 (flat)  158 (hierarchical)
    Elapsed: 0.000s  Memory: 427.00M
"input" in: xor.drc:87
    Polygons (raw): 19598 (flat)  158 (hierarchical)
    Elapsed: 0.000s  Memory: 427.00M
"^" in: xor.drc:87
    Polygons (raw): 0 (flat)  0 (hierarchical)
    Elapsed: 0.200s  Memory: 438.00M
XOR differences: 0
"output" in: xor.drc:65
    Polygons (raw): 0 (flat)  0 (hierarchical)
    Elapsed: 0.000s  Memory: 438.00M
--- Running XOR for layer 3/0 ---
"input" in: xor.drc:87
    Polygons (raw): 0 (flat)  0 (hierarchical)
    Elapsed: 0.000s  Memory: 438.00M
"input" in: xor.drc:87
    Polygons (raw): 32890 (flat)  1 (hierarchical)
    Elapsed: 0.000s  Memory: 438.00M
"^" in: xor.drc:87
    Polygons (raw): 32890 (flat)  1 (hierarchical)
    Elapsed: 0.000s  Memory: 438.00M
XOR differences: 32890
"output" in: xor.drc:65
    Polygons (raw): 32890 (flat)  1 (hierarchical)
    Elapsed: 0.010s  Memory: 438.00M
--- Running XOR for layer 4/0 ---
"input" in: xor.drc:87
    Polygons (raw): 0 (flat)  0 (hierarchical)
    Elapsed: 0.000s  Memory: 438.00M
"input" in: xor.drc:87
    Polygons (raw): 32890 (flat)  1 (hierarchical)
    Elapsed: 0.000s  Memory: 438.00M
"^" in: xor.drc:87
    Polygons (raw): 32890 (flat)  1 (hierarchical)
    Elapsed: 0.000s  Memory: 438.00M
XOR differences: 32890
"output" in: xor.drc:65
    Polygons (raw): 32890 (flat)  1 (hierarchical)
    Elapsed: 0.010s  Memory: 438.00M
--- Running XOR for layer 5/0 ---
"input" in: xor.drc:87
    Polygons (raw): 0 (flat)  0 (hierarchical)
    Elapsed: 0.000s  Memory: 438.00M
"input" in: xor.drc:87
    Polygons (raw): 118791 (flat)  45127 (hierarchical)
    Elapsed: 0.000s  Memory: 438.00M
"^" in: xor.drc:87
    Polygons (raw): 118791 (flat)  45127 (hierarchical)
    Elapsed: 0.000s  Memory: 438.00M
XOR differences: 118791
"output" in: xor.drc:65
    Polygons (raw): 118791 (flat)  45127 (hierarchical)
    Elapsed: 0.060s  Memory: 450.00M
--- Running XOR for layer 6/0 ---
"input" in: xor.drc:87
    Polygons (raw): 0 (flat)  0 (hierarchical)
    Elapsed: 0.000s  Memory: 450.00M
"input" in: xor.drc:87
    Polygons (raw): 42686 (flat)  7 (hierarchical)
    Elapsed: 0.000s  Memory: 450.00M
"^" in: xor.drc:87
    Polygons (raw): 42686 (flat)  7 (hierarchical)
    Elapsed: 0.010s  Memory: 450.00M
XOR differences: 42686
"output" in: xor.drc:65
    Polygons (raw): 42686 (flat)  7 (hierarchical)
    Elapsed: 0.010s  Memory: 450.00M
--- Running XOR for layer 64/16 ---
"input" in: xor.drc:87
    Polygons (raw): 27162 (flat)  166 (hierarchical)
    Elapsed: 0.000s  Memory: 450.00M
"input" in: xor.drc:87
    Polygons (raw): 27162 (flat)  166 (hierarchical)
    Elapsed: 0.000s  Memory: 450.00M
"^" in: xor.drc:87
    Polygons (raw): 0 (flat)  0 (hierarchical)
    Elapsed: 0.250s  Memory: 457.00M
XOR differences: 0
"output" in: xor.drc:65
    Polygons (raw): 0 (flat)  0 (hierarchical)
    Elapsed: 0.000s  Memory: 457.00M
--- Running XOR for layer 64/20 ---
"input" in: xor.drc:87
    Polygons (raw): 28174 (flat)  161 (hierarchical)
    Elapsed: 0.000s  Memory: 457.00M
"input" in: xor.drc:87
    Polygons (raw): 28174 (flat)  161 (hierarchical)
    Elapsed: 0.000s  Memory: 457.00M
"^" in: xor.drc:87
    Polygons (raw): 0 (flat)  0 (hierarchical)
    Elapsed: 0.320s  Memory: 464.00M
XOR differences: 0
"output" in: xor.drc:65
    Polygons (raw): 0 (flat)  0 (hierarchical)
    Elapsed: 0.000s  Memory: 464.00M
--- Running XOR for layer 64/5 ---
"input" in: xor.drc:87
    Polygons (raw): 0 (flat)  0 (hierarchical)
    Elapsed: 0.000s  Memory: 464.00M
"input" in: xor.drc:87
    Polygons (raw): 0 (flat)  0 (hierarchical)
    Elapsed: 0.000s  Memory: 464.00M
"^" in: xor.drc:87
    Polygons (raw): 0 (flat)  0 (hierarchical)
    Elapsed: 0.080s  Memory: 464.00M
XOR differences: 0
"output" in: xor.drc:65
    Polygons (raw): 0 (flat)  0 (hierarchical)
    Elapsed: 0.000s  Memory: 464.00M
--- Running XOR for layer 64/59 ---
"input" in: xor.drc:87
    Polygons (raw): 0 (flat)  0 (hierarchical)
    Elapsed: 0.000s  Memory: 464.00M
"input" in: xor.drc:87
    Polygons (raw): 0 (flat)  0 (hierarchical)
    Elapsed: 0.000s  Memory: 464.00M
"^" in: xor.drc:87
    Polygons (raw): 0 (flat)  0 (hierarchical)
    Elapsed: 0.080s  Memory: 464.00M
XOR differences: 0
"output" in: xor.drc:65
    Polygons (raw): 0 (flat)  0 (hierarchical)
    Elapsed: 0.000s  Memory: 464.00M
--- Running XOR for layer 65/20 ---
"input" in: xor.drc:87
    Polygons (raw): 47720 (flat)  451 (hierarchical)
    Elapsed: 0.000s  Memory: 464.00M
"input" in: xor.drc:87
    Polygons (raw): 47720 (flat)  451 (hierarchical)
    Elapsed: 0.000s  Memory: 464.00M
"^" in: xor.drc:87
    Polygons (raw): 0 (flat)  0 (hierarchical)
    Elapsed: 0.370s  Memory: 465.00M
XOR differences: 0
"output" in: xor.drc:65
    Polygons (raw): 0 (flat)  0 (hierarchical)
    Elapsed: 0.000s  Memory: 465.00M
--- Running XOR for layer 65/44 ---
"input" in: xor.drc:87
    Polygons (raw): 5280 (flat)  2 (hierarchical)
    Elapsed: 0.000s  Memory: 465.00M
"input" in: xor.drc:87
    Polygons (raw): 5280 (flat)  2 (hierarchical)
    Elapsed: 0.000s  Memory: 465.00M
"^" in: xor.drc:87
    Polygons (raw): 0 (flat)  0 (hierarchical)
    Elapsed: 0.060s  Memory: 465.00M
XOR differences: 0
"output" in: xor.drc:65
    Polygons (raw): 0 (flat)  0 (hierarchical)
    Elapsed: 0.000s  Memory: 465.00M
--- Running XOR for layer 66/15 ---
"input" in: xor.drc:87
    Polygons (raw): 4 (flat)  2 (hierarchical)
    Elapsed: 0.000s  Memory: 465.00M
"input" in: xor.drc:87
    Polygons (raw): 4 (flat)  2 (hierarchical)
    Elapsed: 0.000s  Memory: 465.00M
"^" in: xor.drc:87
    Polygons (raw): 0 (flat)  0 (hierarchical)
    Elapsed: 0.030s  Memory: 465.00M
XOR differences: 0
"output" in: xor.drc:65
    Polygons (raw): 0 (flat)  0 (hierarchical)
    Elapsed: 0.000s  Memory: 465.00M
--- Running XOR for layer 66/20 ---
"input" in: xor.drc:87
    Polygons (raw): 75251 (flat)  780 (hierarchical)
    Elapsed: 0.000s  Memory: 465.00M
"input" in: xor.drc:87
    Polygons (raw): 75251 (flat)  780 (hierarchical)
    Elapsed: 0.000s  Memory: 465.00M
"^" in: xor.drc:87
    Polygons (raw): 0 (flat)  0 (hierarchical)
    Elapsed: 1.080s  Memory: 465.00M
XOR differences: 0
"output" in: xor.drc:65
    Polygons (raw): 0 (flat)  0 (hierarchical)
    Elapsed: 0.000s  Memory: 465.00M
--- Running XOR for layer 66/44 ---
"input" in: xor.drc:87
    Polygons (raw): 348503 (flat)  5195 (hierarchical)
    Elapsed: 0.000s  Memory: 465.00M
"input" in: xor.drc:87
    Polygons (raw): 348503 (flat)  5195 (hierarchical)
    Elapsed: 0.000s  Memory: 465.00M
"^" in: xor.drc:87
    Polygons (raw): 0 (flat)  0 (hierarchical)
    Elapsed: 1.940s  Memory: 467.00M
XOR differences: 0
"output" in: xor.drc:65
    Polygons (raw): 0 (flat)  0 (hierarchical)
    Elapsed: 0.000s  Memory: 467.00M
--- Running XOR for layer 67/16 ---
"input" in: xor.drc:87
    Polygons (raw): 64079 (flat)  1396 (hierarchical)
    Elapsed: 0.000s  Memory: 467.00M
"input" in: xor.drc:87
    Polygons (raw): 64079 (flat)  1396 (hierarchical)
    Elapsed: 0.000s  Memory: 467.00M
"^" in: xor.drc:87
    Polygons (raw): 0 (flat)  0 (hierarchical)
    Elapsed: 0.310s  Memory: 467.00M
XOR differences: 0
"output" in: xor.drc:65
    Polygons (raw): 0 (flat)  0 (hierarchical)
    Elapsed: 0.000s  Memory: 467.00M
--- Running XOR for layer 67/20 ---
"input" in: xor.drc:87
    Polygons (raw): 161806 (flat)  34253 (hierarchical)
    Elapsed: 0.000s  Memory: 467.00M
"input" in: xor.drc:87
    Polygons (raw): 128916 (flat)  1363 (hierarchical)
    Elapsed: 0.000s  Memory: 467.00M
"^" in: xor.drc:87
    Polygons (raw): 2989 (flat)  2989 (hierarchical)
    Elapsed: 2.180s  Memory: 476.00M
XOR differences: 2989
"output" in: xor.drc:65
    Polygons (raw): 2989 (flat)  2989 (hierarchical)
    Elapsed: 0.010s  Memory: 476.00M
--- Running XOR for layer 67/44 ---
"input" in: xor.drc:87
    Polygons (raw): 337415 (flat)  35935 (hierarchical)
    Elapsed: 0.000s  Memory: 476.00M
"input" in: xor.drc:87
    Polygons (raw): 304525 (flat)  3045 (hierarchical)
    Elapsed: 0.000s  Memory: 476.00M
"^" in: xor.drc:87
    Polygons (raw): 32890 (flat)  32890 (hierarchical)
    Elapsed: 1.460s  Memory: 476.00M
XOR differences: 32890
"output" in: xor.drc:65
    Polygons (raw): 32890 (flat)  32890 (hierarchical)
    Elapsed: 0.050s  Memory: 476.00M
--- Running XOR for layer 67/5 ---
"input" in: xor.drc:87
    Polygons (raw): 0 (flat)  0 (hierarchical)
    Elapsed: 0.000s  Memory: 476.00M
"input" in: xor.drc:87
    Polygons (raw): 0 (flat)  0 (hierarchical)
    Elapsed: 0.000s  Memory: 476.00M
"^" in: xor.drc:87
    Polygons (raw): 0 (flat)  0 (hierarchical)
    Elapsed: 0.060s  Memory: 476.00M
XOR differences: 0
"output" in: xor.drc:65
    Polygons (raw): 0 (flat)  0 (hierarchical)
    Elapsed: 0.000s  Memory: 476.00M
--- Running XOR for layer 68/16 ---
"input" in: xor.drc:87
    Polygons (raw): 56391 (flat)  331 (hierarchical)
    Elapsed: 0.000s  Memory: 476.00M
"input" in: xor.drc:87
    Polygons (raw): 56391 (flat)  331 (hierarchical)
    Elapsed: 0.000s  Memory: 476.00M
"^" in: xor.drc:87
    Polygons (raw): 0 (flat)  0 (hierarchical)
    Elapsed: 0.410s  Memory: 487.00M
XOR differences: 0
"output" in: xor.drc:65
    Polygons (raw): 0 (flat)  0 (hierarchical)
    Elapsed: 0.000s  Memory: 487.00M
--- Running XOR for layer 68/20 ---
"input" in: xor.drc:87
    Polygons (raw): 211537 (flat)  152606 (hierarchical)
    Elapsed: 0.000s  Memory: 487.00M
"input" in: xor.drc:87
    Polygons (raw): 59273 (flat)  342 (hierarchical)
    Elapsed: 0.000s  Memory: 487.00M
"^" in: xor.drc:87
    Polygons (raw): 32989 (flat)  32989 (hierarchical)
    Elapsed: 0.960s  Memory: 523.00M
XOR differences: 32989
"output" in: xor.drc:65
    Polygons (raw): 32989 (flat)  32989 (hierarchical)
    Elapsed: 0.070s  Memory: 523.00M
--- Running XOR for layer 68/44 ---
"input" in: xor.drc:87
    Polygons (raw): 42686 (flat)  42686 (hierarchical)
    Elapsed: 0.000s  Memory: 523.00M
"input" in: xor.drc:87
    Polygons (raw): 0 (flat)  0 (hierarchical)
    Elapsed: 0.000s  Memory: 523.00M
"^" in: xor.drc:87
    Polygons (raw): 42686 (flat)  42686 (hierarchical)
    Elapsed: 0.000s  Memory: 523.00M
XOR differences: 42686
"output" in: xor.drc:65
    Polygons (raw): 42686 (flat)  42686 (hierarchical)
    Elapsed: 0.040s  Memory: 523.00M
--- Running XOR for layer 68/5 ---
"input" in: xor.drc:87
    Polygons (raw): 0 (flat)  0 (hierarchical)
    Elapsed: 0.000s  Memory: 523.00M
"input" in: xor.drc:87
    Polygons (raw): 0 (flat)  0 (hierarchical)
    Elapsed: 0.000s  Memory: 523.00M
"^" in: xor.drc:87
    Polygons (raw): 0 (flat)  0 (hierarchical)
    Elapsed: 0.090s  Memory: 523.00M
XOR differences: 0
"output" in: xor.drc:65
    Polygons (raw): 0 (flat)  0 (hierarchical)
    Elapsed: 0.000s  Memory: 523.00M
--- Running XOR for layer 69/16 ---
"input" in: xor.drc:87
    Polygons (raw): 102 (flat)  102 (hierarchical)
    Elapsed: 0.000s  Memory: 523.00M
"input" in: xor.drc:87
    Polygons (raw): 0 (flat)  0 (hierarchical)
    Elapsed: 0.000s  Memory: 523.00M
"^" in: xor.drc:87
    Polygons (raw): 102 (flat)  102 (hierarchical)
    Elapsed: 0.000s  Memory: 523.00M
XOR differences: 102
"output" in: xor.drc:65
    Polygons (raw): 102 (flat)  102 (hierarchical)
    Elapsed: 0.010s  Memory: 523.00M
--- Running XOR for layer 69/20 ---
"input" in: xor.drc:87
    Polygons (raw): 77634 (flat)  77634 (hierarchical)
    Elapsed: 0.000s  Memory: 523.00M
"input" in: xor.drc:87
    Polygons (raw): 0 (flat)  0 (hierarchical)
    Elapsed: 0.000s  Memory: 523.00M
"^" in: xor.drc:87
    Polygons (raw): 77634 (flat)  77634 (hierarchical)
    Elapsed: 0.000s  Memory: 523.00M
XOR differences: 77634
"output" in: xor.drc:65
    Polygons (raw): 77634 (flat)  77634 (hierarchical)
    Elapsed: 0.080s  Memory: 546.00M
--- Running XOR for layer 69/44 ---
"input" in: xor.drc:87
    Polygons (raw): 5965 (flat)  5965 (hierarchical)
    Elapsed: 0.000s  Memory: 546.00M
"input" in: xor.drc:87
    Polygons (raw): 0 (flat)  0 (hierarchical)
    Elapsed: 0.000s  Memory: 546.00M
"^" in: xor.drc:87
    Polygons (raw): 5965 (flat)  5965 (hierarchical)
    Elapsed: 0.000s  Memory: 546.00M
XOR differences: 5965
"output" in: xor.drc:65
    Polygons (raw): 5965 (flat)  5965 (hierarchical)
    Elapsed: 0.010s  Memory: 549.00M
--- Running XOR for layer 69/5 ---
"input" in: xor.drc:87
    Polygons (raw): 0 (flat)  0 (hierarchical)
    Elapsed: 0.000s  Memory: 549.00M
"input" in: xor.drc:87
    Polygons (raw): 0 (flat)  0 (hierarchical)
    Elapsed: 0.000s  Memory: 549.00M
"^" in: xor.drc:87
    Polygons (raw): 0 (flat)  0 (hierarchical)
    Elapsed: 0.000s  Memory: 549.00M
XOR differences: 0
"output" in: xor.drc:65
    Polygons (raw): 0 (flat)  0 (hierarchical)
    Elapsed: 0.000s  Memory: 550.00M
--- Running XOR for layer 7/0 ---
"input" in: xor.drc:87
    Polygons (raw): 0 (flat)  0 (hierarchical)
    Elapsed: 0.000s  Memory: 550.00M
"input" in: xor.drc:87
    Polygons (raw): 77038 (flat)  31731 (hierarchical)
    Elapsed: 0.000s  Memory: 550.00M
"^" in: xor.drc:87
    Polygons (raw): 77038 (flat)  31731 (hierarchical)
    Elapsed: 0.000s  Memory: 550.00M
XOR differences: 77038
"output" in: xor.drc:65
    Polygons (raw): 77038 (flat)  31731 (hierarchical)
    Elapsed: 0.050s  Memory: 567.00M
--- Running XOR for layer 7/1 ---
"input" in: xor.drc:87
    Polygons (raw): 0 (flat)  0 (hierarchical)
    Elapsed: 0.000s  Memory: 567.00M
"input" in: xor.drc:87
    Polygons (raw): 0 (flat)  0 (hierarchical)
    Elapsed: 0.000s  Memory: 567.00M
"^" in: xor.drc:87
    Polygons (raw): 0 (flat)  0 (hierarchical)
    Elapsed: 0.000s  Memory: 567.00M
XOR differences: 0
"output" in: xor.drc:65
    Polygons (raw): 0 (flat)  0 (hierarchical)
    Elapsed: 0.010s  Memory: 567.00M
--- Running XOR for layer 7/2 ---
"input" in: xor.drc:87
    Polygons (raw): 0 (flat)  0 (hierarchical)
    Elapsed: 0.000s  Memory: 567.00M
"input" in: xor.drc:87
    Polygons (raw): 102 (flat)  102 (hierarchical)
    Elapsed: 0.000s  Memory: 567.00M
"^" in: xor.drc:87
    Polygons (raw): 102 (flat)  102 (hierarchical)
    Elapsed: 0.000s  Memory: 567.00M
XOR differences: 102
"output" in: xor.drc:65
    Polygons (raw): 102 (flat)  102 (hierarchical)
    Elapsed: 0.010s  Memory: 567.00M
--- Running XOR for layer 70/16 ---
"input" in: xor.drc:87
    Polygons (raw): 98 (flat)  98 (hierarchical)
    Elapsed: 0.000s  Memory: 568.00M
"input" in: xor.drc:87
    Polygons (raw): 0 (flat)  0 (hierarchical)
    Elapsed: 0.000s  Memory: 568.00M
"^" in: xor.drc:87
    Polygons (raw): 98 (flat)  98 (hierarchical)
    Elapsed: 0.000s  Memory: 568.00M
XOR differences: 98
"output" in: xor.drc:65
    Polygons (raw): 98 (flat)  98 (hierarchical)
    Elapsed: 0.010s  Memory: 568.00M
--- Running XOR for layer 70/20 ---
"input" in: xor.drc:87
    Polygons (raw): 14136 (flat)  14136 (hierarchical)
    Elapsed: 0.000s  Memory: 568.00M
"input" in: xor.drc:87
    Polygons (raw): 0 (flat)  0 (hierarchical)
    Elapsed: 0.000s  Memory: 568.00M
"^" in: xor.drc:87
    Polygons (raw): 14136 (flat)  14136 (hierarchical)
    Elapsed: 0.000s  Memory: 568.00M
XOR differences: 14136
"output" in: xor.drc:65
    Polygons (raw): 14136 (flat)  14136 (hierarchical)
    Elapsed: 0.020s  Memory: 568.00M
--- Running XOR for layer 70/44 ---
"input" in: xor.drc:87
    Polygons (raw): 3171 (flat)  3171 (hierarchical)
    Elapsed: 0.000s  Memory: 568.00M
"input" in: xor.drc:87
    Polygons (raw): 0 (flat)  0 (hierarchical)
    Elapsed: 0.000s  Memory: 568.00M
"^" in: xor.drc:87
    Polygons (raw): 3171 (flat)  3171 (hierarchical)
    Elapsed: 0.000s  Memory: 568.00M
XOR differences: 3171
"output" in: xor.drc:65
    Polygons (raw): 3171 (flat)  3171 (hierarchical)
    Elapsed: 0.010s  Memory: 570.00M
--- Running XOR for layer 70/5 ---
"input" in: xor.drc:87
    Polygons (raw): 0 (flat)  0 (hierarchical)
    Elapsed: 0.000s  Memory: 570.00M
"input" in: xor.drc:87
    Polygons (raw): 0 (flat)  0 (hierarchical)
    Elapsed: 0.000s  Memory: 570.00M
"^" in: xor.drc:87
    Polygons (raw): 0 (flat)  0 (hierarchical)
    Elapsed: 0.000s  Memory: 570.00M
XOR differences: 0
"output" in: xor.drc:65
    Polygons (raw): 0 (flat)  0 (hierarchical)
    Elapsed: 0.000s  Memory: 570.00M
--- Running XOR for layer 71/16 ---
"input" in: xor.drc:87
    Polygons (raw): 6 (flat)  6 (hierarchical)
    Elapsed: 0.000s  Memory: 570.00M
"input" in: xor.drc:87
    Polygons (raw): 0 (flat)  0 (hierarchical)
    Elapsed: 0.000s  Memory: 570.00M
"^" in: xor.drc:87
    Polygons (raw): 6 (flat)  6 (hierarchical)
    Elapsed: 0.000s  Memory: 570.00M
XOR differences: 6
"output" in: xor.drc:65
    Polygons (raw): 6 (flat)  6 (hierarchical)
    Elapsed: 0.010s  Memory: 570.00M
--- Running XOR for layer 71/20 ---
"input" in: xor.drc:87
    Polygons (raw): 1993 (flat)  1993 (hierarchical)
    Elapsed: 0.000s  Memory: 570.00M
"input" in: xor.drc:87
    Polygons (raw): 0 (flat)  0 (hierarchical)
    Elapsed: 0.000s  Memory: 570.00M
"^" in: xor.drc:87
    Polygons (raw): 1993 (flat)  1993 (hierarchical)
    Elapsed: 0.000s  Memory: 570.00M
XOR differences: 1993
"output" in: xor.drc:65
    Polygons (raw): 1993 (flat)  1993 (hierarchical)
    Elapsed: 0.000s  Memory: 571.00M
--- Running XOR for layer 71/44 ---
"input" in: xor.drc:87
    Polygons (raw): 22 (flat)  22 (hierarchical)
    Elapsed: 0.000s  Memory: 571.00M
"input" in: xor.drc:87
    Polygons (raw): 0 (flat)  0 (hierarchical)
    Elapsed: 0.010s  Memory: 571.00M
"^" in: xor.drc:87
    Polygons (raw): 22 (flat)  22 (hierarchical)
    Elapsed: 0.000s  Memory: 571.00M
XOR differences: 22
"output" in: xor.drc:65
    Polygons (raw): 22 (flat)  22 (hierarchical)
    Elapsed: 0.000s  Memory: 571.00M
--- Running XOR for layer 71/5 ---
"input" in: xor.drc:87
    Polygons (raw): 0 (flat)  0 (hierarchical)
    Elapsed: 0.000s  Memory: 571.00M
"input" in: xor.drc:87
    Polygons (raw): 0 (flat)  0 (hierarchical)
    Elapsed: 0.000s  Memory: 571.00M
"^" in: xor.drc:87
    Polygons (raw): 0 (flat)  0 (hierarchical)
    Elapsed: 0.000s  Memory: 571.00M
XOR differences: 0
"output" in: xor.drc:65
    Polygons (raw): 0 (flat)  0 (hierarchical)
    Elapsed: 0.010s  Memory: 571.00M
--- Running XOR for layer 72/16 ---
"input" in: xor.drc:87
    Polygons (raw): 6 (flat)  6 (hierarchical)
    Elapsed: 0.000s  Memory: 571.00M
"input" in: xor.drc:87
    Polygons (raw): 0 (flat)  0 (hierarchical)
    Elapsed: 0.000s  Memory: 571.00M
"^" in: xor.drc:87
    Polygons (raw): 6 (flat)  6 (hierarchical)
    Elapsed: 0.000s  Memory: 571.00M
XOR differences: 6
"output" in: xor.drc:65
    Polygons (raw): 6 (flat)  6 (hierarchical)
    Elapsed: 0.010s  Memory: 571.00M
--- Running XOR for layer 72/20 ---
"input" in: xor.drc:87
    Polygons (raw): 8 (flat)  8 (hierarchical)
    Elapsed: 0.000s  Memory: 571.00M
"input" in: xor.drc:87
    Polygons (raw): 0 (flat)  0 (hierarchical)
    Elapsed: 0.000s  Memory: 571.00M
"^" in: xor.drc:87
    Polygons (raw): 8 (flat)  8 (hierarchical)
    Elapsed: 0.000s  Memory: 571.00M
XOR differences: 8
"output" in: xor.drc:65
    Polygons (raw): 8 (flat)  8 (hierarchical)
    Elapsed: 0.010s  Memory: 571.00M
--- Running XOR for layer 72/5 ---
"input" in: xor.drc:87
    Polygons (raw): 0 (flat)  0 (hierarchical)
    Elapsed: 0.000s  Memory: 571.00M
"input" in: xor.drc:87
    Polygons (raw): 0 (flat)  0 (hierarchical)
    Elapsed: 0.000s  Memory: 571.00M
"^" in: xor.drc:87
    Polygons (raw): 0 (flat)  0 (hierarchical)
    Elapsed: 0.000s  Memory: 571.00M
XOR differences: 0
"output" in: xor.drc:65
    Polygons (raw): 0 (flat)  0 (hierarchical)
    Elapsed: 0.010s  Memory: 571.00M
--- Running XOR for layer 78/44 ---
"input" in: xor.drc:87
    Polygons (raw): 28210 (flat)  163 (hierarchical)
    Elapsed: 0.000s  Memory: 571.00M
"input" in: xor.drc:87
    Polygons (raw): 28210 (flat)  163 (hierarchical)
    Elapsed: 0.000s  Memory: 571.00M
"^" in: xor.drc:87
    Polygons (raw): 0 (flat)  0 (hierarchical)
    Elapsed: 0.260s  Memory: 585.00M
XOR differences: 0
"output" in: xor.drc:65
    Polygons (raw): 0 (flat)  0 (hierarchical)
    Elapsed: 0.000s  Memory: 585.00M
--- Running XOR for layer 8/0 ---
"input" in: xor.drc:87
    Polygons (raw): 0 (flat)  0 (hierarchical)
    Elapsed: 0.000s  Memory: 585.00M
"input" in: xor.drc:87
    Polygons (raw): 5965 (flat)  5 (hierarchical)
    Elapsed: 0.000s  Memory: 585.00M
"^" in: xor.drc:87
    Polygons (raw): 5965 (flat)  5 (hierarchical)
    Elapsed: 0.000s  Memory: 585.00M
XOR differences: 5965
"output" in: xor.drc:65
    Polygons (raw): 5965 (flat)  5 (hierarchical)
    Elapsed: 0.010s  Memory: 585.00M
--- Running XOR for layer 81/23 ---
"input" in: xor.drc:87
    Polygons (raw): 336 (flat)  1 (hierarchical)
    Elapsed: 0.000s  Memory: 585.00M
"input" in: xor.drc:87
    Polygons (raw): 336 (flat)  1 (hierarchical)
    Elapsed: 0.000s  Memory: 585.00M
"^" in: xor.drc:87
    Polygons (raw): 0 (flat)  0 (hierarchical)
    Elapsed: 0.030s  Memory: 585.00M
XOR differences: 0
"output" in: xor.drc:65
    Polygons (raw): 0 (flat)  0 (hierarchical)
    Elapsed: 0.000s  Memory: 585.00M
--- Running XOR for layer 81/4 ---
"input" in: xor.drc:87
    Polygons (raw): 28174 (flat)  161 (hierarchical)
    Elapsed: 0.000s  Memory: 585.00M
"input" in: xor.drc:87
    Polygons (raw): 28174 (flat)  161 (hierarchical)
    Elapsed: 0.000s  Memory: 585.00M
"^" in: xor.drc:87
    Polygons (raw): 0 (flat)  0 (hierarchical)
    Elapsed: 0.260s  Memory: 592.00M
XOR differences: 0
"output" in: xor.drc:65
    Polygons (raw): 0 (flat)  0 (hierarchical)
    Elapsed: 0.000s  Memory: 592.00M
--- Running XOR for layer 83/44 ---
"input" in: xor.drc:87
    Polygons (raw): 0 (flat)  0 (hierarchical)
    Elapsed: 0.000s  Memory: 592.00M
"input" in: xor.drc:87
    Polygons (raw): 0 (flat)  0 (hierarchical)
    Elapsed: 0.000s  Memory: 592.00M
"^" in: xor.drc:87
    Polygons (raw): 0 (flat)  0 (hierarchical)
    Elapsed: 0.080s  Memory: 592.00M
XOR differences: 0
"output" in: xor.drc:65
    Polygons (raw): 0 (flat)  0 (hierarchical)
    Elapsed: 0.000s  Memory: 592.00M
--- Running XOR for layer 9/0 ---
"input" in: xor.drc:87
    Polygons (raw): 0 (flat)  0 (hierarchical)
    Elapsed: 0.000s  Memory: 592.00M
"input" in: xor.drc:87
    Polygons (raw): 10283 (flat)  4013 (hierarchical)
    Elapsed: 0.000s  Memory: 592.00M
"^" in: xor.drc:87
    Polygons (raw): 10283 (flat)  4013 (hierarchical)
    Elapsed: 0.000s  Memory: 592.00M
XOR differences: 10283
"output" in: xor.drc:65
    Polygons (raw): 10283 (flat)  4013 (hierarchical)
    Elapsed: 0.020s  Memory: 592.00M
--- Running XOR for layer 9/1 ---
"input" in: xor.drc:87
    Polygons (raw): 0 (flat)  0 (hierarchical)
    Elapsed: 0.000s  Memory: 592.00M
"input" in: xor.drc:87
    Polygons (raw): 0 (flat)  0 (hierarchical)
    Elapsed: 0.000s  Memory: 592.00M
"^" in: xor.drc:87
    Polygons (raw): 0 (flat)  0 (hierarchical)
    Elapsed: 0.000s  Memory: 592.00M
XOR differences: 0
"output" in: xor.drc:65
    Polygons (raw): 0 (flat)  0 (hierarchical)
    Elapsed: 0.020s  Memory: 592.00M
--- Running XOR for layer 9/2 ---
"input" in: xor.drc:87
    Polygons (raw): 0 (flat)  0 (hierarchical)
    Elapsed: 0.000s  Memory: 592.00M
"input" in: xor.drc:87
    Polygons (raw): 98 (flat)  98 (hierarchical)
    Elapsed: 0.000s  Memory: 592.00M
"^" in: xor.drc:87
    Polygons (raw): 98 (flat)  98 (hierarchical)
    Elapsed: 0.000s  Memory: 592.00M
XOR differences: 98
"output" in: xor.drc:65
    Polygons (raw): 98 (flat)  98 (hierarchical)
    Elapsed: 0.020s  Memory: 592.00M
--- Running XOR for layer 93/44 ---
"input" in: xor.drc:87
    Polygons (raw): 30814 (flat)  162 (hierarchical)
    Elapsed: 0.000s  Memory: 592.00M
"input" in: xor.drc:87
    Polygons (raw): 30814 (flat)  162 (hierarchical)
    Elapsed: 0.000s  Memory: 592.00M
"^" in: xor.drc:87
    Polygons (raw): 0 (flat)  0 (hierarchical)
    Elapsed: 0.310s  Memory: 595.00M
XOR differences: 0
"output" in: xor.drc:65
    Polygons (raw): 0 (flat)  0 (hierarchical)
    Elapsed: 0.000s  Memory: 595.00M
--- Running XOR for layer 94/20 ---
"input" in: xor.drc:87
    Polygons (raw): 30814 (flat)  162 (hierarchical)
    Elapsed: 0.000s  Memory: 595.00M
"input" in: xor.drc:87
    Polygons (raw): 30814 (flat)  162 (hierarchical)
    Elapsed: 0.000s  Memory: 595.00M
"^" in: xor.drc:87
    Polygons (raw): 0 (flat)  0 (hierarchical)
    Elapsed: 0.380s  Memory: 596.00M
XOR differences: 0
"output" in: xor.drc:65
    Polygons (raw): 0 (flat)  0 (hierarchical)
    Elapsed: 0.000s  Memory: 596.00M
--- Running XOR for layer 95/20 ---
"input" in: xor.drc:87
    Polygons (raw): 19692 (flat)  171 (hierarchical)
    Elapsed: 0.000s  Memory: 596.00M
"input" in: xor.drc:87
    Polygons (raw): 19692 (flat)  171 (hierarchical)
    Elapsed: 0.000s  Memory: 596.00M
"^" in: xor.drc:87
    Polygons (raw): 0 (flat)  0 (hierarchical)
    Elapsed: 0.280s  Memory: 596.00M
XOR differences: 0
"output" in: xor.drc:65
    Polygons (raw): 0 (flat)  0 (hierarchical)
    Elapsed: 0.000s  Memory: 596.00M
---
Total XOR differences: 541165
Writing report database: /openlane/designs/toast_top/runs/without/reports/signoff/29-xor.xml ..
Total elapsed: 17.630s  Memory: 596.00M
