OpenROAD c295b08a99aacb6147b9c51104627e78ac3859e3 
This program is licensed under the BSD-3 license. See the LICENSE file for details.
Components of this program may be licensed under more restrictive licenses which must be honored.
[INFO ODB-0222] Reading LEF file: /openlane/designs/toast_top/runs/without/tmp/merged.nom.lef
[WARNING ODB-0220] WARNING (LEFPARS-2036): SOURCE statement is obsolete in version 5.6 and later.
The LEF parser will ignore this statement.
To avoid this warning in the future, remove this statement from the LEF file with version 5.6 or later. See file /openlane/designs/toast_top/runs/without/tmp/merged.nom.lef at line 930.

[INFO ODB-0223]     Created 13 technology layers
[INFO ODB-0224]     Created 25 technology vias
[INFO ODB-0225]     Created 441 library cells
[INFO ODB-0226] Finished LEF file:  /openlane/designs/toast_top/runs/without/tmp/merged.nom.lef
[INFO ODB-0127] Reading DEF file: /openlane/designs/toast_top/runs/without/tmp/signoff/30-toast_top.p.def
[INFO ODB-0128] Design: toast_top
[INFO ODB-0130]     Created 202 pins.
[INFO ODB-0131]     Created 28174 components and 140317 component-terminals.
[INFO ODB-0132]     Created 2 special nets and 107416 connections.
[INFO ODB-0133]     Created 9242 nets and 32899 connections.
[INFO ODB-0134] Finished DEF file: /openlane/designs/toast_top/runs/without/tmp/signoff/30-toast_top.p.def
Setting global connections for newly added cells...
[WARNING] Did not save OpenROAD database!
Writing netlist to /openlane/designs/toast_top/runs/without/tmp/signoff/30-toast_top.nl.v...
Writing powered netlist to /openlane/designs/toast_top/runs/without/tmp/signoff/30-toast_top.pnl.v...
