
===========================================================================
report_checks -path_delay min (Hold)
============================================================================
Startpoint: _13874_ (rising edge-triggered flip-flop clocked by clk_i)
Endpoint: _13874_ (rising edge-triggered flip-flop clocked by clk_i)
Path Group: clk_i
Path Type: min

Fanout     Cap    Slew   Delay    Time   Description
-----------------------------------------------------------------------------
                  0.15    0.00    0.00   clock clk_i (rise edge)
                          0.00    0.00   clock network delay (ideal)
                  0.15    0.00    0.00 ^ _13874_/CLK (sky130_fd_sc_hd__dfxtp_1)
                  0.06    0.33    0.33 ^ _13874_/Q (sky130_fd_sc_hd__dfxtp_1)
     2    0.01                           ex_stage_i.EX_pc_dest_o[4] (net)
                  0.06    0.00    0.33 ^ _08368_/B2 (sky130_fd_sc_hd__a32o_1)
                  0.04    0.11    0.44 ^ _08368_/X (sky130_fd_sc_hd__a32o_1)
     1    0.00                           _00237_ (net)
                  0.04    0.00    0.44 ^ _13874_/D (sky130_fd_sc_hd__dfxtp_1)
                                  0.44   data arrival time

                  0.15    0.00    0.00   clock clk_i (rise edge)
                          0.00    0.00   clock network delay (ideal)
                          0.25    0.25   clock uncertainty
                          0.00    0.25   clock reconvergence pessimism
                                  0.25 ^ _13874_/CLK (sky130_fd_sc_hd__dfxtp_1)
                         -0.02    0.23   library hold time
                                  0.23   data required time
-----------------------------------------------------------------------------
                                  0.23   data required time
                                 -0.44   data arrival time
-----------------------------------------------------------------------------
                                  0.21   slack (MET)


Startpoint: _13898_ (rising edge-triggered flip-flop clocked by clk_i)
Endpoint: _13898_ (rising edge-triggered flip-flop clocked by clk_i)
Path Group: clk_i
Path Type: min

Fanout     Cap    Slew   Delay    Time   Description
-----------------------------------------------------------------------------
                  0.15    0.00    0.00   clock clk_i (rise edge)
                          0.00    0.00   clock network delay (ideal)
                  0.15    0.00    0.00 ^ _13898_/CLK (sky130_fd_sc_hd__dfxtp_1)
                  0.04    0.32    0.32 ^ _13898_/Q (sky130_fd_sc_hd__dfxtp_1)
     1    0.00                           ex_stage_i.EX_pc_dest_o[28] (net)
                  0.04    0.00    0.32 ^ _07788_/B (sky130_fd_sc_hd__nand2_1)
                  0.05    0.06    0.38 v _07788_/Y (sky130_fd_sc_hd__nand2_1)
     2    0.01                           _02352_ (net)
                  0.05    0.00    0.38 v _08395_/B1 (sky130_fd_sc_hd__o31ai_1)
                  0.06    0.06    0.44 ^ _08395_/Y (sky130_fd_sc_hd__o31ai_1)
     1    0.00                           _00261_ (net)
                  0.06    0.00    0.44 ^ _13898_/D (sky130_fd_sc_hd__dfxtp_1)
                                  0.44   data arrival time

                  0.15    0.00    0.00   clock clk_i (rise edge)
                          0.00    0.00   clock network delay (ideal)
                          0.25    0.25   clock uncertainty
                          0.00    0.25   clock reconvergence pessimism
                                  0.25 ^ _13898_/CLK (sky130_fd_sc_hd__dfxtp_1)
                         -0.02    0.23   library hold time
                                  0.23   data required time
-----------------------------------------------------------------------------
                                  0.23   data required time
                                 -0.44   data arrival time
-----------------------------------------------------------------------------
                                  0.21   slack (MET)


Startpoint: _13883_ (rising edge-triggered flip-flop clocked by clk_i)
Endpoint: _13883_ (rising edge-triggered flip-flop clocked by clk_i)
Path Group: clk_i
Path Type: min

Fanout     Cap    Slew   Delay    Time   Description
-----------------------------------------------------------------------------
                  0.15    0.00    0.00   clock clk_i (rise edge)
                          0.00    0.00   clock network delay (ideal)
                  0.15    0.00    0.00 ^ _13883_/CLK (sky130_fd_sc_hd__dfxtp_1)
                  0.06    0.34    0.34 ^ _13883_/Q (sky130_fd_sc_hd__dfxtp_1)
     2    0.01                           ex_stage_i.EX_pc_dest_o[13] (net)
                  0.06    0.00    0.34 ^ _08380_/B2 (sky130_fd_sc_hd__a32o_1)
                  0.04    0.11    0.45 ^ _08380_/X (sky130_fd_sc_hd__a32o_1)
     1    0.00                           _00246_ (net)
                  0.04    0.00    0.45 ^ _13883_/D (sky130_fd_sc_hd__dfxtp_1)
                                  0.45   data arrival time

                  0.15    0.00    0.00   clock clk_i (rise edge)
                          0.00    0.00   clock network delay (ideal)
                          0.25    0.25   clock uncertainty
                          0.00    0.25   clock reconvergence pessimism
                                  0.25 ^ _13883_/CLK (sky130_fd_sc_hd__dfxtp_1)
                         -0.02    0.23   library hold time
                                  0.23   data required time
-----------------------------------------------------------------------------
                                  0.23   data required time
                                 -0.45   data arrival time
-----------------------------------------------------------------------------
                                  0.21   slack (MET)


Startpoint: _13884_ (rising edge-triggered flip-flop clocked by clk_i)
Endpoint: _13884_ (rising edge-triggered flip-flop clocked by clk_i)
Path Group: clk_i
Path Type: min

Fanout     Cap    Slew   Delay    Time   Description
-----------------------------------------------------------------------------
                  0.15    0.00    0.00   clock clk_i (rise edge)
                          0.00    0.00   clock network delay (ideal)
                  0.15    0.00    0.00 ^ _13884_/CLK (sky130_fd_sc_hd__dfxtp_1)
                  0.06    0.34    0.34 ^ _13884_/Q (sky130_fd_sc_hd__dfxtp_1)
     2    0.01                           ex_stage_i.EX_pc_dest_o[14] (net)
                  0.06    0.00    0.34 ^ _08381_/B2 (sky130_fd_sc_hd__a32o_1)
                  0.05    0.11    0.45 ^ _08381_/X (sky130_fd_sc_hd__a32o_1)
     1    0.00                           _00247_ (net)
                  0.05    0.00    0.45 ^ _13884_/D (sky130_fd_sc_hd__dfxtp_1)
                                  0.45   data arrival time

                  0.15    0.00    0.00   clock clk_i (rise edge)
                          0.00    0.00   clock network delay (ideal)
                          0.25    0.25   clock uncertainty
                          0.00    0.25   clock reconvergence pessimism
                                  0.25 ^ _13884_/CLK (sky130_fd_sc_hd__dfxtp_1)
                         -0.02    0.23   library hold time
                                  0.23   data required time
-----------------------------------------------------------------------------
                                  0.23   data required time
                                 -0.45   data arrival time
-----------------------------------------------------------------------------
                                  0.22   slack (MET)


Startpoint: _14689_ (rising edge-triggered flip-flop clocked by clk_i)
Endpoint: _14689_ (rising edge-triggered flip-flop clocked by clk_i)
Path Group: clk_i
Path Type: min

Fanout     Cap    Slew   Delay    Time   Description
-----------------------------------------------------------------------------
                  0.15    0.00    0.00   clock clk_i (rise edge)
                          0.00    0.00   clock network delay (ideal)
                  0.15    0.00    0.00 ^ _14689_/CLK (sky130_fd_sc_hd__dfxtp_1)
                  0.06    0.34    0.34 ^ _14689_/Q (sky130_fd_sc_hd__dfxtp_1)
     2    0.01                           ex_stage_i.ID_memtoreg_i (net)
                  0.06    0.00    0.34 ^ _11307_/A1 (sky130_fd_sc_hd__a31o_1)
                  0.04    0.12    0.45 ^ _11307_/X (sky130_fd_sc_hd__a31o_1)
     1    0.00                           _01022_ (net)
                  0.04    0.00    0.45 ^ _14689_/D (sky130_fd_sc_hd__dfxtp_1)
                                  0.45   data arrival time

                  0.15    0.00    0.00   clock clk_i (rise edge)
                          0.00    0.00   clock network delay (ideal)
                          0.25    0.25   clock uncertainty
                          0.00    0.25   clock reconvergence pessimism
                                  0.25 ^ _14689_/CLK (sky130_fd_sc_hd__dfxtp_1)
                         -0.02    0.23   library hold time
                                  0.23   data required time
-----------------------------------------------------------------------------
                                  0.23   data required time
                                 -0.45   data arrival time
-----------------------------------------------------------------------------
                                  0.22   slack (MET)


