OpenROAD c295b08a99aacb6147b9c51104627e78ac3859e3 
This program is licensed under the BSD-3 license. See the LICENSE file for details.
Components of this program may be licensed under more restrictive licenses which must be honored.
[INFO]: Reading ODB at '/openlane/designs/toast_top/runs/without/tmp/12-toast_top.odb'...
Placement Analysis
---------------------------------
total displacement          0.0 u
average displacement        0.0 u
max displacement            0.0 u
original HPWL          383357.8 u
legalized HPWL         390685.8 u
delta HPWL                    2 %

[INFO DPL-0020] Mirrored 3391 instances
[INFO DPL-0021] HPWL before          390685.8 u
[INFO DPL-0022] HPWL after           383357.8 u
[INFO DPL-0023] HPWL delta               -1.9 %
Setting global connections for newly added cells...
Writing OpenROAD database to /openlane/designs/toast_top/runs/without/tmp/routing/diode.odb...
Writing netlist to /openlane/designs/toast_top/runs/without/tmp/routing/diode.nl.v...
Writing powered netlist to /openlane/designs/toast_top/runs/without/tmp/routing/diode.pnl.v...
Writing layout to /openlane/designs/toast_top/runs/without/tmp/routing/diode.def...
