OpenROAD c295b08a99aacb6147b9c51104627e78ac3859e3 
This program is licensed under the BSD-3 license. See the LICENSE file for details.
Components of this program may be licensed under more restrictive licenses which must be honored.
[INFO]: Reading ODB at '/openlane/designs/toast_top/runs/modified_without/results/routing/toast_top.odb'...
min_report

===========================================================================
report_checks -path_delay min (Hold)
============================================================================
Startpoint: _14520_ (rising edge-triggered flip-flop clocked by clk_i)
Endpoint: _15376_ (rising edge-triggered flip-flop clocked by clk_i)
Path Group: clk_i
Path Type: min

Fanout     Cap    Slew   Delay    Time   Description
-----------------------------------------------------------------------------
                          0.00    0.00   clock clk_i (rise edge)
                          0.00    0.00   clock source latency
                  0.32    0.21    0.21 ^ clk_i (in)
     1    0.07                           clk_i (net)
                  0.32    0.00    0.21 ^ clkbuf_0_clk_i/A (sky130_fd_sc_hd__clkbuf_16)
                  0.30    0.37    0.58 ^ clkbuf_0_clk_i/X (sky130_fd_sc_hd__clkbuf_16)
    16    0.29                           clknet_0_clk_i (net)
                  0.30    0.02    0.61 ^ clkbuf_4_8_0_clk_i/A (sky130_fd_sc_hd__clkbuf_8)
                  0.22    0.32    0.93 ^ clkbuf_4_8_0_clk_i/X (sky130_fd_sc_hd__clkbuf_8)
    10    0.13                           clknet_4_8_0_clk_i (net)
                  0.22    0.00    0.93 ^ clkbuf_leaf_131_clk_i/A (sky130_fd_sc_hd__clkbuf_16)
                  0.05    0.18    1.11 ^ clkbuf_leaf_131_clk_i/X (sky130_fd_sc_hd__clkbuf_16)
     8    0.03                           clknet_leaf_131_clk_i (net)
                  0.05    0.00    1.11 ^ _14520_/CLK (sky130_fd_sc_hd__dfxtp_1)
                  0.14    0.36    1.47 ^ _14520_/Q (sky130_fd_sc_hd__dfxtp_1)
     3    0.01                           id_stage_i.IF_pc_i[12] (net)
                  0.14    0.00    1.47 ^ _12287_/B2 (sky130_fd_sc_hd__a22o_1)
                  0.05    0.14    1.61 ^ _12287_/X (sky130_fd_sc_hd__a22o_1)
     1    0.00                           _01039_ (net)
                  0.05    0.00    1.61 ^ _15376_/D (sky130_fd_sc_hd__dfxtp_1)
                                  1.61   data arrival time

                          0.00    0.00   clock clk_i (rise edge)
                          0.00    0.00   clock source latency
                  0.32    0.24    0.24 ^ clk_i (in)
     1    0.07                           clk_i (net)
                  0.32    0.00    0.24 ^ clkbuf_0_clk_i/A (sky130_fd_sc_hd__clkbuf_16)
                  0.30    0.41    0.64 ^ clkbuf_0_clk_i/X (sky130_fd_sc_hd__clkbuf_16)
    16    0.29                           clknet_0_clk_i (net)
                  0.30    0.03    0.67 ^ clkbuf_4_10_0_clk_i/A (sky130_fd_sc_hd__clkbuf_8)
                  0.29    0.41    1.08 ^ clkbuf_4_10_0_clk_i/X (sky130_fd_sc_hd__clkbuf_8)
    13    0.17                           clknet_4_10_0_clk_i (net)
                  0.29    0.00    1.08 ^ clkbuf_leaf_130_clk_i/A (sky130_fd_sc_hd__clkbuf_16)
                  0.05    0.21    1.30 ^ clkbuf_leaf_130_clk_i/X (sky130_fd_sc_hd__clkbuf_16)
     5    0.02                           clknet_leaf_130_clk_i (net)
                  0.05    0.00    1.30 ^ _15376_/CLK (sky130_fd_sc_hd__dfxtp_1)
                          0.25    1.55   clock uncertainty
                         -0.06    1.48   clock reconvergence pessimism
                         -0.03    1.45   library hold time
                                  1.45   data required time
-----------------------------------------------------------------------------
                                  1.45   data required time
                                 -1.61   data arrival time
-----------------------------------------------------------------------------
                                  0.16   slack (MET)


Startpoint: _15397_ (rising edge-triggered flip-flop clocked by clk_i)
Endpoint: _15610_ (rising edge-triggered flip-flop clocked by clk_i)
Path Group: clk_i
Path Type: min

Fanout     Cap    Slew   Delay    Time   Description
-----------------------------------------------------------------------------
                          0.00    0.00   clock clk_i (rise edge)
                          0.00    0.00   clock source latency
                  0.32    0.21    0.21 ^ clk_i (in)
     1    0.07                           clk_i (net)
                  0.32    0.00    0.21 ^ clkbuf_0_clk_i/A (sky130_fd_sc_hd__clkbuf_16)
                  0.30    0.37    0.58 ^ clkbuf_0_clk_i/X (sky130_fd_sc_hd__clkbuf_16)
    16    0.29                           clknet_0_clk_i (net)
                  0.30    0.02    0.60 ^ clkbuf_4_14_0_clk_i/A (sky130_fd_sc_hd__clkbuf_8)
                  0.17    0.29    0.89 ^ clkbuf_4_14_0_clk_i/X (sky130_fd_sc_hd__clkbuf_8)
     8    0.10                           clknet_4_14_0_clk_i (net)
                  0.17    0.00    0.89 ^ clkbuf_leaf_100_clk_i/A (sky130_fd_sc_hd__clkbuf_16)
                  0.04    0.15    1.04 ^ clkbuf_leaf_100_clk_i/X (sky130_fd_sc_hd__clkbuf_16)
     2    0.01                           clknet_leaf_100_clk_i (net)
                  0.04    0.00    1.04 ^ _15397_/CLK (sky130_fd_sc_hd__dfxtp_1)
                  0.11    0.34    1.39 v _15397_/Q (sky130_fd_sc_hd__dfxtp_1)
     6    0.02                           branchgen_i.EX_alu_result_i[1] (net)
                  0.11    0.00    1.39 v _07317_/A (sky130_fd_sc_hd__inv_2)
                  0.11    0.12    1.51 ^ _07317_/Y (sky130_fd_sc_hd__inv_2)
     4    0.02                           _01707_ (net)
                  0.11    0.00    1.51 ^ _13997_/B (sky130_fd_sc_hd__nor2_1)
                  0.03    0.05    1.56 v _13997_/Y (sky130_fd_sc_hd__nor2_1)
     1    0.00                           _01273_ (net)
                  0.03    0.00    1.56 v _15610_/D (sky130_fd_sc_hd__dfxtp_1)
                                  1.56   data arrival time

                          0.00    0.00   clock clk_i (rise edge)
                          0.00    0.00   clock source latency
                  0.32    0.24    0.24 ^ clk_i (in)
     1    0.07                           clk_i (net)
                  0.32    0.00    0.24 ^ clkbuf_0_clk_i/A (sky130_fd_sc_hd__clkbuf_16)
                  0.30    0.41    0.64 ^ clkbuf_0_clk_i/X (sky130_fd_sc_hd__clkbuf_16)
    16    0.29                           clknet_0_clk_i (net)
                  0.30    0.02    0.66 ^ clkbuf_4_12_0_clk_i/A (sky130_fd_sc_hd__clkbuf_8)
                  0.23    0.36    1.02 ^ clkbuf_4_12_0_clk_i/X (sky130_fd_sc_hd__clkbuf_8)
    10    0.13                           clknet_4_12_0_clk_i (net)
                  0.23    0.01    1.03 ^ clkbuf_leaf_103_clk_i/A (sky130_fd_sc_hd__clkbuf_16)
                  0.05    0.20    1.23 ^ clkbuf_leaf_103_clk_i/X (sky130_fd_sc_hd__clkbuf_16)
     6    0.03                           clknet_leaf_103_clk_i (net)
                  0.05    0.00    1.23 ^ _15610_/CLK (sky130_fd_sc_hd__dfxtp_1)
                          0.25    1.48   clock uncertainty
                         -0.06    1.42   clock reconvergence pessimism
                         -0.05    1.37   library hold time
                                  1.37   data required time
-----------------------------------------------------------------------------
                                  1.37   data required time
                                 -1.56   data arrival time
-----------------------------------------------------------------------------
                                  0.19   slack (MET)


Startpoint: _15419_ (rising edge-triggered flip-flop clocked by clk_i)
Endpoint: _15632_ (rising edge-triggered flip-flop clocked by clk_i)
Path Group: clk_i
Path Type: min

Fanout     Cap    Slew   Delay    Time   Description
-----------------------------------------------------------------------------
                          0.00    0.00   clock clk_i (rise edge)
                          0.00    0.00   clock source latency
                  0.32    0.21    0.21 ^ clk_i (in)
     1    0.07                           clk_i (net)
                  0.32    0.00    0.21 ^ clkbuf_0_clk_i/A (sky130_fd_sc_hd__clkbuf_16)
                  0.30    0.37    0.58 ^ clkbuf_0_clk_i/X (sky130_fd_sc_hd__clkbuf_16)
    16    0.29                           clknet_0_clk_i (net)
                  0.30    0.02    0.60 ^ clkbuf_4_11_0_clk_i/A (sky130_fd_sc_hd__clkbuf_8)
                  0.19    0.30    0.90 ^ clkbuf_4_11_0_clk_i/X (sky130_fd_sc_hd__clkbuf_8)
     8    0.11                           clknet_4_11_0_clk_i (net)
                  0.19    0.00    0.91 ^ clkbuf_leaf_111_clk_i/A (sky130_fd_sc_hd__clkbuf_16)
                  0.06    0.18    1.08 ^ clkbuf_leaf_111_clk_i/X (sky130_fd_sc_hd__clkbuf_16)
    10    0.03                           clknet_leaf_111_clk_i (net)
                  0.06    0.00    1.09 ^ _15419_/CLK (sky130_fd_sc_hd__dfxtp_4)
                  0.11    0.39    1.48 v _15419_/Q (sky130_fd_sc_hd__dfxtp_4)
     6    0.08                           net111 (net)
                  0.11    0.01    1.48 v _13306_/A (sky130_fd_sc_hd__inv_2)
                  0.05    0.08    1.57 ^ _13306_/Y (sky130_fd_sc_hd__inv_2)
     2    0.01                           _06596_ (net)
                  0.05    0.00    1.57 ^ _14030_/B (sky130_fd_sc_hd__nor2_1)
                  0.02    0.04    1.61 v _14030_/Y (sky130_fd_sc_hd__nor2_1)
     1    0.00                           _01295_ (net)
                  0.02    0.00    1.61 v _15632_/D (sky130_fd_sc_hd__dfxtp_1)
                                  1.61   data arrival time

                          0.00    0.00   clock clk_i (rise edge)
                          0.00    0.00   clock source latency
                  0.32    0.24    0.24 ^ clk_i (in)
     1    0.07                           clk_i (net)
                  0.32    0.00    0.24 ^ clkbuf_0_clk_i/A (sky130_fd_sc_hd__clkbuf_16)
                  0.30    0.41    0.64 ^ clkbuf_0_clk_i/X (sky130_fd_sc_hd__clkbuf_16)
    16    0.29                           clknet_0_clk_i (net)
                  0.30    0.02    0.66 ^ clkbuf_4_9_0_clk_i/A (sky130_fd_sc_hd__clkbuf_8)
                  0.23    0.36    1.03 ^ clkbuf_4_9_0_clk_i/X (sky130_fd_sc_hd__clkbuf_8)
    10    0.13                           clknet_4_9_0_clk_i (net)
                  0.23    0.01    1.03 ^ clkbuf_leaf_109_clk_i/A (sky130_fd_sc_hd__clkbuf_16)
                  0.08    0.23    1.26 ^ clkbuf_leaf_109_clk_i/X (sky130_fd_sc_hd__clkbuf_16)
    19    0.06                           clknet_leaf_109_clk_i (net)
                  0.08    0.00    1.27 ^ _15632_/CLK (sky130_fd_sc_hd__dfxtp_1)
                          0.25    1.52   clock uncertainty
                         -0.06    1.45   clock reconvergence pessimism
                         -0.04    1.42   library hold time
                                  1.42   data required time
-----------------------------------------------------------------------------
                                  1.42   data required time
                                 -1.61   data arrival time
-----------------------------------------------------------------------------
                                  0.19   slack (MET)


Startpoint: _15359_ (rising edge-triggered flip-flop clocked by clk_i)
Endpoint: _15359_ (rising edge-triggered flip-flop clocked by clk_i)
Path Group: clk_i
Path Type: min

Fanout     Cap    Slew   Delay    Time   Description
-----------------------------------------------------------------------------
                          0.00    0.00   clock clk_i (rise edge)
                          0.00    0.00   clock source latency
                  0.32    0.21    0.21 ^ clk_i (in)
     1    0.07                           clk_i (net)
                  0.32    0.00    0.21 ^ clkbuf_0_clk_i/A (sky130_fd_sc_hd__clkbuf_16)
                  0.30    0.37    0.58 ^ clkbuf_0_clk_i/X (sky130_fd_sc_hd__clkbuf_16)
    16    0.29                           clknet_0_clk_i (net)
                  0.30    0.02    0.60 ^ clkbuf_4_9_0_clk_i/A (sky130_fd_sc_hd__clkbuf_8)
                  0.23    0.33    0.93 ^ clkbuf_4_9_0_clk_i/X (sky130_fd_sc_hd__clkbuf_8)
    10    0.13                           clknet_4_9_0_clk_i (net)
                  0.23    0.00    0.93 ^ clkbuf_leaf_142_clk_i/A (sky130_fd_sc_hd__clkbuf_16)
                  0.08    0.21    1.14 ^ clkbuf_leaf_142_clk_i/X (sky130_fd_sc_hd__clkbuf_16)
    18    0.06                           clknet_leaf_142_clk_i (net)
                  0.08    0.00    1.14 ^ _15359_/CLK (sky130_fd_sc_hd__dfxtp_1)
                  0.07    0.32    1.46 ^ _15359_/Q (sky130_fd_sc_hd__dfxtp_1)
     2    0.01                           ex_stage_i.ID_memtoreg_i (net)
                  0.07    0.00    1.46 ^ _12265_/A1 (sky130_fd_sc_hd__a21o_1)
                  0.03    0.10    1.56 ^ _12265_/X (sky130_fd_sc_hd__a21o_1)
     1    0.00                           _01022_ (net)
                  0.03    0.00    1.56 ^ _15359_/D (sky130_fd_sc_hd__dfxtp_1)
                                  1.56   data arrival time

                          0.00    0.00   clock clk_i (rise edge)
                          0.00    0.00   clock source latency
                  0.32    0.24    0.24 ^ clk_i (in)
     1    0.07                           clk_i (net)
                  0.32    0.00    0.24 ^ clkbuf_0_clk_i/A (sky130_fd_sc_hd__clkbuf_16)
                  0.30    0.41    0.64 ^ clkbuf_0_clk_i/X (sky130_fd_sc_hd__clkbuf_16)
    16    0.29                           clknet_0_clk_i (net)
                  0.30    0.02    0.66 ^ clkbuf_4_9_0_clk_i/A (sky130_fd_sc_hd__clkbuf_8)
                  0.23    0.36    1.03 ^ clkbuf_4_9_0_clk_i/X (sky130_fd_sc_hd__clkbuf_8)
    10    0.13                           clknet_4_9_0_clk_i (net)
                  0.23    0.00    1.03 ^ clkbuf_leaf_142_clk_i/A (sky130_fd_sc_hd__clkbuf_16)
                  0.08    0.23    1.26 ^ clkbuf_leaf_142_clk_i/X (sky130_fd_sc_hd__clkbuf_16)
    18    0.06                           clknet_leaf_142_clk_i (net)
                  0.08    0.00    1.26 ^ _15359_/CLK (sky130_fd_sc_hd__dfxtp_1)
                          0.25    1.51   clock uncertainty
                         -0.12    1.39   clock reconvergence pessimism
                         -0.02    1.37   library hold time
                                  1.37   data required time
-----------------------------------------------------------------------------
                                  1.37   data required time
                                 -1.56   data arrival time
-----------------------------------------------------------------------------
                                  0.19   slack (MET)


Startpoint: _15410_ (rising edge-triggered flip-flop clocked by clk_i)
Endpoint: _15623_ (rising edge-triggered flip-flop clocked by clk_i)
Path Group: clk_i
Path Type: min

Fanout     Cap    Slew   Delay    Time   Description
-----------------------------------------------------------------------------
                          0.00    0.00   clock clk_i (rise edge)
                          0.00    0.00   clock source latency
                  0.32    0.21    0.21 ^ clk_i (in)
     1    0.07                           clk_i (net)
                  0.32    0.00    0.21 ^ clkbuf_0_clk_i/A (sky130_fd_sc_hd__clkbuf_16)
                  0.30    0.37    0.58 ^ clkbuf_0_clk_i/X (sky130_fd_sc_hd__clkbuf_16)
    16    0.29                           clknet_0_clk_i (net)
                  0.30    0.02    0.60 ^ clkbuf_4_14_0_clk_i/A (sky130_fd_sc_hd__clkbuf_8)
                  0.17    0.29    0.89 ^ clkbuf_4_14_0_clk_i/X (sky130_fd_sc_hd__clkbuf_8)
     8    0.10                           clknet_4_14_0_clk_i (net)
                  0.17    0.00    0.89 ^ clkbuf_leaf_99_clk_i/A (sky130_fd_sc_hd__clkbuf_16)
                  0.04    0.15    1.04 ^ clkbuf_leaf_99_clk_i/X (sky130_fd_sc_hd__clkbuf_16)
     3    0.01                           clknet_leaf_99_clk_i (net)
                  0.04    0.00    1.05 ^ _15410_/CLK (sky130_fd_sc_hd__dfxtp_4)
                  0.11    0.39    1.44 v _15410_/Q (sky130_fd_sc_hd__dfxtp_4)
     5    0.08                           net102 (net)
                  0.11    0.00    1.44 v _13026_/A (sky130_fd_sc_hd__inv_2)
                  0.05    0.08    1.52 ^ _13026_/Y (sky130_fd_sc_hd__inv_2)
     2    0.01                           _06325_ (net)
                  0.05    0.00    1.52 ^ _14018_/B (sky130_fd_sc_hd__nor2_1)
                  0.04    0.05    1.57 v _14018_/Y (sky130_fd_sc_hd__nor2_1)
     1    0.01                           _01286_ (net)
                  0.04    0.00    1.57 v _15623_/D (sky130_fd_sc_hd__dfxtp_1)
                                  1.57   data arrival time

                          0.00    0.00   clock clk_i (rise edge)
                          0.00    0.00   clock source latency
                  0.32    0.24    0.24 ^ clk_i (in)
     1    0.07                           clk_i (net)
                  0.32    0.00    0.24 ^ clkbuf_0_clk_i/A (sky130_fd_sc_hd__clkbuf_16)
                  0.30    0.41    0.64 ^ clkbuf_0_clk_i/X (sky130_fd_sc_hd__clkbuf_16)
    16    0.29                           clknet_0_clk_i (net)
                  0.30    0.02    0.66 ^ clkbuf_4_12_0_clk_i/A (sky130_fd_sc_hd__clkbuf_8)
                  0.23    0.36    1.02 ^ clkbuf_4_12_0_clk_i/X (sky130_fd_sc_hd__clkbuf_8)
    10    0.13                           clknet_4_12_0_clk_i (net)
                  0.23    0.01    1.03 ^ clkbuf_leaf_102_clk_i/A (sky130_fd_sc_hd__clkbuf_16)
                  0.06    0.21    1.23 ^ clkbuf_leaf_102_clk_i/X (sky130_fd_sc_hd__clkbuf_16)
     9    0.03                           clknet_leaf_102_clk_i (net)
                  0.06    0.00    1.23 ^ _15623_/CLK (sky130_fd_sc_hd__dfxtp_1)
                          0.25    1.48   clock uncertainty
                         -0.06    1.42   clock reconvergence pessimism
                         -0.05    1.37   library hold time
                                  1.37   data required time
-----------------------------------------------------------------------------
                                  1.37   data required time
                                 -1.57   data arrival time
-----------------------------------------------------------------------------
                                  0.19   slack (MET)


min_report_end
max_report

===========================================================================
report_checks -path_delay max (Setup)
============================================================================
Startpoint: DMEM_rd_data_i[26] (input port clocked by clk_i)
Endpoint: _15427_ (rising edge-triggered flip-flop clocked by clk_i)
Path Group: clk_i
Path Type: max

Fanout     Cap    Slew   Delay    Time   Description
-----------------------------------------------------------------------------
                          0.00    0.00   clock clk_i (rise edge)
                          0.00    0.00   clock network delay (propagated)
                          2.00    2.00 v input external delay
                  0.01    0.01    2.01 v DMEM_rd_data_i[26] (in)
     1    0.00                           DMEM_rd_data_i[26] (net)
                  0.01    0.00    2.01 v input19/A (sky130_fd_sc_hd__clkbuf_2)
                  0.19    0.22    2.23 v input19/X (sky130_fd_sc_hd__clkbuf_2)
     2    0.05                           net19 (net)
                  0.19    0.01    2.24 v _07458_/A1 (sky130_fd_sc_hd__mux2_1)
                  0.08    0.40    2.63 v _07458_/X (sky130_fd_sc_hd__mux2_1)
     2    0.01                           _01824_ (net)
                  0.08    0.00    2.63 v _07459_/B (sky130_fd_sc_hd__and2_1)
                  0.04    0.18    2.82 v _07459_/X (sky130_fd_sc_hd__and2_1)
     1    0.00                           _01825_ (net)
                  0.04    0.00    2.82 v _07462_/A3 (sky130_fd_sc_hd__o41a_4)
                  0.22    0.64    3.46 v _07462_/X (sky130_fd_sc_hd__o41a_4)
    12    0.13                           _01828_ (net)
                  0.22    0.01    3.46 v _12395_/A1 (sky130_fd_sc_hd__a211o_1)
                  0.09    0.39    3.86 v _12395_/X (sky130_fd_sc_hd__a211o_1)
     2    0.01                           _05708_ (net)
                  0.09    0.00    3.86 v _12509_/A2 (sky130_fd_sc_hd__a311oi_4)
                  0.83    0.78    4.64 ^ _12509_/Y (sky130_fd_sc_hd__a311oi_4)
     9    0.07                           _05822_ (net)
                  0.83    0.00    4.64 ^ _12524_/B (sky130_fd_sc_hd__and4_4)
                  0.19    0.52    5.16 ^ _12524_/X (sky130_fd_sc_hd__and4_4)
     8    0.06                           _05837_ (net)
                  0.19    0.00    5.16 ^ _12770_/A2 (sky130_fd_sc_hd__a31o_1)
                  0.10    0.22    5.38 ^ _12770_/X (sky130_fd_sc_hd__a31o_1)
     2    0.01                           _06077_ (net)
                  0.10    0.00    5.38 ^ _12818_/B1 (sky130_fd_sc_hd__o21a_1)
                  0.06    0.15    5.53 ^ _12818_/X (sky130_fd_sc_hd__o21a_1)
     1    0.01                           _06124_ (net)
                  0.06    0.00    5.53 ^ _12819_/B (sky130_fd_sc_hd__xor2_1)
                  0.26    0.27    5.80 ^ _12819_/X (sky130_fd_sc_hd__xor2_1)
     3    0.01                           _06125_ (net)
                  0.26    0.00    5.80 ^ _12820_/B (sky130_fd_sc_hd__xnor2_1)
                  0.10    0.15    5.95 v _12820_/Y (sky130_fd_sc_hd__xnor2_1)
     2    0.01                           _06126_ (net)
                  0.10    0.00    5.95 v _12862_/B (sky130_fd_sc_hd__or2_1)
                  0.07    0.27    6.22 v _12862_/X (sky130_fd_sc_hd__or2_1)
     1    0.01                           _06167_ (net)
                  0.07    0.00    6.22 v _12863_/B1 (sky130_fd_sc_hd__a311oi_4)
                  0.28    0.34    6.55 ^ _12863_/Y (sky130_fd_sc_hd__a311oi_4)
     2    0.01                           _06168_ (net)
                  0.28    0.00    6.55 ^ _12967_/A1 (sky130_fd_sc_hd__o2111ai_2)
                  0.14    0.21    6.77 v _12967_/Y (sky130_fd_sc_hd__o2111ai_2)
     2    0.01                           _06268_ (net)
                  0.14    0.00    6.77 v _13102_/A2 (sky130_fd_sc_hd__a211o_1)
                  0.14    0.45    7.21 v _13102_/X (sky130_fd_sc_hd__a211o_1)
     4    0.02                           _06399_ (net)
                  0.14    0.00    7.22 v _13329_/A2 (sky130_fd_sc_hd__a21o_1)
                  0.07    0.26    7.48 v _13329_/X (sky130_fd_sc_hd__a21o_1)
     2    0.01                           _06618_ (net)
                  0.07    0.00    7.48 v _13397_/A1 (sky130_fd_sc_hd__a211o_1)
                  0.14    0.38    7.86 v _13397_/X (sky130_fd_sc_hd__a211o_1)
     4    0.02                           _06684_ (net)
                  0.14    0.00    7.86 v _13464_/A1 (sky130_fd_sc_hd__a311o_2)
                  0.09    0.42    8.28 v _13464_/X (sky130_fd_sc_hd__a311o_2)
     5    0.02                           _06749_ (net)
                  0.09    0.00    8.28 v _13522_/A2 (sky130_fd_sc_hd__a311oi_2)
                  0.30    0.36    8.64 ^ _13522_/Y (sky130_fd_sc_hd__a311oi_2)
     3    0.01                           _06805_ (net)
                  0.30    0.00    8.64 ^ _13548_/A2 (sky130_fd_sc_hd__o21ai_1)
                  0.06    0.10    8.74 v _13548_/Y (sky130_fd_sc_hd__o21ai_1)
     1    0.00                           _06830_ (net)
                  0.06    0.00    8.74 v _13550_/B (sky130_fd_sc_hd__and3_1)
                  0.04    0.18    8.92 v _13550_/X (sky130_fd_sc_hd__and3_1)
     1    0.00                           _06832_ (net)
                  0.04    0.00    8.92 v _13562_/A1 (sky130_fd_sc_hd__o21a_1)
                  0.03    0.18    9.09 v _13562_/X (sky130_fd_sc_hd__o21a_1)
     1    0.00                           _01090_ (net)
                  0.03    0.00    9.09 v _15427_/D (sky130_fd_sc_hd__dfxtp_4)
                                  9.09   data arrival time

                         10.00   10.00   clock clk_i (rise edge)
                          0.00   10.00   clock source latency
                  0.32    0.21   10.21 ^ clk_i (in)
     1    0.07                           clk_i (net)
                  0.32    0.00   10.21 ^ clkbuf_0_clk_i/A (sky130_fd_sc_hd__clkbuf_16)
                  0.30    0.37   10.58 ^ clkbuf_0_clk_i/X (sky130_fd_sc_hd__clkbuf_16)
    16    0.29                           clknet_0_clk_i (net)
                  0.30    0.02   10.60 ^ clkbuf_4_11_0_clk_i/A (sky130_fd_sc_hd__clkbuf_8)
                  0.19    0.30   10.90 ^ clkbuf_4_11_0_clk_i/X (sky130_fd_sc_hd__clkbuf_8)
     8    0.11                           clknet_4_11_0_clk_i (net)
                  0.19    0.00   10.91 ^ clkbuf_leaf_115_clk_i/A (sky130_fd_sc_hd__clkbuf_16)
                  0.05    0.17   11.07 ^ clkbuf_leaf_115_clk_i/X (sky130_fd_sc_hd__clkbuf_16)
     6    0.02                           clknet_leaf_115_clk_i (net)
                  0.05    0.00   11.08 ^ _15427_/CLK (sky130_fd_sc_hd__dfxtp_4)
                         -0.25   10.83   clock uncertainty
                          0.00   10.83   clock reconvergence pessimism
                         -0.11   10.72   library setup time
                                 10.72   data required time
-----------------------------------------------------------------------------
                                 10.72   data required time
                                 -9.09   data arrival time
-----------------------------------------------------------------------------
                                  1.63   slack (MET)


Startpoint: DMEM_rd_data_i[26] (input port clocked by clk_i)
Endpoint: _15426_ (rising edge-triggered flip-flop clocked by clk_i)
Path Group: clk_i
Path Type: max

Fanout     Cap    Slew   Delay    Time   Description
-----------------------------------------------------------------------------
                          0.00    0.00   clock clk_i (rise edge)
                          0.00    0.00   clock network delay (propagated)
                          2.00    2.00 v input external delay
                  0.01    0.01    2.01 v DMEM_rd_data_i[26] (in)
     1    0.00                           DMEM_rd_data_i[26] (net)
                  0.01    0.00    2.01 v input19/A (sky130_fd_sc_hd__clkbuf_2)
                  0.19    0.22    2.23 v input19/X (sky130_fd_sc_hd__clkbuf_2)
     2    0.05                           net19 (net)
                  0.19    0.01    2.24 v _07458_/A1 (sky130_fd_sc_hd__mux2_1)
                  0.08    0.40    2.63 v _07458_/X (sky130_fd_sc_hd__mux2_1)
     2    0.01                           _01824_ (net)
                  0.08    0.00    2.63 v _07459_/B (sky130_fd_sc_hd__and2_1)
                  0.04    0.18    2.82 v _07459_/X (sky130_fd_sc_hd__and2_1)
     1    0.00                           _01825_ (net)
                  0.04    0.00    2.82 v _07462_/A3 (sky130_fd_sc_hd__o41a_4)
                  0.22    0.64    3.46 v _07462_/X (sky130_fd_sc_hd__o41a_4)
    12    0.13                           _01828_ (net)
                  0.22    0.01    3.46 v _12395_/A1 (sky130_fd_sc_hd__a211o_1)
                  0.09    0.39    3.86 v _12395_/X (sky130_fd_sc_hd__a211o_1)
     2    0.01                           _05708_ (net)
                  0.09    0.00    3.86 v _12509_/A2 (sky130_fd_sc_hd__a311oi_4)
                  0.83    0.78    4.64 ^ _12509_/Y (sky130_fd_sc_hd__a311oi_4)
     9    0.07                           _05822_ (net)
                  0.83    0.00    4.64 ^ _12524_/B (sky130_fd_sc_hd__and4_4)
                  0.19    0.52    5.16 ^ _12524_/X (sky130_fd_sc_hd__and4_4)
     8    0.06                           _05837_ (net)
                  0.19    0.00    5.16 ^ _12770_/A2 (sky130_fd_sc_hd__a31o_1)
                  0.10    0.22    5.38 ^ _12770_/X (sky130_fd_sc_hd__a31o_1)
     2    0.01                           _06077_ (net)
                  0.10    0.00    5.38 ^ _12818_/B1 (sky130_fd_sc_hd__o21a_1)
                  0.06    0.15    5.53 ^ _12818_/X (sky130_fd_sc_hd__o21a_1)
     1    0.01                           _06124_ (net)
                  0.06    0.00    5.53 ^ _12819_/B (sky130_fd_sc_hd__xor2_1)
                  0.26    0.27    5.80 ^ _12819_/X (sky130_fd_sc_hd__xor2_1)
     3    0.01                           _06125_ (net)
                  0.26    0.00    5.80 ^ _12820_/B (sky130_fd_sc_hd__xnor2_1)
                  0.10    0.15    5.95 v _12820_/Y (sky130_fd_sc_hd__xnor2_1)
     2    0.01                           _06126_ (net)
                  0.10    0.00    5.95 v _12862_/B (sky130_fd_sc_hd__or2_1)
                  0.07    0.27    6.22 v _12862_/X (sky130_fd_sc_hd__or2_1)
     1    0.01                           _06167_ (net)
                  0.07    0.00    6.22 v _12863_/B1 (sky130_fd_sc_hd__a311oi_4)
                  0.28    0.34    6.55 ^ _12863_/Y (sky130_fd_sc_hd__a311oi_4)
     2    0.01                           _06168_ (net)
                  0.28    0.00    6.55 ^ _12967_/A1 (sky130_fd_sc_hd__o2111ai_2)
                  0.14    0.21    6.77 v _12967_/Y (sky130_fd_sc_hd__o2111ai_2)
     2    0.01                           _06268_ (net)
                  0.14    0.00    6.77 v _13102_/A2 (sky130_fd_sc_hd__a211o_1)
                  0.14    0.45    7.21 v _13102_/X (sky130_fd_sc_hd__a211o_1)
     4    0.02                           _06399_ (net)
                  0.14    0.00    7.22 v _13329_/A2 (sky130_fd_sc_hd__a21o_1)
                  0.07    0.26    7.48 v _13329_/X (sky130_fd_sc_hd__a21o_1)
     2    0.01                           _06618_ (net)
                  0.07    0.00    7.48 v _13397_/A1 (sky130_fd_sc_hd__a211o_1)
                  0.14    0.38    7.86 v _13397_/X (sky130_fd_sc_hd__a211o_1)
     4    0.02                           _06684_ (net)
                  0.14    0.00    7.86 v _13464_/A1 (sky130_fd_sc_hd__a311o_2)
                  0.09    0.42    8.28 v _13464_/X (sky130_fd_sc_hd__a311o_2)
     5    0.02                           _06749_ (net)
                  0.09    0.00    8.28 v _13522_/A2 (sky130_fd_sc_hd__a311oi_2)
                  0.30    0.36    8.64 ^ _13522_/Y (sky130_fd_sc_hd__a311oi_2)
     3    0.01                           _06805_ (net)
                  0.30    0.00    8.64 ^ _13525_/A (sky130_fd_sc_hd__nor2_1)
                  0.07    0.10    8.74 v _13525_/Y (sky130_fd_sc_hd__nor2_1)
     1    0.00                           _06808_ (net)
                  0.07    0.00    8.74 v _13538_/A1 (sky130_fd_sc_hd__o31a_1)
                  0.05    0.31    9.05 v _13538_/X (sky130_fd_sc_hd__o31a_1)
     1    0.00                           _01089_ (net)
                  0.05    0.00    9.05 v _15426_/D (sky130_fd_sc_hd__dfxtp_1)
                                  9.05   data arrival time

                         10.00   10.00   clock clk_i (rise edge)
                          0.00   10.00   clock source latency
                  0.32    0.21   10.21 ^ clk_i (in)
     1    0.07                           clk_i (net)
                  0.32    0.00   10.21 ^ clkbuf_0_clk_i/A (sky130_fd_sc_hd__clkbuf_16)
                  0.30    0.37   10.58 ^ clkbuf_0_clk_i/X (sky130_fd_sc_hd__clkbuf_16)
    16    0.29                           clknet_0_clk_i (net)
                  0.30    0.02   10.60 ^ clkbuf_4_11_0_clk_i/A (sky130_fd_sc_hd__clkbuf_8)
                  0.19    0.30   10.90 ^ clkbuf_4_11_0_clk_i/X (sky130_fd_sc_hd__clkbuf_8)
     8    0.11                           clknet_4_11_0_clk_i (net)
                  0.19    0.00   10.91 ^ clkbuf_leaf_115_clk_i/A (sky130_fd_sc_hd__clkbuf_16)
                  0.05    0.17   11.07 ^ clkbuf_leaf_115_clk_i/X (sky130_fd_sc_hd__clkbuf_16)
     6    0.02                           clknet_leaf_115_clk_i (net)
                  0.05    0.00   11.08 ^ _15426_/CLK (sky130_fd_sc_hd__dfxtp_1)
                         -0.25   10.83   clock uncertainty
                          0.00   10.83   clock reconvergence pessimism
                         -0.11   10.71   library setup time
                                 10.71   data required time
-----------------------------------------------------------------------------
                                 10.71   data required time
                                 -9.05   data arrival time
-----------------------------------------------------------------------------
                                  1.67   slack (MET)


Startpoint: DMEM_rd_data_i[26] (input port clocked by clk_i)
Endpoint: _15423_ (rising edge-triggered flip-flop clocked by clk_i)
Path Group: clk_i
Path Type: max

Fanout     Cap    Slew   Delay    Time   Description
-----------------------------------------------------------------------------
                          0.00    0.00   clock clk_i (rise edge)
                          0.00    0.00   clock network delay (propagated)
                          2.00    2.00 v input external delay
                  0.01    0.01    2.01 v DMEM_rd_data_i[26] (in)
     1    0.00                           DMEM_rd_data_i[26] (net)
                  0.01    0.00    2.01 v input19/A (sky130_fd_sc_hd__clkbuf_2)
                  0.19    0.22    2.23 v input19/X (sky130_fd_sc_hd__clkbuf_2)
     2    0.05                           net19 (net)
                  0.19    0.01    2.24 v _07458_/A1 (sky130_fd_sc_hd__mux2_1)
                  0.08    0.40    2.63 v _07458_/X (sky130_fd_sc_hd__mux2_1)
     2    0.01                           _01824_ (net)
                  0.08    0.00    2.63 v _07459_/B (sky130_fd_sc_hd__and2_1)
                  0.04    0.18    2.82 v _07459_/X (sky130_fd_sc_hd__and2_1)
     1    0.00                           _01825_ (net)
                  0.04    0.00    2.82 v _07462_/A3 (sky130_fd_sc_hd__o41a_4)
                  0.22    0.64    3.46 v _07462_/X (sky130_fd_sc_hd__o41a_4)
    12    0.13                           _01828_ (net)
                  0.22    0.01    3.46 v _12395_/A1 (sky130_fd_sc_hd__a211o_1)
                  0.09    0.39    3.86 v _12395_/X (sky130_fd_sc_hd__a211o_1)
     2    0.01                           _05708_ (net)
                  0.09    0.00    3.86 v _12509_/A2 (sky130_fd_sc_hd__a311oi_4)
                  0.83    0.78    4.64 ^ _12509_/Y (sky130_fd_sc_hd__a311oi_4)
     9    0.07                           _05822_ (net)
                  0.83    0.00    4.64 ^ _12524_/B (sky130_fd_sc_hd__and4_4)
                  0.19    0.52    5.16 ^ _12524_/X (sky130_fd_sc_hd__and4_4)
     8    0.06                           _05837_ (net)
                  0.19    0.00    5.16 ^ _12770_/A2 (sky130_fd_sc_hd__a31o_1)
                  0.10    0.22    5.38 ^ _12770_/X (sky130_fd_sc_hd__a31o_1)
     2    0.01                           _06077_ (net)
                  0.10    0.00    5.38 ^ _12818_/B1 (sky130_fd_sc_hd__o21a_1)
                  0.06    0.15    5.53 ^ _12818_/X (sky130_fd_sc_hd__o21a_1)
     1    0.01                           _06124_ (net)
                  0.06    0.00    5.53 ^ _12819_/B (sky130_fd_sc_hd__xor2_1)
                  0.26    0.27    5.80 ^ _12819_/X (sky130_fd_sc_hd__xor2_1)
     3    0.01                           _06125_ (net)
                  0.26    0.00    5.80 ^ _12820_/B (sky130_fd_sc_hd__xnor2_1)
                  0.10    0.15    5.95 v _12820_/Y (sky130_fd_sc_hd__xnor2_1)
     2    0.01                           _06126_ (net)
                  0.10    0.00    5.95 v _12862_/B (sky130_fd_sc_hd__or2_1)
                  0.07    0.27    6.22 v _12862_/X (sky130_fd_sc_hd__or2_1)
     1    0.01                           _06167_ (net)
                  0.07    0.00    6.22 v _12863_/B1 (sky130_fd_sc_hd__a311oi_4)
                  0.28    0.34    6.55 ^ _12863_/Y (sky130_fd_sc_hd__a311oi_4)
     2    0.01                           _06168_ (net)
                  0.28    0.00    6.55 ^ _12967_/A1 (sky130_fd_sc_hd__o2111ai_2)
                  0.14    0.21    6.77 v _12967_/Y (sky130_fd_sc_hd__o2111ai_2)
     2    0.01                           _06268_ (net)
                  0.14    0.00    6.77 v _13102_/A2 (sky130_fd_sc_hd__a211o_1)
                  0.14    0.45    7.21 v _13102_/X (sky130_fd_sc_hd__a211o_1)
     4    0.02                           _06399_ (net)
                  0.14    0.00    7.22 v _13329_/A2 (sky130_fd_sc_hd__a21o_1)
                  0.07    0.26    7.48 v _13329_/X (sky130_fd_sc_hd__a21o_1)
     2    0.01                           _06618_ (net)
                  0.07    0.00    7.48 v _13397_/A1 (sky130_fd_sc_hd__a211o_1)
                  0.14    0.38    7.86 v _13397_/X (sky130_fd_sc_hd__a211o_1)
     4    0.02                           _06684_ (net)
                  0.14    0.00    7.86 v _13413_/A1 (sky130_fd_sc_hd__a21o_1)
                  0.06    0.23    8.09 v _13413_/X (sky130_fd_sc_hd__a21o_1)
     3    0.01                           _06700_ (net)
                  0.06    0.00    8.09 v _13441_/A2 (sky130_fd_sc_hd__a211o_1)
                  0.05    0.31    8.40 v _13441_/X (sky130_fd_sc_hd__a211o_1)
     1    0.00                           _06727_ (net)
                  0.05    0.00    8.40 v _13449_/A3 (sky130_fd_sc_hd__a31o_1)
                  0.06    0.25    8.66 v _13449_/X (sky130_fd_sc_hd__a31o_1)
     1    0.01                           _06735_ (net)
                  0.06    0.00    8.66 v _13450_/A3 (sky130_fd_sc_hd__o31a_1)
                  0.05    0.25    8.90 v _13450_/X (sky130_fd_sc_hd__o31a_1)
     1    0.00                           _01086_ (net)
                  0.05    0.00    8.90 v _15423_/D (sky130_fd_sc_hd__dfxtp_2)
                                  8.90   data arrival time

                         10.00   10.00   clock clk_i (rise edge)
                          0.00   10.00   clock source latency
                  0.32    0.21   10.21 ^ clk_i (in)
     1    0.07                           clk_i (net)
                  0.32    0.00   10.21 ^ clkbuf_0_clk_i/A (sky130_fd_sc_hd__clkbuf_16)
                  0.30    0.37   10.58 ^ clkbuf_0_clk_i/X (sky130_fd_sc_hd__clkbuf_16)
    16    0.29                           clknet_0_clk_i (net)
                  0.30    0.02   10.60 ^ clkbuf_4_11_0_clk_i/A (sky130_fd_sc_hd__clkbuf_8)
                  0.19    0.30   10.90 ^ clkbuf_4_11_0_clk_i/X (sky130_fd_sc_hd__clkbuf_8)
     8    0.11                           clknet_4_11_0_clk_i (net)
                  0.19    0.00   10.91 ^ clkbuf_leaf_114_clk_i/A (sky130_fd_sc_hd__clkbuf_16)
                  0.04    0.16   11.07 ^ clkbuf_leaf_114_clk_i/X (sky130_fd_sc_hd__clkbuf_16)
     2    0.01                           clknet_leaf_114_clk_i (net)
                  0.04    0.00   11.07 ^ _15423_/CLK (sky130_fd_sc_hd__dfxtp_2)
                         -0.25   10.82   clock uncertainty
                          0.00   10.82   clock reconvergence pessimism
                         -0.11   10.70   library setup time
                                 10.70   data required time
-----------------------------------------------------------------------------
                                 10.70   data required time
                                 -8.90   data arrival time
-----------------------------------------------------------------------------
                                  1.80   slack (MET)


Startpoint: DMEM_rd_data_i[26] (input port clocked by clk_i)
Endpoint: _15425_ (rising edge-triggered flip-flop clocked by clk_i)
Path Group: clk_i
Path Type: max

Fanout     Cap    Slew   Delay    Time   Description
-----------------------------------------------------------------------------
                          0.00    0.00   clock clk_i (rise edge)
                          0.00    0.00   clock network delay (propagated)
                          2.00    2.00 v input external delay
                  0.01    0.01    2.01 v DMEM_rd_data_i[26] (in)
     1    0.00                           DMEM_rd_data_i[26] (net)
                  0.01    0.00    2.01 v input19/A (sky130_fd_sc_hd__clkbuf_2)
                  0.19    0.22    2.23 v input19/X (sky130_fd_sc_hd__clkbuf_2)
     2    0.05                           net19 (net)
                  0.19    0.01    2.24 v _07458_/A1 (sky130_fd_sc_hd__mux2_1)
                  0.08    0.40    2.63 v _07458_/X (sky130_fd_sc_hd__mux2_1)
     2    0.01                           _01824_ (net)
                  0.08    0.00    2.63 v _07459_/B (sky130_fd_sc_hd__and2_1)
                  0.04    0.18    2.82 v _07459_/X (sky130_fd_sc_hd__and2_1)
     1    0.00                           _01825_ (net)
                  0.04    0.00    2.82 v _07462_/A3 (sky130_fd_sc_hd__o41a_4)
                  0.22    0.64    3.46 v _07462_/X (sky130_fd_sc_hd__o41a_4)
    12    0.13                           _01828_ (net)
                  0.22    0.01    3.46 v _12395_/A1 (sky130_fd_sc_hd__a211o_1)
                  0.09    0.39    3.86 v _12395_/X (sky130_fd_sc_hd__a211o_1)
     2    0.01                           _05708_ (net)
                  0.09    0.00    3.86 v _12509_/A2 (sky130_fd_sc_hd__a311oi_4)
                  0.83    0.78    4.64 ^ _12509_/Y (sky130_fd_sc_hd__a311oi_4)
     9    0.07                           _05822_ (net)
                  0.83    0.00    4.64 ^ _12524_/B (sky130_fd_sc_hd__and4_4)
                  0.19    0.52    5.16 ^ _12524_/X (sky130_fd_sc_hd__and4_4)
     8    0.06                           _05837_ (net)
                  0.19    0.00    5.16 ^ _12770_/A2 (sky130_fd_sc_hd__a31o_1)
                  0.10    0.22    5.38 ^ _12770_/X (sky130_fd_sc_hd__a31o_1)
     2    0.01                           _06077_ (net)
                  0.10    0.00    5.38 ^ _12818_/B1 (sky130_fd_sc_hd__o21a_1)
                  0.06    0.15    5.53 ^ _12818_/X (sky130_fd_sc_hd__o21a_1)
     1    0.01                           _06124_ (net)
                  0.06    0.00    5.53 ^ _12819_/B (sky130_fd_sc_hd__xor2_1)
                  0.26    0.27    5.80 ^ _12819_/X (sky130_fd_sc_hd__xor2_1)
     3    0.01                           _06125_ (net)
                  0.26    0.00    5.80 ^ _12820_/B (sky130_fd_sc_hd__xnor2_1)
                  0.10    0.15    5.95 v _12820_/Y (sky130_fd_sc_hd__xnor2_1)
     2    0.01                           _06126_ (net)
                  0.10    0.00    5.95 v _12862_/B (sky130_fd_sc_hd__or2_1)
                  0.07    0.27    6.22 v _12862_/X (sky130_fd_sc_hd__or2_1)
     1    0.01                           _06167_ (net)
                  0.07    0.00    6.22 v _12863_/B1 (sky130_fd_sc_hd__a311oi_4)
                  0.28    0.34    6.55 ^ _12863_/Y (sky130_fd_sc_hd__a311oi_4)
     2    0.01                           _06168_ (net)
                  0.28    0.00    6.55 ^ _12967_/A1 (sky130_fd_sc_hd__o2111ai_2)
                  0.14    0.21    6.77 v _12967_/Y (sky130_fd_sc_hd__o2111ai_2)
     2    0.01                           _06268_ (net)
                  0.14    0.00    6.77 v _13102_/A2 (sky130_fd_sc_hd__a211o_1)
                  0.14    0.45    7.21 v _13102_/X (sky130_fd_sc_hd__a211o_1)
     4    0.02                           _06399_ (net)
                  0.14    0.00    7.22 v _13329_/A2 (sky130_fd_sc_hd__a21o_1)
                  0.07    0.26    7.48 v _13329_/X (sky130_fd_sc_hd__a21o_1)
     2    0.01                           _06618_ (net)
                  0.07    0.00    7.48 v _13397_/A1 (sky130_fd_sc_hd__a211o_1)
                  0.14    0.38    7.86 v _13397_/X (sky130_fd_sc_hd__a211o_1)
     4    0.02                           _06684_ (net)
                  0.14    0.00    7.86 v _13464_/A1 (sky130_fd_sc_hd__a311o_2)
                  0.09    0.42    8.28 v _13464_/X (sky130_fd_sc_hd__a311o_2)
     5    0.02                           _06749_ (net)
                  0.09    0.00    8.28 v _13493_/A2 (sky130_fd_sc_hd__a21oi_1)
                  0.15    0.20    8.49 ^ _13493_/Y (sky130_fd_sc_hd__a21oi_1)
     1    0.01                           _06777_ (net)
                  0.15    0.00    8.49 ^ _13495_/A (sky130_fd_sc_hd__nor2_1)
                  0.06    0.09    8.58 v _13495_/Y (sky130_fd_sc_hd__nor2_1)
     1    0.01                           _06779_ (net)
                  0.06    0.00    8.58 v _13510_/A1 (sky130_fd_sc_hd__o31a_1)
                  0.06    0.33    8.91 v _13510_/X (sky130_fd_sc_hd__o31a_1)
     1    0.01                           _01088_ (net)
                  0.06    0.00    8.91 v _15425_/D (sky130_fd_sc_hd__dfxtp_1)
                                  8.91   data arrival time

                         10.00   10.00   clock clk_i (rise edge)
                          0.00   10.00   clock source latency
                  0.32    0.21   10.21 ^ clk_i (in)
     1    0.07                           clk_i (net)
                  0.32    0.00   10.21 ^ clkbuf_0_clk_i/A (sky130_fd_sc_hd__clkbuf_16)
                  0.30    0.37   10.58 ^ clkbuf_0_clk_i/X (sky130_fd_sc_hd__clkbuf_16)
    16    0.29                           clknet_0_clk_i (net)
                  0.30    0.02   10.60 ^ clkbuf_4_11_0_clk_i/A (sky130_fd_sc_hd__clkbuf_8)
                  0.19    0.30   10.90 ^ clkbuf_4_11_0_clk_i/X (sky130_fd_sc_hd__clkbuf_8)
     8    0.11                           clknet_4_11_0_clk_i (net)
                  0.19    0.00   10.91 ^ clkbuf_leaf_115_clk_i/A (sky130_fd_sc_hd__clkbuf_16)
                  0.05    0.17   11.07 ^ clkbuf_leaf_115_clk_i/X (sky130_fd_sc_hd__clkbuf_16)
     6    0.02                           clknet_leaf_115_clk_i (net)
                  0.05    0.00   11.08 ^ _15425_/CLK (sky130_fd_sc_hd__dfxtp_1)
                         -0.25   10.83   clock uncertainty
                          0.00   10.83   clock reconvergence pessimism
                         -0.12   10.71   library setup time
                                 10.71   data required time
-----------------------------------------------------------------------------
                                 10.71   data required time
                                 -8.91   data arrival time
-----------------------------------------------------------------------------
                                  1.80   slack (MET)


Startpoint: IMEM_data_i[1] (input port clocked by clk_i)
Endpoint: _15242_ (rising edge-triggered flip-flop clocked by clk_i)
Path Group: clk_i
Path Type: max

Fanout     Cap    Slew   Delay    Time   Description
-----------------------------------------------------------------------------
                          0.00    0.00   clock clk_i (rise edge)
                          0.00    0.00   clock network delay (propagated)
                          2.00    2.00 ^ input external delay
                  0.02    0.01    2.01 ^ IMEM_data_i[1] (in)
     1    0.00                           IMEM_data_i[1] (net)
                  0.02    0.00    2.01 ^ input44/A (sky130_fd_sc_hd__clkbuf_4)
                  0.27    0.30    2.32 ^ input44/X (sky130_fd_sc_hd__clkbuf_4)
     4    0.09                           net44 (net)
                  0.27    0.01    2.32 ^ _07176_/B (sky130_fd_sc_hd__nand2_1)
                  0.30    0.33    2.65 v _07176_/Y (sky130_fd_sc_hd__nand2_1)
     2    0.04                           _01585_ (net)
                  0.30    0.00    2.66 v _07177_/B (sky130_fd_sc_hd__or4b_2)
                  0.16    0.85    3.50 v _07177_/X (sky130_fd_sc_hd__or4b_2)
     6    0.02                           _01586_ (net)
                  0.16    0.00    3.50 v _07179_/A_N (sky130_fd_sc_hd__and2b_1)
                  0.04    0.24    3.75 ^ _07179_/X (sky130_fd_sc_hd__and2b_1)
     1    0.00                           _01588_ (net)
                  0.04    0.00    3.75 ^ _07180_/A (sky130_fd_sc_hd__clkbuf_4)
                  0.15    0.22    3.97 ^ _07180_/X (sky130_fd_sc_hd__clkbuf_4)
    12    0.05                           _01589_ (net)
                  0.15    0.00    3.97 ^ _07197_/A1 (sky130_fd_sc_hd__o2111ai_4)
                  0.14    0.16    4.13 v _07197_/Y (sky130_fd_sc_hd__o2111ai_4)
     1    0.01                           _01606_ (net)
                  0.14    0.00    4.13 v _07198_/A2 (sky130_fd_sc_hd__a21boi_4)
                  0.61    0.57    4.70 ^ _07198_/Y (sky130_fd_sc_hd__a21boi_4)
    13    0.08                           _01607_ (net)
                  0.61    0.01    4.71 ^ _07227_/A (sky130_fd_sc_hd__and2_1)
                  0.06    0.23    4.94 ^ _07227_/X (sky130_fd_sc_hd__and2_1)
     1    0.00                           _01633_ (net)
                  0.06    0.00    4.94 ^ _07228_/A (sky130_fd_sc_hd__buf_4)
                  0.19    0.23    5.18 ^ _07228_/X (sky130_fd_sc_hd__buf_4)
    15    0.07                           _01634_ (net)
                  0.19    0.00    5.18 ^ _07554_/B (sky130_fd_sc_hd__or2_1)
                  0.14    0.21    5.38 ^ _07554_/X (sky130_fd_sc_hd__or2_1)
     4    0.01                           _01917_ (net)
                  0.14    0.00    5.38 ^ _07588_/A3 (sky130_fd_sc_hd__a311o_1)
                  0.11    0.24    5.62 ^ _07588_/X (sky130_fd_sc_hd__a311o_1)
     3    0.01                           _01950_ (net)
                  0.11    0.00    5.62 ^ _07695_/D (sky130_fd_sc_hd__and4bb_1)
                  0.13    0.28    5.91 ^ _07695_/X (sky130_fd_sc_hd__and4bb_1)
     2    0.01                           _02053_ (net)
                  0.13    0.00    5.91 ^ _07751_/A1 (sky130_fd_sc_hd__o2111a_2)
                  0.15    0.33    6.24 ^ _07751_/X (sky130_fd_sc_hd__o2111a_2)
     5    0.03                           _02107_ (net)
                  0.15    0.00    6.24 ^ _07892_/A2 (sky130_fd_sc_hd__a41oi_4)
                  0.14    0.17    6.41 v _07892_/Y (sky130_fd_sc_hd__a41oi_4)
     4    0.02                           _02242_ (net)
                  0.14    0.00    6.41 v _07896_/A (sky130_fd_sc_hd__nor2_1)
                  0.16    0.21    6.62 ^ _07896_/Y (sky130_fd_sc_hd__nor2_1)
     3    0.01                           _02246_ (net)
                  0.16    0.00    6.62 ^ _08080_/A (sky130_fd_sc_hd__and4_1)
                  0.14    0.28    6.90 ^ _08080_/X (sky130_fd_sc_hd__and4_1)
     1    0.01                           _02422_ (net)
                  0.14    0.00    6.90 ^ _08083_/A1 (sky130_fd_sc_hd__a211oi_2)
                  0.14    0.15    7.05 v _08083_/Y (sky130_fd_sc_hd__a211oi_2)
     2    0.02                           _02425_ (net)
                  0.14    0.00    7.05 v _08085_/B (sky130_fd_sc_hd__or2_1)
                  0.12    0.33    7.38 v _08085_/X (sky130_fd_sc_hd__or2_1)
     5    0.02                           _02427_ (net)
                  0.12    0.00    7.38 v _08174_/A1 (sky130_fd_sc_hd__o41a_1)
                  0.09    0.50    7.88 v _08174_/X (sky130_fd_sc_hd__o41a_1)
     3    0.01                           _02512_ (net)
                  0.09    0.00    7.88 v _08192_/A2 (sky130_fd_sc_hd__o21ai_1)
                  0.22    0.23    8.12 ^ _08192_/Y (sky130_fd_sc_hd__o21ai_1)
     2    0.01                           _02529_ (net)
                  0.22    0.00    8.12 ^ _08193_/B1 (sky130_fd_sc_hd__o21ai_1)
                  0.08    0.11    8.23 v _08193_/Y (sky130_fd_sc_hd__o21ai_1)
     1    0.00                           _02530_ (net)
                  0.08    0.00    8.23 v _08194_/B1 (sky130_fd_sc_hd__o311a_1)
                  0.06    0.14    8.38 v _08194_/X (sky130_fd_sc_hd__o311a_1)
     1    0.00                           _02531_ (net)
                  0.06    0.00    8.38 v _08195_/B1 (sky130_fd_sc_hd__a211o_1)
                  0.06    0.30    8.67 v _08195_/X (sky130_fd_sc_hd__a211o_1)
     1    0.01                           _02532_ (net)
                  0.06    0.00    8.67 v _08197_/A3 (sky130_fd_sc_hd__a31o_1)
                  0.04    0.23    8.90 v _08197_/X (sky130_fd_sc_hd__a31o_1)
     1    0.00                           _00033_ (net)
                  0.04    0.00    8.90 v _15242_/D (sky130_fd_sc_hd__dfxtp_2)
                                  8.90   data arrival time

                         10.00   10.00   clock clk_i (rise edge)
                          0.00   10.00   clock source latency
                  0.32    0.21   10.21 ^ clk_i (in)
     1    0.07                           clk_i (net)
                  0.32    0.00   10.21 ^ clkbuf_0_clk_i/A (sky130_fd_sc_hd__clkbuf_16)
                  0.30    0.37   10.58 ^ clkbuf_0_clk_i/X (sky130_fd_sc_hd__clkbuf_16)
    16    0.29                           clknet_0_clk_i (net)
                  0.30    0.02   10.60 ^ clkbuf_4_10_0_clk_i/A (sky130_fd_sc_hd__clkbuf_8)
                  0.29    0.37   10.97 ^ clkbuf_4_10_0_clk_i/X (sky130_fd_sc_hd__clkbuf_8)
    13    0.17                           clknet_4_10_0_clk_i (net)
                  0.29    0.01   10.98 ^ clkbuf_leaf_123_clk_i/A (sky130_fd_sc_hd__clkbuf_16)
                  0.05    0.20   11.18 ^ clkbuf_leaf_123_clk_i/X (sky130_fd_sc_hd__clkbuf_16)
     7    0.03                           clknet_leaf_123_clk_i (net)
                  0.05    0.00   11.18 ^ _15242_/CLK (sky130_fd_sc_hd__dfxtp_2)
                         -0.25   10.93   clock uncertainty
                          0.00   10.93   clock reconvergence pessimism
                         -0.11   10.82   library setup time
                                 10.82   data required time
-----------------------------------------------------------------------------
                                 10.82   data required time
                                 -8.90   data arrival time
-----------------------------------------------------------------------------
                                  1.91   slack (MET)


max_report_end
check_report

===========================================================================
report_checks -unconstrained
============================================================================
Startpoint: DMEM_rd_data_i[26] (input port clocked by clk_i)
Endpoint: _15427_ (rising edge-triggered flip-flop clocked by clk_i)
Path Group: clk_i
Path Type: max

Fanout     Cap    Slew   Delay    Time   Description
-----------------------------------------------------------------------------
                          0.00    0.00   clock clk_i (rise edge)
                          0.00    0.00   clock network delay (propagated)
                          2.00    2.00 v input external delay
                  0.01    0.01    2.01 v DMEM_rd_data_i[26] (in)
     1    0.00                           DMEM_rd_data_i[26] (net)
                  0.01    0.00    2.01 v input19/A (sky130_fd_sc_hd__clkbuf_2)
                  0.19    0.22    2.23 v input19/X (sky130_fd_sc_hd__clkbuf_2)
     2    0.05                           net19 (net)
                  0.19    0.01    2.24 v _07458_/A1 (sky130_fd_sc_hd__mux2_1)
                  0.08    0.40    2.63 v _07458_/X (sky130_fd_sc_hd__mux2_1)
     2    0.01                           _01824_ (net)
                  0.08    0.00    2.63 v _07459_/B (sky130_fd_sc_hd__and2_1)
                  0.04    0.18    2.82 v _07459_/X (sky130_fd_sc_hd__and2_1)
     1    0.00                           _01825_ (net)
                  0.04    0.00    2.82 v _07462_/A3 (sky130_fd_sc_hd__o41a_4)
                  0.22    0.64    3.46 v _07462_/X (sky130_fd_sc_hd__o41a_4)
    12    0.13                           _01828_ (net)
                  0.22    0.01    3.46 v _12395_/A1 (sky130_fd_sc_hd__a211o_1)
                  0.09    0.39    3.86 v _12395_/X (sky130_fd_sc_hd__a211o_1)
     2    0.01                           _05708_ (net)
                  0.09    0.00    3.86 v _12509_/A2 (sky130_fd_sc_hd__a311oi_4)
                  0.83    0.78    4.64 ^ _12509_/Y (sky130_fd_sc_hd__a311oi_4)
     9    0.07                           _05822_ (net)
                  0.83    0.00    4.64 ^ _12524_/B (sky130_fd_sc_hd__and4_4)
                  0.19    0.52    5.16 ^ _12524_/X (sky130_fd_sc_hd__and4_4)
     8    0.06                           _05837_ (net)
                  0.19    0.00    5.16 ^ _12770_/A2 (sky130_fd_sc_hd__a31o_1)
                  0.10    0.22    5.38 ^ _12770_/X (sky130_fd_sc_hd__a31o_1)
     2    0.01                           _06077_ (net)
                  0.10    0.00    5.38 ^ _12818_/B1 (sky130_fd_sc_hd__o21a_1)
                  0.06    0.15    5.53 ^ _12818_/X (sky130_fd_sc_hd__o21a_1)
     1    0.01                           _06124_ (net)
                  0.06    0.00    5.53 ^ _12819_/B (sky130_fd_sc_hd__xor2_1)
                  0.26    0.27    5.80 ^ _12819_/X (sky130_fd_sc_hd__xor2_1)
     3    0.01                           _06125_ (net)
                  0.26    0.00    5.80 ^ _12820_/B (sky130_fd_sc_hd__xnor2_1)
                  0.10    0.15    5.95 v _12820_/Y (sky130_fd_sc_hd__xnor2_1)
     2    0.01                           _06126_ (net)
                  0.10    0.00    5.95 v _12862_/B (sky130_fd_sc_hd__or2_1)
                  0.07    0.27    6.22 v _12862_/X (sky130_fd_sc_hd__or2_1)
     1    0.01                           _06167_ (net)
                  0.07    0.00    6.22 v _12863_/B1 (sky130_fd_sc_hd__a311oi_4)
                  0.28    0.34    6.55 ^ _12863_/Y (sky130_fd_sc_hd__a311oi_4)
     2    0.01                           _06168_ (net)
                  0.28    0.00    6.55 ^ _12967_/A1 (sky130_fd_sc_hd__o2111ai_2)
                  0.14    0.21    6.77 v _12967_/Y (sky130_fd_sc_hd__o2111ai_2)
     2    0.01                           _06268_ (net)
                  0.14    0.00    6.77 v _13102_/A2 (sky130_fd_sc_hd__a211o_1)
                  0.14    0.45    7.21 v _13102_/X (sky130_fd_sc_hd__a211o_1)
     4    0.02                           _06399_ (net)
                  0.14    0.00    7.22 v _13329_/A2 (sky130_fd_sc_hd__a21o_1)
                  0.07    0.26    7.48 v _13329_/X (sky130_fd_sc_hd__a21o_1)
     2    0.01                           _06618_ (net)
                  0.07    0.00    7.48 v _13397_/A1 (sky130_fd_sc_hd__a211o_1)
                  0.14    0.38    7.86 v _13397_/X (sky130_fd_sc_hd__a211o_1)
     4    0.02                           _06684_ (net)
                  0.14    0.00    7.86 v _13464_/A1 (sky130_fd_sc_hd__a311o_2)
                  0.09    0.42    8.28 v _13464_/X (sky130_fd_sc_hd__a311o_2)
     5    0.02                           _06749_ (net)
                  0.09    0.00    8.28 v _13522_/A2 (sky130_fd_sc_hd__a311oi_2)
                  0.30    0.36    8.64 ^ _13522_/Y (sky130_fd_sc_hd__a311oi_2)
     3    0.01                           _06805_ (net)
                  0.30    0.00    8.64 ^ _13548_/A2 (sky130_fd_sc_hd__o21ai_1)
                  0.06    0.10    8.74 v _13548_/Y (sky130_fd_sc_hd__o21ai_1)
     1    0.00                           _06830_ (net)
                  0.06    0.00    8.74 v _13550_/B (sky130_fd_sc_hd__and3_1)
                  0.04    0.18    8.92 v _13550_/X (sky130_fd_sc_hd__and3_1)
     1    0.00                           _06832_ (net)
                  0.04    0.00    8.92 v _13562_/A1 (sky130_fd_sc_hd__o21a_1)
                  0.03    0.18    9.09 v _13562_/X (sky130_fd_sc_hd__o21a_1)
     1    0.00                           _01090_ (net)
                  0.03    0.00    9.09 v _15427_/D (sky130_fd_sc_hd__dfxtp_4)
                                  9.09   data arrival time

                         10.00   10.00   clock clk_i (rise edge)
                          0.00   10.00   clock source latency
                  0.32    0.21   10.21 ^ clk_i (in)
     1    0.07                           clk_i (net)
                  0.32    0.00   10.21 ^ clkbuf_0_clk_i/A (sky130_fd_sc_hd__clkbuf_16)
                  0.30    0.37   10.58 ^ clkbuf_0_clk_i/X (sky130_fd_sc_hd__clkbuf_16)
    16    0.29                           clknet_0_clk_i (net)
                  0.30    0.02   10.60 ^ clkbuf_4_11_0_clk_i/A (sky130_fd_sc_hd__clkbuf_8)
                  0.19    0.30   10.90 ^ clkbuf_4_11_0_clk_i/X (sky130_fd_sc_hd__clkbuf_8)
     8    0.11                           clknet_4_11_0_clk_i (net)
                  0.19    0.00   10.91 ^ clkbuf_leaf_115_clk_i/A (sky130_fd_sc_hd__clkbuf_16)
                  0.05    0.17   11.07 ^ clkbuf_leaf_115_clk_i/X (sky130_fd_sc_hd__clkbuf_16)
     6    0.02                           clknet_leaf_115_clk_i (net)
                  0.05    0.00   11.08 ^ _15427_/CLK (sky130_fd_sc_hd__dfxtp_4)
                         -0.25   10.83   clock uncertainty
                          0.00   10.83   clock reconvergence pessimism
                         -0.11   10.72   library setup time
                                 10.72   data required time
-----------------------------------------------------------------------------
                                 10.72   data required time
                                 -9.09   data arrival time
-----------------------------------------------------------------------------
                                  1.63   slack (MET)



===========================================================================
report_checks --slack_max -0.01
============================================================================
No paths found.
check_report_end
parastic_annotation_check

===========================================================================
report_parasitic_annotation -report_unannotated
============================================================================
Found 2 unannotated drivers.
 toast_top_198/HI
 toast_top_199/HI
Found 0 partially unannotated drivers.
parastic_annotation_check
check_slew

===========================================================================
 report_check_types -max_slew -max_cap -max_fanout -violators
============================================================================
max fanout

Pin                                   Limit Fanout  Slack
---------------------------------------------------------
_08898_/X                                25     29     -4 (VIOLATED)
_10083_/X                                25     28     -3 (VIOLATED)
_08248_/X                                25     27     -2 (VIOLATED)
_08254_/X                                25     27     -2 (VIOLATED)
_08823_/X                                25     27     -2 (VIOLATED)
_08841_/X                                25     27     -2 (VIOLATED)
_08885_/X                                25     27     -2 (VIOLATED)
_08905_/X                                25     27     -2 (VIOLATED)
_10168_/X                                25     27     -2 (VIOLATED)
_10345_/X                                25     27     -2 (VIOLATED)
_08219_/X                                25     26        (VIOLATED)
_08222_/X                                25     26        (VIOLATED)
_08260_/X                                25     26        (VIOLATED)
_08263_/X                                25     26        (VIOLATED)
_08853_/X                                25     26        (VIOLATED)
_08873_/X                                25     26        (VIOLATED)
_08880_/X                                25     26        (VIOLATED)
_08903_/X                                25     26        (VIOLATED)
_10073_/X                                25     26        (VIOLATED)
_10081_/X                                25     26        (VIOLATED)
_10084_/X                                25     26        (VIOLATED)
_10112_/X                                25     26        (VIOLATED)
_10185_/X                                25     26        (VIOLATED)
_10208_/X                                25     26        (VIOLATED)
_10228_/X                                25     26        (VIOLATED)
_10233_/X                                25     26        (VIOLATED)
_11620_/X                                25     26        (VIOLATED)


===========================================================================
max slew violation count 0
max fanout violation count 27
max cap violation count 0
============================================================================
check_slew_end
tns_report

===========================================================================
 report_tns
============================================================================
tns 0.00
tns_report_end
wns_report

===========================================================================
 report_wns
============================================================================
wns 0.00
wns_report_end
worst_slack

===========================================================================
 report_worst_slack -max (Setup)
============================================================================
worst slack 1.63

===========================================================================
 report_worst_slack -min (Hold)
============================================================================
worst slack 0.16
worst_slack_end
clock_skew

===========================================================================
 report_clock_skew
============================================================================
Clock clk_i
Latency      CRPR       Skew
_15348_/CLK ^
   1.32
_15404_/CLK ^
   0.89     -0.06       0.36

clock_skew_end
power_report

===========================================================================
 report_power
============================================================================
Group                  Internal  Switching    Leakage      Total
                          Power      Power      Power      Power (Watts)
----------------------------------------------------------------
Sequential             6.35e-03   5.86e-04   1.22e-08   6.93e-03  37.0%
Combinational          5.44e-03   6.34e-03   5.77e-08   1.18e-02  63.0%
Macro                  0.00e+00   0.00e+00   0.00e+00   0.00e+00   0.0%
Pad                    0.00e+00   0.00e+00   0.00e+00   0.00e+00   0.0%
----------------------------------------------------------------
Total                  1.18e-02   6.93e-03   6.99e-08   1.87e-02 100.0%
                          63.0%      37.0%       0.0%
power_report_end
area_report

===========================================================================
 report_design_area
============================================================================
Design area 101514 u^2 55% utilization.
area_report_end
Setting global connections for newly added cells...
[WARNING] Did not save OpenROAD database!
Writing SDF to /openlane/designs/toast_top/runs/modified_without/results/routing/mca/process_corner_nom/toast_top.sdf...
Writing timing model to /openlane/designs/toast_top/runs/modified_without/results/routing/mca/process_corner_nom/toast_top.lib...
