Reading /openlane/designs/toast_top/runs/modified_without/results/signoff/toast_top.gds ..
Reading /openlane/designs/toast_top/runs/modified_without/results/signoff/toast_top.klayout.gds ..
--- Running XOR for layer 10/0 ---
"input" in: xor.drc:87
    Polygons (raw): 0 (flat)  0 (hierarchical)
    Elapsed: 0.000s  Memory: 426.00M
"input" in: xor.drc:87
    Polygons (raw): 3511 (flat)  5 (hierarchical)
    Elapsed: 0.000s  Memory: 426.00M
"^" in: xor.drc:87
    Polygons (raw): 3511 (flat)  5 (hierarchical)
    Elapsed: 0.000s  Memory: 426.00M
XOR differences: 3511
"output" in: xor.drc:65
    Polygons (raw): 3511 (flat)  5 (hierarchical)
    Elapsed: 0.010s  Memory: 426.00M
--- Running XOR for layer 11/0 ---
"input" in: xor.drc:87
    Polygons (raw): 0 (flat)  0 (hierarchical)
    Elapsed: 0.000s  Memory: 426.00M
"input" in: xor.drc:87
    Polygons (raw): 3105 (flat)  979 (hierarchical)
    Elapsed: 0.000s  Memory: 426.00M
"^" in: xor.drc:87
    Polygons (raw): 3105 (flat)  979 (hierarchical)
    Elapsed: 0.000s  Memory: 426.00M
XOR differences: 3105
"output" in: xor.drc:65
    Polygons (raw): 3105 (flat)  979 (hierarchical)
    Elapsed: 0.020s  Memory: 426.00M
--- Running XOR for layer 11/1 ---
"input" in: xor.drc:87
    Polygons (raw): 0 (flat)  0 (hierarchical)
    Elapsed: 0.000s  Memory: 426.00M
"input" in: xor.drc:87
    Polygons (raw): 0 (flat)  0 (hierarchical)
    Elapsed: 0.000s  Memory: 426.00M
"^" in: xor.drc:87
    Polygons (raw): 0 (flat)  0 (hierarchical)
    Elapsed: 0.000s  Memory: 426.00M
XOR differences: 0
"output" in: xor.drc:65
    Polygons (raw): 0 (flat)  0 (hierarchical)
    Elapsed: 0.020s  Memory: 426.00M
--- Running XOR for layer 11/2 ---
"input" in: xor.drc:87
    Polygons (raw): 0 (flat)  0 (hierarchical)
    Elapsed: 0.000s  Memory: 426.00M
"input" in: xor.drc:87
    Polygons (raw): 6 (flat)  6 (hierarchical)
    Elapsed: 0.000s  Memory: 426.00M
"^" in: xor.drc:87
    Polygons (raw): 6 (flat)  6 (hierarchical)
    Elapsed: 0.000s  Memory: 426.00M
XOR differences: 6
"output" in: xor.drc:65
    Polygons (raw): 6 (flat)  6 (hierarchical)
    Elapsed: 0.010s  Memory: 426.00M
--- Running XOR for layer 12/0 ---
"input" in: xor.drc:87
    Polygons (raw): 0 (flat)  0 (hierarchical)
    Elapsed: 0.000s  Memory: 426.00M
"input" in: xor.drc:87
    Polygons (raw): 41 (flat)  2 (hierarchical)
    Elapsed: 0.000s  Memory: 426.00M
"^" in: xor.drc:87
    Polygons (raw): 41 (flat)  2 (hierarchical)
    Elapsed: 0.000s  Memory: 426.00M
XOR differences: 41
"output" in: xor.drc:65
    Polygons (raw): 41 (flat)  2 (hierarchical)
    Elapsed: 0.020s  Memory: 426.00M
--- Running XOR for layer 122/16 ---
"input" in: xor.drc:87
    Polygons (raw): 26867 (flat)  168 (hierarchical)
    Elapsed: 0.000s  Memory: 426.00M
"input" in: xor.drc:87
    Polygons (raw): 26867 (flat)  168 (hierarchical)
    Elapsed: 0.000s  Memory: 426.00M
"^" in: xor.drc:87
    Polygons (raw): 0 (flat)  0 (hierarchical)
    Elapsed: 0.250s  Memory: 426.00M
XOR differences: 0
"output" in: xor.drc:65
    Polygons (raw): 0 (flat)  0 (hierarchical)
    Elapsed: 0.000s  Memory: 426.00M
--- Running XOR for layer 13/0 ---
"input" in: xor.drc:87
    Polygons (raw): 0 (flat)  0 (hierarchical)
    Elapsed: 0.000s  Memory: 426.00M
"input" in: xor.drc:87
    Polygons (raw): 59 (flat)  20 (hierarchical)
    Elapsed: 0.000s  Memory: 426.00M
"^" in: xor.drc:87
    Polygons (raw): 59 (flat)  20 (hierarchical)
    Elapsed: 0.000s  Memory: 426.00M
XOR differences: 59
"output" in: xor.drc:65
    Polygons (raw): 59 (flat)  20 (hierarchical)
    Elapsed: 0.020s  Memory: 426.00M
--- Running XOR for layer 13/1 ---
"input" in: xor.drc:87
    Polygons (raw): 0 (flat)  0 (hierarchical)
    Elapsed: 0.000s  Memory: 426.00M
"input" in: xor.drc:87
    Polygons (raw): 0 (flat)  0 (hierarchical)
    Elapsed: 0.000s  Memory: 426.00M
"^" in: xor.drc:87
    Polygons (raw): 0 (flat)  0 (hierarchical)
    Elapsed: 0.000s  Memory: 426.00M
XOR differences: 0
"output" in: xor.drc:65
    Polygons (raw): 0 (flat)  0 (hierarchical)
    Elapsed: 0.010s  Memory: 426.00M
--- Running XOR for layer 13/2 ---
"input" in: xor.drc:87
    Polygons (raw): 0 (flat)  0 (hierarchical)
    Elapsed: 0.000s  Memory: 426.00M
"input" in: xor.drc:87
    Polygons (raw): 6 (flat)  6 (hierarchical)
    Elapsed: 0.000s  Memory: 426.00M
"^" in: xor.drc:87
    Polygons (raw): 6 (flat)  6 (hierarchical)
    Elapsed: 0.000s  Memory: 426.00M
XOR differences: 6
"output" in: xor.drc:65
    Polygons (raw): 6 (flat)  6 (hierarchical)
    Elapsed: 0.020s  Memory: 426.00M
--- Running XOR for layer 14/0 ---
"input" in: xor.drc:87
    Polygons (raw): 0 (flat)  0 (hierarchical)
    Elapsed: 0.000s  Memory: 426.00M
"input" in: xor.drc:87
    Polygons (raw): 1 (flat)  1 (hierarchical)
    Elapsed: 0.000s  Memory: 426.00M
"^" in: xor.drc:87
    Polygons (raw): 1 (flat)  1 (hierarchical)
    Elapsed: 0.000s  Memory: 426.00M
XOR differences: 1
"output" in: xor.drc:65
    Polygons (raw): 1 (flat)  1 (hierarchical)
    Elapsed: 0.010s  Memory: 426.00M
--- Running XOR for layer 235/4 ---
"input" in: xor.drc:87
    Polygons (raw): 1 (flat)  1 (hierarchical)
    Elapsed: 0.000s  Memory: 426.00M
"input" in: xor.drc:87
    Polygons (raw): 0 (flat)  0 (hierarchical)
    Elapsed: 0.000s  Memory: 426.00M
"^" in: xor.drc:87
    Polygons (raw): 1 (flat)  1 (hierarchical)
    Elapsed: 0.000s  Memory: 426.00M
XOR differences: 1
"output" in: xor.drc:65
    Polygons (raw): 1 (flat)  1 (hierarchical)
    Elapsed: 0.000s  Memory: 426.00M
--- Running XOR for layer 236/0 ---
"input" in: xor.drc:87
    Polygons (raw): 19335 (flat)  160 (hierarchical)
    Elapsed: 0.000s  Memory: 426.00M
"input" in: xor.drc:87
    Polygons (raw): 19335 (flat)  160 (hierarchical)
    Elapsed: 0.000s  Memory: 426.00M
"^" in: xor.drc:87
    Polygons (raw): 0 (flat)  0 (hierarchical)
    Elapsed: 0.190s  Memory: 437.00M
XOR differences: 0
"output" in: xor.drc:65
    Polygons (raw): 0 (flat)  0 (hierarchical)
    Elapsed: 0.000s  Memory: 437.00M
--- Running XOR for layer 3/0 ---
"input" in: xor.drc:87
    Polygons (raw): 0 (flat)  0 (hierarchical)
    Elapsed: 0.000s  Memory: 437.00M
"input" in: xor.drc:87
    Polygons (raw): 32641 (flat)  1 (hierarchical)
    Elapsed: 0.000s  Memory: 437.00M
"^" in: xor.drc:87
    Polygons (raw): 32641 (flat)  1 (hierarchical)
    Elapsed: 0.000s  Memory: 437.00M
XOR differences: 32641
"output" in: xor.drc:65
    Polygons (raw): 32641 (flat)  1 (hierarchical)
    Elapsed: 0.010s  Memory: 437.00M
--- Running XOR for layer 4/0 ---
"input" in: xor.drc:87
    Polygons (raw): 0 (flat)  0 (hierarchical)
    Elapsed: 0.000s  Memory: 437.00M
"input" in: xor.drc:87
    Polygons (raw): 32641 (flat)  1 (hierarchical)
    Elapsed: 0.000s  Memory: 437.00M
"^" in: xor.drc:87
    Polygons (raw): 32641 (flat)  1 (hierarchical)
    Elapsed: 0.000s  Memory: 437.00M
XOR differences: 32641
"output" in: xor.drc:65
    Polygons (raw): 32641 (flat)  1 (hierarchical)
    Elapsed: 0.010s  Memory: 437.00M
--- Running XOR for layer 5/0 ---
"input" in: xor.drc:87
    Polygons (raw): 0 (flat)  0 (hierarchical)
    Elapsed: 0.000s  Memory: 437.00M
"input" in: xor.drc:87
    Polygons (raw): 119278 (flat)  45566 (hierarchical)
    Elapsed: 0.000s  Memory: 437.00M
"^" in: xor.drc:87
    Polygons (raw): 119278 (flat)  45566 (hierarchical)
    Elapsed: 0.000s  Memory: 437.00M
XOR differences: 119278
"output" in: xor.drc:65
    Polygons (raw): 119278 (flat)  45566 (hierarchical)
    Elapsed: 0.070s  Memory: 449.00M
--- Running XOR for layer 6/0 ---
"input" in: xor.drc:87
    Polygons (raw): 0 (flat)  0 (hierarchical)
    Elapsed: 0.000s  Memory: 449.00M
"input" in: xor.drc:87
    Polygons (raw): 42971 (flat)  7 (hierarchical)
    Elapsed: 0.000s  Memory: 449.00M
"^" in: xor.drc:87
    Polygons (raw): 42971 (flat)  7 (hierarchical)
    Elapsed: 0.000s  Memory: 449.00M
XOR differences: 42971
"output" in: xor.drc:65
    Polygons (raw): 42971 (flat)  7 (hierarchical)
    Elapsed: 0.010s  Memory: 449.00M
--- Running XOR for layer 64/16 ---
"input" in: xor.drc:87
    Polygons (raw): 26864 (flat)  167 (hierarchical)
    Elapsed: 0.000s  Memory: 449.00M
"input" in: xor.drc:87
    Polygons (raw): 26864 (flat)  167 (hierarchical)
    Elapsed: 0.000s  Memory: 449.00M
"^" in: xor.drc:87
    Polygons (raw): 0 (flat)  0 (hierarchical)
    Elapsed: 0.250s  Memory: 457.00M
XOR differences: 0
"output" in: xor.drc:65
    Polygons (raw): 0 (flat)  0 (hierarchical)
    Elapsed: 0.000s  Memory: 457.00M
--- Running XOR for layer 64/20 ---
"input" in: xor.drc:87
    Polygons (raw): 27847 (flat)  163 (hierarchical)
    Elapsed: 0.000s  Memory: 457.00M
"input" in: xor.drc:87
    Polygons (raw): 27847 (flat)  163 (hierarchical)
    Elapsed: 0.000s  Memory: 457.00M
"^" in: xor.drc:87
    Polygons (raw): 0 (flat)  0 (hierarchical)
    Elapsed: 0.320s  Memory: 463.00M
XOR differences: 0
"output" in: xor.drc:65
    Polygons (raw): 0 (flat)  0 (hierarchical)
    Elapsed: 0.000s  Memory: 463.00M
--- Running XOR for layer 64/5 ---
"input" in: xor.drc:87
    Polygons (raw): 0 (flat)  0 (hierarchical)
    Elapsed: 0.000s  Memory: 463.00M
"input" in: xor.drc:87
    Polygons (raw): 0 (flat)  0 (hierarchical)
    Elapsed: 0.000s  Memory: 463.00M
"^" in: xor.drc:87
    Polygons (raw): 0 (flat)  0 (hierarchical)
    Elapsed: 0.080s  Memory: 463.00M
XOR differences: 0
"output" in: xor.drc:65
    Polygons (raw): 0 (flat)  0 (hierarchical)
    Elapsed: 0.000s  Memory: 463.00M
--- Running XOR for layer 64/59 ---
"input" in: xor.drc:87
    Polygons (raw): 0 (flat)  0 (hierarchical)
    Elapsed: 0.000s  Memory: 463.00M
"input" in: xor.drc:87
    Polygons (raw): 0 (flat)  0 (hierarchical)
    Elapsed: 0.000s  Memory: 463.00M
"^" in: xor.drc:87
    Polygons (raw): 0 (flat)  0 (hierarchical)
    Elapsed: 0.080s  Memory: 463.00M
XOR differences: 0
"output" in: xor.drc:65
    Polygons (raw): 0 (flat)  0 (hierarchical)
    Elapsed: 0.000s  Memory: 463.00M
--- Running XOR for layer 65/20 ---
"input" in: xor.drc:87
    Polygons (raw): 47178 (flat)  463 (hierarchical)
    Elapsed: 0.000s  Memory: 463.00M
"input" in: xor.drc:87
    Polygons (raw): 47178 (flat)  463 (hierarchical)
    Elapsed: 0.000s  Memory: 463.00M
"^" in: xor.drc:87
    Polygons (raw): 0 (flat)  0 (hierarchical)
    Elapsed: 0.370s  Memory: 463.00M
XOR differences: 0
"output" in: xor.drc:65
    Polygons (raw): 0 (flat)  0 (hierarchical)
    Elapsed: 0.000s  Memory: 463.00M
--- Running XOR for layer 65/44 ---
"input" in: xor.drc:87
    Polygons (raw): 5246 (flat)  2 (hierarchical)
    Elapsed: 0.000s  Memory: 463.00M
"input" in: xor.drc:87
    Polygons (raw): 5246 (flat)  2 (hierarchical)
    Elapsed: 0.000s  Memory: 463.00M
"^" in: xor.drc:87
    Polygons (raw): 0 (flat)  0 (hierarchical)
    Elapsed: 0.060s  Memory: 463.00M
XOR differences: 0
"output" in: xor.drc:65
    Polygons (raw): 0 (flat)  0 (hierarchical)
    Elapsed: 0.000s  Memory: 463.00M
--- Running XOR for layer 66/15 ---
"input" in: xor.drc:87
    Polygons (raw): 4 (flat)  2 (hierarchical)
    Elapsed: 0.000s  Memory: 463.00M
"input" in: xor.drc:87
    Polygons (raw): 4 (flat)  2 (hierarchical)
    Elapsed: 0.000s  Memory: 463.00M
"^" in: xor.drc:87
    Polygons (raw): 0 (flat)  0 (hierarchical)
    Elapsed: 0.030s  Memory: 463.00M
XOR differences: 0
"output" in: xor.drc:65
    Polygons (raw): 0 (flat)  0 (hierarchical)
    Elapsed: 0.000s  Memory: 463.00M
--- Running XOR for layer 66/20 ---
"input" in: xor.drc:87
    Polygons (raw): 74714 (flat)  782 (hierarchical)
    Elapsed: 0.000s  Memory: 463.00M
"input" in: xor.drc:87
    Polygons (raw): 74714 (flat)  782 (hierarchical)
    Elapsed: 0.000s  Memory: 463.00M
"^" in: xor.drc:87
    Polygons (raw): 0 (flat)  0 (hierarchical)
    Elapsed: 1.070s  Memory: 463.00M
XOR differences: 0
"output" in: xor.drc:65
    Polygons (raw): 0 (flat)  0 (hierarchical)
    Elapsed: 0.000s  Memory: 463.00M
--- Running XOR for layer 66/44 ---
"input" in: xor.drc:87
    Polygons (raw): 349200 (flat)  5294 (hierarchical)
    Elapsed: 0.000s  Memory: 463.00M
"input" in: xor.drc:87
    Polygons (raw): 349200 (flat)  5294 (hierarchical)
    Elapsed: 0.000s  Memory: 463.00M
"^" in: xor.drc:87
    Polygons (raw): 0 (flat)  0 (hierarchical)
    Elapsed: 1.960s  Memory: 467.00M
XOR differences: 0
"output" in: xor.drc:65
    Polygons (raw): 0 (flat)  0 (hierarchical)
    Elapsed: 0.000s  Memory: 467.00M
--- Running XOR for layer 67/16 ---
"input" in: xor.drc:87
    Polygons (raw): 63556 (flat)  1433 (hierarchical)
    Elapsed: 0.000s  Memory: 467.00M
"input" in: xor.drc:87
    Polygons (raw): 63556 (flat)  1433 (hierarchical)
    Elapsed: 0.000s  Memory: 467.00M
"^" in: xor.drc:87
    Polygons (raw): 0 (flat)  0 (hierarchical)
    Elapsed: 0.310s  Memory: 467.00M
XOR differences: 0
"output" in: xor.drc:65
    Polygons (raw): 0 (flat)  0 (hierarchical)
    Elapsed: 0.000s  Memory: 467.00M
--- Running XOR for layer 67/20 ---
"input" in: xor.drc:87
    Polygons (raw): 159911 (flat)  34026 (hierarchical)
    Elapsed: 0.000s  Memory: 467.00M
"input" in: xor.drc:87
    Polygons (raw): 127270 (flat)  1385 (hierarchical)
    Elapsed: 0.000s  Memory: 467.00M
"^" in: xor.drc:87
    Polygons (raw): 2997 (flat)  2997 (hierarchical)
    Elapsed: 2.160s  Memory: 475.00M
XOR differences: 2997
"output" in: xor.drc:65
    Polygons (raw): 2997 (flat)  2997 (hierarchical)
    Elapsed: 0.010s  Memory: 475.00M
--- Running XOR for layer 67/44 ---
"input" in: xor.drc:87
    Polygons (raw): 334344 (flat)  35716 (hierarchical)
    Elapsed: 0.000s  Memory: 475.00M
"input" in: xor.drc:87
    Polygons (raw): 301703 (flat)  3075 (hierarchical)
    Elapsed: 0.000s  Memory: 475.00M
"^" in: xor.drc:87
    Polygons (raw): 32641 (flat)  32641 (hierarchical)
    Elapsed: 1.450s  Memory: 475.00M
XOR differences: 32641
"output" in: xor.drc:65
    Polygons (raw): 32641 (flat)  32641 (hierarchical)
    Elapsed: 0.050s  Memory: 475.00M
--- Running XOR for layer 67/5 ---
"input" in: xor.drc:87
    Polygons (raw): 0 (flat)  0 (hierarchical)
    Elapsed: 0.000s  Memory: 475.00M
"input" in: xor.drc:87
    Polygons (raw): 0 (flat)  0 (hierarchical)
    Elapsed: 0.000s  Memory: 475.00M
"^" in: xor.drc:87
    Polygons (raw): 0 (flat)  0 (hierarchical)
    Elapsed: 0.060s  Memory: 475.00M
XOR differences: 0
"output" in: xor.drc:65
    Polygons (raw): 0 (flat)  0 (hierarchical)
    Elapsed: 0.000s  Memory: 475.00M
--- Running XOR for layer 68/16 ---
"input" in: xor.drc:87
    Polygons (raw): 55751 (flat)  333 (hierarchical)
    Elapsed: 0.000s  Memory: 475.00M
"input" in: xor.drc:87
    Polygons (raw): 55751 (flat)  333 (hierarchical)
    Elapsed: 0.000s  Memory: 475.00M
"^" in: xor.drc:87
    Polygons (raw): 0 (flat)  0 (hierarchical)
    Elapsed: 0.400s  Memory: 485.00M
XOR differences: 0
"output" in: xor.drc:65
    Polygons (raw): 0 (flat)  0 (hierarchical)
    Elapsed: 0.010s  Memory: 485.00M
--- Running XOR for layer 68/20 ---
"input" in: xor.drc:87
    Polygons (raw): 210669 (flat)  152399 (hierarchical)
    Elapsed: 0.000s  Memory: 485.00M
"input" in: xor.drc:87
    Polygons (raw): 58615 (flat)  345 (hierarchical)
    Elapsed: 0.000s  Memory: 485.00M
"^" in: xor.drc:87
    Polygons (raw): 32970 (flat)  32970 (hierarchical)
    Elapsed: 0.960s  Memory: 524.00M
XOR differences: 32970
"output" in: xor.drc:65
    Polygons (raw): 32970 (flat)  32970 (hierarchical)
    Elapsed: 0.070s  Memory: 524.00M
--- Running XOR for layer 68/44 ---
"input" in: xor.drc:87
    Polygons (raw): 42971 (flat)  42971 (hierarchical)
    Elapsed: 0.000s  Memory: 524.00M
"input" in: xor.drc:87
    Polygons (raw): 0 (flat)  0 (hierarchical)
    Elapsed: 0.000s  Memory: 524.00M
"^" in: xor.drc:87
    Polygons (raw): 42971 (flat)  42971 (hierarchical)
    Elapsed: 0.000s  Memory: 524.00M
XOR differences: 42971
"output" in: xor.drc:65
    Polygons (raw): 42971 (flat)  42971 (hierarchical)
    Elapsed: 0.040s  Memory: 524.00M
--- Running XOR for layer 68/5 ---
"input" in: xor.drc:87
    Polygons (raw): 0 (flat)  0 (hierarchical)
    Elapsed: 0.000s  Memory: 524.00M
"input" in: xor.drc:87
    Polygons (raw): 0 (flat)  0 (hierarchical)
    Elapsed: 0.000s  Memory: 524.00M
"^" in: xor.drc:87
    Polygons (raw): 0 (flat)  0 (hierarchical)
    Elapsed: 0.100s  Memory: 524.00M
XOR differences: 0
"output" in: xor.drc:65
    Polygons (raw): 0 (flat)  0 (hierarchical)
    Elapsed: 0.000s  Memory: 524.00M
--- Running XOR for layer 69/16 ---
"input" in: xor.drc:87
    Polygons (raw): 102 (flat)  102 (hierarchical)
    Elapsed: 0.000s  Memory: 524.00M
"input" in: xor.drc:87
    Polygons (raw): 0 (flat)  0 (hierarchical)
    Elapsed: 0.000s  Memory: 524.00M
"^" in: xor.drc:87
    Polygons (raw): 102 (flat)  102 (hierarchical)
    Elapsed: 0.000s  Memory: 524.00M
XOR differences: 102
"output" in: xor.drc:65
    Polygons (raw): 102 (flat)  102 (hierarchical)
    Elapsed: 0.010s  Memory: 524.00M
--- Running XOR for layer 69/20 ---
"input" in: xor.drc:87
    Polygons (raw): 78910 (flat)  78910 (hierarchical)
    Elapsed: 0.000s  Memory: 524.00M
"input" in: xor.drc:87
    Polygons (raw): 0 (flat)  0 (hierarchical)
    Elapsed: 0.000s  Memory: 524.00M
"^" in: xor.drc:87
    Polygons (raw): 78910 (flat)  78910 (hierarchical)
    Elapsed: 0.000s  Memory: 524.00M
XOR differences: 78910
"output" in: xor.drc:65
    Polygons (raw): 78910 (flat)  78910 (hierarchical)
    Elapsed: 0.070s  Memory: 546.00M
--- Running XOR for layer 69/44 ---
"input" in: xor.drc:87
    Polygons (raw): 6893 (flat)  6893 (hierarchical)
    Elapsed: 0.000s  Memory: 546.00M
"input" in: xor.drc:87
    Polygons (raw): 0 (flat)  0 (hierarchical)
    Elapsed: 0.000s  Memory: 546.00M
"^" in: xor.drc:87
    Polygons (raw): 6893 (flat)  6893 (hierarchical)
    Elapsed: 0.000s  Memory: 546.00M
XOR differences: 6893
"output" in: xor.drc:65
    Polygons (raw): 6893 (flat)  6893 (hierarchical)
    Elapsed: 0.010s  Memory: 549.00M
--- Running XOR for layer 69/5 ---
"input" in: xor.drc:87
    Polygons (raw): 0 (flat)  0 (hierarchical)
    Elapsed: 0.000s  Memory: 549.00M
"input" in: xor.drc:87
    Polygons (raw): 0 (flat)  0 (hierarchical)
    Elapsed: 0.000s  Memory: 549.00M
"^" in: xor.drc:87
    Polygons (raw): 0 (flat)  0 (hierarchical)
    Elapsed: 0.000s  Memory: 549.00M
XOR differences: 0
"output" in: xor.drc:65
    Polygons (raw): 0 (flat)  0 (hierarchical)
    Elapsed: 0.010s  Memory: 551.00M
--- Running XOR for layer 7/0 ---
"input" in: xor.drc:87
    Polygons (raw): 0 (flat)  0 (hierarchical)
    Elapsed: 0.000s  Memory: 551.00M
"input" in: xor.drc:87
    Polygons (raw): 78370 (flat)  31829 (hierarchical)
    Elapsed: 0.000s  Memory: 551.00M
"^" in: xor.drc:87
    Polygons (raw): 78370 (flat)  31829 (hierarchical)
    Elapsed: 0.000s  Memory: 551.00M
XOR differences: 78370
"output" in: xor.drc:65
    Polygons (raw): 78370 (flat)  31829 (hierarchical)
    Elapsed: 0.060s  Memory: 568.00M
--- Running XOR for layer 7/1 ---
"input" in: xor.drc:87
    Polygons (raw): 0 (flat)  0 (hierarchical)
    Elapsed: 0.000s  Memory: 568.00M
"input" in: xor.drc:87
    Polygons (raw): 0 (flat)  0 (hierarchical)
    Elapsed: 0.000s  Memory: 568.00M
"^" in: xor.drc:87
    Polygons (raw): 0 (flat)  0 (hierarchical)
    Elapsed: 0.000s  Memory: 568.00M
XOR differences: 0
"output" in: xor.drc:65
    Polygons (raw): 0 (flat)  0 (hierarchical)
    Elapsed: 0.020s  Memory: 568.00M
--- Running XOR for layer 7/2 ---
"input" in: xor.drc:87
    Polygons (raw): 0 (flat)  0 (hierarchical)
    Elapsed: 0.000s  Memory: 568.00M
"input" in: xor.drc:87
    Polygons (raw): 102 (flat)  102 (hierarchical)
    Elapsed: 0.000s  Memory: 568.00M
"^" in: xor.drc:87
    Polygons (raw): 102 (flat)  102 (hierarchical)
    Elapsed: 0.000s  Memory: 568.00M
XOR differences: 102
"output" in: xor.drc:65
    Polygons (raw): 102 (flat)  102 (hierarchical)
    Elapsed: 0.010s  Memory: 568.00M
--- Running XOR for layer 70/16 ---
"input" in: xor.drc:87
    Polygons (raw): 98 (flat)  98 (hierarchical)
    Elapsed: 0.000s  Memory: 568.00M
"input" in: xor.drc:87
    Polygons (raw): 0 (flat)  0 (hierarchical)
    Elapsed: 0.000s  Memory: 568.00M
"^" in: xor.drc:87
    Polygons (raw): 98 (flat)  98 (hierarchical)
    Elapsed: 0.000s  Memory: 568.00M
XOR differences: 98
"output" in: xor.drc:65
    Polygons (raw): 98 (flat)  98 (hierarchical)
    Elapsed: 0.000s  Memory: 568.00M
--- Running XOR for layer 70/20 ---
"input" in: xor.drc:87
    Polygons (raw): 17487 (flat)  17487 (hierarchical)
    Elapsed: 0.000s  Memory: 568.00M
"input" in: xor.drc:87
    Polygons (raw): 0 (flat)  0 (hierarchical)
    Elapsed: 0.000s  Memory: 568.00M
"^" in: xor.drc:87
    Polygons (raw): 17487 (flat)  17487 (hierarchical)
    Elapsed: 0.000s  Memory: 568.00M
XOR differences: 17487
"output" in: xor.drc:65
    Polygons (raw): 17487 (flat)  17487 (hierarchical)
    Elapsed: 0.020s  Memory: 570.00M
--- Running XOR for layer 70/44 ---
"input" in: xor.drc:87
    Polygons (raw): 3511 (flat)  3511 (hierarchical)
    Elapsed: 0.000s  Memory: 570.00M
"input" in: xor.drc:87
    Polygons (raw): 0 (flat)  0 (hierarchical)
    Elapsed: 0.000s  Memory: 570.00M
"^" in: xor.drc:87
    Polygons (raw): 3511 (flat)  3511 (hierarchical)
    Elapsed: 0.000s  Memory: 570.00M
XOR differences: 3511
"output" in: xor.drc:65
    Polygons (raw): 3511 (flat)  3511 (hierarchical)
    Elapsed: 0.010s  Memory: 572.00M
--- Running XOR for layer 70/5 ---
"input" in: xor.drc:87
    Polygons (raw): 0 (flat)  0 (hierarchical)
    Elapsed: 0.000s  Memory: 572.00M
"input" in: xor.drc:87
    Polygons (raw): 0 (flat)  0 (hierarchical)
    Elapsed: 0.000s  Memory: 572.00M
"^" in: xor.drc:87
    Polygons (raw): 0 (flat)  0 (hierarchical)
    Elapsed: 0.000s  Memory: 572.00M
XOR differences: 0
"output" in: xor.drc:65
    Polygons (raw): 0 (flat)  0 (hierarchical)
    Elapsed: 0.000s  Memory: 572.00M
--- Running XOR for layer 71/16 ---
"input" in: xor.drc:87
    Polygons (raw): 6 (flat)  6 (hierarchical)
    Elapsed: 0.000s  Memory: 572.00M
"input" in: xor.drc:87
    Polygons (raw): 0 (flat)  0 (hierarchical)
    Elapsed: 0.000s  Memory: 572.00M
"^" in: xor.drc:87
    Polygons (raw): 6 (flat)  6 (hierarchical)
    Elapsed: 0.000s  Memory: 572.00M
XOR differences: 6
"output" in: xor.drc:65
    Polygons (raw): 6 (flat)  6 (hierarchical)
    Elapsed: 0.000s  Memory: 572.00M
--- Running XOR for layer 71/20 ---
"input" in: xor.drc:87
    Polygons (raw): 2607 (flat)  2607 (hierarchical)
    Elapsed: 0.000s  Memory: 572.00M
"input" in: xor.drc:87
    Polygons (raw): 0 (flat)  0 (hierarchical)
    Elapsed: 0.000s  Memory: 572.00M
"^" in: xor.drc:87
    Polygons (raw): 2607 (flat)  2607 (hierarchical)
    Elapsed: 0.000s  Memory: 572.00M
XOR differences: 2607
"output" in: xor.drc:65
    Polygons (raw): 2607 (flat)  2607 (hierarchical)
    Elapsed: 0.010s  Memory: 573.00M
--- Running XOR for layer 71/44 ---
"input" in: xor.drc:87
    Polygons (raw): 41 (flat)  41 (hierarchical)
    Elapsed: 0.000s  Memory: 573.00M
"input" in: xor.drc:87
    Polygons (raw): 0 (flat)  0 (hierarchical)
    Elapsed: 0.000s  Memory: 573.00M
"^" in: xor.drc:87
    Polygons (raw): 41 (flat)  41 (hierarchical)
    Elapsed: 0.000s  Memory: 573.00M
XOR differences: 41
"output" in: xor.drc:65
    Polygons (raw): 41 (flat)  41 (hierarchical)
    Elapsed: 0.000s  Memory: 573.00M
--- Running XOR for layer 71/5 ---
"input" in: xor.drc:87
    Polygons (raw): 0 (flat)  0 (hierarchical)
    Elapsed: 0.000s  Memory: 573.00M
"input" in: xor.drc:87
    Polygons (raw): 0 (flat)  0 (hierarchical)
    Elapsed: 0.000s  Memory: 573.00M
"^" in: xor.drc:87
    Polygons (raw): 0 (flat)  0 (hierarchical)
    Elapsed: 0.000s  Memory: 573.00M
XOR differences: 0
"output" in: xor.drc:65
    Polygons (raw): 0 (flat)  0 (hierarchical)
    Elapsed: 0.000s  Memory: 573.00M
--- Running XOR for layer 72/16 ---
"input" in: xor.drc:87
    Polygons (raw): 6 (flat)  6 (hierarchical)
    Elapsed: 0.000s  Memory: 573.00M
"input" in: xor.drc:87
    Polygons (raw): 0 (flat)  0 (hierarchical)
    Elapsed: 0.000s  Memory: 573.00M
"^" in: xor.drc:87
    Polygons (raw): 6 (flat)  6 (hierarchical)
    Elapsed: 0.000s  Memory: 573.00M
XOR differences: 6
"output" in: xor.drc:65
    Polygons (raw): 6 (flat)  6 (hierarchical)
    Elapsed: 0.010s  Memory: 574.00M
--- Running XOR for layer 72/20 ---
"input" in: xor.drc:87
    Polygons (raw): 17 (flat)  17 (hierarchical)
    Elapsed: 0.000s  Memory: 574.00M
"input" in: xor.drc:87
    Polygons (raw): 0 (flat)  0 (hierarchical)
    Elapsed: 0.000s  Memory: 574.00M
"^" in: xor.drc:87
    Polygons (raw): 17 (flat)  17 (hierarchical)
    Elapsed: 0.000s  Memory: 574.00M
XOR differences: 17
"output" in: xor.drc:65
    Polygons (raw): 17 (flat)  17 (hierarchical)
    Elapsed: 0.010s  Memory: 574.00M
--- Running XOR for layer 72/5 ---
"input" in: xor.drc:87
    Polygons (raw): 0 (flat)  0 (hierarchical)
    Elapsed: 0.000s  Memory: 574.00M
"input" in: xor.drc:87
    Polygons (raw): 0 (flat)  0 (hierarchical)
    Elapsed: 0.000s  Memory: 574.00M
"^" in: xor.drc:87
    Polygons (raw): 0 (flat)  0 (hierarchical)
    Elapsed: 0.000s  Memory: 574.00M
XOR differences: 0
"output" in: xor.drc:65
    Polygons (raw): 0 (flat)  0 (hierarchical)
    Elapsed: 0.000s  Memory: 574.00M
--- Running XOR for layer 78/44 ---
"input" in: xor.drc:87
    Polygons (raw): 27897 (flat)  165 (hierarchical)
    Elapsed: 0.000s  Memory: 574.00M
"input" in: xor.drc:87
    Polygons (raw): 27897 (flat)  165 (hierarchical)
    Elapsed: 0.000s  Memory: 574.00M
"^" in: xor.drc:87
    Polygons (raw): 0 (flat)  0 (hierarchical)
    Elapsed: 0.250s  Memory: 588.00M
XOR differences: 0
"output" in: xor.drc:65
    Polygons (raw): 0 (flat)  0 (hierarchical)
    Elapsed: 0.000s  Memory: 588.00M
--- Running XOR for layer 8/0 ---
"input" in: xor.drc:87
    Polygons (raw): 0 (flat)  0 (hierarchical)
    Elapsed: 0.000s  Memory: 588.00M
"input" in: xor.drc:87
    Polygons (raw): 6893 (flat)  5 (hierarchical)
    Elapsed: 0.000s  Memory: 588.00M
"^" in: xor.drc:87
    Polygons (raw): 6893 (flat)  5 (hierarchical)
    Elapsed: 0.000s  Memory: 588.00M
XOR differences: 6893
"output" in: xor.drc:65
    Polygons (raw): 6893 (flat)  5 (hierarchical)
    Elapsed: 0.020s  Memory: 588.00M
--- Running XOR for layer 81/23 ---
"input" in: xor.drc:87
    Polygons (raw): 333 (flat)  1 (hierarchical)
    Elapsed: 0.000s  Memory: 588.00M
"input" in: xor.drc:87
    Polygons (raw): 333 (flat)  1 (hierarchical)
    Elapsed: 0.000s  Memory: 588.00M
"^" in: xor.drc:87
    Polygons (raw): 0 (flat)  0 (hierarchical)
    Elapsed: 0.030s  Memory: 588.00M
XOR differences: 0
"output" in: xor.drc:65
    Polygons (raw): 0 (flat)  0 (hierarchical)
    Elapsed: 0.000s  Memory: 588.00M
--- Running XOR for layer 81/4 ---
"input" in: xor.drc:87
    Polygons (raw): 27847 (flat)  163 (hierarchical)
    Elapsed: 0.000s  Memory: 588.00M
"input" in: xor.drc:87
    Polygons (raw): 27847 (flat)  163 (hierarchical)
    Elapsed: 0.000s  Memory: 588.00M
"^" in: xor.drc:87
    Polygons (raw): 0 (flat)  0 (hierarchical)
    Elapsed: 0.260s  Memory: 595.00M
XOR differences: 0
"output" in: xor.drc:65
    Polygons (raw): 0 (flat)  0 (hierarchical)
    Elapsed: 0.000s  Memory: 595.00M
--- Running XOR for layer 83/44 ---
"input" in: xor.drc:87
    Polygons (raw): 0 (flat)  0 (hierarchical)
    Elapsed: 0.000s  Memory: 595.00M
"input" in: xor.drc:87
    Polygons (raw): 0 (flat)  0 (hierarchical)
    Elapsed: 0.000s  Memory: 595.00M
"^" in: xor.drc:87
    Polygons (raw): 0 (flat)  0 (hierarchical)
    Elapsed: 0.090s  Memory: 595.00M
XOR differences: 0
"output" in: xor.drc:65
    Polygons (raw): 0 (flat)  0 (hierarchical)
    Elapsed: 0.000s  Memory: 595.00M
--- Running XOR for layer 9/0 ---
"input" in: xor.drc:87
    Polygons (raw): 0 (flat)  0 (hierarchical)
    Elapsed: 0.000s  Memory: 595.00M
"input" in: xor.drc:87
    Polygons (raw): 12561 (flat)  5005 (hierarchical)
    Elapsed: 0.000s  Memory: 595.00M
"^" in: xor.drc:87
    Polygons (raw): 12561 (flat)  5005 (hierarchical)
    Elapsed: 0.000s  Memory: 595.00M
XOR differences: 12561
"output" in: xor.drc:65
    Polygons (raw): 12561 (flat)  5005 (hierarchical)
    Elapsed: 0.020s  Memory: 595.00M
--- Running XOR for layer 9/1 ---
"input" in: xor.drc:87
    Polygons (raw): 0 (flat)  0 (hierarchical)
    Elapsed: 0.000s  Memory: 595.00M
"input" in: xor.drc:87
    Polygons (raw): 0 (flat)  0 (hierarchical)
    Elapsed: 0.000s  Memory: 595.00M
"^" in: xor.drc:87
    Polygons (raw): 0 (flat)  0 (hierarchical)
    Elapsed: 0.000s  Memory: 595.00M
XOR differences: 0
"output" in: xor.drc:65
    Polygons (raw): 0 (flat)  0 (hierarchical)
    Elapsed: 0.010s  Memory: 595.00M
--- Running XOR for layer 9/2 ---
"input" in: xor.drc:87
    Polygons (raw): 0 (flat)  0 (hierarchical)
    Elapsed: 0.000s  Memory: 595.00M
"input" in: xor.drc:87
    Polygons (raw): 98 (flat)  98 (hierarchical)
    Elapsed: 0.000s  Memory: 595.00M
"^" in: xor.drc:87
    Polygons (raw): 98 (flat)  98 (hierarchical)
    Elapsed: 0.000s  Memory: 595.00M
XOR differences: 98
"output" in: xor.drc:65
    Polygons (raw): 98 (flat)  98 (hierarchical)
    Elapsed: 0.020s  Memory: 595.00M
--- Running XOR for layer 93/44 ---
"input" in: xor.drc:87
    Polygons (raw): 30470 (flat)  164 (hierarchical)
    Elapsed: 0.000s  Memory: 595.00M
"input" in: xor.drc:87
    Polygons (raw): 30470 (flat)  164 (hierarchical)
    Elapsed: 0.000s  Memory: 595.00M
"^" in: xor.drc:87
    Polygons (raw): 0 (flat)  0 (hierarchical)
    Elapsed: 0.310s  Memory: 597.00M
XOR differences: 0
"output" in: xor.drc:65
    Polygons (raw): 0 (flat)  0 (hierarchical)
    Elapsed: 0.000s  Memory: 597.00M
--- Running XOR for layer 94/20 ---
"input" in: xor.drc:87
    Polygons (raw): 30470 (flat)  164 (hierarchical)
    Elapsed: 0.000s  Memory: 597.00M
"input" in: xor.drc:87
    Polygons (raw): 30470 (flat)  164 (hierarchical)
    Elapsed: 0.000s  Memory: 597.00M
"^" in: xor.drc:87
    Polygons (raw): 0 (flat)  0 (hierarchical)
    Elapsed: 0.410s  Memory: 618.00M
XOR differences: 0
"output" in: xor.drc:65
    Polygons (raw): 0 (flat)  0 (hierarchical)
    Elapsed: 0.000s  Memory: 618.00M
--- Running XOR for layer 95/20 ---
"input" in: xor.drc:87
    Polygons (raw): 19422 (flat)  174 (hierarchical)
    Elapsed: 0.000s  Memory: 618.00M
"input" in: xor.drc:87
    Polygons (raw): 19422 (flat)  174 (hierarchical)
    Elapsed: 0.000s  Memory: 618.00M
"^" in: xor.drc:87
    Polygons (raw): 0 (flat)  0 (hierarchical)
    Elapsed: 0.290s  Memory: 618.00M
XOR differences: 0
"output" in: xor.drc:65
    Polygons (raw): 0 (flat)  0 (hierarchical)
    Elapsed: 0.000s  Memory: 618.00M
---
Total XOR differences: 553542
Writing report database: /openlane/designs/toast_top/runs/modified_without/reports/signoff/29-xor.xml ..
Total elapsed: 17.830s  Memory: 618.00M
