OpenROAD c295b08a99aacb6147b9c51104627e78ac3859e3 
This program is licensed under the BSD-3 license. See the LICENSE file for details.
Components of this program may be licensed under more restrictive licenses which must be honored.
[INFO]: Reading ODB at '/openlane/designs/toast_top/runs/without/tmp/placement/8-resizer.odb'...
Placement Analysis
---------------------------------
total displacement          0.0 u
average displacement        0.0 u
max displacement            0.0 u
original HPWL          364648.8 u
legalized HPWL         371409.1 u
delta HPWL                    2 %

[INFO DPL-0020] Mirrored 3258 instances
[INFO DPL-0021] HPWL before          371409.1 u
[INFO DPL-0022] HPWL after           364648.8 u
[INFO DPL-0023] HPWL delta               -1.8 %
Setting global connections for newly added cells...
Writing OpenROAD database to /openlane/designs/toast_top/runs/without/results/placement/toast_top.odb...
Writing netlist to /openlane/designs/toast_top/runs/without/results/placement/toast_top.nl.v...
Writing powered netlist to /openlane/designs/toast_top/runs/without/results/placement/toast_top.pnl.v...
Writing layout to /openlane/designs/toast_top/runs/without/results/placement/toast_top.def...
