[INFO]: Run Directory: /openlane/designs/toast_top/runs/without_strat_1
[INFO]: Preparing LEF files for the nom corner...
[INFO]: Preparing LEF files for the min corner...
[INFO]: Preparing LEF files for the max corner...
[INFO]: Using configuration in 'designs/toast_top/config.json'...
[INFO]: PDK Root: /home/nikhil/Desktop/OpenLane/pdks
[INFO]: Process Design Kit: sky130A
[INFO]: Standard Cell Library: sky130_fd_sc_hd
[INFO]: Optimization Standard Cell Library: sky130_fd_sc_hd
[INFO]: Running Initial Floorplanning (log: designs/toast_top/runs/without_strat_1/logs/floorplan/1-initial_fp.log)...
[ERROR]: during executing openroad script /openlane/scripts/openroad/floorplan.tcl
[ERROR]: Log: designs/toast_top/runs/without_strat_1/logs/floorplan/1-initial_fp.log
[ERROR]: Last 10 lines:
The LEF parser will ignore this statement.
To avoid this warning in the future, remove this statement from the LEF file with version 5.6 or later. See file /openlane/designs/toast_top/runs/without_strat_1/tmp/merged.nom.lef at line 930.

[INFO ODB-0223]     Created 13 technology layers
[INFO ODB-0224]     Created 25 technology vias
[INFO ODB-0225]     Created 441 library cells
[INFO ODB-0226] Finished LEF file:  /openlane/designs/toast_top/runs/without_strat_1/tmp/merged.nom.lef
Reading netlist...
cannot read file 0.
child process exited abnormally

[ERROR]: Creating issue reproducible...
[INFO]: Saving runtime environment...
[ERROR]: Failed to package reproducible.
[INFO]: Saving current set of views in 'designs/toast_top/runs/without_strat_1/results/final'...
[INFO]: Generating final set of reports...
[INFO]: Created manufacturability report at 'designs/toast_top/runs/without_strat_1/reports/manufacturability.rpt'.
[INFO]: Created metrics report at 'designs/toast_top/runs/without_strat_1/reports/metrics.csv'.
[INFO]: Saving runtime environment...
[ERROR]: Flow failed.
