
===========================================================================
report_checks -path_delay max (Setup)
============================================================================
Startpoint: DMEM_rd_data_i[26] (input port clocked by clk_i)
Endpoint: _15427_ (rising edge-triggered flip-flop clocked by clk_i)
Path Group: clk_i
Path Type: max

Fanout     Cap    Slew   Delay    Time   Description
-----------------------------------------------------------------------------
                          0.00    0.00   clock clk_i (rise edge)
                          0.00    0.00   clock network delay (propagated)
                          2.00    2.00 v input external delay
                  0.01    0.01    2.01 v DMEM_rd_data_i[26] (in)
     1    0.01                           DMEM_rd_data_i[26] (net)
                  0.01    0.00    2.01 v input19/A (sky130_fd_sc_hd__clkbuf_2)
                  0.10    0.16    2.16 v input19/X (sky130_fd_sc_hd__clkbuf_2)
     2    0.02                           net19 (net)
                  0.10    0.00    2.17 v _07458_/A1 (sky130_fd_sc_hd__mux2_1)
                  0.07    0.34    2.51 v _07458_/X (sky130_fd_sc_hd__mux2_1)
     2    0.01                           _01824_ (net)
                  0.07    0.00    2.51 v _07459_/B (sky130_fd_sc_hd__and2_1)
                  0.04    0.18    2.69 v _07459_/X (sky130_fd_sc_hd__and2_1)
     1    0.00                           _01825_ (net)
                  0.04    0.00    2.69 v _07462_/A3 (sky130_fd_sc_hd__o41a_4)
                  0.16    0.58    3.26 v _07462_/X (sky130_fd_sc_hd__o41a_4)
    12    0.08                           _01828_ (net)
                  0.16    0.00    3.27 v _12395_/A1 (sky130_fd_sc_hd__a211o_1)
                  0.09    0.36    3.63 v _12395_/X (sky130_fd_sc_hd__a211o_1)
     2    0.01                           _05708_ (net)
                  0.09    0.00    3.63 v _12509_/A2 (sky130_fd_sc_hd__a311oi_4)
                  0.67    0.65    4.29 ^ _12509_/Y (sky130_fd_sc_hd__a311oi_4)
     9    0.05                           _05822_ (net)
                  0.67    0.00    4.29 ^ _12524_/B (sky130_fd_sc_hd__and4_4)
                  0.15    0.46    4.75 ^ _12524_/X (sky130_fd_sc_hd__and4_4)
     8    0.04                           _05837_ (net)
                  0.15    0.00    4.75 ^ _12770_/A2 (sky130_fd_sc_hd__a31o_1)
                  0.09    0.21    4.96 ^ _12770_/X (sky130_fd_sc_hd__a31o_1)
     2    0.01                           _06077_ (net)
                  0.09    0.00    4.96 ^ _12818_/B1 (sky130_fd_sc_hd__o21a_1)
                  0.06    0.15    5.11 ^ _12818_/X (sky130_fd_sc_hd__o21a_1)
     1    0.01                           _06124_ (net)
                  0.06    0.00    5.11 ^ _12819_/B (sky130_fd_sc_hd__xor2_1)
                  0.25    0.26    5.37 ^ _12819_/X (sky130_fd_sc_hd__xor2_1)
     3    0.01                           _06125_ (net)
                  0.25    0.00    5.37 ^ _12820_/B (sky130_fd_sc_hd__xnor2_1)
                  0.09    0.14    5.51 v _12820_/Y (sky130_fd_sc_hd__xnor2_1)
     2    0.01                           _06126_ (net)
                  0.09    0.00    5.51 v _12862_/B (sky130_fd_sc_hd__or2_1)
                  0.07    0.26    5.78 v _12862_/X (sky130_fd_sc_hd__or2_1)
     1    0.01                           _06167_ (net)
                  0.07    0.00    5.78 v _12863_/B1 (sky130_fd_sc_hd__a311oi_4)
                  0.26    0.32    6.10 ^ _12863_/Y (sky130_fd_sc_hd__a311oi_4)
     2    0.01                           _06168_ (net)
                  0.26    0.00    6.10 ^ _12967_/A1 (sky130_fd_sc_hd__o2111ai_2)
                  0.13    0.19    6.29 v _12967_/Y (sky130_fd_sc_hd__o2111ai_2)
     2    0.01                           _06268_ (net)
                  0.13    0.00    6.29 v _13102_/A2 (sky130_fd_sc_hd__a211o_1)
                  0.11    0.41    6.70 v _13102_/X (sky130_fd_sc_hd__a211o_1)
     4    0.02                           _06399_ (net)
                  0.11    0.00    6.70 v _13329_/A2 (sky130_fd_sc_hd__a21o_1)
                  0.06    0.24    6.94 v _13329_/X (sky130_fd_sc_hd__a21o_1)
     2    0.01                           _06618_ (net)
                  0.06    0.00    6.94 v _13397_/A1 (sky130_fd_sc_hd__a211o_1)
                  0.11    0.35    7.29 v _13397_/X (sky130_fd_sc_hd__a211o_1)
     4    0.02                           _06684_ (net)
                  0.11    0.00    7.29 v _13464_/A1 (sky130_fd_sc_hd__a311o_2)
                  0.09    0.41    7.70 v _13464_/X (sky130_fd_sc_hd__a311o_2)
     5    0.02                           _06749_ (net)
                  0.09    0.00    7.70 v _13522_/A2 (sky130_fd_sc_hd__a311oi_2)
                  0.29    0.35    8.04 ^ _13522_/Y (sky130_fd_sc_hd__a311oi_2)
     3    0.01                           _06805_ (net)
                  0.29    0.00    8.04 ^ _13548_/A2 (sky130_fd_sc_hd__o21ai_1)
                  0.06    0.09    8.14 v _13548_/Y (sky130_fd_sc_hd__o21ai_1)
     1    0.00                           _06830_ (net)
                  0.06    0.00    8.14 v _13550_/B (sky130_fd_sc_hd__and3_1)
                  0.04    0.17    8.31 v _13550_/X (sky130_fd_sc_hd__and3_1)
     1    0.00                           _06832_ (net)
                  0.04    0.00    8.31 v _13562_/A1 (sky130_fd_sc_hd__o21a_1)
                  0.03    0.18    8.49 v _13562_/X (sky130_fd_sc_hd__o21a_1)
     1    0.00                           _01090_ (net)
                  0.03    0.00    8.49 v _15427_/D (sky130_fd_sc_hd__dfxtp_4)
                                  8.49   data arrival time

                         10.00   10.00   clock clk_i (rise edge)
                          0.00   10.00   clock source latency
                  0.17    0.11   10.11 ^ clk_i (in)
     1    0.04                           clk_i (net)
                  0.17    0.00   10.11 ^ clkbuf_0_clk_i/A (sky130_fd_sc_hd__clkbuf_16)
                  0.18    0.25   10.36 ^ clkbuf_0_clk_i/X (sky130_fd_sc_hd__clkbuf_16)
    16    0.17                           clknet_0_clk_i (net)
                  0.18    0.01   10.38 ^ clkbuf_4_11_0_clk_i/A (sky130_fd_sc_hd__clkbuf_8)
                  0.15    0.24   10.62 ^ clkbuf_4_11_0_clk_i/X (sky130_fd_sc_hd__clkbuf_8)
     8    0.08                           clknet_4_11_0_clk_i (net)
                  0.15    0.00   10.62 ^ clkbuf_leaf_115_clk_i/A (sky130_fd_sc_hd__clkbuf_16)
                  0.04    0.15   10.77 ^ clkbuf_leaf_115_clk_i/X (sky130_fd_sc_hd__clkbuf_16)
     6    0.02                           clknet_leaf_115_clk_i (net)
                  0.04    0.00   10.77 ^ _15427_/CLK (sky130_fd_sc_hd__dfxtp_4)
                         -0.25   10.52   clock uncertainty
                          0.00   10.52   clock reconvergence pessimism
                         -0.11   10.42   library setup time
                                 10.42   data required time
-----------------------------------------------------------------------------
                                 10.42   data required time
                                 -8.49   data arrival time
-----------------------------------------------------------------------------
                                  1.93   slack (MET)


Startpoint: DMEM_rd_data_i[26] (input port clocked by clk_i)
Endpoint: _15426_ (rising edge-triggered flip-flop clocked by clk_i)
Path Group: clk_i
Path Type: max

Fanout     Cap    Slew   Delay    Time   Description
-----------------------------------------------------------------------------
                          0.00    0.00   clock clk_i (rise edge)
                          0.00    0.00   clock network delay (propagated)
                          2.00    2.00 v input external delay
                  0.01    0.01    2.01 v DMEM_rd_data_i[26] (in)
     1    0.01                           DMEM_rd_data_i[26] (net)
                  0.01    0.00    2.01 v input19/A (sky130_fd_sc_hd__clkbuf_2)
                  0.10    0.16    2.16 v input19/X (sky130_fd_sc_hd__clkbuf_2)
     2    0.02                           net19 (net)
                  0.10    0.00    2.17 v _07458_/A1 (sky130_fd_sc_hd__mux2_1)
                  0.07    0.34    2.51 v _07458_/X (sky130_fd_sc_hd__mux2_1)
     2    0.01                           _01824_ (net)
                  0.07    0.00    2.51 v _07459_/B (sky130_fd_sc_hd__and2_1)
                  0.04    0.18    2.69 v _07459_/X (sky130_fd_sc_hd__and2_1)
     1    0.00                           _01825_ (net)
                  0.04    0.00    2.69 v _07462_/A3 (sky130_fd_sc_hd__o41a_4)
                  0.16    0.58    3.26 v _07462_/X (sky130_fd_sc_hd__o41a_4)
    12    0.08                           _01828_ (net)
                  0.16    0.00    3.27 v _12395_/A1 (sky130_fd_sc_hd__a211o_1)
                  0.09    0.36    3.63 v _12395_/X (sky130_fd_sc_hd__a211o_1)
     2    0.01                           _05708_ (net)
                  0.09    0.00    3.63 v _12509_/A2 (sky130_fd_sc_hd__a311oi_4)
                  0.67    0.65    4.29 ^ _12509_/Y (sky130_fd_sc_hd__a311oi_4)
     9    0.05                           _05822_ (net)
                  0.67    0.00    4.29 ^ _12524_/B (sky130_fd_sc_hd__and4_4)
                  0.15    0.46    4.75 ^ _12524_/X (sky130_fd_sc_hd__and4_4)
     8    0.04                           _05837_ (net)
                  0.15    0.00    4.75 ^ _12770_/A2 (sky130_fd_sc_hd__a31o_1)
                  0.09    0.21    4.96 ^ _12770_/X (sky130_fd_sc_hd__a31o_1)
     2    0.01                           _06077_ (net)
                  0.09    0.00    4.96 ^ _12818_/B1 (sky130_fd_sc_hd__o21a_1)
                  0.06    0.15    5.11 ^ _12818_/X (sky130_fd_sc_hd__o21a_1)
     1    0.01                           _06124_ (net)
                  0.06    0.00    5.11 ^ _12819_/B (sky130_fd_sc_hd__xor2_1)
                  0.25    0.26    5.37 ^ _12819_/X (sky130_fd_sc_hd__xor2_1)
     3    0.01                           _06125_ (net)
                  0.25    0.00    5.37 ^ _12820_/B (sky130_fd_sc_hd__xnor2_1)
                  0.09    0.14    5.51 v _12820_/Y (sky130_fd_sc_hd__xnor2_1)
     2    0.01                           _06126_ (net)
                  0.09    0.00    5.51 v _12862_/B (sky130_fd_sc_hd__or2_1)
                  0.07    0.26    5.78 v _12862_/X (sky130_fd_sc_hd__or2_1)
     1    0.01                           _06167_ (net)
                  0.07    0.00    5.78 v _12863_/B1 (sky130_fd_sc_hd__a311oi_4)
                  0.26    0.32    6.10 ^ _12863_/Y (sky130_fd_sc_hd__a311oi_4)
     2    0.01                           _06168_ (net)
                  0.26    0.00    6.10 ^ _12967_/A1 (sky130_fd_sc_hd__o2111ai_2)
                  0.13    0.19    6.29 v _12967_/Y (sky130_fd_sc_hd__o2111ai_2)
     2    0.01                           _06268_ (net)
                  0.13    0.00    6.29 v _13102_/A2 (sky130_fd_sc_hd__a211o_1)
                  0.11    0.41    6.70 v _13102_/X (sky130_fd_sc_hd__a211o_1)
     4    0.02                           _06399_ (net)
                  0.11    0.00    6.70 v _13329_/A2 (sky130_fd_sc_hd__a21o_1)
                  0.06    0.24    6.94 v _13329_/X (sky130_fd_sc_hd__a21o_1)
     2    0.01                           _06618_ (net)
                  0.06    0.00    6.94 v _13397_/A1 (sky130_fd_sc_hd__a211o_1)
                  0.11    0.35    7.29 v _13397_/X (sky130_fd_sc_hd__a211o_1)
     4    0.02                           _06684_ (net)
                  0.11    0.00    7.29 v _13464_/A1 (sky130_fd_sc_hd__a311o_2)
                  0.09    0.41    7.70 v _13464_/X (sky130_fd_sc_hd__a311o_2)
     5    0.02                           _06749_ (net)
                  0.09    0.00    7.70 v _13522_/A2 (sky130_fd_sc_hd__a311oi_2)
                  0.29    0.35    8.04 ^ _13522_/Y (sky130_fd_sc_hd__a311oi_2)
     3    0.01                           _06805_ (net)
                  0.29    0.00    8.04 ^ _13525_/A (sky130_fd_sc_hd__nor2_1)
                  0.07    0.10    8.14 v _13525_/Y (sky130_fd_sc_hd__nor2_1)
     1    0.00                           _06808_ (net)
                  0.07    0.00    8.14 v _13538_/A1 (sky130_fd_sc_hd__o31a_1)
                  0.04    0.31    8.45 v _13538_/X (sky130_fd_sc_hd__o31a_1)
     1    0.00                           _01089_ (net)
                  0.04    0.00    8.45 v _15426_/D (sky130_fd_sc_hd__dfxtp_1)
                                  8.45   data arrival time

                         10.00   10.00   clock clk_i (rise edge)
                          0.00   10.00   clock source latency
                  0.17    0.11   10.11 ^ clk_i (in)
     1    0.04                           clk_i (net)
                  0.17    0.00   10.11 ^ clkbuf_0_clk_i/A (sky130_fd_sc_hd__clkbuf_16)
                  0.18    0.25   10.36 ^ clkbuf_0_clk_i/X (sky130_fd_sc_hd__clkbuf_16)
    16    0.17                           clknet_0_clk_i (net)
                  0.18    0.01   10.38 ^ clkbuf_4_11_0_clk_i/A (sky130_fd_sc_hd__clkbuf_8)
                  0.15    0.24   10.62 ^ clkbuf_4_11_0_clk_i/X (sky130_fd_sc_hd__clkbuf_8)
     8    0.08                           clknet_4_11_0_clk_i (net)
                  0.15    0.00   10.62 ^ clkbuf_leaf_115_clk_i/A (sky130_fd_sc_hd__clkbuf_16)
                  0.04    0.15   10.77 ^ clkbuf_leaf_115_clk_i/X (sky130_fd_sc_hd__clkbuf_16)
     6    0.02                           clknet_leaf_115_clk_i (net)
                  0.04    0.00   10.77 ^ _15426_/CLK (sky130_fd_sc_hd__dfxtp_1)
                         -0.25   10.52   clock uncertainty
                          0.00   10.52   clock reconvergence pessimism
                         -0.11   10.41   library setup time
                                 10.41   data required time
-----------------------------------------------------------------------------
                                 10.41   data required time
                                 -8.45   data arrival time
-----------------------------------------------------------------------------
                                  1.97   slack (MET)


Startpoint: DMEM_rd_data_i[26] (input port clocked by clk_i)
Endpoint: _15423_ (rising edge-triggered flip-flop clocked by clk_i)
Path Group: clk_i
Path Type: max

Fanout     Cap    Slew   Delay    Time   Description
-----------------------------------------------------------------------------
                          0.00    0.00   clock clk_i (rise edge)
                          0.00    0.00   clock network delay (propagated)
                          2.00    2.00 v input external delay
                  0.01    0.01    2.01 v DMEM_rd_data_i[26] (in)
     1    0.01                           DMEM_rd_data_i[26] (net)
                  0.01    0.00    2.01 v input19/A (sky130_fd_sc_hd__clkbuf_2)
                  0.10    0.16    2.16 v input19/X (sky130_fd_sc_hd__clkbuf_2)
     2    0.02                           net19 (net)
                  0.10    0.00    2.17 v _07458_/A1 (sky130_fd_sc_hd__mux2_1)
                  0.07    0.34    2.51 v _07458_/X (sky130_fd_sc_hd__mux2_1)
     2    0.01                           _01824_ (net)
                  0.07    0.00    2.51 v _07459_/B (sky130_fd_sc_hd__and2_1)
                  0.04    0.18    2.69 v _07459_/X (sky130_fd_sc_hd__and2_1)
     1    0.00                           _01825_ (net)
                  0.04    0.00    2.69 v _07462_/A3 (sky130_fd_sc_hd__o41a_4)
                  0.16    0.58    3.26 v _07462_/X (sky130_fd_sc_hd__o41a_4)
    12    0.08                           _01828_ (net)
                  0.16    0.00    3.27 v _12395_/A1 (sky130_fd_sc_hd__a211o_1)
                  0.09    0.36    3.63 v _12395_/X (sky130_fd_sc_hd__a211o_1)
     2    0.01                           _05708_ (net)
                  0.09    0.00    3.63 v _12509_/A2 (sky130_fd_sc_hd__a311oi_4)
                  0.67    0.65    4.29 ^ _12509_/Y (sky130_fd_sc_hd__a311oi_4)
     9    0.05                           _05822_ (net)
                  0.67    0.00    4.29 ^ _12524_/B (sky130_fd_sc_hd__and4_4)
                  0.15    0.46    4.75 ^ _12524_/X (sky130_fd_sc_hd__and4_4)
     8    0.04                           _05837_ (net)
                  0.15    0.00    4.75 ^ _12770_/A2 (sky130_fd_sc_hd__a31o_1)
                  0.09    0.21    4.96 ^ _12770_/X (sky130_fd_sc_hd__a31o_1)
     2    0.01                           _06077_ (net)
                  0.09    0.00    4.96 ^ _12818_/B1 (sky130_fd_sc_hd__o21a_1)
                  0.06    0.15    5.11 ^ _12818_/X (sky130_fd_sc_hd__o21a_1)
     1    0.01                           _06124_ (net)
                  0.06    0.00    5.11 ^ _12819_/B (sky130_fd_sc_hd__xor2_1)
                  0.25    0.26    5.37 ^ _12819_/X (sky130_fd_sc_hd__xor2_1)
     3    0.01                           _06125_ (net)
                  0.25    0.00    5.37 ^ _12820_/B (sky130_fd_sc_hd__xnor2_1)
                  0.09    0.14    5.51 v _12820_/Y (sky130_fd_sc_hd__xnor2_1)
     2    0.01                           _06126_ (net)
                  0.09    0.00    5.51 v _12862_/B (sky130_fd_sc_hd__or2_1)
                  0.07    0.26    5.78 v _12862_/X (sky130_fd_sc_hd__or2_1)
     1    0.01                           _06167_ (net)
                  0.07    0.00    5.78 v _12863_/B1 (sky130_fd_sc_hd__a311oi_4)
                  0.26    0.32    6.10 ^ _12863_/Y (sky130_fd_sc_hd__a311oi_4)
     2    0.01                           _06168_ (net)
                  0.26    0.00    6.10 ^ _12967_/A1 (sky130_fd_sc_hd__o2111ai_2)
                  0.13    0.19    6.29 v _12967_/Y (sky130_fd_sc_hd__o2111ai_2)
     2    0.01                           _06268_ (net)
                  0.13    0.00    6.29 v _13102_/A2 (sky130_fd_sc_hd__a211o_1)
                  0.11    0.41    6.70 v _13102_/X (sky130_fd_sc_hd__a211o_1)
     4    0.02                           _06399_ (net)
                  0.11    0.00    6.70 v _13329_/A2 (sky130_fd_sc_hd__a21o_1)
                  0.06    0.24    6.94 v _13329_/X (sky130_fd_sc_hd__a21o_1)
     2    0.01                           _06618_ (net)
                  0.06    0.00    6.94 v _13397_/A1 (sky130_fd_sc_hd__a211o_1)
                  0.11    0.35    7.29 v _13397_/X (sky130_fd_sc_hd__a211o_1)
     4    0.02                           _06684_ (net)
                  0.11    0.00    7.29 v _13413_/A1 (sky130_fd_sc_hd__a21o_1)
                  0.06    0.22    7.50 v _13413_/X (sky130_fd_sc_hd__a21o_1)
     3    0.01                           _06700_ (net)
                  0.06    0.00    7.50 v _13441_/A2 (sky130_fd_sc_hd__a211o_1)
                  0.05    0.31    7.81 v _13441_/X (sky130_fd_sc_hd__a211o_1)
     1    0.00                           _06727_ (net)
                  0.05    0.00    7.81 v _13449_/A3 (sky130_fd_sc_hd__a31o_1)
                  0.05    0.24    8.05 v _13449_/X (sky130_fd_sc_hd__a31o_1)
     1    0.01                           _06735_ (net)
                  0.05    0.00    8.05 v _13450_/A3 (sky130_fd_sc_hd__o31a_1)
                  0.05    0.24    8.29 v _13450_/X (sky130_fd_sc_hd__o31a_1)
     1    0.00                           _01086_ (net)
                  0.05    0.00    8.29 v _15423_/D (sky130_fd_sc_hd__dfxtp_2)
                                  8.29   data arrival time

                         10.00   10.00   clock clk_i (rise edge)
                          0.00   10.00   clock source latency
                  0.17    0.11   10.11 ^ clk_i (in)
     1    0.04                           clk_i (net)
                  0.17    0.00   10.11 ^ clkbuf_0_clk_i/A (sky130_fd_sc_hd__clkbuf_16)
                  0.18    0.25   10.36 ^ clkbuf_0_clk_i/X (sky130_fd_sc_hd__clkbuf_16)
    16    0.17                           clknet_0_clk_i (net)
                  0.18    0.01   10.38 ^ clkbuf_4_11_0_clk_i/A (sky130_fd_sc_hd__clkbuf_8)
                  0.15    0.24   10.62 ^ clkbuf_4_11_0_clk_i/X (sky130_fd_sc_hd__clkbuf_8)
     8    0.08                           clknet_4_11_0_clk_i (net)
                  0.15    0.00   10.62 ^ clkbuf_leaf_114_clk_i/A (sky130_fd_sc_hd__clkbuf_16)
                  0.03    0.14   10.77 ^ clkbuf_leaf_114_clk_i/X (sky130_fd_sc_hd__clkbuf_16)
     2    0.01                           clknet_leaf_114_clk_i (net)
                  0.03    0.00   10.77 ^ _15423_/CLK (sky130_fd_sc_hd__dfxtp_2)
                         -0.25   10.52   clock uncertainty
                          0.00   10.52   clock reconvergence pessimism
                         -0.12   10.40   library setup time
                                 10.40   data required time
-----------------------------------------------------------------------------
                                 10.40   data required time
                                 -8.29   data arrival time
-----------------------------------------------------------------------------
                                  2.10   slack (MET)


Startpoint: DMEM_rd_data_i[26] (input port clocked by clk_i)
Endpoint: _15425_ (rising edge-triggered flip-flop clocked by clk_i)
Path Group: clk_i
Path Type: max

Fanout     Cap    Slew   Delay    Time   Description
-----------------------------------------------------------------------------
                          0.00    0.00   clock clk_i (rise edge)
                          0.00    0.00   clock network delay (propagated)
                          2.00    2.00 v input external delay
                  0.01    0.01    2.01 v DMEM_rd_data_i[26] (in)
     1    0.01                           DMEM_rd_data_i[26] (net)
                  0.01    0.00    2.01 v input19/A (sky130_fd_sc_hd__clkbuf_2)
                  0.10    0.16    2.16 v input19/X (sky130_fd_sc_hd__clkbuf_2)
     2    0.02                           net19 (net)
                  0.10    0.00    2.17 v _07458_/A1 (sky130_fd_sc_hd__mux2_1)
                  0.07    0.34    2.51 v _07458_/X (sky130_fd_sc_hd__mux2_1)
     2    0.01                           _01824_ (net)
                  0.07    0.00    2.51 v _07459_/B (sky130_fd_sc_hd__and2_1)
                  0.04    0.18    2.69 v _07459_/X (sky130_fd_sc_hd__and2_1)
     1    0.00                           _01825_ (net)
                  0.04    0.00    2.69 v _07462_/A3 (sky130_fd_sc_hd__o41a_4)
                  0.16    0.58    3.26 v _07462_/X (sky130_fd_sc_hd__o41a_4)
    12    0.08                           _01828_ (net)
                  0.16    0.00    3.27 v _12395_/A1 (sky130_fd_sc_hd__a211o_1)
                  0.09    0.36    3.63 v _12395_/X (sky130_fd_sc_hd__a211o_1)
     2    0.01                           _05708_ (net)
                  0.09    0.00    3.63 v _12509_/A2 (sky130_fd_sc_hd__a311oi_4)
                  0.67    0.65    4.29 ^ _12509_/Y (sky130_fd_sc_hd__a311oi_4)
     9    0.05                           _05822_ (net)
                  0.67    0.00    4.29 ^ _12524_/B (sky130_fd_sc_hd__and4_4)
                  0.15    0.46    4.75 ^ _12524_/X (sky130_fd_sc_hd__and4_4)
     8    0.04                           _05837_ (net)
                  0.15    0.00    4.75 ^ _12770_/A2 (sky130_fd_sc_hd__a31o_1)
                  0.09    0.21    4.96 ^ _12770_/X (sky130_fd_sc_hd__a31o_1)
     2    0.01                           _06077_ (net)
                  0.09    0.00    4.96 ^ _12818_/B1 (sky130_fd_sc_hd__o21a_1)
                  0.06    0.15    5.11 ^ _12818_/X (sky130_fd_sc_hd__o21a_1)
     1    0.01                           _06124_ (net)
                  0.06    0.00    5.11 ^ _12819_/B (sky130_fd_sc_hd__xor2_1)
                  0.25    0.26    5.37 ^ _12819_/X (sky130_fd_sc_hd__xor2_1)
     3    0.01                           _06125_ (net)
                  0.25    0.00    5.37 ^ _12820_/B (sky130_fd_sc_hd__xnor2_1)
                  0.09    0.14    5.51 v _12820_/Y (sky130_fd_sc_hd__xnor2_1)
     2    0.01                           _06126_ (net)
                  0.09    0.00    5.51 v _12862_/B (sky130_fd_sc_hd__or2_1)
                  0.07    0.26    5.78 v _12862_/X (sky130_fd_sc_hd__or2_1)
     1    0.01                           _06167_ (net)
                  0.07    0.00    5.78 v _12863_/B1 (sky130_fd_sc_hd__a311oi_4)
                  0.26    0.32    6.10 ^ _12863_/Y (sky130_fd_sc_hd__a311oi_4)
     2    0.01                           _06168_ (net)
                  0.26    0.00    6.10 ^ _12967_/A1 (sky130_fd_sc_hd__o2111ai_2)
                  0.13    0.19    6.29 v _12967_/Y (sky130_fd_sc_hd__o2111ai_2)
     2    0.01                           _06268_ (net)
                  0.13    0.00    6.29 v _13102_/A2 (sky130_fd_sc_hd__a211o_1)
                  0.11    0.41    6.70 v _13102_/X (sky130_fd_sc_hd__a211o_1)
     4    0.02                           _06399_ (net)
                  0.11    0.00    6.70 v _13329_/A2 (sky130_fd_sc_hd__a21o_1)
                  0.06    0.24    6.94 v _13329_/X (sky130_fd_sc_hd__a21o_1)
     2    0.01                           _06618_ (net)
                  0.06    0.00    6.94 v _13397_/A1 (sky130_fd_sc_hd__a211o_1)
                  0.11    0.35    7.29 v _13397_/X (sky130_fd_sc_hd__a211o_1)
     4    0.02                           _06684_ (net)
                  0.11    0.00    7.29 v _13464_/A1 (sky130_fd_sc_hd__a311o_2)
                  0.09    0.41    7.70 v _13464_/X (sky130_fd_sc_hd__a311o_2)
     5    0.02                           _06749_ (net)
                  0.09    0.00    7.70 v _13493_/A2 (sky130_fd_sc_hd__a21oi_1)
                  0.14    0.19    7.89 ^ _13493_/Y (sky130_fd_sc_hd__a21oi_1)
     1    0.00                           _06777_ (net)
                  0.14    0.00    7.89 ^ _13495_/A (sky130_fd_sc_hd__nor2_1)
                  0.05    0.08    7.97 v _13495_/Y (sky130_fd_sc_hd__nor2_1)
     1    0.00                           _06779_ (net)
                  0.05    0.00    7.97 v _13510_/A1 (sky130_fd_sc_hd__o31a_1)
                  0.05    0.31    8.28 v _13510_/X (sky130_fd_sc_hd__o31a_1)
     1    0.00                           _01088_ (net)
                  0.05    0.00    8.28 v _15425_/D (sky130_fd_sc_hd__dfxtp_1)
                                  8.28   data arrival time

                         10.00   10.00   clock clk_i (rise edge)
                          0.00   10.00   clock source latency
                  0.17    0.11   10.11 ^ clk_i (in)
     1    0.04                           clk_i (net)
                  0.17    0.00   10.11 ^ clkbuf_0_clk_i/A (sky130_fd_sc_hd__clkbuf_16)
                  0.18    0.25   10.36 ^ clkbuf_0_clk_i/X (sky130_fd_sc_hd__clkbuf_16)
    16    0.17                           clknet_0_clk_i (net)
                  0.18    0.01   10.38 ^ clkbuf_4_11_0_clk_i/A (sky130_fd_sc_hd__clkbuf_8)
                  0.15    0.24   10.62 ^ clkbuf_4_11_0_clk_i/X (sky130_fd_sc_hd__clkbuf_8)
     8    0.08                           clknet_4_11_0_clk_i (net)
                  0.15    0.00   10.62 ^ clkbuf_leaf_115_clk_i/A (sky130_fd_sc_hd__clkbuf_16)
                  0.04    0.15   10.77 ^ clkbuf_leaf_115_clk_i/X (sky130_fd_sc_hd__clkbuf_16)
     6    0.02                           clknet_leaf_115_clk_i (net)
                  0.04    0.00   10.77 ^ _15425_/CLK (sky130_fd_sc_hd__dfxtp_1)
                         -0.25   10.52   clock uncertainty
                          0.00   10.52   clock reconvergence pessimism
                         -0.12   10.41   library setup time
                                 10.41   data required time
-----------------------------------------------------------------------------
                                 10.41   data required time
                                 -8.28   data arrival time
-----------------------------------------------------------------------------
                                  2.13   slack (MET)


Startpoint: IMEM_data_i[18] (input port clocked by clk_i)
Endpoint: _15242_ (rising edge-triggered flip-flop clocked by clk_i)
Path Group: clk_i
Path Type: max

Fanout     Cap    Slew   Delay    Time   Description
-----------------------------------------------------------------------------
                          0.00    0.00   clock clk_i (rise edge)
                          0.00    0.00   clock network delay (propagated)
                          2.00    2.00 ^ input external delay
                  0.03    0.02    2.02 ^ IMEM_data_i[18] (in)
     1    0.01                           IMEM_data_i[18] (net)
                  0.03    0.00    2.02 ^ input42/A (sky130_fd_sc_hd__clkbuf_2)
                  0.12    0.16    2.18 ^ input42/X (sky130_fd_sc_hd__clkbuf_2)
     2    0.02                           net42 (net)
                  0.12    0.00    2.18 ^ _07164_/D_N (sky130_fd_sc_hd__or4b_4)
                  0.12    0.57    2.75 v _07164_/X (sky130_fd_sc_hd__or4b_4)
     5    0.03                           _01573_ (net)
                  0.12    0.00    2.75 v _07172_/B1 (sky130_fd_sc_hd__a32o_1)
                  0.04    0.24    2.99 v _07172_/X (sky130_fd_sc_hd__a32o_1)
     1    0.00                           _01581_ (net)
                  0.04    0.00    2.99 v _07173_/C1 (sky130_fd_sc_hd__a211o_1)
                  0.05    0.23    3.22 v _07173_/X (sky130_fd_sc_hd__a211o_1)
     1    0.00                           _01582_ (net)
                  0.05    0.00    3.22 v _07175_/C (sky130_fd_sc_hd__or4_2)
                  0.14    0.70    3.93 v _07175_/X (sky130_fd_sc_hd__or4_2)
     1    0.01                           _01584_ (net)
                  0.14    0.00    3.93 v _07198_/A1 (sky130_fd_sc_hd__a21boi_4)
                  0.41    0.42    4.35 ^ _07198_/Y (sky130_fd_sc_hd__a21boi_4)
    13    0.06                           _01607_ (net)
                  0.41    0.01    4.35 ^ _07227_/A (sky130_fd_sc_hd__and2_1)
                  0.06    0.21    4.56 ^ _07227_/X (sky130_fd_sc_hd__and2_1)
     1    0.00                           _01633_ (net)
                  0.06    0.00    4.56 ^ _07228_/A (sky130_fd_sc_hd__buf_4)
                  0.16    0.21    4.77 ^ _07228_/X (sky130_fd_sc_hd__buf_4)
    15    0.05                           _01634_ (net)
                  0.16    0.00    4.78 ^ _07229_/A (sky130_fd_sc_hd__buf_6)
                  0.17    0.24    5.01 ^ _07229_/X (sky130_fd_sc_hd__buf_6)
    25    0.08                           _01635_ (net)
                  0.17    0.00    5.01 ^ _07821_/B (sky130_fd_sc_hd__or2_1)
                  0.10    0.17    5.19 ^ _07821_/X (sky130_fd_sc_hd__or2_1)
     3    0.01                           _02174_ (net)
                  0.10    0.00    5.19 ^ _07822_/B (sky130_fd_sc_hd__nand2_1)
                  0.08    0.11    5.29 v _07822_/Y (sky130_fd_sc_hd__nand2_1)
     2    0.01                           _02175_ (net)
                  0.08    0.00    5.29 v _07887_/B (sky130_fd_sc_hd__nor4_2)
                  0.42    0.45    5.75 ^ _07887_/Y (sky130_fd_sc_hd__nor4_2)
     2    0.01                           _02237_ (net)
                  0.42    0.00    5.75 ^ _07892_/A4 (sky130_fd_sc_hd__a41oi_4)
                  0.13    0.19    5.94 v _07892_/Y (sky130_fd_sc_hd__a41oi_4)
     4    0.01                           _02242_ (net)
                  0.13    0.00    5.94 v _07896_/A (sky130_fd_sc_hd__nor2_1)
                  0.15    0.20    6.13 ^ _07896_/Y (sky130_fd_sc_hd__nor2_1)
     3    0.01                           _02246_ (net)
                  0.15    0.00    6.13 ^ _08080_/A (sky130_fd_sc_hd__and4_1)
                  0.10    0.25    6.38 ^ _08080_/X (sky130_fd_sc_hd__and4_1)
     1    0.01                           _02422_ (net)
                  0.10    0.00    6.38 ^ _08083_/A1 (sky130_fd_sc_hd__a211oi_2)
                  0.11    0.11    6.49 v _08083_/Y (sky130_fd_sc_hd__a211oi_2)
     2    0.01                           _02425_ (net)
                  0.11    0.00    6.49 v _08085_/B (sky130_fd_sc_hd__or2_1)
                  0.11    0.31    6.80 v _08085_/X (sky130_fd_sc_hd__or2_1)
     5    0.02                           _02427_ (net)
                  0.11    0.00    6.80 v _08174_/A1 (sky130_fd_sc_hd__o41a_1)
                  0.09    0.50    7.30 v _08174_/X (sky130_fd_sc_hd__o41a_1)
     3    0.01                           _02512_ (net)
                  0.09    0.00    7.30 v _08192_/A2 (sky130_fd_sc_hd__o21ai_1)
                  0.19    0.21    7.52 ^ _08192_/Y (sky130_fd_sc_hd__o21ai_1)
     2    0.01                           _02529_ (net)
                  0.19    0.00    7.52 ^ _08193_/B1 (sky130_fd_sc_hd__o21ai_1)
                  0.07    0.11    7.62 v _08193_/Y (sky130_fd_sc_hd__o21ai_1)
     1    0.00                           _02530_ (net)
                  0.07    0.00    7.62 v _08194_/B1 (sky130_fd_sc_hd__o311a_1)
                  0.06    0.14    7.77 v _08194_/X (sky130_fd_sc_hd__o311a_1)
     1    0.00                           _02531_ (net)
                  0.06    0.00    7.77 v _08195_/B1 (sky130_fd_sc_hd__a211o_1)
                  0.05    0.29    8.05 v _08195_/X (sky130_fd_sc_hd__a211o_1)
     1    0.00                           _02532_ (net)
                  0.05    0.00    8.05 v _08197_/A3 (sky130_fd_sc_hd__a31o_1)
                  0.04    0.22    8.28 v _08197_/X (sky130_fd_sc_hd__a31o_1)
     1    0.00                           _00033_ (net)
                  0.04    0.00    8.28 v _15242_/D (sky130_fd_sc_hd__dfxtp_2)
                                  8.28   data arrival time

                         10.00   10.00   clock clk_i (rise edge)
                          0.00   10.00   clock source latency
                  0.17    0.11   10.11 ^ clk_i (in)
     1    0.04                           clk_i (net)
                  0.17    0.00   10.11 ^ clkbuf_0_clk_i/A (sky130_fd_sc_hd__clkbuf_16)
                  0.18    0.25   10.36 ^ clkbuf_0_clk_i/X (sky130_fd_sc_hd__clkbuf_16)
    16    0.17                           clknet_0_clk_i (net)
                  0.18    0.01   10.38 ^ clkbuf_4_10_0_clk_i/A (sky130_fd_sc_hd__clkbuf_8)
                  0.24    0.30   10.68 ^ clkbuf_4_10_0_clk_i/X (sky130_fd_sc_hd__clkbuf_8)
    13    0.14                           clknet_4_10_0_clk_i (net)
                  0.24    0.00   10.69 ^ clkbuf_leaf_123_clk_i/A (sky130_fd_sc_hd__clkbuf_16)
                  0.05    0.18   10.87 ^ clkbuf_leaf_123_clk_i/X (sky130_fd_sc_hd__clkbuf_16)
     7    0.02                           clknet_leaf_123_clk_i (net)
                  0.05    0.00   10.87 ^ _15242_/CLK (sky130_fd_sc_hd__dfxtp_2)
                         -0.25   10.62   clock uncertainty
                          0.00   10.62   clock reconvergence pessimism
                         -0.11   10.51   library setup time
                                 10.51   data required time
-----------------------------------------------------------------------------
                                 10.51   data required time
                                 -8.28   data arrival time
-----------------------------------------------------------------------------
                                  2.23   slack (MET)


