OpenROAD c295b08a99aacb6147b9c51104627e78ac3859e3 
This program is licensed under the BSD-3 license. See the LICENSE file for details.
Components of this program may be licensed under more restrictive licenses which must be honored.
[INFO]: Reading ODB at '/openlane/designs/toast_top/runs/delay_four/results/routing/toast_top.odb'...
min_report

===========================================================================
report_checks -path_delay min (Hold)
============================================================================
Startpoint: _13883_ (rising edge-triggered flip-flop clocked by clk_i)
Endpoint: _13883_ (rising edge-triggered flip-flop clocked by clk_i)
Path Group: clk_i
Path Type: min

Fanout     Cap    Slew   Delay    Time   Description
-----------------------------------------------------------------------------
                          0.00    0.00   clock clk_i (rise edge)
                          0.00    0.00   clock source latency
                  0.33    0.22    0.22 ^ clk_i (in)
     1    0.07                           clk_i (net)
                  0.33    0.00    0.22 ^ clkbuf_0_clk_i/A (sky130_fd_sc_hd__clkbuf_16)
                  0.28    0.36    0.57 ^ clkbuf_0_clk_i/X (sky130_fd_sc_hd__clkbuf_16)
    16    0.27                           clknet_0_clk_i (net)
                  0.28    0.02    0.59 ^ clkbuf_4_2_0_clk_i/A (sky130_fd_sc_hd__clkbuf_8)
                  0.29    0.36    0.95 ^ clkbuf_4_2_0_clk_i/X (sky130_fd_sc_hd__clkbuf_8)
    13    0.17                           clknet_4_2_0_clk_i (net)
                  0.29    0.01    0.96 ^ clkbuf_leaf_154_clk_i/A (sky130_fd_sc_hd__clkbuf_16)
                  0.06    0.20    1.16 ^ clkbuf_leaf_154_clk_i/X (sky130_fd_sc_hd__clkbuf_16)
    10    0.03                           clknet_leaf_154_clk_i (net)
                  0.06    0.00    1.17 ^ _13883_/CLK (sky130_fd_sc_hd__dfxtp_1)
                  0.07    0.31    1.48 ^ _13883_/Q (sky130_fd_sc_hd__dfxtp_1)
     2    0.01                           ex_stage_i.EX_pc_dest_o[13] (net)
                  0.07    0.00    1.48 ^ _08380_/B2 (sky130_fd_sc_hd__a32o_1)
                  0.05    0.11    1.59 ^ _08380_/X (sky130_fd_sc_hd__a32o_1)
     1    0.00                           _00246_ (net)
                  0.05    0.00    1.59 ^ _13883_/D (sky130_fd_sc_hd__dfxtp_1)
                                  1.59   data arrival time

                          0.00    0.00   clock clk_i (rise edge)
                          0.00    0.00   clock source latency
                  0.33    0.24    0.24 ^ clk_i (in)
     1    0.07                           clk_i (net)
                  0.33    0.00    0.24 ^ clkbuf_0_clk_i/A (sky130_fd_sc_hd__clkbuf_16)
                  0.28    0.40    0.64 ^ clkbuf_0_clk_i/X (sky130_fd_sc_hd__clkbuf_16)
    16    0.27                           clknet_0_clk_i (net)
                  0.28    0.02    0.65 ^ clkbuf_4_2_0_clk_i/A (sky130_fd_sc_hd__clkbuf_8)
                  0.29    0.40    1.05 ^ clkbuf_4_2_0_clk_i/X (sky130_fd_sc_hd__clkbuf_8)
    13    0.17                           clknet_4_2_0_clk_i (net)
                  0.29    0.01    1.06 ^ clkbuf_leaf_154_clk_i/A (sky130_fd_sc_hd__clkbuf_16)
                  0.06    0.23    1.29 ^ clkbuf_leaf_154_clk_i/X (sky130_fd_sc_hd__clkbuf_16)
    10    0.03                           clknet_leaf_154_clk_i (net)
                  0.06    0.00    1.29 ^ _13883_/CLK (sky130_fd_sc_hd__dfxtp_1)
                          0.25    1.54   clock uncertainty
                         -0.12    1.42   clock reconvergence pessimism
                         -0.03    1.39   library hold time
                                  1.39   data required time
-----------------------------------------------------------------------------
                                  1.39   data required time
                                 -1.59   data arrival time
-----------------------------------------------------------------------------
                                  0.20   slack (MET)


Startpoint: _13874_ (rising edge-triggered flip-flop clocked by clk_i)
Endpoint: _13874_ (rising edge-triggered flip-flop clocked by clk_i)
Path Group: clk_i
Path Type: min

Fanout     Cap    Slew   Delay    Time   Description
-----------------------------------------------------------------------------
                          0.00    0.00   clock clk_i (rise edge)
                          0.00    0.00   clock source latency
                  0.33    0.22    0.22 ^ clk_i (in)
     1    0.07                           clk_i (net)
                  0.33    0.00    0.22 ^ clkbuf_0_clk_i/A (sky130_fd_sc_hd__clkbuf_16)
                  0.28    0.36    0.57 ^ clkbuf_0_clk_i/X (sky130_fd_sc_hd__clkbuf_16)
    16    0.27                           clknet_0_clk_i (net)
                  0.28    0.01    0.59 ^ clkbuf_4_8_0_clk_i/A (sky130_fd_sc_hd__clkbuf_8)
                  0.25    0.33    0.92 ^ clkbuf_4_8_0_clk_i/X (sky130_fd_sc_hd__clkbuf_8)
    11    0.15                           clknet_4_8_0_clk_i (net)
                  0.25    0.01    0.94 ^ clkbuf_leaf_134_clk_i/A (sky130_fd_sc_hd__clkbuf_16)
                  0.06    0.20    1.14 ^ clkbuf_leaf_134_clk_i/X (sky130_fd_sc_hd__clkbuf_16)
    12    0.04                           clknet_leaf_134_clk_i (net)
                  0.06    0.00    1.14 ^ _13874_/CLK (sky130_fd_sc_hd__dfxtp_1)
                  0.07    0.31    1.45 ^ _13874_/Q (sky130_fd_sc_hd__dfxtp_1)
     2    0.01                           ex_stage_i.EX_pc_dest_o[4] (net)
                  0.07    0.00    1.45 ^ _08368_/B2 (sky130_fd_sc_hd__a32o_1)
                  0.05    0.11    1.56 ^ _08368_/X (sky130_fd_sc_hd__a32o_1)
     1    0.00                           _00237_ (net)
                  0.05    0.00    1.56 ^ _13874_/D (sky130_fd_sc_hd__dfxtp_1)
                                  1.56   data arrival time

                          0.00    0.00   clock clk_i (rise edge)
                          0.00    0.00   clock source latency
                  0.33    0.24    0.24 ^ clk_i (in)
     1    0.07                           clk_i (net)
                  0.33    0.00    0.24 ^ clkbuf_0_clk_i/A (sky130_fd_sc_hd__clkbuf_16)
                  0.28    0.40    0.64 ^ clkbuf_0_clk_i/X (sky130_fd_sc_hd__clkbuf_16)
    16    0.27                           clknet_0_clk_i (net)
                  0.28    0.02    0.65 ^ clkbuf_4_8_0_clk_i/A (sky130_fd_sc_hd__clkbuf_8)
                  0.25    0.37    1.02 ^ clkbuf_4_8_0_clk_i/X (sky130_fd_sc_hd__clkbuf_8)
    11    0.15                           clknet_4_8_0_clk_i (net)
                  0.25    0.01    1.03 ^ clkbuf_leaf_134_clk_i/A (sky130_fd_sc_hd__clkbuf_16)
                  0.06    0.22    1.26 ^ clkbuf_leaf_134_clk_i/X (sky130_fd_sc_hd__clkbuf_16)
    12    0.04                           clknet_leaf_134_clk_i (net)
                  0.06    0.00    1.26 ^ _13874_/CLK (sky130_fd_sc_hd__dfxtp_1)
                          0.25    1.51   clock uncertainty
                         -0.12    1.39   clock reconvergence pessimism
                         -0.03    1.36   library hold time
                                  1.36   data required time
-----------------------------------------------------------------------------
                                  1.36   data required time
                                 -1.56   data arrival time
-----------------------------------------------------------------------------
                                  0.21   slack (MET)


Startpoint: _13884_ (rising edge-triggered flip-flop clocked by clk_i)
Endpoint: _13884_ (rising edge-triggered flip-flop clocked by clk_i)
Path Group: clk_i
Path Type: min

Fanout     Cap    Slew   Delay    Time   Description
-----------------------------------------------------------------------------
                          0.00    0.00   clock clk_i (rise edge)
                          0.00    0.00   clock source latency
                  0.33    0.22    0.22 ^ clk_i (in)
     1    0.07                           clk_i (net)
                  0.33    0.00    0.22 ^ clkbuf_0_clk_i/A (sky130_fd_sc_hd__clkbuf_16)
                  0.28    0.36    0.57 ^ clkbuf_0_clk_i/X (sky130_fd_sc_hd__clkbuf_16)
    16    0.27                           clknet_0_clk_i (net)
                  0.28    0.02    0.59 ^ clkbuf_4_2_0_clk_i/A (sky130_fd_sc_hd__clkbuf_8)
                  0.29    0.36    0.95 ^ clkbuf_4_2_0_clk_i/X (sky130_fd_sc_hd__clkbuf_8)
    13    0.17                           clknet_4_2_0_clk_i (net)
                  0.29    0.01    0.96 ^ clkbuf_leaf_156_clk_i/A (sky130_fd_sc_hd__clkbuf_16)
                  0.05    0.19    1.16 ^ clkbuf_leaf_156_clk_i/X (sky130_fd_sc_hd__clkbuf_16)
     7    0.02                           clknet_leaf_156_clk_i (net)
                  0.05    0.00    1.16 ^ _13884_/CLK (sky130_fd_sc_hd__dfxtp_1)
                  0.07    0.31    1.46 ^ _13884_/Q (sky130_fd_sc_hd__dfxtp_1)
     2    0.01                           ex_stage_i.EX_pc_dest_o[14] (net)
                  0.07    0.00    1.46 ^ _08381_/B2 (sky130_fd_sc_hd__a32o_1)
                  0.05    0.12    1.59 ^ _08381_/X (sky130_fd_sc_hd__a32o_1)
     1    0.00                           _00247_ (net)
                  0.05    0.00    1.59 ^ _13884_/D (sky130_fd_sc_hd__dfxtp_1)
                                  1.59   data arrival time

                          0.00    0.00   clock clk_i (rise edge)
                          0.00    0.00   clock source latency
                  0.33    0.24    0.24 ^ clk_i (in)
     1    0.07                           clk_i (net)
                  0.33    0.00    0.24 ^ clkbuf_0_clk_i/A (sky130_fd_sc_hd__clkbuf_16)
                  0.28    0.40    0.64 ^ clkbuf_0_clk_i/X (sky130_fd_sc_hd__clkbuf_16)
    16    0.27                           clknet_0_clk_i (net)
                  0.28    0.02    0.65 ^ clkbuf_4_2_0_clk_i/A (sky130_fd_sc_hd__clkbuf_8)
                  0.29    0.40    1.05 ^ clkbuf_4_2_0_clk_i/X (sky130_fd_sc_hd__clkbuf_8)
    13    0.17                           clknet_4_2_0_clk_i (net)
                  0.29    0.01    1.06 ^ clkbuf_leaf_156_clk_i/A (sky130_fd_sc_hd__clkbuf_16)
                  0.05    0.21    1.28 ^ clkbuf_leaf_156_clk_i/X (sky130_fd_sc_hd__clkbuf_16)
     7    0.02                           clknet_leaf_156_clk_i (net)
                  0.05    0.00    1.28 ^ _13884_/CLK (sky130_fd_sc_hd__dfxtp_1)
                          0.25    1.53   clock uncertainty
                         -0.12    1.41   clock reconvergence pessimism
                         -0.03    1.37   library hold time
                                  1.37   data required time
-----------------------------------------------------------------------------
                                  1.37   data required time
                                 -1.59   data arrival time
-----------------------------------------------------------------------------
                                  0.21   slack (MET)


Startpoint: _13871_ (rising edge-triggered flip-flop clocked by clk_i)
Endpoint: _13871_ (rising edge-triggered flip-flop clocked by clk_i)
Path Group: clk_i
Path Type: min

Fanout     Cap    Slew   Delay    Time   Description
-----------------------------------------------------------------------------
                          0.00    0.00   clock clk_i (rise edge)
                          0.00    0.00   clock source latency
                  0.33    0.22    0.22 ^ clk_i (in)
     1    0.07                           clk_i (net)
                  0.33    0.00    0.22 ^ clkbuf_0_clk_i/A (sky130_fd_sc_hd__clkbuf_16)
                  0.28    0.36    0.57 ^ clkbuf_0_clk_i/X (sky130_fd_sc_hd__clkbuf_16)
    16    0.27                           clknet_0_clk_i (net)
                  0.28    0.01    0.59 ^ clkbuf_4_8_0_clk_i/A (sky130_fd_sc_hd__clkbuf_8)
                  0.25    0.33    0.92 ^ clkbuf_4_8_0_clk_i/X (sky130_fd_sc_hd__clkbuf_8)
    11    0.15                           clknet_4_8_0_clk_i (net)
                  0.25    0.01    0.94 ^ clkbuf_leaf_133_clk_i/A (sky130_fd_sc_hd__clkbuf_16)
                  0.05    0.19    1.12 ^ clkbuf_leaf_133_clk_i/X (sky130_fd_sc_hd__clkbuf_16)
     6    0.02                           clknet_leaf_133_clk_i (net)
                  0.05    0.00    1.12 ^ _13871_/CLK (sky130_fd_sc_hd__dfxtp_1)
                  0.07    0.31    1.43 ^ _13871_/Q (sky130_fd_sc_hd__dfxtp_1)
     2    0.01                           ex_stage_i.EX_pc_dest_o[1] (net)
                  0.07    0.00    1.43 ^ _08364_/A2 (sky130_fd_sc_hd__a22o_1)
                  0.04    0.12    1.56 ^ _08364_/X (sky130_fd_sc_hd__a22o_1)
     1    0.00                           _00234_ (net)
                  0.04    0.00    1.56 ^ _13871_/D (sky130_fd_sc_hd__dfxtp_1)
                                  1.56   data arrival time

                          0.00    0.00   clock clk_i (rise edge)
                          0.00    0.00   clock source latency
                  0.33    0.24    0.24 ^ clk_i (in)
     1    0.07                           clk_i (net)
                  0.33    0.00    0.24 ^ clkbuf_0_clk_i/A (sky130_fd_sc_hd__clkbuf_16)
                  0.28    0.40    0.64 ^ clkbuf_0_clk_i/X (sky130_fd_sc_hd__clkbuf_16)
    16    0.27                           clknet_0_clk_i (net)
                  0.28    0.02    0.65 ^ clkbuf_4_8_0_clk_i/A (sky130_fd_sc_hd__clkbuf_8)
                  0.25    0.37    1.02 ^ clkbuf_4_8_0_clk_i/X (sky130_fd_sc_hd__clkbuf_8)
    11    0.15                           clknet_4_8_0_clk_i (net)
                  0.25    0.01    1.04 ^ clkbuf_leaf_133_clk_i/A (sky130_fd_sc_hd__clkbuf_16)
                  0.05    0.21    1.24 ^ clkbuf_leaf_133_clk_i/X (sky130_fd_sc_hd__clkbuf_16)
     6    0.02                           clknet_leaf_133_clk_i (net)
                  0.05    0.00    1.24 ^ _13871_/CLK (sky130_fd_sc_hd__dfxtp_1)
                          0.25    1.49   clock uncertainty
                         -0.12    1.37   clock reconvergence pessimism
                         -0.03    1.34   library hold time
                                  1.34   data required time
-----------------------------------------------------------------------------
                                  1.34   data required time
                                 -1.56   data arrival time
-----------------------------------------------------------------------------
                                  0.21   slack (MET)


Startpoint: _13892_ (rising edge-triggered flip-flop clocked by clk_i)
Endpoint: _13892_ (rising edge-triggered flip-flop clocked by clk_i)
Path Group: clk_i
Path Type: min

Fanout     Cap    Slew   Delay    Time   Description
-----------------------------------------------------------------------------
                          0.00    0.00   clock clk_i (rise edge)
                          0.00    0.00   clock source latency
                  0.33    0.22    0.22 ^ clk_i (in)
     1    0.07                           clk_i (net)
                  0.33    0.00    0.22 ^ clkbuf_0_clk_i/A (sky130_fd_sc_hd__clkbuf_16)
                  0.28    0.36    0.57 ^ clkbuf_0_clk_i/X (sky130_fd_sc_hd__clkbuf_16)
    16    0.27                           clknet_0_clk_i (net)
                  0.28    0.02    0.59 ^ clkbuf_4_0_0_clk_i/A (sky130_fd_sc_hd__clkbuf_8)
                  0.24    0.33    0.93 ^ clkbuf_4_0_0_clk_i/X (sky130_fd_sc_hd__clkbuf_8)
    11    0.14                           clknet_4_0_0_clk_i (net)
                  0.24    0.01    0.93 ^ clkbuf_leaf_163_clk_i/A (sky130_fd_sc_hd__clkbuf_16)
                  0.05    0.19    1.12 ^ clkbuf_leaf_163_clk_i/X (sky130_fd_sc_hd__clkbuf_16)
     9    0.03                           clknet_leaf_163_clk_i (net)
                  0.05    0.00    1.12 ^ _13892_/CLK (sky130_fd_sc_hd__dfxtp_1)
                  0.07    0.31    1.43 ^ _13892_/Q (sky130_fd_sc_hd__dfxtp_1)
     2    0.01                           ex_stage_i.EX_pc_dest_o[22] (net)
                  0.07    0.00    1.43 ^ _08389_/A2 (sky130_fd_sc_hd__a22o_1)
                  0.04    0.12    1.55 ^ _08389_/X (sky130_fd_sc_hd__a22o_1)
     1    0.00                           _00255_ (net)
                  0.04    0.00    1.55 ^ _13892_/D (sky130_fd_sc_hd__dfxtp_1)
                                  1.55   data arrival time

                          0.00    0.00   clock clk_i (rise edge)
                          0.00    0.00   clock source latency
                  0.33    0.24    0.24 ^ clk_i (in)
     1    0.07                           clk_i (net)
                  0.33    0.00    0.24 ^ clkbuf_0_clk_i/A (sky130_fd_sc_hd__clkbuf_16)
                  0.28    0.40    0.64 ^ clkbuf_0_clk_i/X (sky130_fd_sc_hd__clkbuf_16)
    16    0.27                           clknet_0_clk_i (net)
                  0.28    0.02    0.66 ^ clkbuf_4_0_0_clk_i/A (sky130_fd_sc_hd__clkbuf_8)
                  0.24    0.37    1.02 ^ clkbuf_4_0_0_clk_i/X (sky130_fd_sc_hd__clkbuf_8)
    11    0.14                           clknet_4_0_0_clk_i (net)
                  0.24    0.01    1.03 ^ clkbuf_leaf_163_clk_i/A (sky130_fd_sc_hd__clkbuf_16)
                  0.05    0.21    1.24 ^ clkbuf_leaf_163_clk_i/X (sky130_fd_sc_hd__clkbuf_16)
     9    0.03                           clknet_leaf_163_clk_i (net)
                  0.05    0.00    1.24 ^ _13892_/CLK (sky130_fd_sc_hd__dfxtp_1)
                          0.25    1.49   clock uncertainty
                         -0.12    1.37   clock reconvergence pessimism
                         -0.03    1.34   library hold time
                                  1.34   data required time
-----------------------------------------------------------------------------
                                  1.34   data required time
                                 -1.55   data arrival time
-----------------------------------------------------------------------------
                                  0.21   slack (MET)


min_report_end
max_report

===========================================================================
report_checks -path_delay max (Setup)
============================================================================
Startpoint: DMEM_rd_data_i[26] (input port clocked by clk_i)
Endpoint: _14757_ (rising edge-triggered flip-flop clocked by clk_i)
Path Group: clk_i
Path Type: max

Fanout     Cap    Slew   Delay    Time   Description
-----------------------------------------------------------------------------
                          0.00    0.00   clock clk_i (rise edge)
                          0.00    0.00   clock network delay (propagated)
                          2.00    2.00 v input external delay
                  0.01    0.00    2.00 v DMEM_rd_data_i[26] (in)
     1    0.00                           DMEM_rd_data_i[26] (net)
                  0.01    0.00    2.00 v input19/A (sky130_fd_sc_hd__buf_2)
                  0.16    0.23    2.23 v input19/X (sky130_fd_sc_hd__buf_2)
     2    0.07                           net19 (net)
                  0.16    0.01    2.24 v _07118_/A1 (sky130_fd_sc_hd__mux2_1)
                  0.08    0.39    2.63 v _07118_/X (sky130_fd_sc_hd__mux2_1)
     2    0.01                           _01708_ (net)
                  0.08    0.00    2.63 v _07120_/A0 (sky130_fd_sc_hd__mux2_1)
                  0.11    0.38    3.01 v _07120_/X (sky130_fd_sc_hd__mux2_1)
     1    0.01                           _01710_ (net)
                  0.11    0.00    3.01 v _07122_/A2 (sky130_fd_sc_hd__o221a_1)
                  0.11    0.34    3.35 v _07122_/X (sky130_fd_sc_hd__o221a_1)
     3    0.02                           _01712_ (net)
                  0.11    0.00    3.35 v _07863_/A (sky130_fd_sc_hd__or2_1)
                  0.05    0.26    3.61 v _07863_/X (sky130_fd_sc_hd__or2_1)
     1    0.00                           _02417_ (net)
                  0.05    0.00    3.61 v _07864_/A (sky130_fd_sc_hd__clkbuf_2)
                  0.11    0.18    3.79 v _07864_/X (sky130_fd_sc_hd__clkbuf_2)
     4    0.03                           _02418_ (net)
                  0.11    0.00    3.79 v _11456_/A1 (sky130_fd_sc_hd__a221oi_4)
                  1.04    0.98    4.77 ^ _11456_/Y (sky130_fd_sc_hd__a221oi_4)
    16    0.10                           _04993_ (net)
                  1.04    0.01    4.78 ^ _11939_/A (sky130_fd_sc_hd__and4_1)
                  0.08    0.34    5.12 ^ _11939_/X (sky130_fd_sc_hd__and4_1)
     1    0.00                           _05470_ (net)
                  0.08    0.00    5.12 ^ _11940_/A (sky130_fd_sc_hd__buf_4)
                  0.11    0.18    5.30 ^ _11940_/X (sky130_fd_sc_hd__buf_4)
     8    0.04                           _05471_ (net)
                  0.11    0.00    5.30 ^ _12379_/A (sky130_fd_sc_hd__and4_1)
                  0.14    0.27    5.57 ^ _12379_/X (sky130_fd_sc_hd__and4_1)
     1    0.01                           _05898_ (net)
                  0.14    0.00    5.57 ^ _12380_/A (sky130_fd_sc_hd__buf_6)
                  0.09    0.17    5.74 ^ _12380_/X (sky130_fd_sc_hd__buf_6)
    12    0.04                           _05899_ (net)
                  0.09    0.00    5.75 ^ _12383_/A (sky130_fd_sc_hd__nor2_1)
                  0.04    0.06    5.81 v _12383_/Y (sky130_fd_sc_hd__nor2_1)
     1    0.00                           _05902_ (net)
                  0.04    0.00    5.81 v _12387_/A (sky130_fd_sc_hd__or4_2)
                  0.16    0.79    6.59 v _12387_/X (sky130_fd_sc_hd__or4_2)
     5    0.02                           _05906_ (net)
                  0.16    0.00    6.59 v _12444_/A2 (sky130_fd_sc_hd__o21a_1)
                  0.04    0.23    6.82 v _12444_/X (sky130_fd_sc_hd__o21a_1)
     1    0.00                           _05961_ (net)
                  0.04    0.00    6.82 v _12445_/C1 (sky130_fd_sc_hd__a211o_1)
                  0.08    0.28    7.10 v _12445_/X (sky130_fd_sc_hd__a211o_1)
     2    0.01                           _05962_ (net)
                  0.08    0.00    7.10 v _12588_/B2 (sky130_fd_sc_hd__a221o_1)
                  0.06    0.35    7.45 v _12588_/X (sky130_fd_sc_hd__a221o_1)
     1    0.00                           _06101_ (net)
                  0.06    0.00    7.45 v _12589_/B1 (sky130_fd_sc_hd__a31o_2)
                  0.11    0.31    7.76 v _12589_/X (sky130_fd_sc_hd__a31o_2)
     7    0.04                           _06102_ (net)
                  0.11    0.00    7.76 v _12795_/A1 (sky130_fd_sc_hd__a21o_1)
                  0.11    0.26    8.02 v _12795_/X (sky130_fd_sc_hd__a21o_1)
     4    0.02                           _06302_ (net)
                  0.11    0.00    8.02 v _12827_/S (sky130_fd_sc_hd__mux2_1)
                  0.07    0.37    8.39 v _12827_/X (sky130_fd_sc_hd__mux2_1)
     2    0.01                           _06333_ (net)
                  0.07    0.00    8.39 v _12837_/C (sky130_fd_sc_hd__or4_1)
                  0.08    0.49    8.88 v _12837_/X (sky130_fd_sc_hd__or4_1)
     1    0.00                           _06343_ (net)
                  0.08    0.00    8.88 v _12850_/A3 (sky130_fd_sc_hd__a31o_1)
                  0.04    0.24    9.12 v _12850_/X (sky130_fd_sc_hd__a31o_1)
     1    0.00                           _01090_ (net)
                  0.04    0.00    9.12 v _14757_/D (sky130_fd_sc_hd__dfxtp_4)
                                  9.12   data arrival time

                         10.00   10.00   clock clk_i (rise edge)
                          0.00   10.00   clock source latency
                  0.33    0.22   10.22 ^ clk_i (in)
     1    0.07                           clk_i (net)
                  0.33    0.00   10.22 ^ clkbuf_0_clk_i/A (sky130_fd_sc_hd__clkbuf_16)
                  0.28    0.36   10.57 ^ clkbuf_0_clk_i/X (sky130_fd_sc_hd__clkbuf_16)
    16    0.27                           clknet_0_clk_i (net)
                  0.28    0.01   10.59 ^ clkbuf_4_10_0_clk_i/A (sky130_fd_sc_hd__clkbuf_8)
                  0.17    0.28   10.87 ^ clkbuf_4_10_0_clk_i/X (sky130_fd_sc_hd__clkbuf_8)
     7    0.10                           clknet_4_10_0_clk_i (net)
                  0.17    0.01   10.88 ^ clkbuf_leaf_125_clk_i/A (sky130_fd_sc_hd__clkbuf_16)
                  0.04    0.15   11.03 ^ clkbuf_leaf_125_clk_i/X (sky130_fd_sc_hd__clkbuf_16)
     3    0.01                           clknet_leaf_125_clk_i (net)
                  0.04    0.00   11.03 ^ _14757_/CLK (sky130_fd_sc_hd__dfxtp_4)
                         -0.25   10.78   clock uncertainty
                          0.00   10.78   clock reconvergence pessimism
                         -0.11   10.67   library setup time
                                 10.67   data required time
-----------------------------------------------------------------------------
                                 10.67   data required time
                                 -9.12   data arrival time
-----------------------------------------------------------------------------
                                  1.55   slack (MET)


Startpoint: DMEM_rd_data_i[26] (input port clocked by clk_i)
Endpoint: _14756_ (rising edge-triggered flip-flop clocked by clk_i)
Path Group: clk_i
Path Type: max

Fanout     Cap    Slew   Delay    Time   Description
-----------------------------------------------------------------------------
                          0.00    0.00   clock clk_i (rise edge)
                          0.00    0.00   clock network delay (propagated)
                          2.00    2.00 v input external delay
                  0.01    0.00    2.00 v DMEM_rd_data_i[26] (in)
     1    0.00                           DMEM_rd_data_i[26] (net)
                  0.01    0.00    2.00 v input19/A (sky130_fd_sc_hd__buf_2)
                  0.16    0.23    2.23 v input19/X (sky130_fd_sc_hd__buf_2)
     2    0.07                           net19 (net)
                  0.16    0.01    2.24 v _07118_/A1 (sky130_fd_sc_hd__mux2_1)
                  0.08    0.39    2.63 v _07118_/X (sky130_fd_sc_hd__mux2_1)
     2    0.01                           _01708_ (net)
                  0.08    0.00    2.63 v _07120_/A0 (sky130_fd_sc_hd__mux2_1)
                  0.11    0.38    3.01 v _07120_/X (sky130_fd_sc_hd__mux2_1)
     1    0.01                           _01710_ (net)
                  0.11    0.00    3.01 v _07122_/A2 (sky130_fd_sc_hd__o221a_1)
                  0.11    0.34    3.35 v _07122_/X (sky130_fd_sc_hd__o221a_1)
     3    0.02                           _01712_ (net)
                  0.11    0.00    3.35 v _07863_/A (sky130_fd_sc_hd__or2_1)
                  0.05    0.26    3.61 v _07863_/X (sky130_fd_sc_hd__or2_1)
     1    0.00                           _02417_ (net)
                  0.05    0.00    3.61 v _07864_/A (sky130_fd_sc_hd__clkbuf_2)
                  0.11    0.18    3.79 v _07864_/X (sky130_fd_sc_hd__clkbuf_2)
     4    0.03                           _02418_ (net)
                  0.11    0.00    3.79 v _11456_/A1 (sky130_fd_sc_hd__a221oi_4)
                  1.04    0.98    4.77 ^ _11456_/Y (sky130_fd_sc_hd__a221oi_4)
    16    0.10                           _04993_ (net)
                  1.04    0.01    4.78 ^ _11939_/A (sky130_fd_sc_hd__and4_1)
                  0.08    0.34    5.12 ^ _11939_/X (sky130_fd_sc_hd__and4_1)
     1    0.00                           _05470_ (net)
                  0.08    0.00    5.12 ^ _11940_/A (sky130_fd_sc_hd__buf_4)
                  0.11    0.18    5.30 ^ _11940_/X (sky130_fd_sc_hd__buf_4)
     8    0.04                           _05471_ (net)
                  0.11    0.00    5.30 ^ _12379_/A (sky130_fd_sc_hd__and4_1)
                  0.14    0.27    5.57 ^ _12379_/X (sky130_fd_sc_hd__and4_1)
     1    0.01                           _05898_ (net)
                  0.14    0.00    5.57 ^ _12380_/A (sky130_fd_sc_hd__buf_6)
                  0.09    0.17    5.74 ^ _12380_/X (sky130_fd_sc_hd__buf_6)
    12    0.04                           _05899_ (net)
                  0.09    0.00    5.75 ^ _12383_/A (sky130_fd_sc_hd__nor2_1)
                  0.04    0.06    5.81 v _12383_/Y (sky130_fd_sc_hd__nor2_1)
     1    0.00                           _05902_ (net)
                  0.04    0.00    5.81 v _12387_/A (sky130_fd_sc_hd__or4_2)
                  0.16    0.79    6.59 v _12387_/X (sky130_fd_sc_hd__or4_2)
     5    0.02                           _05906_ (net)
                  0.16    0.00    6.59 v _12444_/A2 (sky130_fd_sc_hd__o21a_1)
                  0.04    0.23    6.82 v _12444_/X (sky130_fd_sc_hd__o21a_1)
     1    0.00                           _05961_ (net)
                  0.04    0.00    6.82 v _12445_/C1 (sky130_fd_sc_hd__a211o_1)
                  0.08    0.28    7.10 v _12445_/X (sky130_fd_sc_hd__a211o_1)
     2    0.01                           _05962_ (net)
                  0.08    0.00    7.10 v _12588_/B2 (sky130_fd_sc_hd__a221o_1)
                  0.06    0.35    7.45 v _12588_/X (sky130_fd_sc_hd__a221o_1)
     1    0.00                           _06101_ (net)
                  0.06    0.00    7.45 v _12589_/B1 (sky130_fd_sc_hd__a31o_2)
                  0.11    0.31    7.76 v _12589_/X (sky130_fd_sc_hd__a31o_2)
     7    0.04                           _06102_ (net)
                  0.11    0.00    7.76 v _12795_/A1 (sky130_fd_sc_hd__a21o_1)
                  0.11    0.26    8.02 v _12795_/X (sky130_fd_sc_hd__a21o_1)
     4    0.02                           _06302_ (net)
                  0.11    0.00    8.02 v _12807_/A (sky130_fd_sc_hd__or2_1)
                  0.05    0.26    8.28 v _12807_/X (sky130_fd_sc_hd__or2_1)
     1    0.00                           _06314_ (net)
                  0.05    0.00    8.28 v _12818_/A3 (sky130_fd_sc_hd__a31o_1)
                  0.04    0.23    8.51 v _12818_/X (sky130_fd_sc_hd__a31o_1)
     1    0.00                           _06325_ (net)
                  0.04    0.00    8.51 v _12819_/B (sky130_fd_sc_hd__and2_1)
                  0.04    0.16    8.66 v _12819_/X (sky130_fd_sc_hd__and2_1)
     1    0.00                           _06326_ (net)
                  0.04    0.00    8.67 v _12820_/A (sky130_fd_sc_hd__clkbuf_1)
                  0.03    0.09    8.76 v _12820_/X (sky130_fd_sc_hd__clkbuf_1)
     1    0.00                           _01089_ (net)
                  0.03    0.00    8.76 v _14756_/D (sky130_fd_sc_hd__dfxtp_4)
                                  8.76   data arrival time

                         10.00   10.00   clock clk_i (rise edge)
                          0.00   10.00   clock source latency
                  0.33    0.22   10.22 ^ clk_i (in)
     1    0.07                           clk_i (net)
                  0.33    0.00   10.22 ^ clkbuf_0_clk_i/A (sky130_fd_sc_hd__clkbuf_16)
                  0.28    0.36   10.57 ^ clkbuf_0_clk_i/X (sky130_fd_sc_hd__clkbuf_16)
    16    0.27                           clknet_0_clk_i (net)
                  0.28    0.01   10.59 ^ clkbuf_4_10_0_clk_i/A (sky130_fd_sc_hd__clkbuf_8)
                  0.17    0.28   10.87 ^ clkbuf_4_10_0_clk_i/X (sky130_fd_sc_hd__clkbuf_8)
     7    0.10                           clknet_4_10_0_clk_i (net)
                  0.17    0.01   10.88 ^ clkbuf_leaf_125_clk_i/A (sky130_fd_sc_hd__clkbuf_16)
                  0.04    0.15   11.03 ^ clkbuf_leaf_125_clk_i/X (sky130_fd_sc_hd__clkbuf_16)
     3    0.01                           clknet_leaf_125_clk_i (net)
                  0.04    0.00   11.03 ^ _14756_/CLK (sky130_fd_sc_hd__dfxtp_4)
                         -0.25   10.78   clock uncertainty
                          0.00   10.78   clock reconvergence pessimism
                         -0.11   10.68   library setup time
                                 10.68   data required time
-----------------------------------------------------------------------------
                                 10.68   data required time
                                 -8.76   data arrival time
-----------------------------------------------------------------------------
                                  1.92   slack (MET)


Startpoint: DMEM_rd_data_i[26] (input port clocked by clk_i)
Endpoint: _14755_ (rising edge-triggered flip-flop clocked by clk_i)
Path Group: clk_i
Path Type: max

Fanout     Cap    Slew   Delay    Time   Description
-----------------------------------------------------------------------------
                          0.00    0.00   clock clk_i (rise edge)
                          0.00    0.00   clock network delay (propagated)
                          2.00    2.00 v input external delay
                  0.01    0.00    2.00 v DMEM_rd_data_i[26] (in)
     1    0.00                           DMEM_rd_data_i[26] (net)
                  0.01    0.00    2.00 v input19/A (sky130_fd_sc_hd__buf_2)
                  0.16    0.23    2.23 v input19/X (sky130_fd_sc_hd__buf_2)
     2    0.07                           net19 (net)
                  0.16    0.01    2.24 v _07118_/A1 (sky130_fd_sc_hd__mux2_1)
                  0.08    0.39    2.63 v _07118_/X (sky130_fd_sc_hd__mux2_1)
     2    0.01                           _01708_ (net)
                  0.08    0.00    2.63 v _07120_/A0 (sky130_fd_sc_hd__mux2_1)
                  0.11    0.38    3.01 v _07120_/X (sky130_fd_sc_hd__mux2_1)
     1    0.01                           _01710_ (net)
                  0.11    0.00    3.01 v _07122_/A2 (sky130_fd_sc_hd__o221a_1)
                  0.11    0.34    3.35 v _07122_/X (sky130_fd_sc_hd__o221a_1)
     3    0.02                           _01712_ (net)
                  0.11    0.00    3.35 v _07863_/A (sky130_fd_sc_hd__or2_1)
                  0.05    0.26    3.61 v _07863_/X (sky130_fd_sc_hd__or2_1)
     1    0.00                           _02417_ (net)
                  0.05    0.00    3.61 v _07864_/A (sky130_fd_sc_hd__clkbuf_2)
                  0.11    0.18    3.79 v _07864_/X (sky130_fd_sc_hd__clkbuf_2)
     4    0.03                           _02418_ (net)
                  0.11    0.00    3.79 v _11456_/A1 (sky130_fd_sc_hd__a221oi_4)
                  1.04    0.98    4.77 ^ _11456_/Y (sky130_fd_sc_hd__a221oi_4)
    16    0.10                           _04993_ (net)
                  1.04    0.01    4.78 ^ _11939_/A (sky130_fd_sc_hd__and4_1)
                  0.08    0.34    5.12 ^ _11939_/X (sky130_fd_sc_hd__and4_1)
     1    0.00                           _05470_ (net)
                  0.08    0.00    5.12 ^ _11940_/A (sky130_fd_sc_hd__buf_4)
                  0.11    0.18    5.30 ^ _11940_/X (sky130_fd_sc_hd__buf_4)
     8    0.04                           _05471_ (net)
                  0.11    0.00    5.30 ^ _12379_/A (sky130_fd_sc_hd__and4_1)
                  0.14    0.27    5.57 ^ _12379_/X (sky130_fd_sc_hd__and4_1)
     1    0.01                           _05898_ (net)
                  0.14    0.00    5.57 ^ _12380_/A (sky130_fd_sc_hd__buf_6)
                  0.09    0.17    5.74 ^ _12380_/X (sky130_fd_sc_hd__buf_6)
    12    0.04                           _05899_ (net)
                  0.09    0.00    5.75 ^ _12383_/A (sky130_fd_sc_hd__nor2_1)
                  0.04    0.06    5.81 v _12383_/Y (sky130_fd_sc_hd__nor2_1)
     1    0.00                           _05902_ (net)
                  0.04    0.00    5.81 v _12387_/A (sky130_fd_sc_hd__or4_2)
                  0.16    0.79    6.59 v _12387_/X (sky130_fd_sc_hd__or4_2)
     5    0.02                           _05906_ (net)
                  0.16    0.00    6.59 v _12444_/A2 (sky130_fd_sc_hd__o21a_1)
                  0.04    0.23    6.82 v _12444_/X (sky130_fd_sc_hd__o21a_1)
     1    0.00                           _05961_ (net)
                  0.04    0.00    6.82 v _12445_/C1 (sky130_fd_sc_hd__a211o_1)
                  0.08    0.28    7.10 v _12445_/X (sky130_fd_sc_hd__a211o_1)
     2    0.01                           _05962_ (net)
                  0.08    0.00    7.10 v _12588_/B2 (sky130_fd_sc_hd__a221o_1)
                  0.06    0.35    7.45 v _12588_/X (sky130_fd_sc_hd__a221o_1)
     1    0.00                           _06101_ (net)
                  0.06    0.00    7.45 v _12589_/B1 (sky130_fd_sc_hd__a31o_2)
                  0.11    0.31    7.76 v _12589_/X (sky130_fd_sc_hd__a31o_2)
     7    0.04                           _06102_ (net)
                  0.11    0.00    7.76 v _12738_/A1 (sky130_fd_sc_hd__a31o_1)
                  0.07    0.24    8.00 v _12738_/X (sky130_fd_sc_hd__a31o_1)
     2    0.01                           _06247_ (net)
                  0.07    0.00    8.00 v _12771_/A1 (sky130_fd_sc_hd__a211o_1)
                  0.05    0.27    8.27 v _12771_/X (sky130_fd_sc_hd__a211o_1)
     1    0.00                           _06279_ (net)
                  0.05    0.00    8.27 v _12774_/A2 (sky130_fd_sc_hd__a21oi_1)
                  0.16    0.19    8.46 ^ _12774_/Y (sky130_fd_sc_hd__a21oi_1)
     1    0.01                           _06282_ (net)
                  0.16    0.00    8.46 ^ _12785_/A1 (sky130_fd_sc_hd__o41a_1)
                  0.05    0.18    8.64 ^ _12785_/X (sky130_fd_sc_hd__o41a_1)
     1    0.00                           _01088_ (net)
                  0.05    0.00    8.64 ^ _14755_/D (sky130_fd_sc_hd__dfxtp_4)
                                  8.64   data arrival time

                         10.00   10.00   clock clk_i (rise edge)
                          0.00   10.00   clock source latency
                  0.33    0.22   10.22 ^ clk_i (in)
     1    0.07                           clk_i (net)
                  0.33    0.00   10.22 ^ clkbuf_0_clk_i/A (sky130_fd_sc_hd__clkbuf_16)
                  0.28    0.36   10.57 ^ clkbuf_0_clk_i/X (sky130_fd_sc_hd__clkbuf_16)
    16    0.27                           clknet_0_clk_i (net)
                  0.28    0.01   10.59 ^ clkbuf_4_10_0_clk_i/A (sky130_fd_sc_hd__clkbuf_8)
                  0.17    0.28   10.87 ^ clkbuf_4_10_0_clk_i/X (sky130_fd_sc_hd__clkbuf_8)
     7    0.10                           clknet_4_10_0_clk_i (net)
                  0.17    0.01   10.88 ^ clkbuf_leaf_126_clk_i/A (sky130_fd_sc_hd__clkbuf_16)
                  0.03    0.15   11.03 ^ clkbuf_leaf_126_clk_i/X (sky130_fd_sc_hd__clkbuf_16)
     2    0.01                           clknet_leaf_126_clk_i (net)
                  0.03    0.00   11.03 ^ _14755_/CLK (sky130_fd_sc_hd__dfxtp_4)
                         -0.25   10.78   clock uncertainty
                          0.00   10.78   clock reconvergence pessimism
                         -0.06   10.72   library setup time
                                 10.72   data required time
-----------------------------------------------------------------------------
                                 10.72   data required time
                                 -8.64   data arrival time
-----------------------------------------------------------------------------
                                  2.08   slack (MET)


Startpoint: DMEM_rd_data_i[26] (input port clocked by clk_i)
Endpoint: _14751_ (rising edge-triggered flip-flop clocked by clk_i)
Path Group: clk_i
Path Type: max

Fanout     Cap    Slew   Delay    Time   Description
-----------------------------------------------------------------------------
                          0.00    0.00   clock clk_i (rise edge)
                          0.00    0.00   clock network delay (propagated)
                          2.00    2.00 v input external delay
                  0.01    0.00    2.00 v DMEM_rd_data_i[26] (in)
     1    0.00                           DMEM_rd_data_i[26] (net)
                  0.01    0.00    2.00 v input19/A (sky130_fd_sc_hd__buf_2)
                  0.16    0.23    2.23 v input19/X (sky130_fd_sc_hd__buf_2)
     2    0.07                           net19 (net)
                  0.16    0.01    2.24 v _07118_/A1 (sky130_fd_sc_hd__mux2_1)
                  0.08    0.39    2.63 v _07118_/X (sky130_fd_sc_hd__mux2_1)
     2    0.01                           _01708_ (net)
                  0.08    0.00    2.63 v _07120_/A0 (sky130_fd_sc_hd__mux2_1)
                  0.11    0.38    3.01 v _07120_/X (sky130_fd_sc_hd__mux2_1)
     1    0.01                           _01710_ (net)
                  0.11    0.00    3.01 v _07122_/A2 (sky130_fd_sc_hd__o221a_1)
                  0.11    0.34    3.35 v _07122_/X (sky130_fd_sc_hd__o221a_1)
     3    0.02                           _01712_ (net)
                  0.11    0.00    3.35 v _07863_/A (sky130_fd_sc_hd__or2_1)
                  0.05    0.26    3.61 v _07863_/X (sky130_fd_sc_hd__or2_1)
     1    0.00                           _02417_ (net)
                  0.05    0.00    3.61 v _07864_/A (sky130_fd_sc_hd__clkbuf_2)
                  0.11    0.18    3.79 v _07864_/X (sky130_fd_sc_hd__clkbuf_2)
     4    0.03                           _02418_ (net)
                  0.11    0.00    3.79 v _11456_/A1 (sky130_fd_sc_hd__a221oi_4)
                  1.04    0.98    4.77 ^ _11456_/Y (sky130_fd_sc_hd__a221oi_4)
    16    0.10                           _04993_ (net)
                  1.04    0.01    4.78 ^ _11939_/A (sky130_fd_sc_hd__and4_1)
                  0.08    0.34    5.12 ^ _11939_/X (sky130_fd_sc_hd__and4_1)
     1    0.00                           _05470_ (net)
                  0.08    0.00    5.12 ^ _11940_/A (sky130_fd_sc_hd__buf_4)
                  0.11    0.18    5.30 ^ _11940_/X (sky130_fd_sc_hd__buf_4)
     8    0.04                           _05471_ (net)
                  0.11    0.00    5.30 ^ _12379_/A (sky130_fd_sc_hd__and4_1)
                  0.14    0.27    5.57 ^ _12379_/X (sky130_fd_sc_hd__and4_1)
     1    0.01                           _05898_ (net)
                  0.14    0.00    5.57 ^ _12380_/A (sky130_fd_sc_hd__buf_6)
                  0.09    0.17    5.74 ^ _12380_/X (sky130_fd_sc_hd__buf_6)
    12    0.04                           _05899_ (net)
                  0.09    0.00    5.75 ^ _12383_/A (sky130_fd_sc_hd__nor2_1)
                  0.04    0.06    5.81 v _12383_/Y (sky130_fd_sc_hd__nor2_1)
     1    0.00                           _05902_ (net)
                  0.04    0.00    5.81 v _12387_/A (sky130_fd_sc_hd__or4_2)
                  0.16    0.79    6.59 v _12387_/X (sky130_fd_sc_hd__or4_2)
     5    0.02                           _05906_ (net)
                  0.16    0.00    6.59 v _12444_/A2 (sky130_fd_sc_hd__o21a_1)
                  0.04    0.23    6.82 v _12444_/X (sky130_fd_sc_hd__o21a_1)
     1    0.00                           _05961_ (net)
                  0.04    0.00    6.82 v _12445_/C1 (sky130_fd_sc_hd__a211o_1)
                  0.08    0.28    7.10 v _12445_/X (sky130_fd_sc_hd__a211o_1)
     2    0.01                           _05962_ (net)
                  0.08    0.00    7.10 v _12588_/B2 (sky130_fd_sc_hd__a221o_1)
                  0.06    0.35    7.45 v _12588_/X (sky130_fd_sc_hd__a221o_1)
     1    0.00                           _06101_ (net)
                  0.06    0.00    7.45 v _12589_/B1 (sky130_fd_sc_hd__a31o_2)
                  0.11    0.31    7.76 v _12589_/X (sky130_fd_sc_hd__a31o_2)
     7    0.04                           _06102_ (net)
                  0.11    0.00    7.76 v _12624_/A1 (sky130_fd_sc_hd__a22o_1)
                  0.04    0.23    7.99 v _12624_/X (sky130_fd_sc_hd__a22o_1)
     1    0.00                           _06136_ (net)
                  0.04    0.00    7.99 v _12627_/B (sky130_fd_sc_hd__and3_1)
                  0.05    0.18    8.17 v _12627_/X (sky130_fd_sc_hd__and3_1)
     1    0.01                           _06139_ (net)
                  0.05    0.00    8.17 v _12628_/B (sky130_fd_sc_hd__xnor2_1)
                  0.06    0.13    8.30 v _12628_/Y (sky130_fd_sc_hd__xnor2_1)
     1    0.00                           _06140_ (net)
                  0.06    0.00    8.30 v _12642_/A2 (sky130_fd_sc_hd__a22o_1)
                  0.04    0.24    8.54 v _12642_/X (sky130_fd_sc_hd__a22o_1)
     1    0.00                           _01084_ (net)
                  0.04    0.00    8.54 v _14751_/D (sky130_fd_sc_hd__dfxtp_4)
                                  8.54   data arrival time

                         10.00   10.00   clock clk_i (rise edge)
                          0.00   10.00   clock source latency
                  0.33    0.22   10.22 ^ clk_i (in)
     1    0.07                           clk_i (net)
                  0.33    0.00   10.22 ^ clkbuf_0_clk_i/A (sky130_fd_sc_hd__clkbuf_16)
                  0.28    0.36   10.57 ^ clkbuf_0_clk_i/X (sky130_fd_sc_hd__clkbuf_16)
    16    0.27                           clknet_0_clk_i (net)
                  0.28    0.01   10.59 ^ clkbuf_4_10_0_clk_i/A (sky130_fd_sc_hd__clkbuf_8)
                  0.17    0.28   10.87 ^ clkbuf_4_10_0_clk_i/X (sky130_fd_sc_hd__clkbuf_8)
     7    0.10                           clknet_4_10_0_clk_i (net)
                  0.17    0.01   10.88 ^ clkbuf_leaf_127_clk_i/A (sky130_fd_sc_hd__clkbuf_16)
                  0.04    0.15   11.03 ^ clkbuf_leaf_127_clk_i/X (sky130_fd_sc_hd__clkbuf_16)
     2    0.01                           clknet_leaf_127_clk_i (net)
                  0.04    0.00   11.03 ^ _14751_/CLK (sky130_fd_sc_hd__dfxtp_4)
                         -0.25   10.78   clock uncertainty
                          0.00   10.78   clock reconvergence pessimism
                         -0.11   10.67   library setup time
                                 10.67   data required time
-----------------------------------------------------------------------------
                                 10.67   data required time
                                 -8.54   data arrival time
-----------------------------------------------------------------------------
                                  2.14   slack (MET)


Startpoint: DMEM_rd_data_i[26] (input port clocked by clk_i)
Endpoint: _14750_ (rising edge-triggered flip-flop clocked by clk_i)
Path Group: clk_i
Path Type: max

Fanout     Cap    Slew   Delay    Time   Description
-----------------------------------------------------------------------------
                          0.00    0.00   clock clk_i (rise edge)
                          0.00    0.00   clock network delay (propagated)
                          2.00    2.00 v input external delay
                  0.01    0.00    2.00 v DMEM_rd_data_i[26] (in)
     1    0.00                           DMEM_rd_data_i[26] (net)
                  0.01    0.00    2.00 v input19/A (sky130_fd_sc_hd__buf_2)
                  0.16    0.23    2.23 v input19/X (sky130_fd_sc_hd__buf_2)
     2    0.07                           net19 (net)
                  0.16    0.01    2.24 v _07118_/A1 (sky130_fd_sc_hd__mux2_1)
                  0.08    0.39    2.63 v _07118_/X (sky130_fd_sc_hd__mux2_1)
     2    0.01                           _01708_ (net)
                  0.08    0.00    2.63 v _07120_/A0 (sky130_fd_sc_hd__mux2_1)
                  0.11    0.38    3.01 v _07120_/X (sky130_fd_sc_hd__mux2_1)
     1    0.01                           _01710_ (net)
                  0.11    0.00    3.01 v _07122_/A2 (sky130_fd_sc_hd__o221a_1)
                  0.11    0.34    3.35 v _07122_/X (sky130_fd_sc_hd__o221a_1)
     3    0.02                           _01712_ (net)
                  0.11    0.00    3.35 v _07863_/A (sky130_fd_sc_hd__or2_1)
                  0.05    0.26    3.61 v _07863_/X (sky130_fd_sc_hd__or2_1)
     1    0.00                           _02417_ (net)
                  0.05    0.00    3.61 v _07864_/A (sky130_fd_sc_hd__clkbuf_2)
                  0.11    0.18    3.79 v _07864_/X (sky130_fd_sc_hd__clkbuf_2)
     4    0.03                           _02418_ (net)
                  0.11    0.00    3.79 v _11456_/A1 (sky130_fd_sc_hd__a221oi_4)
                  1.04    0.98    4.77 ^ _11456_/Y (sky130_fd_sc_hd__a221oi_4)
    16    0.10                           _04993_ (net)
                  1.04    0.01    4.78 ^ _11939_/A (sky130_fd_sc_hd__and4_1)
                  0.08    0.34    5.12 ^ _11939_/X (sky130_fd_sc_hd__and4_1)
     1    0.00                           _05470_ (net)
                  0.08    0.00    5.12 ^ _11940_/A (sky130_fd_sc_hd__buf_4)
                  0.11    0.18    5.30 ^ _11940_/X (sky130_fd_sc_hd__buf_4)
     8    0.04                           _05471_ (net)
                  0.11    0.00    5.30 ^ _12379_/A (sky130_fd_sc_hd__and4_1)
                  0.14    0.27    5.57 ^ _12379_/X (sky130_fd_sc_hd__and4_1)
     1    0.01                           _05898_ (net)
                  0.14    0.00    5.57 ^ _12380_/A (sky130_fd_sc_hd__buf_6)
                  0.09    0.17    5.74 ^ _12380_/X (sky130_fd_sc_hd__buf_6)
    12    0.04                           _05899_ (net)
                  0.09    0.00    5.75 ^ _12383_/A (sky130_fd_sc_hd__nor2_1)
                  0.04    0.06    5.81 v _12383_/Y (sky130_fd_sc_hd__nor2_1)
     1    0.00                           _05902_ (net)
                  0.04    0.00    5.81 v _12387_/A (sky130_fd_sc_hd__or4_2)
                  0.16    0.79    6.59 v _12387_/X (sky130_fd_sc_hd__or4_2)
     5    0.02                           _05906_ (net)
                  0.16    0.00    6.59 v _12444_/A2 (sky130_fd_sc_hd__o21a_1)
                  0.04    0.23    6.82 v _12444_/X (sky130_fd_sc_hd__o21a_1)
     1    0.00                           _05961_ (net)
                  0.04    0.00    6.82 v _12445_/C1 (sky130_fd_sc_hd__a211o_1)
                  0.08    0.28    7.10 v _12445_/X (sky130_fd_sc_hd__a211o_1)
     2    0.01                           _05962_ (net)
                  0.08    0.00    7.10 v _12588_/B2 (sky130_fd_sc_hd__a221o_1)
                  0.06    0.35    7.45 v _12588_/X (sky130_fd_sc_hd__a221o_1)
     1    0.00                           _06101_ (net)
                  0.06    0.00    7.45 v _12589_/B1 (sky130_fd_sc_hd__a31o_2)
                  0.11    0.31    7.76 v _12589_/X (sky130_fd_sc_hd__a31o_2)
     7    0.04                           _06102_ (net)
                  0.11    0.00    7.76 v _12603_/A (sky130_fd_sc_hd__xnor2_1)
                  0.07    0.16    7.92 v _12603_/Y (sky130_fd_sc_hd__xnor2_1)
     1    0.00                           _06116_ (net)
                  0.07    0.00    7.92 v _12612_/A2 (sky130_fd_sc_hd__a221o_1)
                  0.05    0.37    8.28 v _12612_/X (sky130_fd_sc_hd__a221o_1)
     1    0.00                           _06125_ (net)
                  0.05    0.00    8.28 v _12613_/B (sky130_fd_sc_hd__and2_1)
                  0.04    0.17    8.45 v _12613_/X (sky130_fd_sc_hd__and2_1)
     1    0.00                           _06126_ (net)
                  0.04    0.00    8.45 v _12614_/A (sky130_fd_sc_hd__clkbuf_1)
                  0.03    0.09    8.54 v _12614_/X (sky130_fd_sc_hd__clkbuf_1)
     1    0.00                           _01083_ (net)
                  0.03    0.00    8.54 v _14750_/D (sky130_fd_sc_hd__dfxtp_4)
                                  8.54   data arrival time

                         10.00   10.00   clock clk_i (rise edge)
                          0.00   10.00   clock source latency
                  0.33    0.22   10.22 ^ clk_i (in)
     1    0.07                           clk_i (net)
                  0.33    0.00   10.22 ^ clkbuf_0_clk_i/A (sky130_fd_sc_hd__clkbuf_16)
                  0.28    0.36   10.57 ^ clkbuf_0_clk_i/X (sky130_fd_sc_hd__clkbuf_16)
    16    0.27                           clknet_0_clk_i (net)
                  0.28    0.01   10.59 ^ clkbuf_4_10_0_clk_i/A (sky130_fd_sc_hd__clkbuf_8)
                  0.17    0.28   10.87 ^ clkbuf_4_10_0_clk_i/X (sky130_fd_sc_hd__clkbuf_8)
     7    0.10                           clknet_4_10_0_clk_i (net)
                  0.17    0.01   10.88 ^ clkbuf_leaf_128_clk_i/A (sky130_fd_sc_hd__clkbuf_16)
                  0.05    0.16   11.04 ^ clkbuf_leaf_128_clk_i/X (sky130_fd_sc_hd__clkbuf_16)
     6    0.02                           clknet_leaf_128_clk_i (net)
                  0.05    0.00   11.04 ^ _14750_/CLK (sky130_fd_sc_hd__dfxtp_4)
                         -0.25   10.79   clock uncertainty
                          0.00   10.79   clock reconvergence pessimism
                         -0.10   10.69   library setup time
                                 10.69   data required time
-----------------------------------------------------------------------------
                                 10.69   data required time
                                 -8.54   data arrival time
-----------------------------------------------------------------------------
                                  2.15   slack (MET)


max_report_end
check_report

===========================================================================
report_checks -unconstrained
============================================================================
Startpoint: DMEM_rd_data_i[26] (input port clocked by clk_i)
Endpoint: _14757_ (rising edge-triggered flip-flop clocked by clk_i)
Path Group: clk_i
Path Type: max

Fanout     Cap    Slew   Delay    Time   Description
-----------------------------------------------------------------------------
                          0.00    0.00   clock clk_i (rise edge)
                          0.00    0.00   clock network delay (propagated)
                          2.00    2.00 v input external delay
                  0.01    0.00    2.00 v DMEM_rd_data_i[26] (in)
     1    0.00                           DMEM_rd_data_i[26] (net)
                  0.01    0.00    2.00 v input19/A (sky130_fd_sc_hd__buf_2)
                  0.16    0.23    2.23 v input19/X (sky130_fd_sc_hd__buf_2)
     2    0.07                           net19 (net)
                  0.16    0.01    2.24 v _07118_/A1 (sky130_fd_sc_hd__mux2_1)
                  0.08    0.39    2.63 v _07118_/X (sky130_fd_sc_hd__mux2_1)
     2    0.01                           _01708_ (net)
                  0.08    0.00    2.63 v _07120_/A0 (sky130_fd_sc_hd__mux2_1)
                  0.11    0.38    3.01 v _07120_/X (sky130_fd_sc_hd__mux2_1)
     1    0.01                           _01710_ (net)
                  0.11    0.00    3.01 v _07122_/A2 (sky130_fd_sc_hd__o221a_1)
                  0.11    0.34    3.35 v _07122_/X (sky130_fd_sc_hd__o221a_1)
     3    0.02                           _01712_ (net)
                  0.11    0.00    3.35 v _07863_/A (sky130_fd_sc_hd__or2_1)
                  0.05    0.26    3.61 v _07863_/X (sky130_fd_sc_hd__or2_1)
     1    0.00                           _02417_ (net)
                  0.05    0.00    3.61 v _07864_/A (sky130_fd_sc_hd__clkbuf_2)
                  0.11    0.18    3.79 v _07864_/X (sky130_fd_sc_hd__clkbuf_2)
     4    0.03                           _02418_ (net)
                  0.11    0.00    3.79 v _11456_/A1 (sky130_fd_sc_hd__a221oi_4)
                  1.04    0.98    4.77 ^ _11456_/Y (sky130_fd_sc_hd__a221oi_4)
    16    0.10                           _04993_ (net)
                  1.04    0.01    4.78 ^ _11939_/A (sky130_fd_sc_hd__and4_1)
                  0.08    0.34    5.12 ^ _11939_/X (sky130_fd_sc_hd__and4_1)
     1    0.00                           _05470_ (net)
                  0.08    0.00    5.12 ^ _11940_/A (sky130_fd_sc_hd__buf_4)
                  0.11    0.18    5.30 ^ _11940_/X (sky130_fd_sc_hd__buf_4)
     8    0.04                           _05471_ (net)
                  0.11    0.00    5.30 ^ _12379_/A (sky130_fd_sc_hd__and4_1)
                  0.14    0.27    5.57 ^ _12379_/X (sky130_fd_sc_hd__and4_1)
     1    0.01                           _05898_ (net)
                  0.14    0.00    5.57 ^ _12380_/A (sky130_fd_sc_hd__buf_6)
                  0.09    0.17    5.74 ^ _12380_/X (sky130_fd_sc_hd__buf_6)
    12    0.04                           _05899_ (net)
                  0.09    0.00    5.75 ^ _12383_/A (sky130_fd_sc_hd__nor2_1)
                  0.04    0.06    5.81 v _12383_/Y (sky130_fd_sc_hd__nor2_1)
     1    0.00                           _05902_ (net)
                  0.04    0.00    5.81 v _12387_/A (sky130_fd_sc_hd__or4_2)
                  0.16    0.79    6.59 v _12387_/X (sky130_fd_sc_hd__or4_2)
     5    0.02                           _05906_ (net)
                  0.16    0.00    6.59 v _12444_/A2 (sky130_fd_sc_hd__o21a_1)
                  0.04    0.23    6.82 v _12444_/X (sky130_fd_sc_hd__o21a_1)
     1    0.00                           _05961_ (net)
                  0.04    0.00    6.82 v _12445_/C1 (sky130_fd_sc_hd__a211o_1)
                  0.08    0.28    7.10 v _12445_/X (sky130_fd_sc_hd__a211o_1)
     2    0.01                           _05962_ (net)
                  0.08    0.00    7.10 v _12588_/B2 (sky130_fd_sc_hd__a221o_1)
                  0.06    0.35    7.45 v _12588_/X (sky130_fd_sc_hd__a221o_1)
     1    0.00                           _06101_ (net)
                  0.06    0.00    7.45 v _12589_/B1 (sky130_fd_sc_hd__a31o_2)
                  0.11    0.31    7.76 v _12589_/X (sky130_fd_sc_hd__a31o_2)
     7    0.04                           _06102_ (net)
                  0.11    0.00    7.76 v _12795_/A1 (sky130_fd_sc_hd__a21o_1)
                  0.11    0.26    8.02 v _12795_/X (sky130_fd_sc_hd__a21o_1)
     4    0.02                           _06302_ (net)
                  0.11    0.00    8.02 v _12827_/S (sky130_fd_sc_hd__mux2_1)
                  0.07    0.37    8.39 v _12827_/X (sky130_fd_sc_hd__mux2_1)
     2    0.01                           _06333_ (net)
                  0.07    0.00    8.39 v _12837_/C (sky130_fd_sc_hd__or4_1)
                  0.08    0.49    8.88 v _12837_/X (sky130_fd_sc_hd__or4_1)
     1    0.00                           _06343_ (net)
                  0.08    0.00    8.88 v _12850_/A3 (sky130_fd_sc_hd__a31o_1)
                  0.04    0.24    9.12 v _12850_/X (sky130_fd_sc_hd__a31o_1)
     1    0.00                           _01090_ (net)
                  0.04    0.00    9.12 v _14757_/D (sky130_fd_sc_hd__dfxtp_4)
                                  9.12   data arrival time

                         10.00   10.00   clock clk_i (rise edge)
                          0.00   10.00   clock source latency
                  0.33    0.22   10.22 ^ clk_i (in)
     1    0.07                           clk_i (net)
                  0.33    0.00   10.22 ^ clkbuf_0_clk_i/A (sky130_fd_sc_hd__clkbuf_16)
                  0.28    0.36   10.57 ^ clkbuf_0_clk_i/X (sky130_fd_sc_hd__clkbuf_16)
    16    0.27                           clknet_0_clk_i (net)
                  0.28    0.01   10.59 ^ clkbuf_4_10_0_clk_i/A (sky130_fd_sc_hd__clkbuf_8)
                  0.17    0.28   10.87 ^ clkbuf_4_10_0_clk_i/X (sky130_fd_sc_hd__clkbuf_8)
     7    0.10                           clknet_4_10_0_clk_i (net)
                  0.17    0.01   10.88 ^ clkbuf_leaf_125_clk_i/A (sky130_fd_sc_hd__clkbuf_16)
                  0.04    0.15   11.03 ^ clkbuf_leaf_125_clk_i/X (sky130_fd_sc_hd__clkbuf_16)
     3    0.01                           clknet_leaf_125_clk_i (net)
                  0.04    0.00   11.03 ^ _14757_/CLK (sky130_fd_sc_hd__dfxtp_4)
                         -0.25   10.78   clock uncertainty
                          0.00   10.78   clock reconvergence pessimism
                         -0.11   10.67   library setup time
                                 10.67   data required time
-----------------------------------------------------------------------------
                                 10.67   data required time
                                 -9.12   data arrival time
-----------------------------------------------------------------------------
                                  1.55   slack (MET)



===========================================================================
report_checks --slack_max -0.01
============================================================================
No paths found.
check_report_end
parastic_annotation_check

===========================================================================
report_parasitic_annotation -report_unannotated
============================================================================
Found 2 unannotated drivers.
 toast_top_198/HI
 toast_top_199/HI
Found 0 partially unannotated drivers.
parastic_annotation_check
check_slew

===========================================================================
 report_check_types -max_slew -max_cap -max_fanout -violators
============================================================================
max slew

Pin                                    Limit    Slew   Slack
------------------------------------------------------------
_08470_/Y                               1.50    1.50   -0.01 (VIOLATED)
_08526_/S                               1.50    1.50   -0.00 (VIOLATED)
_08524_/S                               1.50    1.50   -0.00 (VIOLATED)
_08518_/S                               1.50    1.50   -0.00 (VIOLATED)
_08522_/S                               1.50    1.50   -0.00 (VIOLATED)
_08520_/S                               1.50    1.50   -0.00 (VIOLATED)
_08516_/S                               1.50    1.50   -0.00 (VIOLATED)
_08514_/S                               1.50    1.50   -0.00 (VIOLATED)
_08512_/S                               1.50    1.50   -0.00 (VIOLATED)
_08508_/S                               1.50    1.50   -0.00 (VIOLATED)
_08510_/S                               1.50    1.50   -0.00 (VIOLATED)
_08528_/S                               1.50    1.50   -0.00 (VIOLATED)
_08530_/S                               1.50    1.50   -0.00 (VIOLATED)
_08506_/S                               1.50    1.50   -0.00 (VIOLATED)
_08532_/S                               1.50    1.50   -0.00 (VIOLATED)
_08534_/S                               1.50    1.50   -0.00 (VIOLATED)

max fanout

Pin                                   Limit Fanout  Slack
---------------------------------------------------------
_08610_/X                                17     20     -3 (VIOLATED)
_09589_/X                                17     19     -2 (VIOLATED)
input76/X                                17     19     -2 (VIOLATED)
_06816_/X                                17     18        (VIOLATED)
_07859_/X                                17     18        (VIOLATED)
_07860_/X                                17     18        (VIOLATED)
_07871_/X                                17     18        (VIOLATED)
_07895_/X                                17     18        (VIOLATED)
_07936_/X                                17     18        (VIOLATED)
_07972_/X                                17     18        (VIOLATED)
_08596_/X                                17     18        (VIOLATED)
_08598_/X                                17     18        (VIOLATED)
_09183_/X                                17     18        (VIOLATED)
_09592_/X                                17     18        (VIOLATED)
_09600_/X                                17     18        (VIOLATED)
_09719_/X                                17     18        (VIOLATED)
_10567_/X                                17     18        (VIOLATED)
_10700_/X                                17     18        (VIOLATED)

max capacitance

Pin                                    Limit     Cap   Slack
------------------------------------------------------------
_08470_/Y                               0.15    0.16   -0.00 (VIOLATED)


===========================================================================
max slew violation count 16
max fanout violation count 18
max cap violation count 1
============================================================================
check_slew_end
tns_report

===========================================================================
 report_tns
============================================================================
tns 0.00
tns_report_end
wns_report

===========================================================================
 report_wns
============================================================================
wns 0.00
wns_report_end
worst_slack

===========================================================================
 report_worst_slack -max (Setup)
============================================================================
worst slack 1.55

===========================================================================
 report_worst_slack -min (Hold)
============================================================================
worst slack 0.20
worst_slack_end
clock_skew

===========================================================================
 report_clock_skew
============================================================================
Clock clk_i
Latency      CRPR       Skew
_14674_/CLK ^
   1.29
_14732_/CLK ^
   0.87     -0.06       0.36

clock_skew_end
power_report

===========================================================================
 report_power
============================================================================
Group                  Internal  Switching    Leakage      Total
                          Power      Power      Power      Power (Watts)
----------------------------------------------------------------
Sequential             6.30e-03   5.56e-04   1.22e-08   6.85e-03  39.0%
Combinational          5.28e-03   5.42e-03   5.76e-08   1.07e-02  61.0%
Macro                  0.00e+00   0.00e+00   0.00e+00   0.00e+00   0.0%
Pad                    0.00e+00   0.00e+00   0.00e+00   0.00e+00   0.0%
----------------------------------------------------------------
Total                  1.16e-02   5.98e-03   6.98e-08   1.75e-02 100.0%
                          65.9%      34.1%       0.0%
power_report_end
area_report

===========================================================================
 report_design_area
============================================================================
Design area 104565 u^2 56% utilization.
area_report_end
Setting global connections for newly added cells...
[WARNING] Did not save OpenROAD database!
Writing SDF to /openlane/designs/toast_top/runs/delay_four/results/routing/mca/process_corner_nom/toast_top.sdf...
Writing timing model to /openlane/designs/toast_top/runs/delay_four/results/routing/mca/process_corner_nom/toast_top.lib...
