Reading /openlane/designs/toast_top/runs/delay_four/results/signoff/toast_top.gds ..
Reading /openlane/designs/toast_top/runs/delay_four/results/signoff/toast_top.klayout.gds ..
--- Running XOR for layer 10/0 ---
"input" in: xor.drc:87
    Polygons (raw): 0 (flat)  0 (hierarchical)
    Elapsed: 0.000s  Memory: 424.00M
"input" in: xor.drc:87
    Polygons (raw): 2896 (flat)  5 (hierarchical)
    Elapsed: 0.000s  Memory: 424.00M
"^" in: xor.drc:87
    Polygons (raw): 2896 (flat)  5 (hierarchical)
    Elapsed: 0.000s  Memory: 424.00M
XOR differences: 2896
"output" in: xor.drc:65
    Polygons (raw): 2896 (flat)  5 (hierarchical)
    Elapsed: 0.010s  Memory: 424.00M
--- Running XOR for layer 11/0 ---
"input" in: xor.drc:87
    Polygons (raw): 0 (flat)  0 (hierarchical)
    Elapsed: 0.000s  Memory: 424.00M
"input" in: xor.drc:87
    Polygons (raw): 2032 (flat)  558 (hierarchical)
    Elapsed: 0.000s  Memory: 424.00M
"^" in: xor.drc:87
    Polygons (raw): 2032 (flat)  558 (hierarchical)
    Elapsed: 0.000s  Memory: 424.00M
XOR differences: 2032
"output" in: xor.drc:65
    Polygons (raw): 2032 (flat)  558 (hierarchical)
    Elapsed: 0.010s  Memory: 424.00M
--- Running XOR for layer 11/1 ---
"input" in: xor.drc:87
    Polygons (raw): 0 (flat)  0 (hierarchical)
    Elapsed: 0.000s  Memory: 424.00M
"input" in: xor.drc:87
    Polygons (raw): 0 (flat)  0 (hierarchical)
    Elapsed: 0.000s  Memory: 424.00M
"^" in: xor.drc:87
    Polygons (raw): 0 (flat)  0 (hierarchical)
    Elapsed: 0.000s  Memory: 424.00M
XOR differences: 0
"output" in: xor.drc:65
    Polygons (raw): 0 (flat)  0 (hierarchical)
    Elapsed: 0.010s  Memory: 424.00M
--- Running XOR for layer 11/2 ---
"input" in: xor.drc:87
    Polygons (raw): 0 (flat)  0 (hierarchical)
    Elapsed: 0.000s  Memory: 424.00M
"input" in: xor.drc:87
    Polygons (raw): 6 (flat)  6 (hierarchical)
    Elapsed: 0.000s  Memory: 424.00M
"^" in: xor.drc:87
    Polygons (raw): 6 (flat)  6 (hierarchical)
    Elapsed: 0.000s  Memory: 424.00M
XOR differences: 6
"output" in: xor.drc:65
    Polygons (raw): 6 (flat)  6 (hierarchical)
    Elapsed: 0.020s  Memory: 424.00M
--- Running XOR for layer 12/0 ---
"input" in: xor.drc:87
    Polygons (raw): 0 (flat)  0 (hierarchical)
    Elapsed: 0.000s  Memory: 424.00M
"input" in: xor.drc:87
    Polygons (raw): 22 (flat)  2 (hierarchical)
    Elapsed: 0.000s  Memory: 424.00M
"^" in: xor.drc:87
    Polygons (raw): 22 (flat)  2 (hierarchical)
    Elapsed: 0.000s  Memory: 424.00M
XOR differences: 22
"output" in: xor.drc:65
    Polygons (raw): 22 (flat)  2 (hierarchical)
    Elapsed: 0.020s  Memory: 424.00M
--- Running XOR for layer 122/16 ---
"input" in: xor.drc:87
    Polygons (raw): 26316 (flat)  183 (hierarchical)
    Elapsed: 0.000s  Memory: 424.00M
"input" in: xor.drc:87
    Polygons (raw): 26316 (flat)  183 (hierarchical)
    Elapsed: 0.000s  Memory: 424.00M
"^" in: xor.drc:87
    Polygons (raw): 0 (flat)  0 (hierarchical)
    Elapsed: 0.250s  Memory: 424.00M
XOR differences: 0
"output" in: xor.drc:65
    Polygons (raw): 0 (flat)  0 (hierarchical)
    Elapsed: 0.000s  Memory: 424.00M
--- Running XOR for layer 13/0 ---
"input" in: xor.drc:87
    Polygons (raw): 0 (flat)  0 (hierarchical)
    Elapsed: 0.000s  Memory: 424.00M
"input" in: xor.drc:87
    Polygons (raw): 30 (flat)  10 (hierarchical)
    Elapsed: 0.000s  Memory: 424.00M
"^" in: xor.drc:87
    Polygons (raw): 30 (flat)  10 (hierarchical)
    Elapsed: 0.000s  Memory: 424.00M
XOR differences: 30
"output" in: xor.drc:65
    Polygons (raw): 30 (flat)  10 (hierarchical)
    Elapsed: 0.020s  Memory: 424.00M
--- Running XOR for layer 13/1 ---
"input" in: xor.drc:87
    Polygons (raw): 0 (flat)  0 (hierarchical)
    Elapsed: 0.000s  Memory: 424.00M
"input" in: xor.drc:87
    Polygons (raw): 0 (flat)  0 (hierarchical)
    Elapsed: 0.000s  Memory: 424.00M
"^" in: xor.drc:87
    Polygons (raw): 0 (flat)  0 (hierarchical)
    Elapsed: 0.000s  Memory: 424.00M
XOR differences: 0
"output" in: xor.drc:65
    Polygons (raw): 0 (flat)  0 (hierarchical)
    Elapsed: 0.020s  Memory: 424.00M
--- Running XOR for layer 13/2 ---
"input" in: xor.drc:87
    Polygons (raw): 0 (flat)  0 (hierarchical)
    Elapsed: 0.000s  Memory: 424.00M
"input" in: xor.drc:87
    Polygons (raw): 6 (flat)  6 (hierarchical)
    Elapsed: 0.000s  Memory: 424.00M
"^" in: xor.drc:87
    Polygons (raw): 6 (flat)  6 (hierarchical)
    Elapsed: 0.000s  Memory: 424.00M
XOR differences: 6
"output" in: xor.drc:65
    Polygons (raw): 6 (flat)  6 (hierarchical)
    Elapsed: 0.010s  Memory: 424.00M
--- Running XOR for layer 14/0 ---
"input" in: xor.drc:87
    Polygons (raw): 0 (flat)  0 (hierarchical)
    Elapsed: 0.000s  Memory: 424.00M
"input" in: xor.drc:87
    Polygons (raw): 1 (flat)  1 (hierarchical)
    Elapsed: 0.000s  Memory: 424.00M
"^" in: xor.drc:87
    Polygons (raw): 1 (flat)  1 (hierarchical)
    Elapsed: 0.000s  Memory: 424.00M
XOR differences: 1
"output" in: xor.drc:65
    Polygons (raw): 1 (flat)  1 (hierarchical)
    Elapsed: 0.010s  Memory: 424.00M
--- Running XOR for layer 235/4 ---
"input" in: xor.drc:87
    Polygons (raw): 1 (flat)  1 (hierarchical)
    Elapsed: 0.000s  Memory: 424.00M
"input" in: xor.drc:87
    Polygons (raw): 0 (flat)  0 (hierarchical)
    Elapsed: 0.000s  Memory: 424.00M
"^" in: xor.drc:87
    Polygons (raw): 1 (flat)  1 (hierarchical)
    Elapsed: 0.000s  Memory: 424.00M
XOR differences: 1
"output" in: xor.drc:65
    Polygons (raw): 1 (flat)  1 (hierarchical)
    Elapsed: 0.010s  Memory: 424.00M
--- Running XOR for layer 236/0 ---
"input" in: xor.drc:87
    Polygons (raw): 18792 (flat)  174 (hierarchical)
    Elapsed: 0.000s  Memory: 424.00M
"input" in: xor.drc:87
    Polygons (raw): 18792 (flat)  174 (hierarchical)
    Elapsed: 0.000s  Memory: 424.00M
"^" in: xor.drc:87
    Polygons (raw): 0 (flat)  0 (hierarchical)
    Elapsed: 0.190s  Memory: 435.00M
XOR differences: 0
"output" in: xor.drc:65
    Polygons (raw): 0 (flat)  0 (hierarchical)
    Elapsed: 0.000s  Memory: 435.00M
--- Running XOR for layer 3/0 ---
"input" in: xor.drc:87
    Polygons (raw): 0 (flat)  0 (hierarchical)
    Elapsed: 0.000s  Memory: 435.00M
"input" in: xor.drc:87
    Polygons (raw): 30355 (flat)  1 (hierarchical)
    Elapsed: 0.000s  Memory: 435.00M
"^" in: xor.drc:87
    Polygons (raw): 30355 (flat)  1 (hierarchical)
    Elapsed: 0.000s  Memory: 435.00M
XOR differences: 30355
"output" in: xor.drc:65
    Polygons (raw): 30355 (flat)  1 (hierarchical)
    Elapsed: 0.010s  Memory: 435.00M
--- Running XOR for layer 4/0 ---
"input" in: xor.drc:87
    Polygons (raw): 0 (flat)  0 (hierarchical)
    Elapsed: 0.000s  Memory: 435.00M
"input" in: xor.drc:87
    Polygons (raw): 30355 (flat)  1 (hierarchical)
    Elapsed: 0.000s  Memory: 435.00M
"^" in: xor.drc:87
    Polygons (raw): 30355 (flat)  1 (hierarchical)
    Elapsed: 0.000s  Memory: 435.00M
XOR differences: 30355
"output" in: xor.drc:65
    Polygons (raw): 30355 (flat)  1 (hierarchical)
    Elapsed: 0.010s  Memory: 435.00M
--- Running XOR for layer 5/0 ---
"input" in: xor.drc:87
    Polygons (raw): 0 (flat)  0 (hierarchical)
    Elapsed: 0.000s  Memory: 435.00M
"input" in: xor.drc:87
    Polygons (raw): 111002 (flat)  41972 (hierarchical)
    Elapsed: 0.000s  Memory: 435.00M
"^" in: xor.drc:87
    Polygons (raw): 111002 (flat)  41972 (hierarchical)
    Elapsed: 0.000s  Memory: 435.00M
XOR differences: 111002
"output" in: xor.drc:65
    Polygons (raw): 111002 (flat)  41972 (hierarchical)
    Elapsed: 0.050s  Memory: 445.00M
--- Running XOR for layer 6/0 ---
"input" in: xor.drc:87
    Polygons (raw): 0 (flat)  0 (hierarchical)
    Elapsed: 0.000s  Memory: 445.00M
"input" in: xor.drc:87
    Polygons (raw): 40599 (flat)  7 (hierarchical)
    Elapsed: 0.000s  Memory: 445.00M
"^" in: xor.drc:87
    Polygons (raw): 40599 (flat)  7 (hierarchical)
    Elapsed: 0.000s  Memory: 445.00M
XOR differences: 40599
"output" in: xor.drc:65
    Polygons (raw): 40599 (flat)  7 (hierarchical)
    Elapsed: 0.010s  Memory: 445.00M
--- Running XOR for layer 64/16 ---
"input" in: xor.drc:87
    Polygons (raw): 26311 (flat)  182 (hierarchical)
    Elapsed: 0.000s  Memory: 445.00M
"input" in: xor.drc:87
    Polygons (raw): 26311 (flat)  182 (hierarchical)
    Elapsed: 0.000s  Memory: 445.00M
"^" in: xor.drc:87
    Polygons (raw): 0 (flat)  0 (hierarchical)
    Elapsed: 0.240s  Memory: 453.00M
XOR differences: 0
"output" in: xor.drc:65
    Polygons (raw): 0 (flat)  0 (hierarchical)
    Elapsed: 0.000s  Memory: 453.00M
--- Running XOR for layer 64/20 ---
"input" in: xor.drc:87
    Polygons (raw): 27313 (flat)  177 (hierarchical)
    Elapsed: 0.000s  Memory: 453.00M
"input" in: xor.drc:87
    Polygons (raw): 27313 (flat)  177 (hierarchical)
    Elapsed: 0.000s  Memory: 453.00M
"^" in: xor.drc:87
    Polygons (raw): 0 (flat)  0 (hierarchical)
    Elapsed: 0.300s  Memory: 459.00M
XOR differences: 0
"output" in: xor.drc:65
    Polygons (raw): 0 (flat)  0 (hierarchical)
    Elapsed: 0.000s  Memory: 459.00M
--- Running XOR for layer 64/5 ---
"input" in: xor.drc:87
    Polygons (raw): 0 (flat)  0 (hierarchical)
    Elapsed: 0.000s  Memory: 459.00M
"input" in: xor.drc:87
    Polygons (raw): 0 (flat)  0 (hierarchical)
    Elapsed: 0.000s  Memory: 459.00M
"^" in: xor.drc:87
    Polygons (raw): 0 (flat)  0 (hierarchical)
    Elapsed: 0.080s  Memory: 459.00M
XOR differences: 0
"output" in: xor.drc:65
    Polygons (raw): 0 (flat)  0 (hierarchical)
    Elapsed: 0.000s  Memory: 459.00M
--- Running XOR for layer 64/59 ---
"input" in: xor.drc:87
    Polygons (raw): 0 (flat)  0 (hierarchical)
    Elapsed: 0.000s  Memory: 459.00M
"input" in: xor.drc:87
    Polygons (raw): 0 (flat)  0 (hierarchical)
    Elapsed: 0.000s  Memory: 459.00M
"^" in: xor.drc:87
    Polygons (raw): 0 (flat)  0 (hierarchical)
    Elapsed: 0.080s  Memory: 459.00M
XOR differences: 0
"output" in: xor.drc:65
    Polygons (raw): 0 (flat)  0 (hierarchical)
    Elapsed: 0.000s  Memory: 459.00M
--- Running XOR for layer 65/20 ---
"input" in: xor.drc:87
    Polygons (raw): 50081 (flat)  510 (hierarchical)
    Elapsed: 0.000s  Memory: 459.00M
"input" in: xor.drc:87
    Polygons (raw): 50081 (flat)  510 (hierarchical)
    Elapsed: 0.000s  Memory: 459.00M
"^" in: xor.drc:87
    Polygons (raw): 0 (flat)  0 (hierarchical)
    Elapsed: 0.410s  Memory: 459.00M
XOR differences: 0
"output" in: xor.drc:65
    Polygons (raw): 0 (flat)  0 (hierarchical)
    Elapsed: 0.010s  Memory: 459.00M
--- Running XOR for layer 65/44 ---
"input" in: xor.drc:87
    Polygons (raw): 5312 (flat)  2 (hierarchical)
    Elapsed: 0.000s  Memory: 459.00M
"input" in: xor.drc:87
    Polygons (raw): 5312 (flat)  2 (hierarchical)
    Elapsed: 0.000s  Memory: 459.00M
"^" in: xor.drc:87
    Polygons (raw): 0 (flat)  0 (hierarchical)
    Elapsed: 0.060s  Memory: 459.00M
XOR differences: 0
"output" in: xor.drc:65
    Polygons (raw): 0 (flat)  0 (hierarchical)
    Elapsed: 0.000s  Memory: 459.00M
--- Running XOR for layer 66/15 ---
"input" in: xor.drc:87
    Polygons (raw): 4 (flat)  2 (hierarchical)
    Elapsed: 0.000s  Memory: 459.00M
"input" in: xor.drc:87
    Polygons (raw): 4 (flat)  2 (hierarchical)
    Elapsed: 0.000s  Memory: 459.00M
"^" in: xor.drc:87
    Polygons (raw): 0 (flat)  0 (hierarchical)
    Elapsed: 0.020s  Memory: 459.00M
XOR differences: 0
"output" in: xor.drc:65
    Polygons (raw): 0 (flat)  0 (hierarchical)
    Elapsed: 0.000s  Memory: 459.00M
--- Running XOR for layer 66/20 ---
"input" in: xor.drc:87
    Polygons (raw): 78498 (flat)  887 (hierarchical)
    Elapsed: 0.000s  Memory: 459.00M
"input" in: xor.drc:87
    Polygons (raw): 78498 (flat)  887 (hierarchical)
    Elapsed: 0.000s  Memory: 459.00M
"^" in: xor.drc:87
    Polygons (raw): 0 (flat)  0 (hierarchical)
    Elapsed: 1.100s  Memory: 459.00M
XOR differences: 0
"output" in: xor.drc:65
    Polygons (raw): 0 (flat)  0 (hierarchical)
    Elapsed: 0.000s  Memory: 459.00M
--- Running XOR for layer 66/44 ---
"input" in: xor.drc:87
    Polygons (raw): 340964 (flat)  5730 (hierarchical)
    Elapsed: 0.000s  Memory: 459.00M
"input" in: xor.drc:87
    Polygons (raw): 340964 (flat)  5730 (hierarchical)
    Elapsed: 0.000s  Memory: 459.00M
"^" in: xor.drc:87
    Polygons (raw): 0 (flat)  0 (hierarchical)
    Elapsed: 1.920s  Memory: 463.00M
XOR differences: 0
"output" in: xor.drc:65
    Polygons (raw): 0 (flat)  0 (hierarchical)
    Elapsed: 0.000s  Memory: 463.00M
--- Running XOR for layer 67/16 ---
"input" in: xor.drc:87
    Polygons (raw): 60363 (flat)  1523 (hierarchical)
    Elapsed: 0.000s  Memory: 463.00M
"input" in: xor.drc:87
    Polygons (raw): 60363 (flat)  1523 (hierarchical)
    Elapsed: 0.000s  Memory: 463.00M
"^" in: xor.drc:87
    Polygons (raw): 0 (flat)  0 (hierarchical)
    Elapsed: 0.300s  Memory: 468.00M
XOR differences: 0
"output" in: xor.drc:65
    Polygons (raw): 0 (flat)  0 (hierarchical)
    Elapsed: 0.000s  Memory: 468.00M
--- Running XOR for layer 67/20 ---
"input" in: xor.drc:87
    Polygons (raw): 159817 (flat)  31874 (hierarchical)
    Elapsed: 0.000s  Memory: 468.00M
"input" in: xor.drc:87
    Polygons (raw): 129462 (flat)  1519 (hierarchical)
    Elapsed: 0.000s  Memory: 468.00M
"^" in: xor.drc:87
    Polygons (raw): 3733 (flat)  3733 (hierarchical)
    Elapsed: 2.200s  Memory: 474.00M
XOR differences: 3733
"output" in: xor.drc:65
    Polygons (raw): 3733 (flat)  3733 (hierarchical)
    Elapsed: 0.000s  Memory: 474.00M
--- Running XOR for layer 67/44 ---
"input" in: xor.drc:87
    Polygons (raw): 343155 (flat)  33731 (hierarchical)
    Elapsed: 0.000s  Memory: 474.00M
"input" in: xor.drc:87
    Polygons (raw): 312800 (flat)  3376 (hierarchical)
    Elapsed: 0.000s  Memory: 474.00M
"^" in: xor.drc:87
    Polygons (raw): 30355 (flat)  30355 (hierarchical)
    Elapsed: 1.500s  Memory: 474.00M
XOR differences: 30355
"output" in: xor.drc:65
    Polygons (raw): 30355 (flat)  30355 (hierarchical)
    Elapsed: 0.040s  Memory: 474.00M
--- Running XOR for layer 67/5 ---
"input" in: xor.drc:87
    Polygons (raw): 0 (flat)  0 (hierarchical)
    Elapsed: 0.000s  Memory: 474.00M
"input" in: xor.drc:87
    Polygons (raw): 0 (flat)  0 (hierarchical)
    Elapsed: 0.000s  Memory: 474.00M
"^" in: xor.drc:87
    Polygons (raw): 0 (flat)  0 (hierarchical)
    Elapsed: 0.050s  Memory: 474.00M
XOR differences: 0
"output" in: xor.drc:65
    Polygons (raw): 0 (flat)  0 (hierarchical)
    Elapsed: 0.000s  Memory: 474.00M
--- Running XOR for layer 68/16 ---
"input" in: xor.drc:87
    Polygons (raw): 54665 (flat)  365 (hierarchical)
    Elapsed: 0.000s  Memory: 474.00M
"input" in: xor.drc:87
    Polygons (raw): 54665 (flat)  365 (hierarchical)
    Elapsed: 0.000s  Memory: 474.00M
"^" in: xor.drc:87
    Polygons (raw): 0 (flat)  0 (hierarchical)
    Elapsed: 0.390s  Memory: 480.00M
XOR differences: 0
"output" in: xor.drc:65
    Polygons (raw): 0 (flat)  0 (hierarchical)
    Elapsed: 0.000s  Memory: 480.00M
--- Running XOR for layer 68/20 ---
"input" in: xor.drc:87
    Polygons (raw): 201845 (flat)  142955 (hierarchical)
    Elapsed: 0.010s  Memory: 480.00M
"input" in: xor.drc:87
    Polygons (raw): 59269 (flat)  379 (hierarchical)
    Elapsed: 0.000s  Memory: 480.00M
"^" in: xor.drc:87
    Polygons (raw): 31019 (flat)  31019 (hierarchical)
    Elapsed: 0.950s  Memory: 520.00M
XOR differences: 31019
"output" in: xor.drc:65
    Polygons (raw): 31019 (flat)  31019 (hierarchical)
    Elapsed: 0.060s  Memory: 520.00M
--- Running XOR for layer 68/44 ---
"input" in: xor.drc:87
    Polygons (raw): 40599 (flat)  40599 (hierarchical)
    Elapsed: 0.000s  Memory: 520.00M
"input" in: xor.drc:87
    Polygons (raw): 0 (flat)  0 (hierarchical)
    Elapsed: 0.000s  Memory: 520.00M
"^" in: xor.drc:87
    Polygons (raw): 40599 (flat)  40599 (hierarchical)
    Elapsed: 0.000s  Memory: 520.00M
XOR differences: 40599
"output" in: xor.drc:65
    Polygons (raw): 40599 (flat)  40599 (hierarchical)
    Elapsed: 0.040s  Memory: 520.00M
--- Running XOR for layer 68/5 ---
"input" in: xor.drc:87
    Polygons (raw): 0 (flat)  0 (hierarchical)
    Elapsed: 0.000s  Memory: 520.00M
"input" in: xor.drc:87
    Polygons (raw): 0 (flat)  0 (hierarchical)
    Elapsed: 0.000s  Memory: 520.00M
"^" in: xor.drc:87
    Polygons (raw): 0 (flat)  0 (hierarchical)
    Elapsed: 0.090s  Memory: 520.00M
XOR differences: 0
"output" in: xor.drc:65
    Polygons (raw): 0 (flat)  0 (hierarchical)
    Elapsed: 0.000s  Memory: 520.00M
--- Running XOR for layer 69/16 ---
"input" in: xor.drc:87
    Polygons (raw): 102 (flat)  102 (hierarchical)
    Elapsed: 0.000s  Memory: 520.00M
"input" in: xor.drc:87
    Polygons (raw): 0 (flat)  0 (hierarchical)
    Elapsed: 0.000s  Memory: 520.00M
"^" in: xor.drc:87
    Polygons (raw): 102 (flat)  102 (hierarchical)
    Elapsed: 0.000s  Memory: 520.00M
XOR differences: 102
"output" in: xor.drc:65
    Polygons (raw): 102 (flat)  102 (hierarchical)
    Elapsed: 0.010s  Memory: 520.00M
--- Running XOR for layer 69/20 ---
"input" in: xor.drc:87
    Polygons (raw): 72390 (flat)  72390 (hierarchical)
    Elapsed: 0.000s  Memory: 520.00M
"input" in: xor.drc:87
    Polygons (raw): 0 (flat)  0 (hierarchical)
    Elapsed: 0.000s  Memory: 520.00M
"^" in: xor.drc:87
    Polygons (raw): 72390 (flat)  72390 (hierarchical)
    Elapsed: 0.000s  Memory: 520.00M
XOR differences: 72390
"output" in: xor.drc:65
    Polygons (raw): 72390 (flat)  72390 (hierarchical)
    Elapsed: 0.070s  Memory: 535.00M
--- Running XOR for layer 69/44 ---
"input" in: xor.drc:87
    Polygons (raw): 5420 (flat)  5420 (hierarchical)
    Elapsed: 0.000s  Memory: 535.00M
"input" in: xor.drc:87
    Polygons (raw): 0 (flat)  0 (hierarchical)
    Elapsed: 0.000s  Memory: 535.00M
"^" in: xor.drc:87
    Polygons (raw): 5420 (flat)  5420 (hierarchical)
    Elapsed: 0.000s  Memory: 535.00M
XOR differences: 5420
"output" in: xor.drc:65
    Polygons (raw): 5420 (flat)  5420 (hierarchical)
    Elapsed: 0.010s  Memory: 537.00M
--- Running XOR for layer 69/5 ---
"input" in: xor.drc:87
    Polygons (raw): 0 (flat)  0 (hierarchical)
    Elapsed: 0.000s  Memory: 537.00M
"input" in: xor.drc:87
    Polygons (raw): 0 (flat)  0 (hierarchical)
    Elapsed: 0.000s  Memory: 537.00M
"^" in: xor.drc:87
    Polygons (raw): 0 (flat)  0 (hierarchical)
    Elapsed: 0.000s  Memory: 537.00M
XOR differences: 0
"output" in: xor.drc:65
    Polygons (raw): 0 (flat)  0 (hierarchical)
    Elapsed: 0.010s  Memory: 539.00M
--- Running XOR for layer 7/0 ---
"input" in: xor.drc:87
    Polygons (raw): 0 (flat)  0 (hierarchical)
    Elapsed: 0.000s  Memory: 539.00M
"input" in: xor.drc:87
    Polygons (raw): 71787 (flat)  29133 (hierarchical)
    Elapsed: 0.000s  Memory: 539.00M
"^" in: xor.drc:87
    Polygons (raw): 71787 (flat)  29133 (hierarchical)
    Elapsed: 0.000s  Memory: 539.00M
XOR differences: 71787
"output" in: xor.drc:65
    Polygons (raw): 71787 (flat)  29133 (hierarchical)
    Elapsed: 0.050s  Memory: 554.00M
--- Running XOR for layer 7/1 ---
"input" in: xor.drc:87
    Polygons (raw): 0 (flat)  0 (hierarchical)
    Elapsed: 0.000s  Memory: 554.00M
"input" in: xor.drc:87
    Polygons (raw): 0 (flat)  0 (hierarchical)
    Elapsed: 0.000s  Memory: 554.00M
"^" in: xor.drc:87
    Polygons (raw): 0 (flat)  0 (hierarchical)
    Elapsed: 0.000s  Memory: 554.00M
XOR differences: 0
"output" in: xor.drc:65
    Polygons (raw): 0 (flat)  0 (hierarchical)
    Elapsed: 0.010s  Memory: 555.00M
--- Running XOR for layer 7/2 ---
"input" in: xor.drc:87
    Polygons (raw): 0 (flat)  0 (hierarchical)
    Elapsed: 0.000s  Memory: 555.00M
"input" in: xor.drc:87
    Polygons (raw): 102 (flat)  102 (hierarchical)
    Elapsed: 0.000s  Memory: 555.00M
"^" in: xor.drc:87
    Polygons (raw): 102 (flat)  102 (hierarchical)
    Elapsed: 0.000s  Memory: 555.00M
XOR differences: 102
"output" in: xor.drc:65
    Polygons (raw): 102 (flat)  102 (hierarchical)
    Elapsed: 0.020s  Memory: 555.00M
--- Running XOR for layer 70/16 ---
"input" in: xor.drc:87
    Polygons (raw): 98 (flat)  98 (hierarchical)
    Elapsed: 0.010s  Memory: 555.00M
"input" in: xor.drc:87
    Polygons (raw): 0 (flat)  0 (hierarchical)
    Elapsed: 0.000s  Memory: 555.00M
"^" in: xor.drc:87
    Polygons (raw): 98 (flat)  98 (hierarchical)
    Elapsed: 0.000s  Memory: 555.00M
XOR differences: 98
"output" in: xor.drc:65
    Polygons (raw): 98 (flat)  98 (hierarchical)
    Elapsed: 0.010s  Memory: 555.00M
--- Running XOR for layer 70/20 ---
"input" in: xor.drc:87
    Polygons (raw): 11971 (flat)  11971 (hierarchical)
    Elapsed: 0.000s  Memory: 555.00M
"input" in: xor.drc:87
    Polygons (raw): 0 (flat)  0 (hierarchical)
    Elapsed: 0.000s  Memory: 555.00M
"^" in: xor.drc:87
    Polygons (raw): 11971 (flat)  11971 (hierarchical)
    Elapsed: 0.000s  Memory: 555.00M
XOR differences: 11971
"output" in: xor.drc:65
    Polygons (raw): 11971 (flat)  11971 (hierarchical)
    Elapsed: 0.020s  Memory: 556.00M
--- Running XOR for layer 70/44 ---
"input" in: xor.drc:87
    Polygons (raw): 2896 (flat)  2896 (hierarchical)
    Elapsed: 0.000s  Memory: 556.00M
"input" in: xor.drc:87
    Polygons (raw): 0 (flat)  0 (hierarchical)
    Elapsed: 0.000s  Memory: 556.00M
"^" in: xor.drc:87
    Polygons (raw): 2896 (flat)  2896 (hierarchical)
    Elapsed: 0.000s  Memory: 556.00M
XOR differences: 2896
"output" in: xor.drc:65
    Polygons (raw): 2896 (flat)  2896 (hierarchical)
    Elapsed: 0.010s  Memory: 557.00M
--- Running XOR for layer 70/5 ---
"input" in: xor.drc:87
    Polygons (raw): 0 (flat)  0 (hierarchical)
    Elapsed: 0.000s  Memory: 557.00M
"input" in: xor.drc:87
    Polygons (raw): 0 (flat)  0 (hierarchical)
    Elapsed: 0.000s  Memory: 557.00M
"^" in: xor.drc:87
    Polygons (raw): 0 (flat)  0 (hierarchical)
    Elapsed: 0.000s  Memory: 557.00M
XOR differences: 0
"output" in: xor.drc:65
    Polygons (raw): 0 (flat)  0 (hierarchical)
    Elapsed: 0.000s  Memory: 557.00M
--- Running XOR for layer 71/16 ---
"input" in: xor.drc:87
    Polygons (raw): 6 (flat)  6 (hierarchical)
    Elapsed: 0.000s  Memory: 557.00M
"input" in: xor.drc:87
    Polygons (raw): 0 (flat)  0 (hierarchical)
    Elapsed: 0.000s  Memory: 557.00M
"^" in: xor.drc:87
    Polygons (raw): 6 (flat)  6 (hierarchical)
    Elapsed: 0.000s  Memory: 557.00M
XOR differences: 6
"output" in: xor.drc:65
    Polygons (raw): 6 (flat)  6 (hierarchical)
    Elapsed: 0.000s  Memory: 557.00M
--- Running XOR for layer 71/20 ---
"input" in: xor.drc:87
    Polygons (raw): 1537 (flat)  1537 (hierarchical)
    Elapsed: 0.000s  Memory: 557.00M
"input" in: xor.drc:87
    Polygons (raw): 0 (flat)  0 (hierarchical)
    Elapsed: 0.000s  Memory: 557.00M
"^" in: xor.drc:87
    Polygons (raw): 1537 (flat)  1537 (hierarchical)
    Elapsed: 0.000s  Memory: 557.00M
XOR differences: 1537
"output" in: xor.drc:65
    Polygons (raw): 1537 (flat)  1537 (hierarchical)
    Elapsed: 0.010s  Memory: 558.00M
--- Running XOR for layer 71/44 ---
"input" in: xor.drc:87
    Polygons (raw): 22 (flat)  22 (hierarchical)
    Elapsed: 0.000s  Memory: 558.00M
"input" in: xor.drc:87
    Polygons (raw): 0 (flat)  0 (hierarchical)
    Elapsed: 0.000s  Memory: 558.00M
"^" in: xor.drc:87
    Polygons (raw): 22 (flat)  22 (hierarchical)
    Elapsed: 0.000s  Memory: 558.00M
XOR differences: 22
"output" in: xor.drc:65
    Polygons (raw): 22 (flat)  22 (hierarchical)
    Elapsed: 0.010s  Memory: 558.00M
--- Running XOR for layer 71/5 ---
"input" in: xor.drc:87
    Polygons (raw): 0 (flat)  0 (hierarchical)
    Elapsed: 0.000s  Memory: 558.00M
"input" in: xor.drc:87
    Polygons (raw): 0 (flat)  0 (hierarchical)
    Elapsed: 0.000s  Memory: 558.00M
"^" in: xor.drc:87
    Polygons (raw): 0 (flat)  0 (hierarchical)
    Elapsed: 0.000s  Memory: 558.00M
XOR differences: 0
"output" in: xor.drc:65
    Polygons (raw): 0 (flat)  0 (hierarchical)
    Elapsed: 0.000s  Memory: 558.00M
--- Running XOR for layer 72/16 ---
"input" in: xor.drc:87
    Polygons (raw): 6 (flat)  6 (hierarchical)
    Elapsed: 0.000s  Memory: 558.00M
"input" in: xor.drc:87
    Polygons (raw): 0 (flat)  0 (hierarchical)
    Elapsed: 0.000s  Memory: 558.00M
"^" in: xor.drc:87
    Polygons (raw): 6 (flat)  6 (hierarchical)
    Elapsed: 0.000s  Memory: 558.00M
XOR differences: 6
"output" in: xor.drc:65
    Polygons (raw): 6 (flat)  6 (hierarchical)
    Elapsed: 0.000s  Memory: 558.00M
--- Running XOR for layer 72/20 ---
"input" in: xor.drc:87
    Polygons (raw): 8 (flat)  8 (hierarchical)
    Elapsed: 0.000s  Memory: 558.00M
"input" in: xor.drc:87
    Polygons (raw): 0 (flat)  0 (hierarchical)
    Elapsed: 0.000s  Memory: 558.00M
"^" in: xor.drc:87
    Polygons (raw): 8 (flat)  8 (hierarchical)
    Elapsed: 0.000s  Memory: 558.00M
XOR differences: 8
"output" in: xor.drc:65
    Polygons (raw): 8 (flat)  8 (hierarchical)
    Elapsed: 0.000s  Memory: 558.00M
--- Running XOR for layer 72/5 ---
"input" in: xor.drc:87
    Polygons (raw): 0 (flat)  0 (hierarchical)
    Elapsed: 0.000s  Memory: 558.00M
"input" in: xor.drc:87
    Polygons (raw): 0 (flat)  0 (hierarchical)
    Elapsed: 0.000s  Memory: 558.00M
"^" in: xor.drc:87
    Polygons (raw): 0 (flat)  0 (hierarchical)
    Elapsed: 0.000s  Memory: 558.00M
XOR differences: 0
"output" in: xor.drc:65
    Polygons (raw): 0 (flat)  0 (hierarchical)
    Elapsed: 0.010s  Memory: 558.00M
--- Running XOR for layer 78/44 ---
"input" in: xor.drc:87
    Polygons (raw): 27341 (flat)  179 (hierarchical)
    Elapsed: 0.000s  Memory: 558.00M
"input" in: xor.drc:87
    Polygons (raw): 27341 (flat)  179 (hierarchical)
    Elapsed: 0.000s  Memory: 558.00M
"^" in: xor.drc:87
    Polygons (raw): 0 (flat)  0 (hierarchical)
    Elapsed: 0.240s  Memory: 572.00M
XOR differences: 0
"output" in: xor.drc:65
    Polygons (raw): 0 (flat)  0 (hierarchical)
    Elapsed: 0.000s  Memory: 572.00M
--- Running XOR for layer 8/0 ---
"input" in: xor.drc:87
    Polygons (raw): 0 (flat)  0 (hierarchical)
    Elapsed: 0.000s  Memory: 572.00M
"input" in: xor.drc:87
    Polygons (raw): 5420 (flat)  5 (hierarchical)
    Elapsed: 0.000s  Memory: 572.00M
"^" in: xor.drc:87
    Polygons (raw): 5420 (flat)  5 (hierarchical)
    Elapsed: 0.000s  Memory: 572.00M
XOR differences: 5420
"output" in: xor.drc:65
    Polygons (raw): 5420 (flat)  5 (hierarchical)
    Elapsed: 0.020s  Memory: 572.00M
--- Running XOR for layer 81/23 ---
"input" in: xor.drc:87
    Polygons (raw): 234 (flat)  1 (hierarchical)
    Elapsed: 0.000s  Memory: 572.00M
"input" in: xor.drc:87
    Polygons (raw): 234 (flat)  1 (hierarchical)
    Elapsed: 0.000s  Memory: 572.00M
"^" in: xor.drc:87
    Polygons (raw): 0 (flat)  0 (hierarchical)
    Elapsed: 0.030s  Memory: 572.00M
XOR differences: 0
"output" in: xor.drc:65
    Polygons (raw): 0 (flat)  0 (hierarchical)
    Elapsed: 0.000s  Memory: 572.00M
--- Running XOR for layer 81/4 ---
"input" in: xor.drc:87
    Polygons (raw): 27313 (flat)  177 (hierarchical)
    Elapsed: 0.000s  Memory: 572.00M
"input" in: xor.drc:87
    Polygons (raw): 27313 (flat)  177 (hierarchical)
    Elapsed: 0.000s  Memory: 572.00M
"^" in: xor.drc:87
    Polygons (raw): 0 (flat)  0 (hierarchical)
    Elapsed: 0.250s  Memory: 579.00M
XOR differences: 0
"output" in: xor.drc:65
    Polygons (raw): 0 (flat)  0 (hierarchical)
    Elapsed: 0.000s  Memory: 579.00M
--- Running XOR for layer 83/44 ---
"input" in: xor.drc:87
    Polygons (raw): 0 (flat)  0 (hierarchical)
    Elapsed: 0.000s  Memory: 579.00M
"input" in: xor.drc:87
    Polygons (raw): 0 (flat)  0 (hierarchical)
    Elapsed: 0.000s  Memory: 579.00M
"^" in: xor.drc:87
    Polygons (raw): 0 (flat)  0 (hierarchical)
    Elapsed: 0.080s  Memory: 579.00M
XOR differences: 0
"output" in: xor.drc:65
    Polygons (raw): 0 (flat)  0 (hierarchical)
    Elapsed: 0.000s  Memory: 579.00M
--- Running XOR for layer 9/0 ---
"input" in: xor.drc:87
    Polygons (raw): 0 (flat)  0 (hierarchical)
    Elapsed: 0.000s  Memory: 579.00M
"input" in: xor.drc:87
    Polygons (raw): 8891 (flat)  3459 (hierarchical)
    Elapsed: 0.000s  Memory: 579.00M
"^" in: xor.drc:87
    Polygons (raw): 8891 (flat)  3459 (hierarchical)
    Elapsed: 0.000s  Memory: 579.00M
XOR differences: 8891
"output" in: xor.drc:65
    Polygons (raw): 8891 (flat)  3459 (hierarchical)
    Elapsed: 0.020s  Memory: 579.00M
--- Running XOR for layer 9/1 ---
"input" in: xor.drc:87
    Polygons (raw): 0 (flat)  0 (hierarchical)
    Elapsed: 0.000s  Memory: 579.00M
"input" in: xor.drc:87
    Polygons (raw): 0 (flat)  0 (hierarchical)
    Elapsed: 0.000s  Memory: 579.00M
"^" in: xor.drc:87
    Polygons (raw): 0 (flat)  0 (hierarchical)
    Elapsed: 0.000s  Memory: 579.00M
XOR differences: 0
"output" in: xor.drc:65
    Polygons (raw): 0 (flat)  0 (hierarchical)
    Elapsed: 0.020s  Memory: 579.00M
--- Running XOR for layer 9/2 ---
"input" in: xor.drc:87
    Polygons (raw): 0 (flat)  0 (hierarchical)
    Elapsed: 0.000s  Memory: 579.00M
"input" in: xor.drc:87
    Polygons (raw): 98 (flat)  98 (hierarchical)
    Elapsed: 0.000s  Memory: 579.00M
"^" in: xor.drc:87
    Polygons (raw): 98 (flat)  98 (hierarchical)
    Elapsed: 0.000s  Memory: 579.00M
XOR differences: 98
"output" in: xor.drc:65
    Polygons (raw): 98 (flat)  98 (hierarchical)
    Elapsed: 0.020s  Memory: 579.00M
--- Running XOR for layer 93/44 ---
"input" in: xor.drc:87
    Polygons (raw): 29969 (flat)  178 (hierarchical)
    Elapsed: 0.000s  Memory: 579.00M
"input" in: xor.drc:87
    Polygons (raw): 29969 (flat)  178 (hierarchical)
    Elapsed: 0.000s  Memory: 579.00M
"^" in: xor.drc:87
    Polygons (raw): 0 (flat)  0 (hierarchical)
    Elapsed: 0.300s  Memory: 582.00M
XOR differences: 0
"output" in: xor.drc:65
    Polygons (raw): 0 (flat)  0 (hierarchical)
    Elapsed: 0.000s  Memory: 582.00M
--- Running XOR for layer 94/20 ---
"input" in: xor.drc:87
    Polygons (raw): 29969 (flat)  178 (hierarchical)
    Elapsed: 0.000s  Memory: 582.00M
"input" in: xor.drc:87
    Polygons (raw): 29969 (flat)  178 (hierarchical)
    Elapsed: 0.000s  Memory: 582.00M
"^" in: xor.drc:87
    Polygons (raw): 0 (flat)  0 (hierarchical)
    Elapsed: 0.410s  Memory: 602.00M
XOR differences: 0
"output" in: xor.drc:65
    Polygons (raw): 0 (flat)  0 (hierarchical)
    Elapsed: 0.000s  Memory: 602.00M
--- Running XOR for layer 95/20 ---
"input" in: xor.drc:87
    Polygons (raw): 18952 (flat)  189 (hierarchical)
    Elapsed: 0.000s  Memory: 602.00M
"input" in: xor.drc:87
    Polygons (raw): 18952 (flat)  189 (hierarchical)
    Elapsed: 0.000s  Memory: 602.00M
"^" in: xor.drc:87
    Polygons (raw): 0 (flat)  0 (hierarchical)
    Elapsed: 0.300s  Memory: 602.00M
XOR differences: 0
"output" in: xor.drc:65
    Polygons (raw): 0 (flat)  0 (hierarchical)
    Elapsed: 0.000s  Memory: 602.00M
---
Total XOR differences: 503765
Writing report database: /openlane/designs/toast_top/runs/delay_four/reports/signoff/29-xor.xml ..
Total elapsed: 17.270s  Memory: 602.00M
