
Magic 8.3 revision 363 - Compiled on Tue Jan 24 15:11:36 UTC 2023.
Starting magic under Tcl interpreter
Using the terminal as the console.
Using NULL graphics device.
Processing system .magicrc file
Sourcing design .magicrc for technology sky130A ...
2 Magic internal units = 1 Lambda
Input style sky130(): scaleFactor=2, multiplier=2
The following types are not handled by extraction and will be treated as non-electrical types:
    ubm 
Scaled tech values by 2 / 1 to match internal grid scaling
Loading sky130A Device Generator Menu ...
Using technology "sky130A", version 1.0.387-0-ge884c4d
Reading LEF data from file /home/nikhil/Desktop/OpenLane/pdks/sky130A/libs.ref/sky130_fd_sc_hd/techlef/sky130_fd_sc_hd__nom.tlef.
This action cannot be undone.
LEF read, Line 78 (Message): Unknown keyword "ANTENNAMODEL" in LEF file; ignoring.
LEF read, Line 79 (Message): Unknown keyword "ANTENNADIFFSIDEAREARATIO" in LEF file; ignoring.
LEF read, Line 112 (Message): Unknown keyword "MINENCLOSEDAREA" in LEF file; ignoring.
LEF read, Line 114 (Message): Unknown keyword "ANTENNAMODEL" in LEF file; ignoring.
LEF read, Line 115 (Message): Unknown keyword "ANTENNADIFFSIDEAREARATIO" in LEF file; ignoring.
LEF read, Line 121 (Message): Unknown keyword "MAXIMUMDENSITY" in LEF file; ignoring.
LEF read, Line 122 (Message): Unknown keyword "DENSITYCHECKWINDOW" in LEF file; ignoring.
LEF read, Line 123 (Message): Unknown keyword "DENSITYCHECKSTEP" in LEF file; ignoring.
LEF read, Line 156 (Message): Unknown keyword "MINENCLOSEDAREA" in LEF file; ignoring.
LEF read, Line 164 (Message): Unknown keyword "ANTENNAMODEL" in LEF file; ignoring.
LEF read, Line 165 (Message): Unknown keyword "ANTENNADIFFSIDEAREARATIO" in LEF file; ignoring.
LEF read, Line 167 (Message): Unknown keyword "MAXIMUMDENSITY" in LEF file; ignoring.
LEF read, Line 168 (Message): Unknown keyword "DENSITYCHECKWINDOW" in LEF file; ignoring.
LEF read, Line 169 (Message): Unknown keyword "DENSITYCHECKSTEP" in LEF file; ignoring.
LEF read, Line 206 (Message): Unknown keyword "ANTENNAMODEL" in LEF file; ignoring.
LEF read, Line 207 (Message): Unknown keyword "ANTENNADIFFSIDEAREARATIO" in LEF file; ignoring.
LEF read, Line 209 (Message): Unknown keyword "MAXIMUMDENSITY" in LEF file; ignoring.
LEF read, Line 210 (Message): Unknown keyword "DENSITYCHECKWINDOW" in LEF file; ignoring.
LEF read, Line 211 (Message): Unknown keyword "DENSITYCHECKSTEP" in LEF file; ignoring.
LEF read, Line 248 (Message): Unknown keyword "ANTENNAMODEL" in LEF file; ignoring.
LEF read, Line 249 (Message): Unknown keyword "ANTENNADIFFSIDEAREARATIO" in LEF file; ignoring.
LEF read, Line 251 (Message): Unknown keyword "MAXIMUMDENSITY" in LEF file; ignoring.
LEF read, Line 252 (Message): Unknown keyword "DENSITYCHECKWINDOW" in LEF file; ignoring.
LEF read, Line 253 (Message): Unknown keyword "DENSITYCHECKSTEP" in LEF file; ignoring.
LEF read, Line 290 (Message): Unknown keyword "ANTENNAMODEL" in LEF file; ignoring.
LEF read, Line 291 (Message): Unknown keyword "ANTENNADIFFSIDEAREARATIO" in LEF file; ignoring.
LEF read: Processed 797 lines.
Reading DEF data from file /openlane/designs/toast_top/runs/delay_four/results/routing/toast_top.def.
This action cannot be undone.
  Processed 4 vias total.
  Processed 27313 subcell instances total.
  Processed 202 pins total.
  Processed 2 special nets total.
  Processed 8781 nets total.
DEF read: Processed 187751 lines.
Moving label "DMEM_addr_o[17]" from metal2 to via2 in cell toast_top.
Moving label "IMEM_addr_o[24]" from metal2 to via2 in cell toast_top.
Moving label "IMEM_data_i[4]" from metal2 to via2 in cell toast_top.
Moving label "_00002_" from metal1 to via1 in cell toast_top.
Moving label "_00022_" from metal1 to via1 in cell toast_top.
Moving label "_00034_" from metal1 to via1 in cell toast_top.
Moving label "_00041_" from metal1 to via1 in cell toast_top.
Moving label "_00042_" from metal1 to via1 in cell toast_top.
Moving label "_00044_" from metal1 to via1 in cell toast_top.
Moving label "_00051_" from metal1 to via1 in cell toast_top.
Moving label "_00052_" from metal1 to via1 in cell toast_top.
Moving label "_00057_" from metal1 to via1 in cell toast_top.
Moving label "_00062_" from metal1 to via1 in cell toast_top.
Moving label "_00064_" from metal1 to via1 in cell toast_top.
Moving label "_00079_" from metal1 to via1 in cell toast_top.
Moving label "_00087_" from metal1 to via1 in cell toast_top.
Moving label "_00089_" from metal1 to via1 in cell toast_top.
Moving label "_00091_" from metal1 to via1 in cell toast_top.
Moving label "_00093_" from metal1 to viali in cell toast_top.
Moving label "_00099_" from metal1 to via1 in cell toast_top.
Moving label "_00101_" from metal1 to via1 in cell toast_top.
Moving label "_00105_" from metal1 to via1 in cell toast_top.
Moving label "_00116_" from metal1 to via1 in cell toast_top.
Moving label "_00118_" from metal1 to via1 in cell toast_top.
Moving label "_00120_" from metal1 to via1 in cell toast_top.
Moving label "_00133_" from metal1 to via1 in cell toast_top.
Moving label "_00145_" from metal1 to via1 in cell toast_top.
Moving label "_00148_" from metal1 to via1 in cell toast_top.
Moving label "_00149_" from metal1 to via1 in cell toast_top.
Moving label "_00153_" from metal1 to via1 in cell toast_top.
Moving label "_00154_" from metal1 to via1 in cell toast_top.
Moving label "_00171_" from metal1 to via1 in cell toast_top.
Moving label "_00175_" from metal1 to via1 in cell toast_top.
Moving label "_00176_" from metal1 to via1 in cell toast_top.
Moving label "_00181_" from metal1 to via1 in cell toast_top.
Moving label "_00188_" from metal1 to via1 in cell toast_top.
Moving label "_00198_" from metal1 to via1 in cell toast_top.
Moving label "_00199_" from metal1 to via1 in cell toast_top.
Moving label "_00202_" from metal1 to via1 in cell toast_top.
Moving label "_00213_" from metal1 to via1 in cell toast_top.
Moving label "_00222_" from metal1 to viali in cell toast_top.
Moving label "_00224_" from metal1 to viali in cell toast_top.
Moving label "_00240_" from metal1 to via1 in cell toast_top.
Moving label "_00248_" from metal1 to via1 in cell toast_top.
Moving label "_00260_" from metal1 to via1 in cell toast_top.
Moving label "_00269_" from metal1 to via1 in cell toast_top.
Moving label "_00270_" from metal1 to via1 in cell toast_top.
Moving label "_00272_" from metal1 to via1 in cell toast_top.
Moving label "_00275_" from metal1 to viali in cell toast_top.
Moving label "_00284_" from metal1 to via1 in cell toast_top.
Moving label "_00297_" from metal2 to via2 in cell toast_top.
Moving label "_00303_" from metal1 to via1 in cell toast_top.
Moving label "_00305_" from metal1 to via1 in cell toast_top.
Moving label "_00306_" from metal1 to via1 in cell toast_top.
Moving label "_00310_" from metal1 to via1 in cell toast_top.
Moving label "_00315_" from metal1 to via1 in cell toast_top.
Moving label "_00321_" from metal1 to via1 in cell toast_top.
Moving label "_00334_" from metal1 to via1 in cell toast_top.
Moving label "_00336_" from metal1 to via1 in cell toast_top.
Moving label "_00344_" from metal1 to via1 in cell toast_top.
Moving label "_00353_" from metal1 to via1 in cell toast_top.
Moving label "_00369_" from metal1 to via1 in cell toast_top.
Moving label "_00385_" from metal1 to via1 in cell toast_top.
Moving label "_00391_" from metal1 to via1 in cell toast_top.
Moving label "_00398_" from metal1 to via1 in cell toast_top.
Moving label "_00405_" from metal1 to via1 in cell toast_top.
Moving label "_00408_" from metal1 to via1 in cell toast_top.
Moving label "_00409_" from metal1 to via1 in cell toast_top.
Moving label "_00410_" from metal1 to via1 in cell toast_top.
Moving label "_00411_" from metal1 to via1 in cell toast_top.
Moving label "_00431_" from metal1 to via1 in cell toast_top.
Moving label "_00432_" from metal1 to via1 in cell toast_top.
Moving label "_00440_" from metal1 to via1 in cell toast_top.
Moving label "_00456_" from metal1 to via1 in cell toast_top.
Moving label "_00457_" from metal1 to via1 in cell toast_top.
Moving label "_00459_" from metal1 to via1 in cell toast_top.
Moving label "_00474_" from metal1 to via1 in cell toast_top.
Moving label "_00477_" from metal1 to via1 in cell toast_top.
Moving label "_00479_" from metal1 to via1 in cell toast_top.
Moving label "_00494_" from metal1 to via1 in cell toast_top.
Moving label "_00496_" from metal1 to via1 in cell toast_top.
Moving label "_00508_" from metal1 to via1 in cell toast_top.
Moving label "_00521_" from metal1 to via1 in cell toast_top.
Moving label "_00523_" from metal1 to via1 in cell toast_top.
Moving label "_00527_" from metal1 to via1 in cell toast_top.
Moving label "_00528_" from metal1 to via1 in cell toast_top.
Moving label "_00552_" from metal1 to via1 in cell toast_top.
Moving label "_00572_" from metal1 to via1 in cell toast_top.
Moving label "_00580_" from metal1 to via1 in cell toast_top.
Moving label "_00581_" from metal1 to via1 in cell toast_top.
Moving label "_00585_" from metal1 to via1 in cell toast_top.
Moving label "_00586_" from metal1 to via1 in cell toast_top.
Moving label "_00595_" from metal1 to via1 in cell toast_top.
Moving label "_00603_" from metal1 to via1 in cell toast_top.
Moving label "_00606_" from metal1 to via1 in cell toast_top.
Moving label "_00609_" from metal1 to via1 in cell toast_top.
Moving label "_00617_" from metal1 to via1 in cell toast_top.
Moving label "_00622_" from metal1 to via1 in cell toast_top.
Moving label "_00637_" from metal1 to via1 in cell toast_top.
Moving label "_00639_" from metal1 to via1 in cell toast_top.
Moving label "_00649_" from metal1 to via1 in cell toast_top.
Moving label "_00650_" from metal1 to via1 in cell toast_top.
Moving label "_00653_" from metal1 to via1 in cell toast_top.
Moving label "_00655_" from metal1 to via1 in cell toast_top.
Moving label "_00676_" from metal1 to via1 in cell toast_top.
Moving label "_00678_" from metal1 to via1 in cell toast_top.
Moving label "_00684_" from metal1 to via1 in cell toast_top.
Moving label "_00695_" from metal1 to via1 in cell toast_top.
Moving label "_00698_" from metal1 to via1 in cell toast_top.
Moving label "_00702_" from metal1 to viali in cell toast_top.
Moving label "_00703_" from metal1 to via1 in cell toast_top.
Moving label "_00704_" from metal1 to via1 in cell toast_top.
Moving label "_00709_" from metal1 to via1 in cell toast_top.
Moving label "_00710_" from metal1 to via1 in cell toast_top.
Moving label "_00720_" from metal1 to via1 in cell toast_top.
Moving label "_00738_" from metal1 to via1 in cell toast_top.
Moving label "_00746_" from metal1 to via1 in cell toast_top.
Moving label "_00748_" from metal1 to via1 in cell toast_top.
Moving label "_00752_" from metal1 to via1 in cell toast_top.
Moving label "_00759_" from metal1 to via1 in cell toast_top.
Moving label "_00766_" from metal1 to via1 in cell toast_top.
Moving label "_00771_" from metal1 to via1 in cell toast_top.
Moving label "_00790_" from metal1 to via1 in cell toast_top.
Moving label "_00796_" from metal1 to via1 in cell toast_top.
Moving label "_00821_" from metal1 to via1 in cell toast_top.
Moving label "_00825_" from metal1 to via1 in cell toast_top.
Moving label "_00829_" from metal1 to via1 in cell toast_top.
Moving label "_00837_" from metal1 to via1 in cell toast_top.
Moving label "_00838_" from metal1 to via1 in cell toast_top.
Moving label "_00859_" from metal1 to via1 in cell toast_top.
Moving label "_00860_" from metal1 to via1 in cell toast_top.
Moving label "_00864_" from metal1 to via1 in cell toast_top.
Moving label "_00879_" from metal1 to via1 in cell toast_top.
Moving label "_00881_" from metal1 to via1 in cell toast_top.
Moving label "_00882_" from metal1 to via1 in cell toast_top.
Moving label "_00883_" from metal1 to via1 in cell toast_top.
Moving label "_00888_" from metal1 to via1 in cell toast_top.
Moving label "_00907_" from metal1 to via1 in cell toast_top.
Moving label "_00916_" from metal1 to via1 in cell toast_top.
Moving label "_00932_" from metal1 to viali in cell toast_top.
Moving label "_00939_" from metal1 to via1 in cell toast_top.
Moving label "_00941_" from metal1 to via1 in cell toast_top.
Moving label "_00956_" from metal1 to via1 in cell toast_top.
Moving label "_00959_" from metal2 to via2 in cell toast_top.
Moving label "_00962_" from metal1 to viali in cell toast_top.
Moving label "_00967_" from metal1 to via1 in cell toast_top.
Moving label "_00971_" from metal1 to via1 in cell toast_top.
Moving label "_00974_" from metal1 to via1 in cell toast_top.
Moving label "_00985_" from metal1 to via1 in cell toast_top.
Moving label "_01006_" from metal1 to via1 in cell toast_top.
Moving label "_01008_" from metal1 to via1 in cell toast_top.
Moving label "_01009_" from metal1 to via1 in cell toast_top.
Moving label "_01030_" from metal1 to via1 in cell toast_top.
Moving label "_01037_" from metal1 to via1 in cell toast_top.
Moving label "_01045_" from metal1 to via1 in cell toast_top.
Moving label "_01058_" from metal1 to via1 in cell toast_top.
Moving label "_01062_" from metal2 to via2 in cell toast_top.
Moving label "_01103_" from metal1 to via1 in cell toast_top.
Moving label "_01109_" from metal1 to via1 in cell toast_top.
Moving label "_01114_" from metal1 to via1 in cell toast_top.
Moving label "_01121_" from metal1 to via1 in cell toast_top.
Moving label "_01133_" from metal1 to via1 in cell toast_top.
Moving label "_01136_" from metal1 to via1 in cell toast_top.
Moving label "_01143_" from metal1 to via1 in cell toast_top.
Moving label "_01154_" from metal1 to via1 in cell toast_top.
Moving label "_01168_" from metal1 to via1 in cell toast_top.
Moving label "_01173_" from metal1 to via1 in cell toast_top.
Moving label "_01175_" from metal1 to via1 in cell toast_top.
Moving label "_01180_" from metal1 to via1 in cell toast_top.
Moving label "_01184_" from metal1 to via1 in cell toast_top.
Moving label "_01186_" from metal1 to via1 in cell toast_top.
Moving label "_01189_" from metal1 to via1 in cell toast_top.
Moving label "_01190_" from metal1 to via1 in cell toast_top.
Moving label "_01199_" from metal2 to via1 in cell toast_top.
Moving label "_01218_" from metal1 to via1 in cell toast_top.
Moving label "_01224_" from metal1 to via1 in cell toast_top.
Moving label "_01225_" from metal1 to via1 in cell toast_top.
Moving label "_01235_" from metal1 to viali in cell toast_top.
Moving label "_01238_" from metal1 to via1 in cell toast_top.
Moving label "_01245_" from metal1 to via1 in cell toast_top.
Moving label "_01255_" from metal1 to via1 in cell toast_top.
Moving label "_01256_" from metal1 to via1 in cell toast_top.
Moving label "_01259_" from metal1 to via1 in cell toast_top.
Moving label "_01283_" from metal1 to via1 in cell toast_top.
Moving label "_01294_" from metal1 to via1 in cell toast_top.
Moving label "_01295_" from metal1 to via1 in cell toast_top.
Moving label "_01319_" from metal1 to via1 in cell toast_top.
Moving label "_01323_" from metal1 to via1 in cell toast_top.
Moving label "_01328_" from metal1 to via1 in cell toast_top.
Moving label "_01329_" from metal1 to via1 in cell toast_top.
Moving label "_01342_" from metal1 to via1 in cell toast_top.
Moving label "_01346_" from metal1 to via1 in cell toast_top.
Moving label "_01349_" from metal1 to via1 in cell toast_top.
Moving label "_01354_" from metal1 to via1 in cell toast_top.
Moving label "_01360_" from metal1 to via1 in cell toast_top.
Moving label "_01363_" from metal1 to via1 in cell toast_top.
Moving label "_01364_" from metal1 to via1 in cell toast_top.
Moving label "_01365_" from metal1 to via1 in cell toast_top.
Moving label "_01374_" from metal1 to via1 in cell toast_top.
Moving label "_01376_" from metal1 to via1 in cell toast_top.
Moving label "_01382_" from metal1 to via1 in cell toast_top.
Moving label "_01386_" from metal1 to via1 in cell toast_top.
Moving label "_01387_" from metal1 to via1 in cell toast_top.
Moving label "_01389_" from metal1 to via1 in cell toast_top.
Moving label "_01398_" from metal1 to via1 in cell toast_top.
Moving label "_01404_" from metal1 to via1 in cell toast_top.
Moving label "_01405_" from metal1 to via1 in cell toast_top.
Moving label "_01419_" from metal1 to via1 in cell toast_top.
Moving label "_01423_" from metal1 to via1 in cell toast_top.
Moving label "_01426_" from metal1 to via1 in cell toast_top.
Moving label "_01431_" from metal1 to via1 in cell toast_top.
Moving label "_01436_" from metal1 to via1 in cell toast_top.
Moving label "_01440_" from metal1 to via1 in cell toast_top.
Moving label "_01444_" from metal1 to via1 in cell toast_top.
Moving label "_01507_" from metal1 to via1 in cell toast_top.
Moving label "_01518_" from metal2 to via2 in cell toast_top.
Moving label "_01524_" from metal2 to via2 in cell toast_top.
Moving label "_01541_" from metal1 to viali in cell toast_top.
Moving label "_01577_" from metal2 to via2 in cell toast_top.
Moving label "_01581_" from metal2 to via2 in cell toast_top.
Moving label "_01593_" from metal3 to via3 in cell toast_top.
Moving label "_01617_" from metal2 to via2 in cell toast_top.
Moving label "_01622_" from metal2 to via1 in cell toast_top.
Moving label "_01635_" from metal2 to via2 in cell toast_top.
Moving label "_01641_" from metal1 to via1 in cell toast_top.
Moving label "_01745_" from metal1 to via1 in cell toast_top.
Moving label "_01826_" from metal1 to via1 in cell toast_top.
Moving label "_01858_" from metal1 to viali in cell toast_top.
Moving label "_01894_" from metal2 to via2 in cell toast_top.
Moving label "_01901_" from metal1 to via1 in cell toast_top.
Moving label "_01912_" from metal1 to viali in cell toast_top.
Moving label "_01921_" from metal2 to via2 in cell toast_top.
Moving label "_01943_" from metal2 to via2 in cell toast_top.
Moving label "_01973_" from metal1 to via1 in cell toast_top.
Moving label "_02037_" from metal1 to via1 in cell toast_top.
Moving label "_02043_" from metal1 to viali in cell toast_top.
Moving label "_02065_" from metal2 to via1 in cell toast_top.
Moving label "_02115_" from metal1 to via1 in cell toast_top.
Moving label "_02221_" from metal1 to via1 in cell toast_top.
Moving label "_02282_" from metal1 to via1 in cell toast_top.
Moving label "_02306_" from metal1 to viali in cell toast_top.
Moving label "_02317_" from metal2 to via1 in cell toast_top.
Moving label "_02346_" from metal1 to via1 in cell toast_top.
Moving label "_02379_" from metal2 to via2 in cell toast_top.
Moving label "_02582_" from metal2 to via2 in cell toast_top.
Moving label "_02684_" from metal1 to via1 in cell toast_top.
Moving label "_02719_" from metal1 to via1 in cell toast_top.
Moving label "_02727_" from metal1 to viali in cell toast_top.
Moving label "_02732_" from metal2 to via2 in cell toast_top.
Moving label "_02826_" from metal2 to via2 in cell toast_top.
Moving label "_02858_" from metal1 to via1 in cell toast_top.
Moving label "_02907_" from metal2 to via2 in cell toast_top.
Moving label "_02932_" from metal2 to via2 in cell toast_top.
Moving label "_03112_" from metal2 to via2 in cell toast_top.
Moving label "_03457_" from metal2 to via2 in cell toast_top.
Moving label "_03473_" from metal2 to via2 in cell toast_top.
Moving label "_03497_" from metal3 to via3 in cell toast_top.
Moving label "_03521_" from metal2 to via2 in cell toast_top.
Moving label "_03721_" from metal2 to via2 in cell toast_top.
Moving label "_03747_" from metal1 to viali in cell toast_top.
Moving label "_03763_" from metal2 to via2 in cell toast_top.
Moving label "_03799_" from metal2 to via2 in cell toast_top.
Moving label "_03800_" from metal3 to via3 in cell toast_top.
Moving label "_03806_" from metal2 to via1 in cell toast_top.
Moving label "_03813_" from metal2 to via2 in cell toast_top.
Moving label "_03854_" from metal2 to via2 in cell toast_top.
Moving label "_03915_" from metal2 to via2 in cell toast_top.
Moving label "_03962_" from metal2 to via2 in cell toast_top.
Moving label "_04568_" from metal1 to viali in cell toast_top.
Moving label "_04657_" from metal1 to viali in cell toast_top.
Moving label "_04683_" from metal2 to via2 in cell toast_top.
Moving label "_04755_" from metal1 to viali in cell toast_top.
Moving label "_04766_" from metal2 to via2 in cell toast_top.
Moving label "_04777_" from metal2 to via2 in cell toast_top.
Moving label "_04802_" from metal1 to viali in cell toast_top.
Moving label "_04837_" from metal1 to viali in cell toast_top.
Moving label "_04868_" from metal1 to via1 in cell toast_top.
Moving label "_04972_" from metal2 to via2 in cell toast_top.
Moving label "_05008_" from metal1 to viali in cell toast_top.
Moving label "_05021_" from metal2 to via2 in cell toast_top.
Moving label "_05085_" from metal2 to via2 in cell toast_top.
Moving label "_05099_" from metal1 to via1 in cell toast_top.
Moving label "_05102_" from metal2 to via2 in cell toast_top.
Moving label "_05113_" from metal2 to via1 in cell toast_top.
Moving label "_05146_" from metal2 to via2 in cell toast_top.
Moving label "_05155_" from metal2 to via2 in cell toast_top.
Moving label "_05156_" from metal1 to viali in cell toast_top.
Moving label "_05168_" from metal2 to via2 in cell toast_top.
Moving label "_05182_" from metal2 to via2 in cell toast_top.
Moving label "_05209_" from metal1 to viali in cell toast_top.
Moving label "_05276_" from metal1 to via1 in cell toast_top.
Moving label "_05282_" from metal1 to viali in cell toast_top.
Moving label "_05295_" from metal1 to viali in cell toast_top.
Moving label "_05303_" from metal1 to via1 in cell toast_top.
Moving label "_05338_" from metal2 to via2 in cell toast_top.
Moving label "_05349_" from metal1 to via1 in cell toast_top.
Moving label "_05364_" from metal2 to via2 in cell toast_top.
Moving label "_05390_" from metal1 to via1 in cell toast_top.
Moving label "_05415_" from metal2 to via2 in cell toast_top.
Moving label "_05429_" from metal2 to via2 in cell toast_top.
Moving label "_05461_" from metal2 to via2 in cell toast_top.
Moving label "_05469_" from metal2 to via1 in cell toast_top.
Moving label "_05489_" from metal2 to via2 in cell toast_top.
Moving label "_05494_" from metal1 to viali in cell toast_top.
Moving label "_05500_" from metal1 to viali in cell toast_top.
Moving label "_05554_" from metal2 to via1 in cell toast_top.
Moving label "_05586_" from metal1 to viali in cell toast_top.
Moving label "_05588_" from metal2 to via2 in cell toast_top.
Moving label "_05600_" from metal2 to via2 in cell toast_top.
Moving label "_05609_" from metal2 to via1 in cell toast_top.
Moving label "_05652_" from metal1 to via1 in cell toast_top.
Moving label "_05670_" from metal1 to viali in cell toast_top.
Moving label "_05684_" from metal2 to via2 in cell toast_top.
Moving label "_05695_" from metal1 to via1 in cell toast_top.
Moving label "_05696_" from metal1 to via1 in cell toast_top.
Moving label "_05712_" from metal2 to via2 in cell toast_top.
Moving label "_05716_" from metal2 to via2 in cell toast_top.
Moving label "_05780_" from metal1 to via1 in cell toast_top.
Moving label "_05783_" from metal2 to via2 in cell toast_top.
Moving label "_05791_" from metal2 to via1 in cell toast_top.
Moving label "_05818_" from metal1 to viali in cell toast_top.
Moving label "_05885_" from metal2 to via2 in cell toast_top.
Moving label "_05942_" from metal2 to via2 in cell toast_top.
Moving label "_05982_" from metal2 to via2 in cell toast_top.
Moving label "_05996_" from metal1 to via1 in cell toast_top.
Moving label "_06017_" from metal1 to via1 in cell toast_top.
Moving label "_06034_" from metal2 to via2 in cell toast_top.
Moving label "_06055_" from metal1 to viali in cell toast_top.
Moving label "_06079_" from metal1 to via1 in cell toast_top.
Moving label "_06081_" from metal1 to viali in cell toast_top.
Moving label "_06118_" from metal3 to via3 in cell toast_top.
Moving label "_06167_" from metal3 to via3 in cell toast_top.
Moving label "_06214_" from metal1 to via1 in cell toast_top.
Moving label "_06220_" from metal1 to viali in cell toast_top.
Moving label "_06231_" from metal1 to via1 in cell toast_top.
Moving label "_06235_" from metal3 to via3 in cell toast_top.
Moving label "_06280_" from metal1 to via1 in cell toast_top.
Moving label "_06305_" from metal1 to via1 in cell toast_top.
Moving label "_06337_" from metal2 to via2 in cell toast_top.
Moving label "_06435_" from metal1 to via1 in cell toast_top.
Moving label "_06449_" from metal1 to viali in cell toast_top.
Moving label "_06535_" from metal1 to viali in cell toast_top.
Moving label "_06679_" from metal1 to viali in cell toast_top.
Moving label "branchgen_i.ID_imm2_i\[30\]" from metal2 to via2 in cell toast_top.
Moving label "branchgen_i.ID_pc_i\[5\]" from metal3 to via2 in cell toast_top.
Moving label "branchgen_i.ID_rs1_addr_i\[4\]" from metal2 to via1 in cell toast_top.
Moving label "clknet_leaf_134_clk_i" from metal2 to via1 in cell toast_top.
Moving label "control_i.ID_rs2_addr_i\[0\]" from metal1 to viali in cell toast_top.
Moving label "ex_stage_i.EX_exception_o" from metal1 to via1 in cell toast_top.
Moving label "ex_stage_i.EX_pc_dest_o\[30\]" from metal1 to via1 in cell toast_top.
Moving label "ex_stage_i.ID_imm1_i\[1\]" from metal2 to via2 in cell toast_top.
Moving label "ex_stage_i.ID_imm1_i\[7\]" from metal2 to via2 in cell toast_top.
Moving label "id_stage_i.IF_pc_i\[26\]" from metal2 to via2 in cell toast_top.
Moving label "id_stage_i.regfile_i.regfile_data\[10\]\[22\]" from metal1 to via1 in cell toast_top.
Moving label "id_stage_i.regfile_i.regfile_data\[10\]\[24\]" from metal1 to via1 in cell toast_top.
Moving label "id_stage_i.regfile_i.regfile_data\[10\]\[29\]" from metal1 to via1 in cell toast_top.
Moving label "id_stage_i.regfile_i.regfile_data\[10\]\[2\]" from metal1 to via1 in cell toast_top.
Moving label "id_stage_i.regfile_i.regfile_data\[11\]\[8\]" from metal2 to via1 in cell toast_top.
Moving label "id_stage_i.regfile_i.regfile_data\[14\]\[0\]" from metal1 to via1 in cell toast_top.
Moving label "id_stage_i.regfile_i.regfile_data\[14\]\[20\]" from metal1 to via1 in cell toast_top.
Moving label "id_stage_i.regfile_i.regfile_data\[16\]\[15\]" from metal2 to via1 in cell toast_top.
Moving label "id_stage_i.regfile_i.regfile_data\[18\]\[0\]" from metal1 to via1 in cell toast_top.
Moving label "id_stage_i.regfile_i.regfile_data\[18\]\[10\]" from metal1 to via1 in cell toast_top.
Moving label "id_stage_i.regfile_i.regfile_data\[18\]\[12\]" from metal1 to via1 in cell toast_top.
Moving label "id_stage_i.regfile_i.regfile_data\[18\]\[14\]" from metal1 to via1 in cell toast_top.
Moving label "id_stage_i.regfile_i.regfile_data\[18\]\[19\]" from metal1 to via1 in cell toast_top.
Moving label "id_stage_i.regfile_i.regfile_data\[18\]\[1\]" from metal1 to via1 in cell toast_top.
Moving label "id_stage_i.regfile_i.regfile_data\[18\]\[21\]" from metal1 to via1 in cell toast_top.
Moving label "id_stage_i.regfile_i.regfile_data\[18\]\[24\]" from metal1 to via1 in cell toast_top.
Moving label "id_stage_i.regfile_i.regfile_data\[18\]\[30\]" from metal1 to via1 in cell toast_top.
Moving label "id_stage_i.regfile_i.regfile_data\[18\]\[31\]" from metal1 to via1 in cell toast_top.
Moving label "id_stage_i.regfile_i.regfile_data\[18\]\[9\]" from metal2 to via1 in cell toast_top.
Moving label "id_stage_i.regfile_i.regfile_data\[22\]\[15\]" from metal1 to via1 in cell toast_top.
Moving label "id_stage_i.regfile_i.regfile_data\[22\]\[17\]" from metal1 to via1 in cell toast_top.
Moving label "id_stage_i.regfile_i.regfile_data\[22\]\[23\]" from metal1 to via1 in cell toast_top.
Moving label "id_stage_i.regfile_i.regfile_data\[22\]\[24\]" from metal1 to via1 in cell toast_top.
Moving label "id_stage_i.regfile_i.regfile_data\[22\]\[28\]" from metal1 to via1 in cell toast_top.
Moving label "id_stage_i.regfile_i.regfile_data\[22\]\[29\]" from metal1 to via1 in cell toast_top.
Moving label "id_stage_i.regfile_i.regfile_data\[22\]\[3\]" from metal1 to via1 in cell toast_top.
Moving label "id_stage_i.regfile_i.regfile_data\[22\]\[4\]" from metal1 to via1 in cell toast_top.
Moving label "id_stage_i.regfile_i.regfile_data\[22\]\[6\]" from metal1 to via1 in cell toast_top.
Moving label "id_stage_i.regfile_i.regfile_data\[22\]\[9\]" from metal1 to via1 in cell toast_top.
Moving label "id_stage_i.regfile_i.regfile_data\[26\]\[18\]" from metal1 to via1 in cell toast_top.
Moving label "id_stage_i.regfile_i.regfile_data\[26\]\[23\]" from metal1 to via1 in cell toast_top.
Moving label "id_stage_i.regfile_i.regfile_data\[27\]\[30\]" from metal1 to viali in cell toast_top.
Moving label "id_stage_i.regfile_i.regfile_data\[29\]\[31\]" from metal2 to via2 in cell toast_top.
Moving label "id_stage_i.regfile_i.regfile_data\[2\]\[0\]" from metal1 to via1 in cell toast_top.
Moving label "id_stage_i.regfile_i.regfile_data\[2\]\[19\]" from metal1 to via1 in cell toast_top.
Moving label "id_stage_i.regfile_i.regfile_data\[2\]\[20\]" from metal1 to via1 in cell toast_top.
Moving label "id_stage_i.regfile_i.regfile_data\[2\]\[22\]" from metal1 to via1 in cell toast_top.
Moving label "id_stage_i.regfile_i.regfile_data\[2\]\[23\]" from metal1 to via1 in cell toast_top.
Moving label "id_stage_i.regfile_i.regfile_data\[2\]\[2\]" from metal1 to via1 in cell toast_top.
Moving label "id_stage_i.regfile_i.regfile_data\[2\]\[5\]" from metal1 to via1 in cell toast_top.
Moving label "id_stage_i.regfile_i.regfile_data\[2\]\[6\]" from metal1 to via1 in cell toast_top.
Moving label "id_stage_i.regfile_i.regfile_data\[30\]\[17\]" from metal1 to via1 in cell toast_top.
Moving label "id_stage_i.regfile_i.regfile_data\[30\]\[22\]" from metal1 to via1 in cell toast_top.
Moving label "id_stage_i.regfile_i.regfile_data\[30\]\[27\]" from metal1 to via1 in cell toast_top.
Moving label "id_stage_i.regfile_i.regfile_data\[30\]\[6\]" from metal1 to via1 in cell toast_top.
Moving label "id_stage_i.regfile_i.regfile_data\[31\]\[22\]" from metal2 to via1 in cell toast_top.
Moving label "id_stage_i.regfile_i.regfile_data\[31\]\[9\]" from metal2 to via1 in cell toast_top.
Moving label "id_stage_i.regfile_i.regfile_data\[6\]\[16\]" from metal1 to via1 in cell toast_top.
Moving label "id_stage_i.regfile_i.regfile_data\[6\]\[4\]" from metal1 to via1 in cell toast_top.
Moving label "id_stage_i.regfile_i.regfile_data\[7\]\[1\]" from metal2 to via1 in cell toast_top.
Moving label "id_stage_i.regfile_i.regfile_data\[9\]\[4\]" from metal1 to via1 in cell toast_top.
Moving label "id_stage_i.rs1_rd_data\[1\]" from metal2 to via2 in cell toast_top.
Moving label "id_stage_i.rs1_rd_data\[26\]" from metal2 to via2 in cell toast_top.
Moving label "id_stage_i.rs2_rd_data\[11\]" from metal3 to via3 in cell toast_top.
Moving label "id_stage_i.rs2_rd_data\[21\]" from metal1 to viali in cell toast_top.
Moving label "id_stage_i.rs2_rd_data\[27\]" from metal2 to via2 in cell toast_top.
Moving label "id_stage_i.rs2_rd_data\[28\]" from metal2 to via2 in cell toast_top.
Moving label "id_stage_i.rs2_rd_data\[2\]" from metal3 to via3 in cell toast_top.
Moving label "mem_stage_i.MEM_alu_result_o\[26\]" from metal1 to via1 in cell toast_top.
Moving label "net1" from metal3 to via3 in cell toast_top.
Moving label "net103" from metal2 to via2 in cell toast_top.
Moving label "net107" from metal2 to via2 in cell toast_top.
Moving label "net108" from metal2 to via2 in cell toast_top.
Moving label "net112" from metal2 to via2 in cell toast_top.
Moving label "net116" from metal2 to via2 in cell toast_top.
Moving label "net117" from metal2 to via2 in cell toast_top.
Moving label "net119" from metal2 to via2 in cell toast_top.
Moving label "net140" from metal2 to via2 in cell toast_top.
Moving label "net145" from metal2 to via2 in cell toast_top.
Moving label "net148" from metal3 to via3 in cell toast_top.
Moving label "net152" from metal2 to via2 in cell toast_top.
Moving label "net156" from metal2 to via2 in cell toast_top.
Moving label "net159" from metal3 to via3 in cell toast_top.
Moving label "net186" from metal3 to via3 in cell toast_top.
Moving label "net187" from metal2 to via2 in cell toast_top.
Moving label "net193" from metal2 to via2 in cell toast_top.
Moving label "net196" from metal2 to via2 in cell toast_top.
Moving label "net22" from metal2 to via2 in cell toast_top.
Moving label "net31" from metal2 to via2 in cell toast_top.
Moving label "net4" from metal2 to via2 in cell toast_top.
Moving label "net44" from metal3 to via3 in cell toast_top.
Moving label "net5" from metal2 to via2 in cell toast_top.
Moving label "net60" from metal3 to via2 in cell toast_top.
Moving label "net67" from metal2 to via2 in cell toast_top.
Moving label "net68" from metal2 to via2 in cell toast_top.
Moving label "net69" from metal3 to via3 in cell toast_top.
Moving label "net75" from metal2 to via2 in cell toast_top.
Moving label "net81" from metal2 to via2 in cell toast_top.
Moving label "net84" from metal2 to via2 in cell toast_top.
Moving label "net86" from metal2 to via2 in cell toast_top.
Moving label "net93" from metal2 to via2 in cell toast_top.
Processing toast_top
Extracting sky130_fd_sc_hd__buf_2 into sky130_fd_sc_hd__buf_2.ext:
Extracting sky130_fd_sc_hd__clkbuf_4 into sky130_fd_sc_hd__clkbuf_4.ext:
Extracting sky130_fd_sc_hd__decap_3 into sky130_fd_sc_hd__decap_3.ext:
Extracting sky130_fd_sc_hd__fill_2 into sky130_fd_sc_hd__fill_2.ext:
Extracting sky130_fd_sc_hd__decap_4 into sky130_fd_sc_hd__decap_4.ext:
Extracting sky130_fd_sc_hd__clkbuf_1 into sky130_fd_sc_hd__clkbuf_1.ext:
Extracting sky130_fd_sc_hd__decap_8 into sky130_fd_sc_hd__decap_8.ext:
Extracting sky130_ef_sc_hd__decap_12 into sky130_ef_sc_hd__decap_12.ext:
Extracting sky130_fd_sc_hd__tapvpwrvgnd_1 into sky130_fd_sc_hd__tapvpwrvgnd_1.ext:
Extracting sky130_fd_sc_hd__decap_6 into sky130_fd_sc_hd__decap_6.ext:
Extracting sky130_fd_sc_hd__diode_2 into sky130_fd_sc_hd__diode_2.ext:
Extracting sky130_fd_sc_hd__fill_1 into sky130_fd_sc_hd__fill_1.ext:
Extracting sky130_fd_sc_hd__conb_1 into sky130_fd_sc_hd__conb_1.ext:
Extracting sky130_fd_sc_hd__dfxtp_4 into sky130_fd_sc_hd__dfxtp_4.ext:
Extracting sky130_fd_sc_hd__clkbuf_2 into sky130_fd_sc_hd__clkbuf_2.ext:
Extracting sky130_fd_sc_hd__mux2_1 into sky130_fd_sc_hd__mux2_1.ext:
Extracting sky130_fd_sc_hd__a22o_1 into sky130_fd_sc_hd__a22o_1.ext:
Extracting sky130_fd_sc_hd__dfxtp_2 into sky130_fd_sc_hd__dfxtp_2.ext:
Extracting sky130_fd_sc_hd__nand2_1 into sky130_fd_sc_hd__nand2_1.ext:
Extracting sky130_fd_sc_hd__dfxtp_1 into sky130_fd_sc_hd__dfxtp_1.ext:
Extracting sky130_fd_sc_hd__nor3_1 into sky130_fd_sc_hd__nor3_1.ext:
Extracting sky130_fd_sc_hd__or2_1 into sky130_fd_sc_hd__or2_1.ext:
Extracting sky130_fd_sc_hd__inv_2 into sky130_fd_sc_hd__inv_2.ext:
Extracting sky130_fd_sc_hd__xnor2_1 into sky130_fd_sc_hd__xnor2_1.ext:
Extracting sky130_fd_sc_hd__a31o_1 into sky130_fd_sc_hd__a31o_1.ext:
Extracting sky130_fd_sc_hd__xor2_1 into sky130_fd_sc_hd__xor2_1.ext:
Extracting sky130_fd_sc_hd__and3_1 into sky130_fd_sc_hd__and3_1.ext:
Extracting sky130_fd_sc_hd__and2_1 into sky130_fd_sc_hd__and2_1.ext:
Extracting sky130_fd_sc_hd__or2b_1 into sky130_fd_sc_hd__or2b_1.ext:
Extracting sky130_fd_sc_hd__nor2_1 into sky130_fd_sc_hd__nor2_1.ext:
Extracting sky130_fd_sc_hd__or3b_1 into sky130_fd_sc_hd__or3b_1.ext:
Extracting sky130_fd_sc_hd__o31a_1 into sky130_fd_sc_hd__o31a_1.ext:
Extracting sky130_fd_sc_hd__a21o_1 into sky130_fd_sc_hd__a21o_1.ext:
Extracting sky130_fd_sc_hd__o21ai_1 into sky130_fd_sc_hd__o21ai_1.ext:
Extracting sky130_fd_sc_hd__buf_6 into sky130_fd_sc_hd__buf_6.ext:
Extracting sky130_fd_sc_hd__o21a_1 into sky130_fd_sc_hd__o21a_1.ext:
Extracting sky130_fd_sc_hd__o32a_1 into sky130_fd_sc_hd__o32a_1.ext:
Extracting sky130_fd_sc_hd__o22a_1 into sky130_fd_sc_hd__o22a_1.ext:
Extracting sky130_fd_sc_hd__o221a_1 into sky130_fd_sc_hd__o221a_1.ext:
Extracting sky130_fd_sc_hd__a21bo_1 into sky130_fd_sc_hd__a21bo_1.ext:
Extracting sky130_fd_sc_hd__or4_1 into sky130_fd_sc_hd__or4_1.ext:
Extracting sky130_fd_sc_hd__a21oi_1 into sky130_fd_sc_hd__a21oi_1.ext:
Extracting sky130_fd_sc_hd__a221o_1 into sky130_fd_sc_hd__a221o_1.ext:
Extracting sky130_fd_sc_hd__a21boi_1 into sky130_fd_sc_hd__a21boi_1.ext:
Extracting sky130_fd_sc_hd__and4_1 into sky130_fd_sc_hd__and4_1.ext:
Extracting sky130_fd_sc_hd__or3_1 into sky130_fd_sc_hd__or3_1.ext:
Extracting sky130_fd_sc_hd__o2bb2a_1 into sky130_fd_sc_hd__o2bb2a_1.ext:
Extracting sky130_fd_sc_hd__o21ai_2 into sky130_fd_sc_hd__o21ai_2.ext:
Extracting sky130_fd_sc_hd__o31ai_1 into sky130_fd_sc_hd__o31ai_1.ext:
Extracting sky130_fd_sc_hd__clkbuf_16 into sky130_fd_sc_hd__clkbuf_16.ext:
Extracting sky130_fd_sc_hd__inv_4 into sky130_fd_sc_hd__inv_4.ext:
Extracting sky130_fd_sc_hd__a32o_1 into sky130_fd_sc_hd__a32o_1.ext:
Extracting sky130_fd_sc_hd__or4b_1 into sky130_fd_sc_hd__or4b_1.ext:
Extracting sky130_fd_sc_hd__a41o_1 into sky130_fd_sc_hd__a41o_1.ext:
Extracting sky130_fd_sc_hd__nand3_4 into sky130_fd_sc_hd__nand3_4.ext:
Extracting sky130_fd_sc_hd__and3b_1 into sky130_fd_sc_hd__and3b_1.ext:
Extracting sky130_fd_sc_hd__o21ba_1 into sky130_fd_sc_hd__o21ba_1.ext:
Extracting sky130_fd_sc_hd__nor4_1 into sky130_fd_sc_hd__nor4_1.ext:
Extracting sky130_fd_sc_hd__buf_8 into sky130_fd_sc_hd__buf_8.ext:
Extracting sky130_fd_sc_hd__or3_2 into sky130_fd_sc_hd__or3_2.ext:
Extracting sky130_fd_sc_hd__o211a_1 into sky130_fd_sc_hd__o211a_1.ext:
Extracting sky130_fd_sc_hd__buf_4 into sky130_fd_sc_hd__buf_4.ext:
Extracting sky130_fd_sc_hd__and3_2 into sky130_fd_sc_hd__and3_2.ext:
Extracting sky130_fd_sc_hd__xor2_2 into sky130_fd_sc_hd__xor2_2.ext:
Extracting sky130_fd_sc_hd__nand3_1 into sky130_fd_sc_hd__nand3_1.ext:
Extracting sky130_fd_sc_hd__a211o_1 into sky130_fd_sc_hd__a211o_1.ext:
Extracting sky130_fd_sc_hd__nand2_2 into sky130_fd_sc_hd__nand2_2.ext:
Extracting sky130_fd_sc_hd__mux4_1 into sky130_fd_sc_hd__mux4_1.ext:
Extracting sky130_fd_sc_hd__a2bb2o_1 into sky130_fd_sc_hd__a2bb2o_1.ext:
Extracting sky130_fd_sc_hd__nand4_1 into sky130_fd_sc_hd__nand4_1.ext:
Extracting sky130_fd_sc_hd__and2b_1 into sky130_fd_sc_hd__and2b_1.ext:
Extracting sky130_fd_sc_hd__o41a_1 into sky130_fd_sc_hd__o41a_1.ext:
Extracting sky130_fd_sc_hd__mux2_2 into sky130_fd_sc_hd__mux2_2.ext:
Extracting sky130_fd_sc_hd__a311o_1 into sky130_fd_sc_hd__a311o_1.ext:
Extracting sky130_fd_sc_hd__clkbuf_8 into sky130_fd_sc_hd__clkbuf_8.ext:
Extracting sky130_fd_sc_hd__nor2_4 into sky130_fd_sc_hd__nor2_4.ext:
Extracting sky130_fd_sc_hd__a221o_2 into sky130_fd_sc_hd__a221o_2.ext:
Extracting sky130_fd_sc_hd__a22oi_1 into sky130_fd_sc_hd__a22oi_1.ext:
Extracting sky130_fd_sc_hd__nor2_8 into sky130_fd_sc_hd__nor2_8.ext:
Extracting sky130_fd_sc_hd__mux2_4 into sky130_fd_sc_hd__mux2_4.ext:
Extracting sky130_fd_sc_hd__o22a_4 into sky130_fd_sc_hd__o22a_4.ext:
Extracting sky130_fd_sc_hd__a221oi_4 into sky130_fd_sc_hd__a221oi_4.ext:
Extracting sky130_fd_sc_hd__a2111o_1 into sky130_fd_sc_hd__a2111o_1.ext:
Extracting sky130_fd_sc_hd__o211ai_1 into sky130_fd_sc_hd__o211ai_1.ext:
Extracting sky130_fd_sc_hd__mux2_8 into sky130_fd_sc_hd__mux2_8.ext:
Extracting sky130_fd_sc_hd__a31o_4 into sky130_fd_sc_hd__a31o_4.ext:
Extracting sky130_fd_sc_hd__and4_2 into sky130_fd_sc_hd__and4_2.ext:
Extracting sky130_fd_sc_hd__and4b_1 into sky130_fd_sc_hd__and4b_1.ext:
Extracting sky130_fd_sc_hd__nand4_2 into sky130_fd_sc_hd__nand4_2.ext:
Extracting sky130_fd_sc_hd__o21a_4 into sky130_fd_sc_hd__o21a_4.ext:
Extracting sky130_fd_sc_hd__o31ai_2 into sky130_fd_sc_hd__o31ai_2.ext:
Extracting sky130_fd_sc_hd__a31oi_1 into sky130_fd_sc_hd__a31oi_1.ext:
Extracting sky130_fd_sc_hd__nor2_2 into sky130_fd_sc_hd__nor2_2.ext:
Extracting sky130_fd_sc_hd__buf_12 into sky130_fd_sc_hd__buf_12.ext:
Extracting sky130_fd_sc_hd__or2_2 into sky130_fd_sc_hd__or2_2.ext:
Extracting sky130_fd_sc_hd__a21o_2 into sky130_fd_sc_hd__a21o_2.ext:
Extracting sky130_fd_sc_hd__a31o_2 into sky130_fd_sc_hd__a31o_2.ext:
Extracting sky130_fd_sc_hd__clkinv_2 into sky130_fd_sc_hd__clkinv_2.ext:
Extracting sky130_fd_sc_hd__a211oi_1 into sky130_fd_sc_hd__a211oi_1.ext:
Extracting sky130_fd_sc_hd__o22ai_1 into sky130_fd_sc_hd__o22ai_1.ext:
Extracting sky130_fd_sc_hd__o211ai_2 into sky130_fd_sc_hd__o211ai_2.ext:
Extracting sky130_fd_sc_hd__a21oi_2 into sky130_fd_sc_hd__a21oi_2.ext:
Extracting sky130_fd_sc_hd__o31a_2 into sky130_fd_sc_hd__o31a_2.ext:
Extracting sky130_fd_sc_hd__xnor2_2 into sky130_fd_sc_hd__xnor2_2.ext:
Extracting sky130_fd_sc_hd__o21ai_4 into sky130_fd_sc_hd__o21ai_4.ext:
Extracting sky130_fd_sc_hd__a21o_4 into sky130_fd_sc_hd__a21o_4.ext:
Extracting sky130_fd_sc_hd__o2111ai_1 into sky130_fd_sc_hd__o2111ai_1.ext:
Extracting sky130_fd_sc_hd__dlymetal6s2s_1 into sky130_fd_sc_hd__dlymetal6s2s_1.ext:
Extracting sky130_fd_sc_hd__and4bb_1 into sky130_fd_sc_hd__and4bb_1.ext:
Extracting sky130_fd_sc_hd__a22o_2 into sky130_fd_sc_hd__a22o_2.ext:
Extracting sky130_fd_sc_hd__a41oi_1 into sky130_fd_sc_hd__a41oi_1.ext:
Extracting sky130_fd_sc_hd__o221ai_4 into sky130_fd_sc_hd__o221ai_4.ext:
Extracting sky130_fd_sc_hd__o2111a_1 into sky130_fd_sc_hd__o2111a_1.ext:
Extracting sky130_fd_sc_hd__o211ai_4 into sky130_fd_sc_hd__o211ai_4.ext:
Extracting sky130_fd_sc_hd__nand2_4 into sky130_fd_sc_hd__nand2_4.ext:
Extracting sky130_fd_sc_hd__and2_2 into sky130_fd_sc_hd__and2_2.ext:
Extracting sky130_fd_sc_hd__nor3b_4 into sky130_fd_sc_hd__nor3b_4.ext:
Extracting sky130_fd_sc_hd__nor3_4 into sky130_fd_sc_hd__nor3_4.ext:
Extracting sky130_fd_sc_hd__o21a_2 into sky130_fd_sc_hd__o21a_2.ext:
Extracting sky130_fd_sc_hd__a22oi_4 into sky130_fd_sc_hd__a22oi_4.ext:
Extracting sky130_fd_sc_hd__a31oi_4 into sky130_fd_sc_hd__a31oi_4.ext:
Extracting sky130_fd_sc_hd__o221a_4 into sky130_fd_sc_hd__o221a_4.ext:
Extracting sky130_fd_sc_hd__o32a_2 into sky130_fd_sc_hd__o32a_2.ext:
Extracting sky130_fd_sc_hd__or2_4 into sky130_fd_sc_hd__or2_4.ext:
Extracting sky130_fd_sc_hd__nand3b_1 into sky130_fd_sc_hd__nand3b_1.ext:
Extracting sky130_fd_sc_hd__o31ai_4 into sky130_fd_sc_hd__o31ai_4.ext:
Extracting sky130_fd_sc_hd__a2111o_4 into sky130_fd_sc_hd__a2111o_4.ext:
Extracting sky130_fd_sc_hd__a21oi_4 into sky130_fd_sc_hd__a21oi_4.ext:
Extracting sky130_fd_sc_hd__and2b_2 into sky130_fd_sc_hd__and2b_2.ext:
Extracting sky130_fd_sc_hd__o311a_1 into sky130_fd_sc_hd__o311a_1.ext:
Extracting sky130_fd_sc_hd__or4_2 into sky130_fd_sc_hd__or4_2.ext:
Extracting sky130_fd_sc_hd__inv_6 into sky130_fd_sc_hd__inv_6.ext:
Extracting sky130_fd_sc_hd__a31oi_2 into sky130_fd_sc_hd__a31oi_2.ext:
Extracting sky130_fd_sc_hd__a32oi_4 into sky130_fd_sc_hd__a32oi_4.ext:
Extracting sky130_fd_sc_hd__a211o_4 into sky130_fd_sc_hd__a211o_4.ext:
Extracting sky130_fd_sc_hd__o21bai_1 into sky130_fd_sc_hd__o21bai_1.ext:
Extracting sky130_fd_sc_hd__o221a_2 into sky130_fd_sc_hd__o221a_2.ext:
Extracting sky130_fd_sc_hd__a311o_2 into sky130_fd_sc_hd__a311o_2.ext:
Extracting sky130_fd_sc_hd__clkinv_4 into sky130_fd_sc_hd__clkinv_4.ext:
Extracting sky130_fd_sc_hd__or4b_2 into sky130_fd_sc_hd__or4b_2.ext:
Extracting sky130_fd_sc_hd__or4_4 into sky130_fd_sc_hd__or4_4.ext:
Extracting sky130_fd_sc_hd__o311a_2 into sky130_fd_sc_hd__o311a_2.ext:
Extracting sky130_fd_sc_hd__o31a_4 into sky130_fd_sc_hd__o31a_4.ext:
Extracting sky130_fd_sc_hd__nand2_8 into sky130_fd_sc_hd__nand2_8.ext:
Extracting sky130_fd_sc_hd__o211a_4 into sky130_fd_sc_hd__o211a_4.ext:
Extracting sky130_fd_sc_hd__nor4_4 into sky130_fd_sc_hd__nor4_4.ext:
Extracting sky130_fd_sc_hd__nor4b_4 into sky130_fd_sc_hd__nor4b_4.ext:
Extracting sky130_fd_sc_hd__a211oi_4 into sky130_fd_sc_hd__a211oi_4.ext:
Extracting sky130_fd_sc_hd__o311ai_2 into sky130_fd_sc_hd__o311ai_2.ext:
Extracting sky130_fd_sc_hd__or3b_2 into sky130_fd_sc_hd__or3b_2.ext:
Extracting sky130_fd_sc_hd__nor4_2 into sky130_fd_sc_hd__nor4_2.ext:
Extracting sky130_fd_sc_hd__a41oi_4 into sky130_fd_sc_hd__a41oi_4.ext:
Extracting sky130_fd_sc_hd__a221o_4 into sky130_fd_sc_hd__a221o_4.ext:
Extracting sky130_fd_sc_hd__a21boi_4 into sky130_fd_sc_hd__a21boi_4.ext:
Extracting sky130_fd_sc_hd__o211a_2 into sky130_fd_sc_hd__o211a_2.ext:
Extracting sky130_fd_sc_hd__a32o_2 into sky130_fd_sc_hd__a32o_2.ext:
Extracting sky130_fd_sc_hd__o221ai_1 into sky130_fd_sc_hd__o221ai_1.ext:
Extracting sky130_fd_sc_hd__o2bb2a_2 into sky130_fd_sc_hd__o2bb2a_2.ext:
Extracting sky130_fd_sc_hd__nand2b_1 into sky130_fd_sc_hd__nand2b_1.ext:
Extracting sky130_fd_sc_hd__nor3b_1 into sky130_fd_sc_hd__nor3b_1.ext:
Extracting sky130_fd_sc_hd__nor3b_2 into sky130_fd_sc_hd__nor3b_2.ext:
Extracting sky130_fd_sc_hd__or3b_4 into sky130_fd_sc_hd__or3b_4.ext:
Extracting sky130_fd_sc_hd__and4b_2 into sky130_fd_sc_hd__and4b_2.ext:
Extracting sky130_fd_sc_hd__a22o_4 into sky130_fd_sc_hd__a22o_4.ext:
Extracting sky130_fd_sc_hd__a311oi_2 into sky130_fd_sc_hd__a311oi_2.ext:
Extracting sky130_fd_sc_hd__o311ai_4 into sky130_fd_sc_hd__o311ai_4.ext:
Extracting sky130_fd_sc_hd__nor2b_1 into sky130_fd_sc_hd__nor2b_1.ext:
Extracting sky130_fd_sc_hd__and4bb_2 into sky130_fd_sc_hd__and4bb_2.ext:
Extracting sky130_fd_sc_hd__a211o_2 into sky130_fd_sc_hd__a211o_2.ext:
Extracting sky130_fd_sc_hd__nor3_2 into sky130_fd_sc_hd__nor3_2.ext:
Extracting sky130_fd_sc_hd__a32o_4 into sky130_fd_sc_hd__a32o_4.ext:
Extracting sky130_fd_sc_hd__a311o_4 into sky130_fd_sc_hd__a311o_4.ext:
Extracting sky130_fd_sc_hd__nand2b_2 into sky130_fd_sc_hd__nand2b_2.ext:
Extracting sky130_fd_sc_hd__nand3b_4 into sky130_fd_sc_hd__nand3b_4.ext:
Extracting sky130_fd_sc_hd__nand2b_4 into sky130_fd_sc_hd__nand2b_4.ext:
Extracting sky130_fd_sc_hd__or4bb_1 into sky130_fd_sc_hd__or4bb_1.ext:
Extracting sky130_fd_sc_hd__mux4_2 into sky130_fd_sc_hd__mux4_2.ext:
Extracting toast_top into toast_top.ext:
toast_top: 16572 errors
Total of 16572 errors (check feedback entries).
exttospice finished.
