Sun Apr 09 17:27:21 UTC 2023 - Executing "openroad -exit -no_init -python /openlane/scripts/odbpy/lefutil.py get_metal_layers -o /openlane/designs/toast_top/runs/without/tmp/layers.list /home/nikhil/Desktop/OpenLane/pdks/sky130A/libs.ref/sky130_fd_sc_hd/techlef/sky130_fd_sc_hd__nom.tlef"

Sun Apr 09 17:27:21 UTC 2023 - Executing "/openlane/scripts/mergeLef.py -o /openlane/designs/toast_top/runs/without/tmp/merged.nom.lef -i /home/nikhil/Desktop/OpenLane/pdks/sky130A/libs.ref/sky130_fd_sc_hd/techlef/sky130_fd_sc_hd__nom.tlef {/home/nikhil/Desktop/OpenLane/pdks/sky130A/libs.ref/sky130_fd_sc_hd/lef/sky130_ef_sc_hd.lef /home/nikhil/Desktop/OpenLane/pdks/sky130A/libs.ref/sky130_fd_sc_hd/lef/sky130_fd_sc_hd.lef} |& tee /dev/null"

Sun Apr 09 17:27:21 UTC 2023 - Executing "/openlane/scripts/mergeLef.py -o /openlane/designs/toast_top/runs/without/tmp/merged.min.lef -i /home/nikhil/Desktop/OpenLane/pdks/sky130A/libs.ref/sky130_fd_sc_hd/techlef/sky130_fd_sc_hd__min.tlef {/home/nikhil/Desktop/OpenLane/pdks/sky130A/libs.ref/sky130_fd_sc_hd/lef/sky130_ef_sc_hd.lef /home/nikhil/Desktop/OpenLane/pdks/sky130A/libs.ref/sky130_fd_sc_hd/lef/sky130_fd_sc_hd.lef} |& tee /dev/null"

Sun Apr 09 17:27:21 UTC 2023 - Executing "/openlane/scripts/mergeLef.py -o /openlane/designs/toast_top/runs/without/tmp/merged.max.lef -i /home/nikhil/Desktop/OpenLane/pdks/sky130A/libs.ref/sky130_fd_sc_hd/techlef/sky130_fd_sc_hd__max.tlef {/home/nikhil/Desktop/OpenLane/pdks/sky130A/libs.ref/sky130_fd_sc_hd/lef/sky130_ef_sc_hd.lef /home/nikhil/Desktop/OpenLane/pdks/sky130A/libs.ref/sky130_fd_sc_hd/lef/sky130_fd_sc_hd.lef} |& tee /dev/null"

Sun Apr 09 17:27:21 UTC 2023 - Executing "python3 /openlane/scripts/mergeLib.py --output /openlane/designs/toast_top/runs/without/tmp/synthesis/merged.lib --name sky130A_merged /home/nikhil/Desktop/OpenLane/pdks/sky130A/libs.ref/sky130_fd_sc_hd/lib/sky130_fd_sc_hd__tt_025C_1v80.lib"

Sun Apr 09 17:27:22 UTC 2023 - Executing "python3 /openlane/scripts/libtrim.py --cell-file /openlane/designs/toast_top/runs/without/tmp/synthesis/trimmed.lib.exclude.list --output /openlane/designs/toast_top/runs/without/tmp/synthesis/trimmed.lib /openlane/designs/toast_top/runs/without/tmp/synthesis/merged.lib"

Sun Apr 09 17:27:22 UTC 2023 - Executing "python3 /openlane/scripts/libtrim.py --cell-file /openlane/designs/toast_top/runs/without/tmp/cts/cts.lib.exclude.list --output /openlane/designs/toast_top/runs/without/tmp/cts/cts.lib /home/nikhil/Desktop/OpenLane/pdks/sky130A/libs.ref/sky130_fd_sc_hd/lib/sky130_fd_sc_hd__tt_025C_1v80.lib"

Sun Apr 09 17:27:23 UTC 2023 - Executing "python3 /openlane/scripts/new_tracks.py -i /home/nikhil/Desktop/OpenLane/pdks/sky130A/libs.tech/openlane/sky130_fd_sc_hd/tracks.info -o /openlane/designs/toast_top/runs/without/tmp/routing/config.tracks"

Sun Apr 09 17:27:23 UTC 2023 - Executing "echo {OpenLane 19c7a083f6d73e425463798f71982ef00c876a0e} > /openlane/designs/toast_top/runs/without/OPENLANE_VERSION"

Sun Apr 09 17:27:23 UTC 2023 - Executing "sed -E {s/^([[:space:]]+)pg_pin(.*)/\1pin\2\n\1    direction : "inout";/g} /home/nikhil/Desktop/OpenLane/pdks/sky130A/libs.ref/sky130_fd_sc_hd/lib/sky130_fd_sc_hd__tt_025C_1v80.lib > /openlane/designs/toast_top/runs/without/tmp/synthesis/1-sky130_fd_sc_hd__tt_025C_1v80.no_pg.lib"

Sun Apr 09 17:27:23 UTC 2023 - Executing "sed -E {s/^([[:space:]]+)pg_pin(.*)/\1pin\2\n\1    direction : "inout";/g} /openlane/designs/toast_top/runs/without/tmp/synthesis/trimmed.lib > /openlane/designs/toast_top/runs/without/tmp/synthesis/1-trimmed.no_pg.lib"

Sun Apr 09 17:27:23 UTC 2023 - Executing "yosys -c /openlane/scripts/yosys/synth.tcl |& tee /dev/null /openlane/designs/toast_top/runs/without/logs/synthesis/1-synthesis.log"

Sun Apr 09 17:27:47 UTC 2023 - Executing "sed -i -e {s/\(set ::env(CURRENT_NETLIST)\).*/\1 \/openlane\/designs\/toast_top\/runs\/without\/results\/synthesis\/toast_top.v/} /openlane/designs/toast_top/runs/without/config.tcl"

Sun Apr 09 17:27:47 UTC 2023 - Executing "sed -i /defparam/d /openlane/designs/toast_top/runs/without/results/synthesis/toast_top.v"

Sun Apr 09 17:27:47 UTC 2023 - Executing "openroad -exit /openlane/scripts/openroad/sta.tcl |& tee /dev/null /openlane/designs/toast_top/runs/without/logs/synthesis/2-sta.log"

Sun Apr 09 17:27:48 UTC 2023 - Executing "openroad -exit /openlane/scripts/openroad/floorplan.tcl |& tee /dev/null /openlane/designs/toast_top/runs/without/logs/floorplan/3-initial_fp.log"

Sun Apr 09 17:27:49 UTC 2023 - Executing "openroad -exit -no_init -python /openlane/scripts/odbpy/defutil.py extract_core_dims --output-data /openlane/designs/toast_top/runs/without/tmp/dimensions.txt --input-lef /openlane/designs/toast_top/runs/without/tmp/merged.nom.lef /openlane/designs/toast_top/runs/without/tmp/floorplan/3-initial_fp.def"

Sun Apr 09 17:27:49 UTC 2023 - Executing "openroad -exit /openlane/scripts/openroad/ioplacer.tcl |& tee /dev/null /openlane/designs/toast_top/runs/without/logs/floorplan/4-io.log"

Sun Apr 09 17:27:50 UTC 2023 - Executing "openroad -exit /openlane/scripts/openroad/tapcell.tcl |& tee /dev/null /openlane/designs/toast_top/runs/without/logs/floorplan/5-tap.log"

Sun Apr 09 17:27:51 UTC 2023 - Executing "openroad -exit /openlane/scripts/openroad/pdn.tcl |& tee /dev/null /openlane/designs/toast_top/runs/without/logs/floorplan/6-pdn.log"

Sun Apr 09 17:27:52 UTC 2023 - Executing "openroad -exit /openlane/scripts/openroad/gpl.tcl |& tee /dev/null /openlane/designs/toast_top/runs/without/logs/placement/7-global.log"

Sun Apr 09 17:28:06 UTC 2023 - Executing "openroad -exit /openlane/scripts/openroad/resizer.tcl |& tee /dev/null /openlane/designs/toast_top/runs/without/logs/placement/8-resizer.log"

Sun Apr 09 17:28:10 UTC 2023 - Executing "sed -i -e {s/\(set ::env(CURRENT_NETLIST)\).*/\1 \/openlane\/designs\/toast_top\/runs\/without\/tmp\/placement\/8-resizer.nl.v/} /openlane/designs/toast_top/runs/without/config.tcl"

Sun Apr 09 17:28:10 UTC 2023 - Executing "openroad -exit /openlane/scripts/openroad/dpl.tcl |& tee /dev/null /openlane/designs/toast_top/runs/without/logs/placement/9-detailed.log"

Sun Apr 09 17:28:11 UTC 2023 - Executing "sed -i -e {s/\(set ::env(CURRENT_NETLIST)\).*/\1 \/openlane\/designs\/toast_top\/runs\/without\/results\/placement\/toast_top.nl.v/} /openlane/designs/toast_top/runs/without/config.tcl"

Sun Apr 09 17:28:11 UTC 2023 - Executing "openroad -exit /openlane/scripts/openroad/cts.tcl |& tee /dev/null /openlane/designs/toast_top/runs/without/logs/cts/10-cts.log"

Sun Apr 09 17:28:43 UTC 2023 - Executing "openroad -exit /openlane/scripts/openroad/resizer_timing.tcl |& tee /dev/null /openlane/designs/toast_top/runs/without/logs/cts/11-resizer.log"

Sun Apr 09 17:28:46 UTC 2023 - Executing "sed -i -e {s/\(set ::env(CURRENT_NETLIST)\).*/\1 \/openlane\/designs\/toast_top\/runs\/without\/tmp\/cts\/11-toast_top.resized.nl.v/} /openlane/designs/toast_top/runs/without/config.tcl"

Sun Apr 09 17:28:46 UTC 2023 - Executing "openroad -exit /openlane/scripts/openroad/resizer_routing_timing.tcl |& tee /dev/null /openlane/designs/toast_top/runs/without/logs/routing/12-resizer.log"

Sun Apr 09 17:28:50 UTC 2023 - Executing "sed -i -e {s/\(set ::env(CURRENT_NETLIST)\).*/\1 \/openlane\/designs\/toast_top\/runs\/without\/tmp\/12-toast_top.nl.v/} /openlane/designs/toast_top/runs/without/config.tcl"

Sun Apr 09 17:28:50 UTC 2023 - Executing "openroad -exit /openlane/scripts/openroad/dpl.tcl |& tee /dev/null /openlane/designs/toast_top/runs/without/logs/routing/13-diode_legalization.log"

Sun Apr 09 17:28:51 UTC 2023 - Executing "sed -i -e {s/\(set ::env(CURRENT_NETLIST)\).*/\1 \/openlane\/designs\/toast_top\/runs\/without\/tmp\/routing\/diode.nl.v/} /openlane/designs/toast_top/runs/without/config.tcl"

Sun Apr 09 17:28:51 UTC 2023 - Executing "openroad -exit /openlane/scripts/openroad/groute.tcl |& tee /dev/null /openlane/designs/toast_top/runs/without/logs/routing/14-global.log"

Sun Apr 09 17:28:55 UTC 2023 - Executing "openroad -exit -no_init -python /openlane/scripts/odbpy/defutil.py replace_instance_prefixes --original-prefix ANTENNA --new-prefix INSDIODE1 --input-lef /openlane/designs/toast_top/runs/without/tmp/merged.nom.lef --output-def /openlane/designs/toast_top/runs/without/tmp/routing/diode.def --output /openlane/designs/toast_top/runs/without/tmp/routing/diode.odb /openlane/designs/toast_top/runs/without/tmp/routing/diode.odb |& tee /dev/null /openlane/designs/toast_top/runs/without/logs/routing/14-antenna_diodes_1.log"

Sun Apr 09 17:28:55 UTC 2023 - Executing "openroad -exit /openlane/scripts/openroad/groute.tcl |& tee /dev/null /openlane/designs/toast_top/runs/without/logs/routing/14-antenna_route_1.log"

Sun Apr 09 17:29:00 UTC 2023 - Executing "openroad -exit /openlane/scripts/openroad/write_views.tcl |& tee /dev/null /openlane/designs/toast_top/runs/without/logs/routing/14-global_write_netlist.log"

Sun Apr 09 17:29:00 UTC 2023 - Executing "sed -i -e {s/\(set ::env(CURRENT_NETLIST)\).*/\1 \/openlane\/designs\/toast_top\/runs\/without\/tmp\/routing\/global.nl.v/} /openlane/designs/toast_top/runs/without/config.tcl"

Sun Apr 09 17:29:00 UTC 2023 - Executing "openroad -exit /openlane/scripts/openroad/fill.tcl |& tee /dev/null /openlane/designs/toast_top/runs/without/logs/routing/16-fill.log"

Sun Apr 09 17:29:01 UTC 2023 - Executing "sed -i -e {s/\(set ::env(CURRENT_NETLIST)\).*/\1 \/openlane\/designs\/toast_top\/runs\/without\/tmp\/routing\/16-fill.nl.v/} /openlane/designs/toast_top/runs/without/config.tcl"

Sun Apr 09 17:29:01 UTC 2023 - Executing "openroad -exit /openlane/scripts/openroad/droute.tcl |& tee /dev/null /openlane/designs/toast_top/runs/without/logs/routing/17-detailed.log"

Sun Apr 09 17:36:10 UTC 2023 - Executing "sed -i -e {s/\(set ::env(CURRENT_NETLIST)\).*/\1 \/openlane\/designs\/toast_top\/runs\/without\/results\/routing\/toast_top.nl.v/} /openlane/designs/toast_top/runs/without/config.tcl"

Sun Apr 09 17:36:10 UTC 2023 - Executing "python3 /openlane/scripts/drc_rosetta.py tr to_klayout -o /openlane/designs/toast_top/runs/without/reports/routing/drt.klayout.xml --design-name toast_top /openlane/designs/toast_top/runs/without/reports/routing/drt.drc"

Sun Apr 09 17:36:10 UTC 2023 - Executing "openroad -exit -no_init -python /openlane/scripts/odbpy/wire_lengths.py --report-out /openlane/designs/toast_top/runs/without/reports/routing/18-wire_lengths.csv --input-lef /openlane/designs/toast_top/runs/without/tmp/merged.nom.lef --output-def /dev/null --output /openlane/designs/toast_top/runs/without/results/routing/toast_top.odb /openlane/designs/toast_top/runs/without/results/routing/toast_top.odb |& tee /dev/null /openlane/designs/toast_top/runs/without/logs/routing/18-wire_lengths.log"

Sun Apr 09 17:36:11 UTC 2023 - Executing "openroad -exit /openlane/scripts/openroad/rcx.tcl |& tee /dev/null /openlane/designs/toast_top/runs/without/logs/signoff/19-parasitics_extraction.min.log"

Sun Apr 09 17:36:15 UTC 2023 - Executing "openroad -exit /openlane/scripts/openroad/sta_multi_corner.tcl |& tee /dev/null /openlane/designs/toast_top/runs/without/logs/signoff/20-rcx_mcsta.min.log"

Sun Apr 09 17:36:56 UTC 2023 - Executing "openroad -exit /openlane/scripts/openroad/rcx.tcl |& tee /dev/null /openlane/designs/toast_top/runs/without/logs/signoff/21-parasitics_extraction.max.log"

Sun Apr 09 17:37:00 UTC 2023 - Executing "openroad -exit /openlane/scripts/openroad/sta_multi_corner.tcl |& tee /dev/null /openlane/designs/toast_top/runs/without/logs/signoff/22-rcx_mcsta.max.log"

Sun Apr 09 17:37:42 UTC 2023 - Executing "openroad -exit /openlane/scripts/openroad/rcx.tcl |& tee /dev/null /openlane/designs/toast_top/runs/without/logs/signoff/23-parasitics_extraction.nom.log"

Sun Apr 09 17:37:46 UTC 2023 - Executing "openroad -exit /openlane/scripts/openroad/sta_multi_corner.tcl |& tee /dev/null /openlane/designs/toast_top/runs/without/logs/signoff/24-rcx_mcsta.nom.log"

Sun Apr 09 17:38:28 UTC 2023 - Executing "openroad -exit /openlane/scripts/openroad/sta.tcl |& tee /dev/null /openlane/designs/toast_top/runs/without/logs/signoff/25-rcx_sta.log"

Sun Apr 09 17:38:36 UTC 2023 - Executing "openroad -exit /openlane/scripts/openroad/irdrop.tcl |& tee /dev/null /openlane/designs/toast_top/runs/without/logs/signoff/26-irdrop.log"

Sun Apr 09 17:38:38 UTC 2023 - Executing "magic -noconsole -dnull -rcfile /home/nikhil/Desktop/OpenLane/pdks/sky130A/libs.tech/magic/sky130A.magicrc < /openlane/scripts/magic/def/mag_gds.tcl |& tee /dev/null /openlane/designs/toast_top/runs/without/logs/signoff/27-gdsii.log"

Sun Apr 09 17:38:45 UTC 2023 - Executing "magic -noconsole -dnull -rcfile /home/nikhil/Desktop/OpenLane/pdks/sky130A/libs.tech/magic/sky130A.magicrc < /openlane/scripts/magic/gds/mag_with_pointers.tcl |& tee /dev/null /openlane/designs/toast_top/runs/without/logs/signoff/27-gds_ptrs.log"

Sun Apr 09 17:38:50 UTC 2023 - Executing "sed -i -n {/^<< properties >>/,/^<< end >>/p} /openlane/designs/toast_top/runs/without/tmp/signoff/gds_ptrs.mag"

Sun Apr 09 17:38:50 UTC 2023 - Executing "magic -noconsole -dnull -rcfile /home/nikhil/Desktop/OpenLane/pdks/sky130A/libs.tech/magic/sky130A.magicrc < /openlane/scripts/magic/mag/lef.tcl |& tee /dev/null /openlane/designs/toast_top/runs/without/logs/signoff/27-lef.log"

Sun Apr 09 17:38:55 UTC 2023 - Executing "magic -noconsole -dnull -rcfile /home/nikhil/Desktop/OpenLane/pdks/sky130A/libs.tech/magic/sky130A.magicrc < /openlane/scripts/magic/lef/maglef.tcl |& tee /dev/null /openlane/designs/toast_top/runs/without/logs/signoff/27-maglef.log"

Sun Apr 09 17:38:56 UTC 2023 - Executing "python3 /openlane/scripts/klayout/stream_out.py --output /openlane/designs/toast_top/runs/without/results/signoff/toast_top.klayout.gds --tech-file /home/nikhil/Desktop/OpenLane/pdks/sky130A/libs.tech/klayout/tech/sky130A.lyt --props-file /home/nikhil/Desktop/OpenLane/pdks/sky130A/libs.tech/klayout/tech/sky130A.lyp --top toast_top --with-gds-file /home/nikhil/Desktop/OpenLane/pdks/sky130A/libs.ref/sky130_fd_sc_hd/gds/sky130_fd_sc_hd.gds --input-lef /openlane/designs/toast_top/runs/without/tmp/merged.nom.lef /openlane/designs/toast_top/runs/without/results/routing/toast_top.def |& tee /dev/null /openlane/designs/toast_top/runs/without/logs/signoff/28-gdsii-klayout.log"

Sun Apr 09 17:38:58 UTC 2023 - Executing "klayout -b -r /openlane/scripts/klayout/xor.drc -rd a=/openlane/designs/toast_top/runs/without/results/signoff/toast_top.gds -rd b=/openlane/designs/toast_top/runs/without/results/signoff/toast_top.klayout.gds -rd jobs=1 -rd rdb_out=/openlane/designs/toast_top/runs/without/reports/signoff/29-xor.xml -rd rpt_out=/openlane/designs/toast_top/runs/without/reports/signoff/29-xor.rpt |& tee /dev/null /openlane/designs/toast_top/runs/without/logs/signoff/29-xor.log"

Sun Apr 09 17:39:16 UTC 2023 - Executing "magic -noconsole -dnull -rcfile /home/nikhil/Desktop/OpenLane/pdks/sky130A/libs.tech/magic/sky130A.magicrc < /openlane/scripts/magic/extract_spice.tcl |& tee /dev/null /openlane/designs/toast_top/runs/without/logs/signoff/30-spice.log"

Sun Apr 09 17:39:38 UTC 2023 - Executing "openroad -exit -no_init -python /openlane/scripts/odbpy/power_utils.py write_powered_def --output /openlane/designs/toast_top/runs/without/tmp/signoff/30-toast_top.p.def --input-lef /openlane/designs/toast_top/runs/without/tmp/merged.nom.lef --power-port VPWR --ground-port VGND --powered-netlist {} /openlane/designs/toast_top/runs/without/results/routing/toast_top.def |& tee /dev/null /openlane/designs/toast_top/runs/without/logs/signoff/31-write_powered_def.log"

Sun Apr 09 17:39:39 UTC 2023 - Executing "openroad -exit /openlane/scripts/openroad/write_views.tcl |& tee /dev/null /openlane/designs/toast_top/runs/without/logs/signoff/31-write_powered_verilog.log"

Sun Apr 09 17:39:40 UTC 2023 - Executing "sed -i -e {s/\(set ::env(CURRENT_NETLIST)\).*/\1 \/openlane\/designs\/toast_top\/runs\/without\/tmp\/signoff\/30-toast_top.nl.v/} /openlane/designs/toast_top/runs/without/config.tcl"

Sun Apr 09 17:39:40 UTC 2023 - Executing "netgen -batch source /openlane/designs/toast_top/runs/without/tmp/signoff/33-setup_file.lef.lvs |& tee /dev/null /openlane/designs/toast_top/runs/without/logs/signoff/33-lvs.lef.log"

Sun Apr 09 17:39:43 UTC 2023 - Executing "magic -noconsole -dnull -rcfile /home/nikhil/Desktop/OpenLane/pdks/sky130A/libs.tech/magic/sky130A.magicrc < /openlane/scripts/magic/drc.tcl |& tee /dev/null /openlane/designs/toast_top/runs/without/logs/signoff/34-drc.log"

Sun Apr 09 17:40:53 UTC 2023 - Executing "python3 /openlane/scripts/drc_rosetta.py magic to_tcl -o /openlane/designs/toast_top/runs/without/reports/signoff/drc.tcl /openlane/designs/toast_top/runs/without/reports/signoff/drc.rpt"

Sun Apr 09 17:40:53 UTC 2023 - Executing "python3 /openlane/scripts/drc_rosetta.py magic to_tr -o /openlane/designs/toast_top/runs/without/reports/signoff/drc.tr /openlane/designs/toast_top/runs/without/reports/signoff/drc.rpt"

Sun Apr 09 17:40:53 UTC 2023 - Executing "python3 /openlane/scripts/drc_rosetta.py tr to_klayout -o /openlane/designs/toast_top/runs/without/reports/signoff/drc.klayout.xml --design-name toast_top /openlane/designs/toast_top/runs/without/reports/signoff/drc.tr"

Sun Apr 09 17:40:53 UTC 2023 - Executing "python3 /openlane/scripts/drc_rosetta.py magic to_rdb -o /openlane/designs/toast_top/runs/without/reports/signoff/drc.rdb /openlane/designs/toast_top/runs/without/reports/signoff/drc.rpt"

Sun Apr 09 17:40:53 UTC 2023 - Executing "openroad -exit /openlane/scripts/openroad/antenna_check.tcl |& tee /dev/null /openlane/designs/toast_top/runs/without/logs/signoff/35-antenna.log"

Sun Apr 09 17:40:55 UTC 2023 - Executing "python3 /openlane/scripts/extract_antenna_violators.py --output /openlane/designs/toast_top/runs/without/reports/signoff/35-antenna_violators.rpt /openlane/designs/toast_top/runs/without/logs/signoff/35-antenna.log"

Sun Apr 09 17:40:55 UTC 2023 - Executing "awk -v vdd=VPWR -v gnd=VGND -f /home/nikhil/Desktop/OpenLane/pdks/sky130A/libs.tech/openlane/cvc/power.awk /openlane/designs/toast_top/runs/without/tmp/signoff/30-toast_top.nl.v > /openlane/designs/toast_top/runs/without/tmp/signoff/toast_top.power"

Sun Apr 09 17:40:55 UTC 2023 - Executing "awk -f /home/nikhil/Desktop/OpenLane/pdks/sky130A/libs.tech/openlane/cvc/cdl.awk /home/nikhil/Desktop/OpenLane/pdks/sky130A/libs.ref/sky130_fd_sc_hd/cdl/sky130_fd_sc_hd.cdl /openlane/designs/toast_top/runs/without/results/signoff/toast_top.lef.spice > /openlane/designs/toast_top/runs/without/tmp/signoff/toast_top.cdl"

Sun Apr 09 17:40:55 UTC 2023 - Executing "cvc_rv /home/nikhil/Desktop/OpenLane/pdks/sky130A/libs.tech/openlane/cvc/cvcrc |& tee /dev/null /openlane/designs/toast_top/runs/without/logs/signoff/36-erc_screen.log"

Sun Apr 09 17:40:56 UTC 2023 - Executing "python3 /openlane/scripts/generate_reports.py -d /openlane/designs/toast_top --design_name toast_top --tag without --output_file /openlane/designs/toast_top/runs/without/reports/metrics.csv --man_report /openlane/designs/toast_top/runs/without/reports/manufacturability.rpt --run_path /openlane/designs/toast_top/runs/without"

