
===========================================================================
report_checks -unconstrained
============================================================================
Startpoint: _16039_ (rising edge-triggered flip-flop clocked by clk_i)
Endpoint: _15680_ (rising edge-triggered flip-flop clocked by clk_i)
Path Group: clk_i
Path Type: max

Fanout     Cap    Slew   Delay    Time   Description
-----------------------------------------------------------------------------
                          0.00    0.00   clock clk_i (rise edge)
                          0.00    0.00   clock source latency
                  0.30    0.22    0.22 ^ clk_i (in)
     1    0.07                           clk_i (net)
                  0.30    0.00    0.22 ^ clkbuf_0_clk_i/A (sky130_fd_sc_hd__clkbuf_16)
                  0.29    0.40    0.63 ^ clkbuf_0_clk_i/X (sky130_fd_sc_hd__clkbuf_16)
    16    0.28                           clknet_0_clk_i (net)
                  0.29    0.01    0.64 ^ clkbuf_4_9_0_clk_i/A (sky130_fd_sc_hd__clkbuf_8)
                  0.24    0.37    1.01 ^ clkbuf_4_9_0_clk_i/X (sky130_fd_sc_hd__clkbuf_8)
    10    0.14                           clknet_4_9_0_clk_i (net)
                  0.24    0.00    1.01 ^ clkbuf_leaf_103_clk_i/A (sky130_fd_sc_hd__clkbuf_16)
                  0.07    0.22    1.23 ^ clkbuf_leaf_103_clk_i/X (sky130_fd_sc_hd__clkbuf_16)
    13    0.04                           clknet_leaf_103_clk_i (net)
                  0.07    0.00    1.23 ^ _16039_/CLK (sky130_fd_sc_hd__dfxtp_1)
                  0.03    0.32    1.55 v _16039_/Q (sky130_fd_sc_hd__dfxtp_1)
     1    0.00                           control_i.MEM_rd_addr_i[4] (net)
                  0.03    0.00    1.55 v _07409_/A (sky130_fd_sc_hd__buf_4)
                  0.13    0.23    1.78 v _07409_/X (sky130_fd_sc_hd__buf_4)
    17    0.10                           _01737_ (net)
                  0.13    0.00    1.78 v _07410_/C (sky130_fd_sc_hd__or3_1)
                  0.09    0.38    2.16 v _07410_/X (sky130_fd_sc_hd__or3_1)
     1    0.01                           _01738_ (net)
                  0.09    0.00    2.16 v _07411_/A (sky130_fd_sc_hd__buf_6)
                  0.10    0.21    2.37 v _07411_/X (sky130_fd_sc_hd__buf_6)
     5    0.11                           _01739_ (net)
                  0.10    0.00    2.38 v _07542_/A3 (sky130_fd_sc_hd__o31a_4)
                  0.12    0.40    2.77 v _07542_/X (sky130_fd_sc_hd__o31a_4)
    11    0.06                           _01838_ (net)
                  0.12    0.01    2.78 v _12577_/A (sky130_fd_sc_hd__and3_1)
                  0.11    0.25    3.03 v _12577_/X (sky130_fd_sc_hd__and3_1)
     3    0.02                           _05820_ (net)
                  0.11    0.00    3.03 v _12578_/A (sky130_fd_sc_hd__buf_4)
                  0.11    0.25    3.28 v _12578_/X (sky130_fd_sc_hd__buf_4)
    17    0.08                           _05821_ (net)
                  0.11    0.00    3.28 v _12642_/A2 (sky130_fd_sc_hd__a211o_2)
                  0.11    0.45    3.73 v _12642_/X (sky130_fd_sc_hd__a211o_2)
     2    0.03                           _05885_ (net)
                  0.11    0.00    3.73 v _12757_/A2 (sky130_fd_sc_hd__a311oi_4)
                  0.82    0.78    4.51 ^ _12757_/Y (sky130_fd_sc_hd__a311oi_4)
     9    0.07                           _06000_ (net)
                  0.82    0.01    4.51 ^ _12772_/B (sky130_fd_sc_hd__and4_4)
                  0.22    0.55    5.06 ^ _12772_/X (sky130_fd_sc_hd__and4_4)
     8    0.07                           _06015_ (net)
                  0.22    0.00    5.06 ^ _13022_/A2 (sky130_fd_sc_hd__a31o_1)
                  0.10    0.23    5.29 ^ _13022_/X (sky130_fd_sc_hd__a31o_1)
     2    0.01                           _06259_ (net)
                  0.10    0.00    5.29 ^ _13070_/B1 (sky130_fd_sc_hd__o21a_1)
                  0.06    0.14    5.43 ^ _13070_/X (sky130_fd_sc_hd__o21a_1)
     1    0.00                           _06306_ (net)
                  0.06    0.00    5.43 ^ _13071_/B (sky130_fd_sc_hd__xor2_1)
                  0.29    0.29    5.72 ^ _13071_/X (sky130_fd_sc_hd__xor2_1)
     3    0.01                           _06307_ (net)
                  0.29    0.00    5.72 ^ _13072_/B (sky130_fd_sc_hd__xnor2_1)
                  0.08    0.14    5.86 v _13072_/Y (sky130_fd_sc_hd__xnor2_1)
     2    0.01                           _06308_ (net)
                  0.08    0.00    5.86 v _13114_/B (sky130_fd_sc_hd__or2_1)
                  0.08    0.27    6.13 v _13114_/X (sky130_fd_sc_hd__or2_1)
     1    0.01                           _06349_ (net)
                  0.08    0.00    6.13 v _13115_/B1 (sky130_fd_sc_hd__a311oi_4)
                  0.34    0.39    6.52 ^ _13115_/Y (sky130_fd_sc_hd__a311oi_4)
     2    0.02                           _06350_ (net)
                  0.34    0.00    6.52 ^ _13219_/A1 (sky130_fd_sc_hd__o2111ai_4)
                  0.14    0.20    6.72 v _13219_/Y (sky130_fd_sc_hd__o2111ai_4)
     2    0.01                           _06450_ (net)
                  0.14    0.00    6.72 v _13353_/A2 (sky130_fd_sc_hd__a211o_1)
                  0.15    0.45    7.17 v _13353_/X (sky130_fd_sc_hd__a211o_1)
     4    0.03                           _06580_ (net)
                  0.15    0.00    7.17 v _13582_/A2 (sky130_fd_sc_hd__a21o_1)
                  0.06    0.25    7.43 v _13582_/X (sky130_fd_sc_hd__a21o_1)
     2    0.01                           _06801_ (net)
                  0.06    0.00    7.43 v _13650_/A1 (sky130_fd_sc_hd__a211o_1)
                  0.11    0.34    7.77 v _13650_/X (sky130_fd_sc_hd__a211o_1)
     4    0.02                           _06867_ (net)
                  0.11    0.00    7.77 v _13717_/A1 (sky130_fd_sc_hd__a311o_1)
                  0.12    0.38    8.15 v _13717_/X (sky130_fd_sc_hd__a311o_1)
     5    0.02                           _06932_ (net)
                  0.12    0.00    8.15 v _13775_/A2 (sky130_fd_sc_hd__a311oi_2)
                  0.29    0.36    8.51 ^ _13775_/Y (sky130_fd_sc_hd__a311oi_2)
     3    0.01                           _06988_ (net)
                  0.29    0.00    8.51 ^ _13778_/A (sky130_fd_sc_hd__nor2_1)
                  0.06    0.09    8.60 v _13778_/Y (sky130_fd_sc_hd__nor2_1)
     1    0.00                           _06991_ (net)
                  0.06    0.00    8.60 v _13791_/A1 (sky130_fd_sc_hd__o31a_1)
                  0.04    0.31    8.90 v _13791_/X (sky130_fd_sc_hd__o31a_1)
     1    0.00                           _01089_ (net)
                  0.04    0.00    8.90 v _15680_/D (sky130_fd_sc_hd__dfxtp_2)
                                  8.90   data arrival time

                         10.00   10.00   clock clk_i (rise edge)
                          0.00   10.00   clock source latency
                  0.30    0.20   10.20 ^ clk_i (in)
     1    0.07                           clk_i (net)
                  0.30    0.00   10.20 ^ clkbuf_0_clk_i/A (sky130_fd_sc_hd__clkbuf_16)
                  0.29    0.37   10.57 ^ clkbuf_0_clk_i/X (sky130_fd_sc_hd__clkbuf_16)
    16    0.28                           clknet_0_clk_i (net)
                  0.29    0.01   10.58 ^ clkbuf_4_15_0_clk_i/A (sky130_fd_sc_hd__clkbuf_8)
                  0.17    0.28   10.86 ^ clkbuf_4_15_0_clk_i/X (sky130_fd_sc_hd__clkbuf_8)
     7    0.09                           clknet_4_15_0_clk_i (net)
                  0.17    0.01   10.86 ^ _15680_/CLK (sky130_fd_sc_hd__dfxtp_2)
                         -0.25   10.61   clock uncertainty
                          0.06   10.67   clock reconvergence pessimism
                         -0.08   10.59   library setup time
                                 10.59   data required time
-----------------------------------------------------------------------------
                                 10.59   data required time
                                 -8.90   data arrival time
-----------------------------------------------------------------------------
                                  1.69   slack (MET)



===========================================================================
report_checks --slack_max -0.01
============================================================================
No paths found.
